0 verbose cli C:\Program Files\nodejs\node.exe C:\Users\Agasi5\AppData\Roaming\npm\node_modules\npm\bin\npm-cli.js
1 info using npm@11.0.0
2 info using node@v22.14.0
3 silly config load:file:C:\Users\Agasi5\AppData\Roaming\npm\node_modules\npm\npmrc
4 silly config load:file:C:\Users\Agasi5\AppData\Local\Microsoft\TypeScript\5.8\.npmrc
5 silly config load:file:C:\Users\Agasi5\.npmrc
6 silly config load:file:C:\Users\Agasi5\AppData\Roaming\npm\etc\npmrc
7 verbose title npm install types-registry@latest
8 verbose argv "install" "--ignore-scripts" "types-registry@latest"
9 verbose logfile logs-max:10 dir:C:\Users\Agasi5\AppData\Local\npm-cache\_logs\2025-04-08T10_13_24_528Z-
10 verbose logfile C:\Users\Agasi5\AppData\Local\npm-cache\_logs\2025-04-08T10_13_24_528Z-debug-0.log
11 silly logfile start cleaning logs, removing 1 files
12 silly packumentCache heap:2197815296 maxSize:549453824 maxEntrySize:274726912
13 silly logfile done cleaning log files
14 silly packumentCache corgi:https://registry.npmjs.org/types-registry cache-miss
15 http fetch GET 200 https://registry.npmjs.org/types-registry 222ms (cache updated)
16 silly packumentCache corgi:https://registry.npmjs.org/types-registry set size:undefined disposed:false
17 silly idealTree buildDeps
18 silly fetch manifest types-registry@0.1.715
19 silly packumentCache full:https://registry.npmjs.org/types-registry cache-miss
20 http fetch GET 200 https://registry.npmjs.org/types-registry 196ms (cache updated)
21 silly packumentCache full:https://registry.npmjs.org/types-registry set size:undefined disposed:false
22 silly placeDep ROOT types-registry@0.1.715 REPLACE for:  want: 0.1.715
23 silly reify moves {}
24 silly audit bulk request {
24 silly audit   '@babel/helper-string-parser': [ '7.25.9' ],
24 silly audit   '@babel/helper-validator-identifier': [ '7.25.9' ],
24 silly audit   '@babel/parser': [ '7.26.10' ],
24 silly audit   '@babel/types': [ '7.26.10' ],
24 silly audit   '@types/ansi-html': [ '0.0.0' ],
24 silly audit   '@types/babel__core': [ '7.20.5' ],
24 silly audit   '@types/babel__generator': [ '7.6.8' ],
24 silly audit   '@types/babel__template': [ '7.4.4' ],
24 silly audit   '@types/babel__traverse': [ '7.20.6' ],
24 silly audit   '@types/inherits': [ '2.0.0' ],
24 silly audit   '@types/ip': [ '1.1.3' ],
24 silly audit   '@types/loader-utils': [ '2.0.6' ],
24 silly audit   '@types/node': [ '22.13.10' ],
24 silly audit   '@types/object.assign': [ '4.1.0' ],
24 silly audit   '@types/qs': [ '6.9.18' ],
24 silly audit   '@types/react': [ '19.1.0' ],
24 silly audit   '@types/react-dom': [ '19.1.1' ],
24 silly audit   '@types/shell-quote': [ '1.7.5' ],
24 silly audit   '@types/source-list-map': [ '0.1.6' ],
24 silly audit   '@types/tapable': [ '1.0.12' ],
24 silly audit   '@types/uglify-js': [ '3.17.5' ],
24 silly audit   '@types/uuid': [ '10.0.0' ],
24 silly audit   '@types/webpack': [ '4.41.40' ],
24 silly audit   '@types/webpack-sources': [ '3.2.3' ],
24 silly audit   'source-map': [ '0.7.4', '0.6.1' ],
24 silly audit   '@types/ws': [ '8.18.1' ],
24 silly audit   '@types/xml2js': [ '0.4.14' ],
24 silly audit   anymatch: [ '3.1.3' ],
24 silly audit   csstype: [ '3.1.3' ],
24 silly audit   'normalize-path': [ '3.0.0' ],
24 silly audit   picomatch: [ '2.3.1' ],
24 silly audit   'undici-types': [ '6.20.0' ],
24 silly audit   'types-registry': [ '0.1.715' ]
24 silly audit }
25 http fetch POST 200 https://registry.npmjs.org/-/npm/v1/security/advisories/bulk 161ms
26 silly audit report {}
27 verbose cwd C:\Users\Agasi5\AppData\Local\Microsoft\TypeScript\5.8
28 verbose os Windows_NT 10.0.26100
29 verbose node v22.14.0
30 verbose npm  v11.0.0
31 verbose exit 0
32 info ok
