0 verbose cli C:\nvm4w\nodejs\node.exe C:\Users\Agasi5\AppData\Roaming\npm\node_modules\npm\bin\npm-cli.js
1 info using npm@9.9.4
2 info using node@v18.20.8
3 timing npm:load:whichnode Completed in 2ms
4 timing config:load:defaults Completed in 2ms
5 timing config:load:file:C:\Users\Agasi5\AppData\Roaming\npm\node_modules\npm\npmrc Completed in 3ms
6 timing config:load:builtin Completed in 4ms
7 timing config:load:cli Completed in 1ms
8 timing config:load:env Completed in 1ms
9 timing config:load:file:C:\CFH\backend\.npmrc Completed in 0ms
10 timing config:load:project Completed in 0ms
11 timing config:load:file:C:\Users\Agasi5\.npmrc Completed in 0ms
12 timing config:load:user Completed in 0ms
13 timing config:load:file:C:\Users\Agasi5\AppData\Roaming\npm\etc\npmrc Completed in 0ms
14 timing config:load:global Completed in 0ms
15 timing config:load:setEnvs Completed in 1ms
16 timing config:load Completed in 10ms
17 timing npm:load:configload Completed in 10ms
18 timing config:load:flatten Completed in 2ms
19 timing npm:load:mkdirpcache Completed in 1ms
20 timing npm:load:mkdirplogs Completed in 0ms
21 verbose title npm exec eslint --ext .js --format stylish --max-warnings 10 --debug --fix index.js routes/user/userProfileRoutes.js routes/arbitrator/arbitrators.js routes/onboarding/onboarding.js routes/lender/lenderTermsHistoryRoute.js
22 verbose argv "exec" "--" "eslint" "--ext" ".js" "--format" "stylish" "--max-warnings" "10" "--debug" "--fix" "index.js" "routes/user/userProfileRoutes.js" "routes/arbitrator/arbitrators.js" "routes/onboarding/onboarding.js" "routes/lender/lenderTermsHistoryRoute.js"
23 timing npm:load:setTitle Completed in 2ms
24 timing npm:load:display Completed in 0ms
25 verbose logfile logs-max:10 dir:C:\Users\Agasi5\AppData\Local\npm-cache\_logs\2025-06-21T23_36_29_822Z-
26 verbose logfile C:\Users\Agasi5\AppData\Local\npm-cache\_logs\2025-06-21T23_36_29_822Z-debug-0.log
27 timing npm:load:logFile Completed in 11ms
28 timing npm:load:timers Completed in 1ms
29 timing npm:load:configScope Completed in 0ms
30 timing npm:load Completed in 54ms
31 silly logfile start cleaning logs, removing 1 files
32 silly logfile done cleaning log files
33 timing command:exec Completed in 390ms
34 verbose exit 1
35 timing npm Completed in 708ms
36 verbose code 1
