**********************
Windows PowerShell transcript start
Start time: 20250621163307
Username: Agasi\Agasi5
RunAs User: Agasi\Agasi5
Configuration Name: 
Machine: AGASI (Microsoft Windows NT 10.0.26100.0)
Host Application: C:\WINDOWS\System32\WindowsPowerShell\v1.0\powershell.exe
Process ID: 28016
PSVersion: 5.1.26100.4202
PSEdition: Desktop
PSCompatibleVersions: 1.0, 2.0, 3.0, 4.0, 5.0, 5.1.26100.4202
BuildVersion: 10.0.26100.4202
CLRVersion: 4.0.30319.42000
WSManStackVersion: 3.0
PSRemotingProtocolVersion: 2.3
SerializationVersion: 1.1.0.1
**********************
Transcript started, output file is C:\CFH\WPromptOutput\console_20250621_163307.log
[2025-06-21T23:33:07.4000988Z] Starting test and lint verification
Testing and linting...
[2025-06-21T23:33:07.4000988Z] Verifying C:\CFH\backend\package.json
[2025-06-21T23:33:07.4000988Z] Success: C:\CFH\backend\package.json is valid JSON
[2025-06-21T23:33:07.4000988Z] Success: C:\CFH\backend\package.json is valid JSON
[2025-06-21T23:33:07.4000988Z] Fixing socket.js
[2025-06-21T23:33:07.4000988Z] Success: Replaced const with var in C:\CFH\backend\socket.js
[2025-06-21T23:33:07.4000988Z] Success: Replaced const with var in C:\CFH\backend\socket.js
[2025-06-21T23:33:07.4000988Z] Fixing index.js
[2025-06-21T23:33:07.4000988Z] Success: Fixed database syntax in C:\CFH\backend\index.js
[2025-06-21T23:33:07.4000988Z] Success: Fixed database syntax in C:\CFH\backend\index.js
[2025-06-21T23:33:07.4000988Z] Installing ws and supertest
[2025-06-21T23:33:07.4000988Z] ws and supertest install output:
 up to date, audited 827 packages in 2s  111 packages are looking for funding   run `npm fund` for details  1 low severity vulnerability  To address all issues, run:   npm audit fix  Run `npm audit` for details.
[2025-06-21T23:33:07.4000988Z] ws and supertest install output:
 up to date, audited 827 packages in 2s  111 packages are looking for funding   run `npm fund` for details  1 low severity vulnerability  To address all issues, run:   npm audit fix  Run `npm audit` for details.
[2025-06-21T23:33:07.4000988Z] Checking C:\CFH\backend\tests\routes\user\userProfileRoutes.test.js
[2025-06-21T23:33:07.4000988Z] Debug: jest.mock('@/index') already present
[2025-06-21T23:33:07.4000988Z] Debug: jest.mock('@/index') already present
[2025-06-21T23:33:07.4000988Z] Creating mock for index.js
[2025-06-21T23:33:07.4000988Z] Success: Created C:\CFH\backend\__mocks__\index.js
[2025-06-21T23:33:07.4000988Z] Success: Created C:\CFH\backend\__mocks__\index.js
[2025-06-21T23:33:07.4000988Z] Verifying ts-jest and typescript
[2025-06-21T23:33:07.4000988Z] ts-jest and typescript check output:
CFH-backend@1.0.0 C:\CFH\backend +-- ts-jest@29.4.0 | `-- typescript@5.8.3 deduped +-- typescript@5.8.3 `-- web3@4.16.0   `-- web3-eth-abi@4.4.1     `-- abitype@0.7.1       `-- typescript@5.8.3 deduped
[2025-06-21T23:33:07.4000988Z] ts-jest and typescript check output:
CFH-backend@1.0.0 C:\CFH\backend +-- ts-jest@29.4.0 | `-- typescript@5.8.3 deduped +-- typescript@5.8.3 `-- web3@4.16.0   `-- web3-eth-abi@4.4.1     `-- abitype@0.7.1       `-- typescript@5.8.3 deduped
[2025-06-21T23:33:07.4000988Z] ts-jest and typescript install output:
 up to date, audited 827 packages in 2s  111 packages are looking for funding   run `npm fund` for details  1 low severity vulnerability  To address all issues, run:   npm audit fix  Run `npm audit` for details.
[2025-06-21T23:33:07.4000988Z] ts-jest and typescript install output:
 up to date, audited 827 packages in 2s  111 packages are looking for funding   run `npm fund` for details  1 low severity vulnerability  To address all issues, run:   npm audit fix  Run `npm audit` for details.
[2025-06-21T23:33:07.4000988Z] Updating Jest configuration
[2025-06-21T23:33:07.4000988Z] Success: Updated C:\CFH\backend\jest.config.js
[2025-06-21T23:33:07.4000988Z] Success: Updated C:\CFH\backend\jest.config.js
[2025-06-21T23:33:07.4000988Z] Checking C:\CFH\backend\routes\lender\lenderTermsHistoryRoute.js
[2025-06-21T23:33:07.4000988Z] Debug: No incorrect import in C:\CFH\backend\routes\lender\lenderTermsHistoryRoute.js
[2025-06-21T23:33:07.4000988Z] Debug: No incorrect import in C:\CFH\backend\routes\lender\lenderTermsHistoryRoute.js
[2025-06-21T23:33:07.4000988Z] Verifying server file
[2025-06-21T23:33:07.4000988Z] Success: Server file found
[2025-06-21T23:33:07.4000988Z] Success: Server file found
[2025-06-21T23:33:07.4000988Z] Running server
[2025-06-21T23:33:07.4000988Z] Server started (PID: 16336). Test endpoints manually.
[2025-06-21T23:33:07.4000988Z] Server started (PID: 16336). Test endpoints manually.
[2025-06-21T23:33:07.4000988Z] Server output:

Server errors:
C:\CFH\backend\index.js:77
  .then(() => 'Local database connected'))
                                         ^

SyntaxError: Unexpected token ')'
    at internalCompileFunction (node:internal/vm:76:18)
    at wrapSafe (node:internal/modules/cjs/loader:1283:20)
    at Module._compile (node:internal/modules/cjs/loader:1328:27)
    at Module._extensions..js (node:internal/modules/cjs/loader:1422:10)
    at Module.load (node:internal/modules/cjs/loader:1203:32)
    at Module._load (node:internal/modules/cjs/loader:1019:12)
    at Function.executeUserEntryPoint [as runMain] (node:internal/modules/run_main:128:12)
    at node:internal/main/run_main_module:28:49

Node.js v18.20.8
[2025-06-21T23:33:07.4000988Z] Server output:

Server errors:
C:\CFH\backend\index.js:77
  .then(() => 'Local database connected'))
                                         ^

SyntaxError: Unexpected token ')'
    at internalCompileFunction (node:internal/vm:76:18)
    at wrapSafe (node:internal/modules/cjs/loader:1283:20)
    at Module._compile (node:internal/modules/cjs/loader:1328:27)
    at Module._extensions..js (node:internal/modules/cjs/loader:1422:10)
    at Module.load (node:internal/modules/cjs/loader:1203:32)
    at Module._load (node:internal/modules/cjs/loader:1019:12)
    at Function.executeUserEntryPoint [as runMain] (node:internal/modules/run_main:128:12)
    at node:internal/main/run_main_module:28:49

Node.js v18.20.8
[2025-06-21T23:33:07.4000988Z] Server stopped.
[2025-06-21T23:33:07.4000988Z] Server stopped.
[2025-06-21T23:33:07.4000988Z] Running tests
node.exe : npm verb cli C:\nvm4w\nodejs\node.exe C:\Users\Agasi5\AppData\Roaming\npm\node_modules\npm\bin\npm-cli.js
At C:\Users\Agasi5\AppData\Roaming\npm\npm.ps1:24 char:5
+     & "node$exe"  "$basedir/node_modules/npm/bin/npm-cli.js" $args
+     ~~~~~~~~~~~~~~~~~~~~~~~~~~~~~~~~~~~~~~~~~~~~~~~~~~~~~~~~~~~~~~
    + CategoryInfo          : NotSpecified: (npm verb cli C:...\bin\npm-cli.js:String) [], RemoteException
    + FullyQualifiedErrorId : NativeCommandError
npm info using npm@9.9.4
npm info using node@v18.20.8
npm verb title npm test C:\CFH\backend\tests\routes\user\userProfileRoutes.test.js
npm verb argv "test" "C:\\CFH\\backend\\tests\\routes\\user\\userProfileRoutes.test.js" "--loglevel" "verbose" 
"--runInBand" "--detectOpenHandles"
npm verb logfile logs-max:10 dir:C:\Users\Agasi5\AppData\Local\npm-cache\_logs\2025-06-21T23_33_28_219Z-
npm verb logfile C:\Users\Agasi5\AppData\Local\npm-cache\_logs\2025-06-21T23_33_28_219Z-debug-0.log
TypeError: Expected pattern to be a non-empty string
    at picomatch (C:\CFH\backend\node_modules\picomatch\lib\picomatch.js:48:11)
    at C:\CFH\backend\node_modules\jest-util\build\globsToMatcher.js:57:48
    at Array.map (<anonymous>)
    at globsToMatcher (C:\CFH\backend\node_modules\jest-util\build\globsToMatcher.js:55:26)
    at new SearchSource (C:\CFH\backend\node_modules\@jest\core\build\SearchSource.js:155:49)
    at C:\CFH\backend\node_modules\@jest\core\build\runJest.js:244:16
    at Array.map (<anonymous>)
    at runJest (C:\CFH\backend\node_modules\@jest\core\build\runJest.js:243:34)
    at process.processTicksAndRejections (node:internal/process/task_queues:95:5)
npm verb exit 1
npm verb code 1
[2025-06-21T23:33:07.4000988Z] Test output:
npm verb cli C:\nvm4w\nodejs\node.exe C:\Users\Agasi5\AppData\Roaming\npm\node_modules\npm\bin\npm-cli.js npm info using npm@9.9.4 npm info using node@v18.20.8 npm verb title npm test C:\CFH\backend\tests\routes\user\userProfileRoutes.test.js npm verb argv "test" "C:\\CFH\\backend\\tests\\routes\\user\\userProfileRoutes.test.js" "--loglevel" "verbose" "--runInBand" "--detectOpenHandles" npm verb logfile logs-max:10 dir:C:\Users\Agasi5\AppData\Local\npm-cache\_logs\2025-06-21T23_33_28_219Z- npm verb logfile C:\Users\Agasi5\AppData\Local\npm-cache\_logs\2025-06-21T23_33_28_219Z-debug-0.log  > CFH-backend@1.0.0 test > jest --verbose C:\CFH\backend\tests\routes\user\userProfileRoutes.test.js  TypeError: Expected pattern to be a non-empty string     at picomatch (C:\CFH\backend\node_modules\picomatch\lib\picomatch.js:48:11)     at C:\CFH\backend\node_modules\jest-util\build\globsToMatcher.js:57:48     at Array.map (<anonymous>)     at globsToMatcher (C:\CFH\backend\node_modules\jest-util\build\globsToMatcher.js:55:26)     at new SearchSource (C:\CFH\backend\node_modules\@jest\core\build\SearchSource.js:155:49)     at C:\CFH\backend\node_modules\@jest\core\build\runJest.js:244:16     at Array.map (<anonymous>)     at runJest (C:\CFH\backend\node_modules\@jest\core\build\runJest.js:243:34)     at process.processTicksAndRejections (node:internal/process/task_queues:95:5) npm verb exit 1 npm verb code 1
[2025-06-21T23:33:07.4000988Z] Test output:
npm verb cli C:\nvm4w\nodejs\node.exe C:\Users\Agasi5\AppData\Roaming\npm\node_modules\npm\bin\npm-cli.js npm info using npm@9.9.4 npm info using node@v18.20.8 npm verb title npm test C:\CFH\backend\tests\routes\user\userProfileRoutes.test.js npm verb argv "test" "C:\\CFH\\backend\\tests\\routes\\user\\userProfileRoutes.test.js" "--loglevel" "verbose" "--runInBand" "--detectOpenHandles" npm verb logfile logs-max:10 dir:C:\Users\Agasi5\AppData\Local\npm-cache\_logs\2025-06-21T23_33_28_219Z- npm verb logfile C:\Users\Agasi5\AppData\Local\npm-cache\_logs\2025-06-21T23_33_28_219Z-debug-0.log  > CFH-backend@1.0.0 test > jest --verbose C:\CFH\backend\tests\routes\user\userProfileRoutes.test.js  TypeError: Expected pattern to be a non-empty string     at picomatch (C:\CFH\backend\node_modules\picomatch\lib\picomatch.js:48:11)     at C:\CFH\backend\node_modules\jest-util\build\globsToMatcher.js:57:48     at Array.map (<anonymous>)     at globsToMatcher (C:\CFH\backend\node_modules\jest-util\build\globsToMatcher.js:55:26)     at new SearchSource (C:\CFH\backend\node_modules\@jest\core\build\SearchSource.js:155:49)     at C:\CFH\backend\node_modules\@jest\core\build\runJest.js:244:16     at Array.map (<anonymous>)     at runJest (C:\CFH\backend\node_modules\@jest\core\build\runJest.js:243:34)     at process.processTicksAndRejections (node:internal/process/task_queues:95:5) npm verb exit 1 npm verb code 1
[2025-06-21T23:33:07.4000988Z] Installing ESLint
[2025-06-21T23:33:07.4000988Z] ESLint install output:
 up to date, audited 827 packages in 1s  111 packages are looking for funding   run `npm fund` for details  1 low severity vulnerability  To address all issues, run:   npm audit fix  Run `npm audit` for details.
[2025-06-21T23:33:07.4000988Z] ESLint install output:
 up to date, audited 827 packages in 1s  111 packages are looking for funding   run `npm fund` for details  1 low severity vulnerability  To address all issues, run:   npm audit fix  Run `npm audit` for details.
[2025-06-21T23:33:07.4000988Z] Created C:\CFH\backend\eslint.config.js
[2025-06-21T23:33:07.4000988Z] Created C:\CFH\backend\eslint.config.js
[2025-06-21T23:33:07.4000988Z] Running ESLint
node.exe : 2025-06-21T23:33:31.707Z eslint:cli CLI args: [ '--ext', '.js', '--format', 'stylish', '--max-warnings', 
'10', '--debug', '--fix', 'index.js', 'routes/user/userProfileRoutes.js', 'routes/arbitrator/arbitrators.js', 
'routes/onboarding/onboarding.js', 'routes/lender/lenderTermsHistoryRoute.js' ]
At C:\Users\Agasi5\AppData\Roaming\npm\npx.ps1:24 char:5
+     & "node$exe"  "$basedir/node_modules/npm/bin/npx-cli.js" $args
+     ~~~~~~~~~~~~~~~~~~~~~~~~~~~~~~~~~~~~~~~~~~~~~~~~~~~~~~~~~~~~~~
    + CategoryInfo          : NotSpecified: (2025-06-21T23:3...toryRoute.js' ]:String) [], RemoteException
    + FullyQualifiedErrorId : NativeCommandError
2025-06-21T23:33:31.708Z eslint:cli Using flat config? true
2025-06-21T23:33:31.712Z eslint:cli Running on files
2025-06-21T23:33:31.713Z eslint:eslint Using config loader LegacyConfigLoader
2025-06-21T23:33:31.714Z eslint:eslint Using file patterns: index.js,routes/user/userProfileRoutes.js,routes/arbitrator/
arbitrators.js,routes/onboarding/onboarding.js,routes/lender/lenderTermsHistoryRoute.js
2025-06-21T23:33:31.714Z eslint:eslint Deleting cache file at C:\CFH\backend\.eslintcache
2025-06-21T23:33:31.716Z eslint:eslint 5 files found in: 2ms
2025-06-21T23:33:31.716Z eslint:config-loader Calculating config for file C:\CFH\backend\index.js
2025-06-21T23:33:31.716Z eslint:config-loader Searching for eslint.config.js
2025-06-21T23:33:31.717Z eslint:config-loader Calculating config for file 
C:\CFH\backend\routes\user\userProfileRoutes.js
2025-06-21T23:33:31.717Z eslint:config-loader Calculating config for file 
C:\CFH\backend\routes\arbitrator\arbitrators.js
2025-06-21T23:33:31.717Z eslint:config-loader Calculating config for file C:\CFH\backend\routes\onboarding\onboarding.js
2025-06-21T23:33:31.717Z eslint:config-loader Calculating config for file 
C:\CFH\backend\routes\lender\lenderTermsHistoryRoute.js
2025-06-21T23:33:31.717Z eslint:config-loader [Legacy]: Calculating config for C:\CFH\backend\index.js
2025-06-21T23:33:31.718Z eslint:config-loader [Legacy]: Calculating config for 
C:\CFH\backend\routes\user\userProfileRoutes.js
2025-06-21T23:33:31.718Z eslint:config-loader [Legacy]: Calculating config for 
C:\CFH\backend\routes\arbitrator\arbitrators.js
2025-06-21T23:33:31.718Z eslint:config-loader [Legacy]: Calculating config for 
C:\CFH\backend\routes\onboarding\onboarding.js
2025-06-21T23:33:31.718Z eslint:config-loader [Legacy]: Calculating config for 
C:\CFH\backend\routes\lender\lenderTermsHistoryRoute.js
2025-06-21T23:33:31.718Z eslint:config-loader [Legacy]: Using config file C:\CFH\backend\eslint.config.js and base path 
C:\CFH\backend
2025-06-21T23:33:31.718Z eslint:config-loader Calculating config array from config file C:\CFH\backend\eslint.config.js 
and base path C:\CFH\backend
2025-06-21T23:33:31.718Z eslint:config-loader Loading config file C:\CFH\backend\eslint.config.js
2025-06-21T23:33:31.719Z eslint:config-loader Loading config from C:\CFH\backend\eslint.config.js
2025-06-21T23:33:31.719Z eslint:config-loader Config file URL is file:///C:/CFH/backend/eslint.config.js
2025-06-21T23:33:31.719Z eslint:config-loader [Legacy]: Using config file C:\CFH\backend\eslint.config.js and base path 
C:\CFH\backend
2025-06-21T23:33:31.719Z eslint:config-loader [Legacy]: Using config file C:\CFH\backend\eslint.config.js and base path 
C:\CFH\backend
2025-06-21T23:33:31.719Z eslint:config-loader [Legacy]: Using config file C:\CFH\backend\eslint.config.js and base path 
C:\CFH\backend
2025-06-21T23:33:31.719Z eslint:config-loader [Legacy]: Using config file C:\CFH\backend\eslint.config.js and base path 
C:\CFH\backend
2025-06-21T23:33:31.727Z eslint:config-loader Config file C:\CFH\backend\eslint.config.js is not empty
2025-06-21T23:33:31.733Z eslint:rules Loading rule 'no-restricted-imports' (remaining=290)
2025-06-21T23:33:31.740Z eslint:rules Loading rule 'no-unused-vars' (remaining=289)
2025-06-21T23:33:31.741Z eslint:rules Loading rule 'no-undef' (remaining=288)
2025-06-21T23:33:31.742Z eslint:rules Loading rule 'semi' (remaining=287)
2025-06-21T23:33:31.743Z eslint:rules Loading rule 'quotes' (remaining=286)
2025-06-21T23:33:31.744Z eslint:rules Loading rule 'eqeqeq' (remaining=285)
2025-06-21T23:33:31.744Z eslint:rules Loading rule 'no-console' (remaining=284)
2025-06-21T23:33:31.767Z eslint:eslint Lint C:\CFH\backend\index.js
2025-06-21T23:33:31.767Z eslint:linter Linting code for C:\CFH\backend\index.js (pass 1)
2025-06-21T23:33:31.767Z eslint:linter Verify
2025-06-21T23:33:31.767Z eslint:linter With flat config: C:\CFH\backend\index.js
2025-06-21T23:33:31.768Z eslint:languages:js Parsing: C:\CFH\backend\index.js
2025-06-21T23:33:31.777Z eslint:languages:js Unexpected token )
SyntaxError: Unexpected token )
    at Espree.raise (C:\CFH\backend\node_modules\espree\dist\espree.cjs:676:25)
    at Espree.unexpected (C:\CFH\backend\node_modules\espree\dist\espree.cjs:721:18)
    at pp$9.semicolon (C:\CFH\backend\node_modules\acorn\dist\acorn.js:753:68)
    at pp$8.parseExpressionStatement (C:\CFH\backend\node_modules\acorn\dist\acorn.js:1323:10)
    at pp$8.parseStatement (C:\CFH\backend\node_modules\acorn\dist\acorn.js:1029:26)
    at pp$8.parseTopLevel (C:\CFH\backend\node_modules\acorn\dist\acorn.js:833:23)
    at Espree.parseTopLevel (C:\CFH\backend\node_modules\espree\dist\espree.cjs:664:26)
    at Espree.parse (C:\CFH\backend\node_modules\acorn\dist\acorn.js:602:17)
    at Espree.parse (C:\CFH\backend\node_modules\espree\dist\espree.cjs:586:35)
    at Object.parse (C:\CFH\backend\node_modules\espree\dist\espree.cjs:891:38)
2025-06-21T23:33:31.778Z eslint:linter Generating fixed text for C:\CFH\backend\index.js (pass 1)
2025-06-21T23:33:31.778Z eslint:source-code-fixer Applying fixes
2025-06-21T23:33:31.778Z eslint:source-code-fixer No fixes to apply
2025-06-21T23:33:31.778Z eslint:eslint Lint C:\CFH\backend\routes\user\userProfileRoutes.js
2025-06-21T23:33:31.778Z eslint:linter Linting code for C:\CFH\backend\routes\user\userProfileRoutes.js (pass 1)
2025-06-21T23:33:31.778Z eslint:linter Verify
2025-06-21T23:33:31.778Z eslint:linter With flat config: C:\CFH\backend\routes\user\userProfileRoutes.js
2025-06-21T23:33:31.778Z eslint:languages:js Parsing: C:\CFH\backend\routes\user\userProfileRoutes.js
2025-06-21T23:33:31.782Z eslint:languages:js Parsing successful: C:\CFH\backend\routes\user\userProfileRoutes.js
2025-06-21T23:33:31.782Z eslint:languages:js Scope analysis: C:\CFH\backend\routes\user\userProfileRoutes.js
2025-06-21T23:33:31.785Z eslint:languages:js Scope analysis successful: C:\CFH\backend\routes\user\userProfileRoutes.js
2025-06-21T23:33:31.795Z eslint:linter Generating fixed text for C:\CFH\backend\routes\user\userProfileRoutes.js (pass 
1)
2025-06-21T23:33:31.795Z eslint:source-code-fixer Applying fixes
2025-06-21T23:33:31.795Z eslint:source-code-fixer No fixes to apply
2025-06-21T23:33:31.795Z eslint:eslint Lint C:\CFH\backend\routes\onboarding\onboarding.js
2025-06-21T23:33:31.795Z eslint:linter Linting code for C:\CFH\backend\routes\onboarding\onboarding.js (pass 1)
2025-06-21T23:33:31.795Z eslint:linter Verify
2025-06-21T23:33:31.796Z eslint:linter With flat config: C:\CFH\backend\routes\onboarding\onboarding.js
2025-06-21T23:33:31.796Z eslint:languages:js Parsing: C:\CFH\backend\routes\onboarding\onboarding.js
2025-06-21T23:33:31.796Z eslint:languages:js Parsing successful: C:\CFH\backend\routes\onboarding\onboarding.js
2025-06-21T23:33:31.796Z eslint:languages:js Scope analysis: C:\CFH\backend\routes\onboarding\onboarding.js
2025-06-21T23:33:31.796Z eslint:languages:js Scope analysis successful: C:\CFH\backend\routes\onboarding\onboarding.js
2025-06-21T23:33:31.797Z eslint:linter Generating fixed text for C:\CFH\backend\routes\onboarding\onboarding.js (pass 1)
2025-06-21T23:33:31.797Z eslint:source-code-fixer Applying fixes
2025-06-21T23:33:31.797Z eslint:source-code-fixer No fixes to apply
2025-06-21T23:33:31.797Z eslint:eslint Lint C:\CFH\backend\routes\arbitrator\arbitrators.js
2025-06-21T23:33:31.797Z eslint:linter Linting code for C:\CFH\backend\routes\arbitrator\arbitrators.js (pass 1)
2025-06-21T23:33:31.797Z eslint:linter Verify
2025-06-21T23:33:31.797Z eslint:linter With flat config: C:\CFH\backend\routes\arbitrator\arbitrators.js
2025-06-21T23:33:31.797Z eslint:languages:js Parsing: C:\CFH\backend\routes\arbitrator\arbitrators.js
2025-06-21T23:33:31.798Z eslint:languages:js Parsing successful: C:\CFH\backend\routes\arbitrator\arbitrators.js
2025-06-21T23:33:31.798Z eslint:languages:js Scope analysis: C:\CFH\backend\routes\arbitrator\arbitrators.js
2025-06-21T23:33:31.798Z eslint:languages:js Scope analysis successful: C:\CFH\backend\routes\arbitrator\arbitrators.js
2025-06-21T23:33:31.798Z eslint:linter Generating fixed text for C:\CFH\backend\routes\arbitrator\arbitrators.js (pass 
1)
2025-06-21T23:33:31.798Z eslint:source-code-fixer Applying fixes
2025-06-21T23:33:31.798Z eslint:source-code-fixer No fixes to apply
2025-06-21T23:33:31.799Z eslint:eslint Lint C:\CFH\backend\routes\lender\lenderTermsHistoryRoute.js
2025-06-21T23:33:31.799Z eslint:linter Linting code for C:\CFH\backend\routes\lender\lenderTermsHistoryRoute.js (pass 1)
2025-06-21T23:33:31.799Z eslint:linter Verify
2025-06-21T23:33:31.799Z eslint:linter With flat config: C:\CFH\backend\routes\lender\lenderTermsHistoryRoute.js
2025-06-21T23:33:31.799Z eslint:languages:js Parsing: C:\CFH\backend\routes\lender\lenderTermsHistoryRoute.js
2025-06-21T23:33:31.800Z eslint:languages:js Parsing successful: C:\CFH\backend\routes\lender\lenderTermsHistoryRoute.js
2025-06-21T23:33:31.800Z eslint:languages:js Scope analysis: C:\CFH\backend\routes\lender\lenderTermsHistoryRoute.js
2025-06-21T23:33:31.800Z eslint:languages:js Scope analysis successful: 
C:\CFH\backend\routes\lender\lenderTermsHistoryRoute.js
2025-06-21T23:33:31.801Z eslint:linter Generating fixed text for 
C:\CFH\backend\routes\lender\lenderTermsHistoryRoute.js (pass 1)
2025-06-21T23:33:31.801Z eslint:source-code-fixer Applying fixes
2025-06-21T23:33:31.801Z eslint:source-code-fixer No fixes to apply
2025-06-21T23:33:31.801Z eslint:cli Fix mode enabled - applying fixes
[2025-06-21T23:33:07.4000988Z] ESLint output:
2025-06-21T23:33:31.707Z eslint:cli CLI args: [ '--ext', '.js', '--format', 'stylish', '--max-warnings', '10', '--debug', '--fix', 'index.js', 'routes/user/userProfileRoutes.js', 'routes/arbitrator/arbitrators.js', 'routes/onboarding/onboarding.js', 'routes/lender/lenderTermsHistoryRoute.js' ] 2025-06-21T23:33:31.708Z eslint:cli Using flat config? true 2025-06-21T23:33:31.712Z eslint:cli Running on files 2025-06-21T23:33:31.713Z eslint:eslint Using config loader LegacyConfigLoader 2025-06-21T23:33:31.714Z eslint:eslint Using file patterns: index.js,routes/user/userProfileRoutes.js,routes/arbitrator/arbitrators.js,routes/onboarding/onboarding.js,routes/lender/lenderTermsHistoryRoute.js 2025-06-21T23:33:31.714Z eslint:eslint Deleting cache file at C:\CFH\backend\.eslintcache 2025-06-21T23:33:31.716Z eslint:eslint 5 files found in: 2ms 2025-06-21T23:33:31.716Z eslint:config-loader Calculating config for file C:\CFH\backend\index.js 2025-06-21T23:33:31.716Z eslint:config-loader Searching for eslint.config.js 2025-06-21T23:33:31.717Z eslint:config-loader Calculating config for file C:\CFH\backend\routes\user\userProfileRoutes.js 2025-06-21T23:33:31.717Z eslint:config-loader Calculating config for file C:\CFH\backend\routes\arbitrator\arbitrators.js 2025-06-21T23:33:31.717Z eslint:config-loader Calculating config for file C:\CFH\backend\routes\onboarding\onboarding.js 2025-06-21T23:33:31.717Z eslint:config-loader Calculating config for file C:\CFH\backend\routes\lender\lenderTermsHistoryRoute.js 2025-06-21T23:33:31.717Z eslint:config-loader [Legacy]: Calculating config for C:\CFH\backend\index.js 2025-06-21T23:33:31.718Z eslint:config-loader [Legacy]: Calculating config for C:\CFH\backend\routes\user\userProfileRoutes.js 2025-06-21T23:33:31.718Z eslint:config-loader [Legacy]: Calculating config for C:\CFH\backend\routes\arbitrator\arbitrators.js 2025-06-21T23:33:31.718Z eslint:config-loader [Legacy]: Calculating config for C:\CFH\backend\routes\onboarding\onboarding.js 2025-06-21T23:33:31.718Z eslint:config-loader [Legacy]: Calculating config for C:\CFH\backend\routes\lender\lenderTermsHistoryRoute.js 2025-06-21T23:33:31.718Z eslint:config-loader [Legacy]: Using config file C:\CFH\backend\eslint.config.js and base path C:\CFH\backend 2025-06-21T23:33:31.718Z eslint:config-loader Calculating config array from config file C:\CFH\backend\eslint.config.js and base path C:\CFH\backend 2025-06-21T23:33:31.718Z eslint:config-loader Loading config file C:\CFH\backend\eslint.config.js 2025-06-21T23:33:31.719Z eslint:config-loader Loading config from C:\CFH\backend\eslint.config.js 2025-06-21T23:33:31.719Z eslint:config-loader Config file URL is file:///C:/CFH/backend/eslint.config.js 2025-06-21T23:33:31.719Z eslint:config-loader [Legacy]: Using config file C:\CFH\backend\eslint.config.js and base path C:\CFH\backend 2025-06-21T23:33:31.719Z eslint:config-loader [Legacy]: Using config file C:\CFH\backend\eslint.config.js and base path C:\CFH\backend 2025-06-21T23:33:31.719Z eslint:config-loader [Legacy]: Using config file C:\CFH\backend\eslint.config.js and base path C:\CFH\backend 2025-06-21T23:33:31.719Z eslint:config-loader [Legacy]: Using config file C:\CFH\backend\eslint.config.js and base path C:\CFH\backend 2025-06-21T23:33:31.727Z eslint:config-loader Config file C:\CFH\backend\eslint.config.js is not empty 2025-06-21T23:33:31.733Z eslint:rules Loading rule 'no-restricted-imports' (remaining=290) 2025-06-21T23:33:31.740Z eslint:rules Loading rule 'no-unused-vars' (remaining=289) 2025-06-21T23:33:31.741Z eslint:rules Loading rule 'no-undef' (remaining=288) 2025-06-21T23:33:31.742Z eslint:rules Loading rule 'semi' (remaining=287) 2025-06-21T23:33:31.743Z eslint:rules Loading rule 'quotes' (remaining=286) 2025-06-21T23:33:31.744Z eslint:rules Loading rule 'eqeqeq' (remaining=285) 2025-06-21T23:33:31.744Z eslint:rules Loading rule 'no-console' (remaining=284) 2025-06-21T23:33:31.767Z eslint:eslint Lint C:\CFH\backend\index.js 2025-06-21T23:33:31.767Z eslint:linter Linting code for C:\CFH\backend\index.js (pass 1) 2025-06-21T23:33:31.767Z eslint:linter Verify 2025-06-21T23:33:31.767Z eslint:linter With flat config: C:\CFH\backend\index.js 2025-06-21T23:33:31.768Z eslint:languages:js Parsing: C:\CFH\backend\index.js 2025-06-21T23:33:31.777Z eslint:languages:js Unexpected token ) SyntaxError: Unexpected token )     at Espree.raise (C:\CFH\backend\node_modules\espree\dist\espree.cjs:676:25)     at Espree.unexpected (C:\CFH\backend\node_modules\espree\dist\espree.cjs:721:18)     at pp$9.semicolon (C:\CFH\backend\node_modules\acorn\dist\acorn.js:753:68)     at pp$8.parseExpressionStatement (C:\CFH\backend\node_modules\acorn\dist\acorn.js:1323:10)     at pp$8.parseStatement (C:\CFH\backend\node_modules\acorn\dist\acorn.js:1029:26)     at pp$8.parseTopLevel (C:\CFH\backend\node_modules\acorn\dist\acorn.js:833:23)     at Espree.parseTopLevel (C:\CFH\backend\node_modules\espree\dist\espree.cjs:664:26)     at Espree.parse (C:\CFH\backend\node_modules\acorn\dist\acorn.js:602:17)     at Espree.parse (C:\CFH\backend\node_modules\espree\dist\espree.cjs:586:35)     at Object.parse (C:\CFH\backend\node_modules\espree\dist\espree.cjs:891:38) 2025-06-21T23:33:31.778Z eslint:linter Generating fixed text for C:\CFH\backend\index.js (pass 1) 2025-06-21T23:33:31.778Z eslint:source-code-fixer Applying fixes 2025-06-21T23:33:31.778Z eslint:source-code-fixer No fixes to apply 2025-06-21T23:33:31.778Z eslint:eslint Lint C:\CFH\backend\routes\user\userProfileRoutes.js 2025-06-21T23:33:31.778Z eslint:linter Linting code for C:\CFH\backend\routes\user\userProfileRoutes.js (pass 1) 2025-06-21T23:33:31.778Z eslint:linter Verify 2025-06-21T23:33:31.778Z eslint:linter With flat config: C:\CFH\backend\routes\user\userProfileRoutes.js 2025-06-21T23:33:31.778Z eslint:languages:js Parsing: C:\CFH\backend\routes\user\userProfileRoutes.js 2025-06-21T23:33:31.782Z eslint:languages:js Parsing successful: C:\CFH\backend\routes\user\userProfileRoutes.js 2025-06-21T23:33:31.782Z eslint:languages:js Scope analysis: C:\CFH\backend\routes\user\userProfileRoutes.js 2025-06-21T23:33:31.785Z eslint:languages:js Scope analysis successful: C:\CFH\backend\routes\user\userProfileRoutes.js 2025-06-21T23:33:31.795Z eslint:linter Generating fixed text for C:\CFH\backend\routes\user\userProfileRoutes.js (pass 1) 2025-06-21T23:33:31.795Z eslint:source-code-fixer Applying fixes 2025-06-21T23:33:31.795Z eslint:source-code-fixer No fixes to apply 2025-06-21T23:33:31.795Z eslint:eslint Lint C:\CFH\backend\routes\onboarding\onboarding.js 2025-06-21T23:33:31.795Z eslint:linter Linting code for C:\CFH\backend\routes\onboarding\onboarding.js (pass 1) 2025-06-21T23:33:31.795Z eslint:linter Verify 2025-06-21T23:33:31.796Z eslint:linter With flat config: C:\CFH\backend\routes\onboarding\onboarding.js 2025-06-21T23:33:31.796Z eslint:languages:js Parsing: C:\CFH\backend\routes\onboarding\onboarding.js 2025-06-21T23:33:31.796Z eslint:languages:js Parsing successful: C:\CFH\backend\routes\onboarding\onboarding.js 2025-06-21T23:33:31.796Z eslint:languages:js Scope analysis: C:\CFH\backend\routes\onboarding\onboarding.js 2025-06-21T23:33:31.796Z eslint:languages:js Scope analysis successful: C:\CFH\backend\routes\onboarding\onboarding.js 2025-06-21T23:33:31.797Z eslint:linter Generating fixed text for C:\CFH\backend\routes\onboarding\onboarding.js (pass 1) 2025-06-21T23:33:31.797Z eslint:source-code-fixer Applying fixes 2025-06-21T23:33:31.797Z eslint:source-code-fixer No fixes to apply 2025-06-21T23:33:31.797Z eslint:eslint Lint C:\CFH\backend\routes\arbitrator\arbitrators.js 2025-06-21T23:33:31.797Z eslint:linter Linting code for C:\CFH\backend\routes\arbitrator\arbitrators.js (pass 1) 2025-06-21T23:33:31.797Z eslint:linter Verify 2025-06-21T23:33:31.797Z eslint:linter With flat config: C:\CFH\backend\routes\arbitrator\arbitrators.js 2025-06-21T23:33:31.797Z eslint:languages:js Parsing: C:\CFH\backend\routes\arbitrator\arbitrators.js 2025-06-21T23:33:31.798Z eslint:languages:js Parsing successful: C:\CFH\backend\routes\arbitrator\arbitrators.js 2025-06-21T23:33:31.798Z eslint:languages:js Scope analysis: C:\CFH\backend\routes\arbitrator\arbitrators.js 2025-06-21T23:33:31.798Z eslint:languages:js Scope analysis successful: C:\CFH\backend\routes\arbitrator\arbitrators.js 2025-06-21T23:33:31.798Z eslint:linter Generating fixed text for C:\CFH\backend\routes\arbitrator\arbitrators.js (pass 1) 2025-06-21T23:33:31.798Z eslint:source-code-fixer Applying fixes 2025-06-21T23:33:31.798Z eslint:source-code-fixer No fixes to apply 2025-06-21T23:33:31.799Z eslint:eslint Lint C:\CFH\backend\routes\lender\lenderTermsHistoryRoute.js 2025-06-21T23:33:31.799Z eslint:linter Linting code for C:\CFH\backend\routes\lender\lenderTermsHistoryRoute.js (pass 1) 2025-06-21T23:33:31.799Z eslint:linter Verify 2025-06-21T23:33:31.799Z eslint:linter With flat config: C:\CFH\backend\routes\lender\lenderTermsHistoryRoute.js 2025-06-21T23:33:31.799Z eslint:languages:js Parsing: C:\CFH\backend\routes\lender\lenderTermsHistoryRoute.js 2025-06-21T23:33:31.800Z eslint:languages:js Parsing successful: C:\CFH\backend\routes\lender\lenderTermsHistoryRoute.js 2025-06-21T23:33:31.800Z eslint:languages:js Scope analysis: C:\CFH\backend\routes\lender\lenderTermsHistoryRoute.js 2025-06-21T23:33:31.800Z eslint:languages:js Scope analysis successful: C:\CFH\backend\routes\lender\lenderTermsHistoryRoute.js 2025-06-21T23:33:31.801Z eslint:linter Generating fixed text for C:\CFH\backend\routes\lender\lenderTermsHistoryRoute.js (pass 1) 2025-06-21T23:33:31.801Z eslint:source-code-fixer Applying fixes 2025-06-21T23:33:31.801Z eslint:source-code-fixer No fixes to apply 2025-06-21T23:33:31.801Z eslint:cli Fix mode enabled - applying fixes  C:\CFH\backend\index.js   77:42  error  Parsing error: Unexpected token )  Γ£û 1 problem (1 error, 0 warnings)
[2025-06-21T23:33:07.4000988Z] ESLint output:
2025-06-21T23:33:31.707Z eslint:cli CLI args: [ '--ext', '.js', '--format', 'stylish', '--max-warnings', '10', '--debug', '--fix', 'index.js', 'routes/user/userProfileRoutes.js', 'routes/arbitrator/arbitrators.js', 'routes/onboarding/onboarding.js', 'routes/lender/lenderTermsHistoryRoute.js' ] 2025-06-21T23:33:31.708Z eslint:cli Using flat config? true 2025-06-21T23:33:31.712Z eslint:cli Running on files 2025-06-21T23:33:31.713Z eslint:eslint Using config loader LegacyConfigLoader 2025-06-21T23:33:31.714Z eslint:eslint Using file patterns: index.js,routes/user/userProfileRoutes.js,routes/arbitrator/arbitrators.js,routes/onboarding/onboarding.js,routes/lender/lenderTermsHistoryRoute.js 2025-06-21T23:33:31.714Z eslint:eslint Deleting cache file at C:\CFH\backend\.eslintcache 2025-06-21T23:33:31.716Z eslint:eslint 5 files found in: 2ms 2025-06-21T23:33:31.716Z eslint:config-loader Calculating config for file C:\CFH\backend\index.js 2025-06-21T23:33:31.716Z eslint:config-loader Searching for eslint.config.js 2025-06-21T23:33:31.717Z eslint:config-loader Calculating config for file C:\CFH\backend\routes\user\userProfileRoutes.js 2025-06-21T23:33:31.717Z eslint:config-loader Calculating config for file C:\CFH\backend\routes\arbitrator\arbitrators.js 2025-06-21T23:33:31.717Z eslint:config-loader Calculating config for file C:\CFH\backend\routes\onboarding\onboarding.js 2025-06-21T23:33:31.717Z eslint:config-loader Calculating config for file C:\CFH\backend\routes\lender\lenderTermsHistoryRoute.js 2025-06-21T23:33:31.717Z eslint:config-loader [Legacy]: Calculating config for C:\CFH\backend\index.js 2025-06-21T23:33:31.718Z eslint:config-loader [Legacy]: Calculating config for C:\CFH\backend\routes\user\userProfileRoutes.js 2025-06-21T23:33:31.718Z eslint:config-loader [Legacy]: Calculating config for C:\CFH\backend\routes\arbitrator\arbitrators.js 2025-06-21T23:33:31.718Z eslint:config-loader [Legacy]: Calculating config for C:\CFH\backend\routes\onboarding\onboarding.js 2025-06-21T23:33:31.718Z eslint:config-loader [Legacy]: Calculating config for C:\CFH\backend\routes\lender\lenderTermsHistoryRoute.js 2025-06-21T23:33:31.718Z eslint:config-loader [Legacy]: Using config file C:\CFH\backend\eslint.config.js and base path C:\CFH\backend 2025-06-21T23:33:31.718Z eslint:config-loader Calculating config array from config file C:\CFH\backend\eslint.config.js and base path C:\CFH\backend 2025-06-21T23:33:31.718Z eslint:config-loader Loading config file C:\CFH\backend\eslint.config.js 2025-06-21T23:33:31.719Z eslint:config-loader Loading config from C:\CFH\backend\eslint.config.js 2025-06-21T23:33:31.719Z eslint:config-loader Config file URL is file:///C:/CFH/backend/eslint.config.js 2025-06-21T23:33:31.719Z eslint:config-loader [Legacy]: Using config file C:\CFH\backend\eslint.config.js and base path C:\CFH\backend 2025-06-21T23:33:31.719Z eslint:config-loader [Legacy]: Using config file C:\CFH\backend\eslint.config.js and base path C:\CFH\backend 2025-06-21T23:33:31.719Z eslint:config-loader [Legacy]: Using config file C:\CFH\backend\eslint.config.js and base path C:\CFH\backend 2025-06-21T23:33:31.719Z eslint:config-loader [Legacy]: Using config file C:\CFH\backend\eslint.config.js and base path C:\CFH\backend 2025-06-21T23:33:31.727Z eslint:config-loader Config file C:\CFH\backend\eslint.config.js is not empty 2025-06-21T23:33:31.733Z eslint:rules Loading rule 'no-restricted-imports' (remaining=290) 2025-06-21T23:33:31.740Z eslint:rules Loading rule 'no-unused-vars' (remaining=289) 2025-06-21T23:33:31.741Z eslint:rules Loading rule 'no-undef' (remaining=288) 2025-06-21T23:33:31.742Z eslint:rules Loading rule 'semi' (remaining=287) 2025-06-21T23:33:31.743Z eslint:rules Loading rule 'quotes' (remaining=286) 2025-06-21T23:33:31.744Z eslint:rules Loading rule 'eqeqeq' (remaining=285) 2025-06-21T23:33:31.744Z eslint:rules Loading rule 'no-console' (remaining=284) 2025-06-21T23:33:31.767Z eslint:eslint Lint C:\CFH\backend\index.js 2025-06-21T23:33:31.767Z eslint:linter Linting code for C:\CFH\backend\index.js (pass 1) 2025-06-21T23:33:31.767Z eslint:linter Verify 2025-06-21T23:33:31.767Z eslint:linter With flat config: C:\CFH\backend\index.js 2025-06-21T23:33:31.768Z eslint:languages:js Parsing: C:\CFH\backend\index.js 2025-06-21T23:33:31.777Z eslint:languages:js Unexpected token ) SyntaxError: Unexpected token )     at Espree.raise (C:\CFH\backend\node_modules\espree\dist\espree.cjs:676:25)     at Espree.unexpected (C:\CFH\backend\node_modules\espree\dist\espree.cjs:721:18)     at pp$9.semicolon (C:\CFH\backend\node_modules\acorn\dist\acorn.js:753:68)     at pp$8.parseExpressionStatement (C:\CFH\backend\node_modules\acorn\dist\acorn.js:1323:10)     at pp$8.parseStatement (C:\CFH\backend\node_modules\acorn\dist\acorn.js:1029:26)     at pp$8.parseTopLevel (C:\CFH\backend\node_modules\acorn\dist\acorn.js:833:23)     at Espree.parseTopLevel (C:\CFH\backend\node_modules\espree\dist\espree.cjs:664:26)     at Espree.parse (C:\CFH\backend\node_modules\acorn\dist\acorn.js:602:17)     at Espree.parse (C:\CFH\backend\node_modules\espree\dist\espree.cjs:586:35)     at Object.parse (C:\CFH\backend\node_modules\espree\dist\espree.cjs:891:38) 2025-06-21T23:33:31.778Z eslint:linter Generating fixed text for C:\CFH\backend\index.js (pass 1) 2025-06-21T23:33:31.778Z eslint:source-code-fixer Applying fixes 2025-06-21T23:33:31.778Z eslint:source-code-fixer No fixes to apply 2025-06-21T23:33:31.778Z eslint:eslint Lint C:\CFH\backend\routes\user\userProfileRoutes.js 2025-06-21T23:33:31.778Z eslint:linter Linting code for C:\CFH\backend\routes\user\userProfileRoutes.js (pass 1) 2025-06-21T23:33:31.778Z eslint:linter Verify 2025-06-21T23:33:31.778Z eslint:linter With flat config: C:\CFH\backend\routes\user\userProfileRoutes.js 2025-06-21T23:33:31.778Z eslint:languages:js Parsing: C:\CFH\backend\routes\user\userProfileRoutes.js 2025-06-21T23:33:31.782Z eslint:languages:js Parsing successful: C:\CFH\backend\routes\user\userProfileRoutes.js 2025-06-21T23:33:31.782Z eslint:languages:js Scope analysis: C:\CFH\backend\routes\user\userProfileRoutes.js 2025-06-21T23:33:31.785Z eslint:languages:js Scope analysis successful: C:\CFH\backend\routes\user\userProfileRoutes.js 2025-06-21T23:33:31.795Z eslint:linter Generating fixed text for C:\CFH\backend\routes\user\userProfileRoutes.js (pass 1) 2025-06-21T23:33:31.795Z eslint:source-code-fixer Applying fixes 2025-06-21T23:33:31.795Z eslint:source-code-fixer No fixes to apply 2025-06-21T23:33:31.795Z eslint:eslint Lint C:\CFH\backend\routes\onboarding\onboarding.js 2025-06-21T23:33:31.795Z eslint:linter Linting code for C:\CFH\backend\routes\onboarding\onboarding.js (pass 1) 2025-06-21T23:33:31.795Z eslint:linter Verify 2025-06-21T23:33:31.796Z eslint:linter With flat config: C:\CFH\backend\routes\onboarding\onboarding.js 2025-06-21T23:33:31.796Z eslint:languages:js Parsing: C:\CFH\backend\routes\onboarding\onboarding.js 2025-06-21T23:33:31.796Z eslint:languages:js Parsing successful: C:\CFH\backend\routes\onboarding\onboarding.js 2025-06-21T23:33:31.796Z eslint:languages:js Scope analysis: C:\CFH\backend\routes\onboarding\onboarding.js 2025-06-21T23:33:31.796Z eslint:languages:js Scope analysis successful: C:\CFH\backend\routes\onboarding\onboarding.js 2025-06-21T23:33:31.797Z eslint:linter Generating fixed text for C:\CFH\backend\routes\onboarding\onboarding.js (pass 1) 2025-06-21T23:33:31.797Z eslint:source-code-fixer Applying fixes 2025-06-21T23:33:31.797Z eslint:source-code-fixer No fixes to apply 2025-06-21T23:33:31.797Z eslint:eslint Lint C:\CFH\backend\routes\arbitrator\arbitrators.js 2025-06-21T23:33:31.797Z eslint:linter Linting code for C:\CFH\backend\routes\arbitrator\arbitrators.js (pass 1) 2025-06-21T23:33:31.797Z eslint:linter Verify 2025-06-21T23:33:31.797Z eslint:linter With flat config: C:\CFH\backend\routes\arbitrator\arbitrators.js 2025-06-21T23:33:31.797Z eslint:languages:js Parsing: C:\CFH\backend\routes\arbitrator\arbitrators.js 2025-06-21T23:33:31.798Z eslint:languages:js Parsing successful: C:\CFH\backend\routes\arbitrator\arbitrators.js 2025-06-21T23:33:31.798Z eslint:languages:js Scope analysis: C:\CFH\backend\routes\arbitrator\arbitrators.js 2025-06-21T23:33:31.798Z eslint:languages:js Scope analysis successful: C:\CFH\backend\routes\arbitrator\arbitrators.js 2025-06-21T23:33:31.798Z eslint:linter Generating fixed text for C:\CFH\backend\routes\arbitrator\arbitrators.js (pass 1) 2025-06-21T23:33:31.798Z eslint:source-code-fixer Applying fixes 2025-06-21T23:33:31.798Z eslint:source-code-fixer No fixes to apply 2025-06-21T23:33:31.799Z eslint:eslint Lint C:\CFH\backend\routes\lender\lenderTermsHistoryRoute.js 2025-06-21T23:33:31.799Z eslint:linter Linting code for C:\CFH\backend\routes\lender\lenderTermsHistoryRoute.js (pass 1) 2025-06-21T23:33:31.799Z eslint:linter Verify 2025-06-21T23:33:31.799Z eslint:linter With flat config: C:\CFH\backend\routes\lender\lenderTermsHistoryRoute.js 2025-06-21T23:33:31.799Z eslint:languages:js Parsing: C:\CFH\backend\routes\lender\lenderTermsHistoryRoute.js 2025-06-21T23:33:31.800Z eslint:languages:js Parsing successful: C:\CFH\backend\routes\lender\lenderTermsHistoryRoute.js 2025-06-21T23:33:31.800Z eslint:languages:js Scope analysis: C:\CFH\backend\routes\lender\lenderTermsHistoryRoute.js 2025-06-21T23:33:31.800Z eslint:languages:js Scope analysis successful: C:\CFH\backend\routes\lender\lenderTermsHistoryRoute.js 2025-06-21T23:33:31.801Z eslint:linter Generating fixed text for C:\CFH\backend\routes\lender\lenderTermsHistoryRoute.js (pass 1) 2025-06-21T23:33:31.801Z eslint:source-code-fixer Applying fixes 2025-06-21T23:33:31.801Z eslint:source-code-fixer No fixes to apply 2025-06-21T23:33:31.801Z eslint:cli Fix mode enabled - applying fixes  C:\CFH\backend\index.js   77:42  error  Parsing error: Unexpected token )  Γ£û 1 problem (1 error, 0 warnings)
[2025-06-21T23:33:07.4000988Z] Testing and linting completed. Update Agasi.
[2025-06-21T23:33:07.4000988Z] Testing and linting completed. Update Agasi.
**********************
Windows PowerShell transcript end
End time: 20250621163334
**********************
