**********************
Windows PowerShell transcript start
Start time: 20250621193141
Username: Agasi\Agasi5
RunAs User: Agasi\Agasi5
Configuration Name: 
Machine: AGASI (Microsoft Windows NT 10.0.26100.0)
Host Application: powershell
Process ID: 33876
PSVersion: 5.1.26100.4202
PSEdition: Desktop
PSCompatibleVersions: 1.0, 2.0, 3.0, 4.0, 5.0, 5.1.26100.4202
BuildVersion: 10.0.26100.4202
CLRVersion: 4.0.30319.42000
WSManStackVersion: 3.0
PSRemotingProtocolVersion: 2.3
SerializationVersion: 1.1.0.1
**********************
Transcript started, output file is C:\CFH\Cod1PromptOutput\cod1_console_20250622_023141.log
PS C:\CFH\backend> npm test -- socket.test.js

PS C:\CFH\backend> Stop-Transcript
**********************
Windows PowerShell transcript end
End time: 20250621193143
**********************
