**********************
Windows PowerShell transcript start
Start time: 20250621164935
Username: Agasi\Agasi5
RunAs User: Agasi\Agasi5
Configuration Name: 
Machine: AGASI (Microsoft Windows NT 10.0.26100.0)
Host Application: C:\WINDOWS\System32\WindowsPowerShell\v1.0\powershell.exe
Process ID: 28016
PSVersion: 5.1.26100.4202
PSEdition: Desktop
PSCompatibleVersions: 1.0, 2.0, 3.0, 4.0, 5.0, 5.1.26100.4202
BuildVersion: 10.0.26100.4202
CLRVersion: 4.0.30319.42000
WSManStackVersion: 3.0
PSRemotingProtocolVersion: 2.3
SerializationVersion: 1.1.0.1
**********************
Transcript started, output file is C:\CFH\WPromptOutput\console_20250621_164935.log
[2025-06-21T23:49:35.8163984Z] Starting test and lint verification
Testing and linting...
[2025-06-21T23:49:35.8163984Z] Verifying C:\CFH\backend\package.json
[2025-06-21T23:49:35.8163984Z] Success: C:\CFH\backend\package.json is valid JSON
[2025-06-21T23:49:35.8163984Z] Success: C:\CFH\backend\package.json is valid JSON
[2025-06-21T23:49:35.8163984Z] Fixing socket.js
[2025-06-21T23:49:35.8163984Z] Success: Replaced const with var in C:\CFH\backend\socket.js
[2025-06-21T23:49:35.8163984Z] Success: Replaced const with var in C:\CFH\backend\socket.js
[2025-06-21T23:49:35.8163984Z] Fixing index.js
[2025-06-21T23:49:35.8163984Z] Installing ws and supertest
[2025-06-21T23:49:35.8163984Z] ws and supertest install output:
 up to date, audited 827 packages in 1s  111 packages are looking for funding   run `npm fund` for details  1 low severity vulnerability  To address all issues, run:   npm audit fix  Run `npm audit` for details.
[2025-06-21T23:49:35.8163984Z] ws and supertest install output:
 up to date, audited 827 packages in 1s  111 packages are looking for funding   run `npm fund` for details  1 low severity vulnerability  To address all issues, run:   npm audit fix  Run `npm audit` for details.
[2025-06-21T23:49:35.8163984Z] Checking C:\CFH\backend\tests\routes\user\userProfileRoutes.test.js
[2025-06-21T23:49:35.8163984Z] Debug: jest.mock('@/index') already present
[2025-06-21T23:49:35.8163984Z] Debug: jest.mock('@/index') already present
[2025-06-21T23:49:35.8163984Z] Creating mock for index.js
[2025-06-21T23:49:35.8163984Z] Success: Created C:\CFH\backend\__mocks__\index.js
[2025-06-21T23:49:35.8163984Z] Success: Created C:\CFH\backend\__mocks__\index.js
[2025-06-21T23:49:35.8163984Z] Verifying ts-jest and typescript
[2025-06-21T23:49:35.8163984Z] ts-jest and typescript check output:
CFH-backend@1.0.0 C:\CFH\backend +-- ts-jest@29.4.0 | `-- typescript@5.8.3 deduped +-- typescript@5.8.3 `-- web3@4.16.0   `-- web3-eth-abi@4.4.1     `-- abitype@0.7.1       `-- typescript@5.8.3 deduped
[2025-06-21T23:49:35.8163984Z] ts-jest and typescript check output:
CFH-backend@1.0.0 C:\CFH\backend +-- ts-jest@29.4.0 | `-- typescript@5.8.3 deduped +-- typescript@5.8.3 `-- web3@4.16.0   `-- web3-eth-abi@4.4.1     `-- abitype@0.7.1       `-- typescript@5.8.3 deduped
[2025-06-21T23:49:35.8163984Z] ts-jest and typescript install output:
 up to date, audited 827 packages in 2s  111 packages are looking for funding   run `npm fund` for details  1 low severity vulnerability  To address all issues, run:   npm audit fix  Run `npm audit` for details.
[2025-06-21T23:49:35.8163984Z] ts-jest and typescript install output:
 up to date, audited 827 packages in 2s  111 packages are looking for funding   run `npm fund` for details  1 low severity vulnerability  To address all issues, run:   npm audit fix  Run `npm audit` for details.
[2025-06-21T23:49:35.8163984Z] Updating Jest configuration
[2025-06-21T23:49:35.8163984Z] Success: Updated C:\CFH\backend\jest.config.js
[2025-06-21T23:49:35.8163984Z] Success: Updated C:\CFH\backend\jest.config.js
[2025-06-21T23:49:35.8163984Z] Checking C:\CFH\backend\routes\lender\lenderTermsHistoryRoute.js
[2025-06-21T23:49:35.8163984Z] Debug: No incorrect import in C:\CFH\backend\routes\lender\lenderTermsHistoryRoute.js
[2025-06-21T23:49:35.8163984Z] Debug: No incorrect import in C:\CFH\backend\routes\lender\lenderTermsHistoryRoute.js
[2025-06-21T23:49:35.8163984Z] Verifying server file
[2025-06-21T23:49:35.8163984Z] Success: Server file found
[2025-06-21T23:49:35.8163984Z] Success: Server file found
[2025-06-21T23:49:35.8163984Z] Running server
[2025-06-21T23:49:35.8163984Z] Server started (PID: 9320). Test endpoints manually.
[2025-06-21T23:49:35.8163984Z] Server started (PID: 9320). Test endpoints manually.
[2025-06-21T23:49:35.8163984Z] Server output:

Server errors:
C:\CFH\backend\index.js:78
  .catch((err) => );
                  ^

SyntaxError: Unexpected token ')'
    at internalCompileFunction (node:internal/vm:76:18)
    at wrapSafe (node:internal/modules/cjs/loader:1283:20)
    at Module._compile (node:internal/modules/cjs/loader:1328:27)
    at Module._extensions..js (node:internal/modules/cjs/loader:1422:10)
    at Module.load (node:internal/modules/cjs/loader:1203:32)
    at Module._load (node:internal/modules/cjs/loader:1019:12)
    at Function.executeUserEntryPoint [as runMain] (node:internal/modules/run_main:128:12)
    at node:internal/main/run_main_module:28:49

Node.js v18.20.8
[2025-06-21T23:49:35.8163984Z] Server output:

Server errors:
C:\CFH\backend\index.js:78
  .catch((err) => );
                  ^

SyntaxError: Unexpected token ')'
    at internalCompileFunction (node:internal/vm:76:18)
    at wrapSafe (node:internal/modules/cjs/loader:1283:20)
    at Module._compile (node:internal/modules/cjs/loader:1328:27)
    at Module._extensions..js (node:internal/modules/cjs/loader:1422:10)
    at Module.load (node:internal/modules/cjs/loader:1203:32)
    at Module._load (node:internal/modules/cjs/loader:1019:12)
    at Function.executeUserEntryPoint [as runMain] (node:internal/modules/run_main:128:12)
    at node:internal/main/run_main_module:28:49

Node.js v18.20.8
[2025-06-21T23:49:35.8163984Z] Server stopped.
[2025-06-21T23:49:35.8163984Z] Server stopped.
[2025-06-21T23:49:35.8163984Z] Running tests
node.exe : npm verb cli C:\nvm4w\nodejs\node.exe C:\Users\Agasi5\AppData\Roaming\npm\node_modules\npm\bin\npm-cli.js
At C:\Users\Agasi5\AppData\Roaming\npm\npm.ps1:24 char:5
+     & "node$exe"  "$basedir/node_modules/npm/bin/npm-cli.js" $args
+     ~~~~~~~~~~~~~~~~~~~~~~~~~~~~~~~~~~~~~~~~~~~~~~~~~~~~~~~~~~~~~~
    + CategoryInfo          : NotSpecified: (npm verb cli C:...\bin\npm-cli.js:String) [], RemoteException
    + FullyQualifiedErrorId : NativeCommandError
npm info using npm@9.9.4
npm info using node@v18.20.8
npm verb title npm test
npm verb argv "test" "--loglevel" "verbose" "--runInBand" "--detectOpenHandles"
npm verb logfile logs-max:10 dir:C:\Users\Agasi5\AppData\Local\npm-cache\_logs\2025-06-21T23_49_55_779Z-
npm verb logfile C:\Users\Agasi5\AppData\Local\npm-cache\_logs\2025-06-21T23_49_55_779Z-debug-0.log
FAIL tests/routes/user/userProfileRoutes.test.js
  ΓùÅ Test suite failed to run

    Jest encountered an unexpected token

    Jest failed to parse a file. This happens e.g. when your code or its dependencies use non-standard JavaScript 
syntax, or when Jest is not configured to support such syntax.

    Out of the box Jest supports Babel, which will be used to transform your files into valid JS based on your Babel 
configuration.

    By default "node_modules" folder is ignored by transformers.

    Here's what you can do:
     ΓÇó If you are trying to use ECMAScript Modules, see https://jestjs.io/docs/ecmascript-modules for how to enable 
it.
     ΓÇó If you are trying to use TypeScript, see https://jestjs.io/docs/getting-started#using-typescript
     ΓÇó To have some of your "node_modules" files transformed, you can specify a custom "transformIgnorePatterns" in 
your config.
     ΓÇó If you need a custom transformation specify a "transform" option in your config.
     ΓÇó If you simply want to mock your non-JS modules (e.g. binary assets) you can stub them out with the 
"moduleNameMapper" config option.

    You'll find more details and examples of these config options in the docs:
    https://jestjs.io/docs/configuration
    For information about custom transformations, see:
    https://jestjs.io/docs/code-transformation

    Details:

    C:\CFH\backend\tests\routes\user\userProfileRoutes.test.js:3
    jest.mock('@/index');\nconst app = require('@/index'); // Adjust path as needed
                         ^

    SyntaxError: Invalid or unexpected token

      at Runtime.createScriptFromCode (node_modules/jest-runtime/build/index.js:1505:14)

Test Suites: 1 failed, 1 total
Tests:       0 total
Snapshots:   0 total
Time:        0.461 s
Ran all test suites.
npm verb exit 1
npm verb code 1
[2025-06-21T23:49:35.8163984Z] Test output:
npm verb cli C:\nvm4w\nodejs\node.exe C:\Users\Agasi5\AppData\Roaming\npm\node_modules\npm\bin\npm-cli.js npm info using npm@9.9.4 npm info using node@v18.20.8 npm verb title npm test npm verb argv "test" "--loglevel" "verbose" "--runInBand" "--detectOpenHandles" npm verb logfile logs-max:10 dir:C:\Users\Agasi5\AppData\Local\npm-cache\_logs\2025-06-21T23_49_55_779Z- npm verb logfile C:\Users\Agasi5\AppData\Local\npm-cache\_logs\2025-06-21T23_49_55_779Z-debug-0.log  > CFH-backend@1.0.0 test > jest --verbose  FAIL tests/routes/user/userProfileRoutes.test.js   ΓùÅ Test suite failed to run System.Management.Automation.RemoteException     Jest encountered an unexpected token System.Management.Automation.RemoteException     Jest failed to parse a file. This happens e.g. when your code or its dependencies use non-standard JavaScript syntax, or when Jest is not configured to support such syntax. System.Management.Automation.RemoteException     Out of the box Jest supports Babel, which will be used to transform your files into valid JS based on your Babel configuration. System.Management.Automation.RemoteException     By default "node_modules" folder is ignored by transformers. System.Management.Automation.RemoteException     Here's what you can do:      ΓÇó If you are trying to use ECMAScript Modules, see https://jestjs.io/docs/ecmascript-modules for how to enable it.      ΓÇó If you are trying to use TypeScript, see https://jestjs.io/docs/getting-started#using-typescript      ΓÇó To have some of your "node_modules" files transformed, you can specify a custom "transformIgnorePatterns" in your config.      ΓÇó If you need a custom transformation specify a "transform" option in your config.      ΓÇó If you simply want to mock your non-JS modules (e.g. binary assets) you can stub them out with the "moduleNameMapper" config option. System.Management.Automation.RemoteException     You'll find more details and examples of these config options in the docs:     https://jestjs.io/docs/configuration     For information about custom transformations, see:     https://jestjs.io/docs/code-transformation System.Management.Automation.RemoteException     Details: System.Management.Automation.RemoteException     C:\CFH\backend\tests\routes\user\userProfileRoutes.test.js:3     jest.mock('@/index');\nconst app = require('@/index'); // Adjust path as needed                          ^ System.Management.Automation.RemoteException     SyntaxError: Invalid or unexpected token System.Management.Automation.RemoteException       at Runtime.createScriptFromCode (node_modules/jest-runtime/build/index.js:1505:14) System.Management.Automation.RemoteException Test Suites: 1 failed, 1 total Tests:       0 total Snapshots:   0 total Time:        0.461 s Ran all test suites. npm verb exit 1 npm verb code 1
[2025-06-21T23:49:35.8163984Z] Test output:
npm verb cli C:\nvm4w\nodejs\node.exe C:\Users\Agasi5\AppData\Roaming\npm\node_modules\npm\bin\npm-cli.js npm info using npm@9.9.4 npm info using node@v18.20.8 npm verb title npm test npm verb argv "test" "--loglevel" "verbose" "--runInBand" "--detectOpenHandles" npm verb logfile logs-max:10 dir:C:\Users\Agasi5\AppData\Local\npm-cache\_logs\2025-06-21T23_49_55_779Z- npm verb logfile C:\Users\Agasi5\AppData\Local\npm-cache\_logs\2025-06-21T23_49_55_779Z-debug-0.log  > CFH-backend@1.0.0 test > jest --verbose  FAIL tests/routes/user/userProfileRoutes.test.js   ΓùÅ Test suite failed to run System.Management.Automation.RemoteException     Jest encountered an unexpected token System.Management.Automation.RemoteException     Jest failed to parse a file. This happens e.g. when your code or its dependencies use non-standard JavaScript syntax, or when Jest is not configured to support such syntax. System.Management.Automation.RemoteException     Out of the box Jest supports Babel, which will be used to transform your files into valid JS based on your Babel configuration. System.Management.Automation.RemoteException     By default "node_modules" folder is ignored by transformers. System.Management.Automation.RemoteException     Here's what you can do:      ΓÇó If you are trying to use ECMAScript Modules, see https://jestjs.io/docs/ecmascript-modules for how to enable it.      ΓÇó If you are trying to use TypeScript, see https://jestjs.io/docs/getting-started#using-typescript      ΓÇó To have some of your "node_modules" files transformed, you can specify a custom "transformIgnorePatterns" in your config.      ΓÇó If you need a custom transformation specify a "transform" option in your config.      ΓÇó If you simply want to mock your non-JS modules (e.g. binary assets) you can stub them out with the "moduleNameMapper" config option. System.Management.Automation.RemoteException     You'll find more details and examples of these config options in the docs:     https://jestjs.io/docs/configuration     For information about custom transformations, see:     https://jestjs.io/docs/code-transformation System.Management.Automation.RemoteException     Details: System.Management.Automation.RemoteException     C:\CFH\backend\tests\routes\user\userProfileRoutes.test.js:3     jest.mock('@/index');\nconst app = require('@/index'); // Adjust path as needed                          ^ System.Management.Automation.RemoteException     SyntaxError: Invalid or unexpected token System.Management.Automation.RemoteException       at Runtime.createScriptFromCode (node_modules/jest-runtime/build/index.js:1505:14) System.Management.Automation.RemoteException Test Suites: 1 failed, 1 total Tests:       0 total Snapshots:   0 total Time:        0.461 s Ran all test suites. npm verb exit 1 npm verb code 1
[2025-06-21T23:49:35.8163984Z] Installing ESLint
[2025-06-21T23:49:35.8163984Z] ESLint install output:
 up to date, audited 827 packages in 1s  111 packages are looking for funding   run `npm fund` for details  1 low severity vulnerability  To address all issues, run:   npm audit fix  Run `npm audit` for details.
[2025-06-21T23:49:35.8163984Z] ESLint install output:
 up to date, audited 827 packages in 1s  111 packages are looking for funding   run `npm fund` for details  1 low severity vulnerability  To address all issues, run:   npm audit fix  Run `npm audit` for details.
[2025-06-21T23:49:35.8163984Z] Created C:\CFH\backend\eslint.config.js
[2025-06-21T23:49:35.8163984Z] Created C:\CFH\backend\eslint.config.js
[2025-06-21T23:49:35.8163984Z] Running ESLint
node.exe : 2025-06-21T23:50:00.416Z eslint:cli CLI args: [ '--ext', '.js', '--format', 'stylish', '--max-warnings', 
'10', '--debug', '--fix', 'index.js', 'routes/user/userProfileRoutes.js', 'routes/arbitrator/arbitrators.js', 
'routes/onboarding/onboarding.js', 'routes/lender/lenderTermsHistoryRoute.js' ]
At C:\Users\Agasi5\AppData\Roaming\npm\npx.ps1:24 char:5
+     & "node$exe"  "$basedir/node_modules/npm/bin/npx-cli.js" $args
+     ~~~~~~~~~~~~~~~~~~~~~~~~~~~~~~~~~~~~~~~~~~~~~~~~~~~~~~~~~~~~~~
    + CategoryInfo          : NotSpecified: (2025-06-21T23:5...toryRoute.js' ]:String) [], RemoteException
    + FullyQualifiedErrorId : NativeCommandError
2025-06-21T23:50:00.417Z eslint:cli Using flat config? true
2025-06-21T23:50:00.422Z eslint:cli Running on files
2025-06-21T23:50:00.423Z eslint:eslint Using config loader LegacyConfigLoader
2025-06-21T23:50:00.423Z eslint:eslint Using file patterns: index.js,routes/user/userProfileRoutes.js,routes/arbitrator/
arbitrators.js,routes/onboarding/onboarding.js,routes/lender/lenderTermsHistoryRoute.js
2025-06-21T23:50:00.423Z eslint:eslint Deleting cache file at C:\CFH\backend\.eslintcache
2025-06-21T23:50:00.425Z eslint:eslint 5 files found in: 2ms
2025-06-21T23:50:00.426Z eslint:config-loader Calculating config for file C:\CFH\backend\index.js
2025-06-21T23:50:00.426Z eslint:config-loader Searching for eslint.config.js
2025-06-21T23:50:00.426Z eslint:config-loader Calculating config for file 
C:\CFH\backend\routes\user\userProfileRoutes.js
2025-06-21T23:50:00.426Z eslint:config-loader Calculating config for file 
C:\CFH\backend\routes\arbitrator\arbitrators.js
2025-06-21T23:50:00.427Z eslint:config-loader Calculating config for file C:\CFH\backend\routes\onboarding\onboarding.js
2025-06-21T23:50:00.427Z eslint:config-loader Calculating config for file 
C:\CFH\backend\routes\lender\lenderTermsHistoryRoute.js
2025-06-21T23:50:00.427Z eslint:config-loader [Legacy]: Calculating config for C:\CFH\backend\index.js
2025-06-21T23:50:00.427Z eslint:config-loader [Legacy]: Calculating config for 
C:\CFH\backend\routes\user\userProfileRoutes.js
2025-06-21T23:50:00.427Z eslint:config-loader [Legacy]: Calculating config for 
C:\CFH\backend\routes\arbitrator\arbitrators.js
2025-06-21T23:50:00.427Z eslint:config-loader [Legacy]: Calculating config for 
C:\CFH\backend\routes\onboarding\onboarding.js
2025-06-21T23:50:00.427Z eslint:config-loader [Legacy]: Calculating config for 
C:\CFH\backend\routes\lender\lenderTermsHistoryRoute.js
2025-06-21T23:50:00.427Z eslint:config-loader [Legacy]: Using config file C:\CFH\backend\eslint.config.js and base path 
C:\CFH\backend
2025-06-21T23:50:00.427Z eslint:config-loader Calculating config array from config file C:\CFH\backend\eslint.config.js 
and base path C:\CFH\backend
2025-06-21T23:50:00.428Z eslint:config-loader Loading config file C:\CFH\backend\eslint.config.js
2025-06-21T23:50:00.428Z eslint:config-loader Loading config from C:\CFH\backend\eslint.config.js
2025-06-21T23:50:00.428Z eslint:config-loader Config file URL is file:///C:/CFH/backend/eslint.config.js
2025-06-21T23:50:00.428Z eslint:config-loader [Legacy]: Using config file C:\CFH\backend\eslint.config.js and base path 
C:\CFH\backend
2025-06-21T23:50:00.428Z eslint:config-loader [Legacy]: Using config file C:\CFH\backend\eslint.config.js and base path 
C:\CFH\backend
2025-06-21T23:50:00.428Z eslint:config-loader [Legacy]: Using config file C:\CFH\backend\eslint.config.js and base path 
C:\CFH\backend
2025-06-21T23:50:00.428Z eslint:config-loader [Legacy]: Using config file C:\CFH\backend\eslint.config.js and base path 
C:\CFH\backend
2025-06-21T23:50:00.435Z eslint:config-loader Config file C:\CFH\backend\eslint.config.js is not empty
2025-06-21T23:50:00.445Z eslint:rules Loading rule 'no-restricted-imports' (remaining=290)
2025-06-21T23:50:00.459Z eslint:rules Loading rule 'no-unused-vars' (remaining=289)
2025-06-21T23:50:00.461Z eslint:rules Loading rule 'no-undef' (remaining=288)
2025-06-21T23:50:00.462Z eslint:rules Loading rule 'semi' (remaining=287)
2025-06-21T23:50:00.465Z eslint:rules Loading rule 'quotes' (remaining=286)
2025-06-21T23:50:00.467Z eslint:rules Loading rule 'eqeqeq' (remaining=285)
2025-06-21T23:50:00.468Z eslint:rules Loading rule 'no-console' (remaining=284)
2025-06-21T23:50:00.500Z eslint:eslint Lint C:\CFH\backend\index.js
2025-06-21T23:50:00.500Z eslint:linter Linting code for C:\CFH\backend\index.js (pass 1)
2025-06-21T23:50:00.500Z eslint:linter Verify
2025-06-21T23:50:00.500Z eslint:linter With flat config: C:\CFH\backend\index.js
2025-06-21T23:50:00.501Z eslint:languages:js Parsing: C:\CFH\backend\index.js
2025-06-21T23:50:00.509Z eslint:languages:js Unexpected token )
SyntaxError: Unexpected token )
    at Espree.raise (C:\CFH\backend\node_modules\espree\dist\espree.cjs:676:25)
    at Espree.unexpected (C:\CFH\backend\node_modules\espree\dist\espree.cjs:721:18)
    at pp$5.parseExprAtomDefault (C:\CFH\backend\node_modules\acorn\dist\acorn.js:3076:10)
    at pp$5.parseExprAtom (C:\CFH\backend\node_modules\acorn\dist\acorn.js:3071:19)
    at pp$5.parseExprSubscripts (C:\CFH\backend\node_modules\acorn\dist\acorn.js:2855:21)
    at pp$5.parseMaybeUnary (C:\CFH\backend\node_modules\acorn\dist\acorn.js:2813:19)
    at pp$5.parseExprOps (C:\CFH\backend\node_modules\acorn\dist\acorn.js:2741:21)
    at pp$5.parseMaybeConditional (C:\CFH\backend\node_modules\acorn\dist\acorn.js:2724:21)
    at pp$5.parseMaybeAssign (C:\CFH\backend\node_modules\acorn\dist\acorn.js:2691:21)
    at pp$5.parseFunctionBody (C:\CFH\backend\node_modules\acorn\dist\acorn.js:3528:24)
2025-06-21T23:50:00.510Z eslint:linter Generating fixed text for C:\CFH\backend\index.js (pass 1)
2025-06-21T23:50:00.510Z eslint:source-code-fixer Applying fixes
2025-06-21T23:50:00.510Z eslint:source-code-fixer No fixes to apply
2025-06-21T23:50:00.510Z eslint:eslint Lint C:\CFH\backend\routes\user\userProfileRoutes.js
2025-06-21T23:50:00.510Z eslint:linter Linting code for C:\CFH\backend\routes\user\userProfileRoutes.js (pass 1)
2025-06-21T23:50:00.510Z eslint:linter Verify
2025-06-21T23:50:00.510Z eslint:linter With flat config: C:\CFH\backend\routes\user\userProfileRoutes.js
2025-06-21T23:50:00.510Z eslint:languages:js Parsing: C:\CFH\backend\routes\user\userProfileRoutes.js
2025-06-21T23:50:00.514Z eslint:languages:js Parsing successful: C:\CFH\backend\routes\user\userProfileRoutes.js
2025-06-21T23:50:00.514Z eslint:languages:js Scope analysis: C:\CFH\backend\routes\user\userProfileRoutes.js
2025-06-21T23:50:00.517Z eslint:languages:js Scope analysis successful: C:\CFH\backend\routes\user\userProfileRoutes.js
2025-06-21T23:50:00.527Z eslint:linter Generating fixed text for C:\CFH\backend\routes\user\userProfileRoutes.js (pass 
1)
2025-06-21T23:50:00.527Z eslint:source-code-fixer Applying fixes
2025-06-21T23:50:00.527Z eslint:source-code-fixer No fixes to apply
2025-06-21T23:50:00.527Z eslint:eslint Lint C:\CFH\backend\routes\onboarding\onboarding.js
2025-06-21T23:50:00.527Z eslint:linter Linting code for C:\CFH\backend\routes\onboarding\onboarding.js (pass 1)
2025-06-21T23:50:00.527Z eslint:linter Verify
2025-06-21T23:50:00.527Z eslint:linter With flat config: C:\CFH\backend\routes\onboarding\onboarding.js
2025-06-21T23:50:00.527Z eslint:languages:js Parsing: C:\CFH\backend\routes\onboarding\onboarding.js
2025-06-21T23:50:00.527Z eslint:languages:js Parsing successful: C:\CFH\backend\routes\onboarding\onboarding.js
2025-06-21T23:50:00.527Z eslint:languages:js Scope analysis: C:\CFH\backend\routes\onboarding\onboarding.js
2025-06-21T23:50:00.528Z eslint:languages:js Scope analysis successful: C:\CFH\backend\routes\onboarding\onboarding.js
2025-06-21T23:50:00.529Z eslint:linter Generating fixed text for C:\CFH\backend\routes\onboarding\onboarding.js (pass 1)
2025-06-21T23:50:00.529Z eslint:source-code-fixer Applying fixes
2025-06-21T23:50:00.529Z eslint:source-code-fixer No fixes to apply
2025-06-21T23:50:00.529Z eslint:eslint Lint C:\CFH\backend\routes\arbitrator\arbitrators.js
2025-06-21T23:50:00.529Z eslint:linter Linting code for C:\CFH\backend\routes\arbitrator\arbitrators.js (pass 1)
2025-06-21T23:50:00.529Z eslint:linter Verify
2025-06-21T23:50:00.529Z eslint:linter With flat config: C:\CFH\backend\routes\arbitrator\arbitrators.js
2025-06-21T23:50:00.529Z eslint:languages:js Parsing: C:\CFH\backend\routes\arbitrator\arbitrators.js
2025-06-21T23:50:00.529Z eslint:languages:js Parsing successful: C:\CFH\backend\routes\arbitrator\arbitrators.js
2025-06-21T23:50:00.529Z eslint:languages:js Scope analysis: C:\CFH\backend\routes\arbitrator\arbitrators.js
2025-06-21T23:50:00.529Z eslint:languages:js Scope analysis successful: C:\CFH\backend\routes\arbitrator\arbitrators.js
2025-06-21T23:50:00.530Z eslint:linter Generating fixed text for C:\CFH\backend\routes\arbitrator\arbitrators.js (pass 
1)
2025-06-21T23:50:00.530Z eslint:source-code-fixer Applying fixes
2025-06-21T23:50:00.530Z eslint:source-code-fixer No fixes to apply
2025-06-21T23:50:00.530Z eslint:eslint Lint C:\CFH\backend\routes\lender\lenderTermsHistoryRoute.js
2025-06-21T23:50:00.530Z eslint:linter Linting code for C:\CFH\backend\routes\lender\lenderTermsHistoryRoute.js (pass 1)
2025-06-21T23:50:00.530Z eslint:linter Verify
2025-06-21T23:50:00.530Z eslint:linter With flat config: C:\CFH\backend\routes\lender\lenderTermsHistoryRoute.js
2025-06-21T23:50:00.530Z eslint:languages:js Parsing: C:\CFH\backend\routes\lender\lenderTermsHistoryRoute.js
2025-06-21T23:50:00.531Z eslint:languages:js Parsing successful: C:\CFH\backend\routes\lender\lenderTermsHistoryRoute.js
2025-06-21T23:50:00.531Z eslint:languages:js Scope analysis: C:\CFH\backend\routes\lender\lenderTermsHistoryRoute.js
2025-06-21T23:50:00.532Z eslint:languages:js Scope analysis successful: 
C:\CFH\backend\routes\lender\lenderTermsHistoryRoute.js
2025-06-21T23:50:00.533Z eslint:linter Generating fixed text for 
C:\CFH\backend\routes\lender\lenderTermsHistoryRoute.js (pass 1)
2025-06-21T23:50:00.533Z eslint:source-code-fixer Applying fixes
2025-06-21T23:50:00.533Z eslint:source-code-fixer No fixes to apply
2025-06-21T23:50:00.533Z eslint:cli Fix mode enabled - applying fixes
[2025-06-21T23:49:35.8163984Z] ESLint output:
2025-06-21T23:50:00.416Z eslint:cli CLI args: [ '--ext', '.js', '--format', 'stylish', '--max-warnings', '10', '--debug', '--fix', 'index.js', 'routes/user/userProfileRoutes.js', 'routes/arbitrator/arbitrators.js', 'routes/onboarding/onboarding.js', 'routes/lender/lenderTermsHistoryRoute.js' ] 2025-06-21T23:50:00.417Z eslint:cli Using flat config? true 2025-06-21T23:50:00.422Z eslint:cli Running on files 2025-06-21T23:50:00.423Z eslint:eslint Using config loader LegacyConfigLoader 2025-06-21T23:50:00.423Z eslint:eslint Using file patterns: index.js,routes/user/userProfileRoutes.js,routes/arbitrator/arbitrators.js,routes/onboarding/onboarding.js,routes/lender/lenderTermsHistoryRoute.js 2025-06-21T23:50:00.423Z eslint:eslint Deleting cache file at C:\CFH\backend\.eslintcache 2025-06-21T23:50:00.425Z eslint:eslint 5 files found in: 2ms 2025-06-21T23:50:00.426Z eslint:config-loader Calculating config for file C:\CFH\backend\index.js 2025-06-21T23:50:00.426Z eslint:config-loader Searching for eslint.config.js 2025-06-21T23:50:00.426Z eslint:config-loader Calculating config for file C:\CFH\backend\routes\user\userProfileRoutes.js 2025-06-21T23:50:00.426Z eslint:config-loader Calculating config for file C:\CFH\backend\routes\arbitrator\arbitrators.js 2025-06-21T23:50:00.427Z eslint:config-loader Calculating config for file C:\CFH\backend\routes\onboarding\onboarding.js 2025-06-21T23:50:00.427Z eslint:config-loader Calculating config for file C:\CFH\backend\routes\lender\lenderTermsHistoryRoute.js 2025-06-21T23:50:00.427Z eslint:config-loader [Legacy]: Calculating config for C:\CFH\backend\index.js 2025-06-21T23:50:00.427Z eslint:config-loader [Legacy]: Calculating config for C:\CFH\backend\routes\user\userProfileRoutes.js 2025-06-21T23:50:00.427Z eslint:config-loader [Legacy]: Calculating config for C:\CFH\backend\routes\arbitrator\arbitrators.js 2025-06-21T23:50:00.427Z eslint:config-loader [Legacy]: Calculating config for C:\CFH\backend\routes\onboarding\onboarding.js 2025-06-21T23:50:00.427Z eslint:config-loader [Legacy]: Calculating config for C:\CFH\backend\routes\lender\lenderTermsHistoryRoute.js 2025-06-21T23:50:00.427Z eslint:config-loader [Legacy]: Using config file C:\CFH\backend\eslint.config.js and base path C:\CFH\backend 2025-06-21T23:50:00.427Z eslint:config-loader Calculating config array from config file C:\CFH\backend\eslint.config.js and base path C:\CFH\backend 2025-06-21T23:50:00.428Z eslint:config-loader Loading config file C:\CFH\backend\eslint.config.js 2025-06-21T23:50:00.428Z eslint:config-loader Loading config from C:\CFH\backend\eslint.config.js 2025-06-21T23:50:00.428Z eslint:config-loader Config file URL is file:///C:/CFH/backend/eslint.config.js 2025-06-21T23:50:00.428Z eslint:config-loader [Legacy]: Using config file C:\CFH\backend\eslint.config.js and base path C:\CFH\backend 2025-06-21T23:50:00.428Z eslint:config-loader [Legacy]: Using config file C:\CFH\backend\eslint.config.js and base path C:\CFH\backend 2025-06-21T23:50:00.428Z eslint:config-loader [Legacy]: Using config file C:\CFH\backend\eslint.config.js and base path C:\CFH\backend 2025-06-21T23:50:00.428Z eslint:config-loader [Legacy]: Using config file C:\CFH\backend\eslint.config.js and base path C:\CFH\backend 2025-06-21T23:50:00.435Z eslint:config-loader Config file C:\CFH\backend\eslint.config.js is not empty 2025-06-21T23:50:00.445Z eslint:rules Loading rule 'no-restricted-imports' (remaining=290) 2025-06-21T23:50:00.459Z eslint:rules Loading rule 'no-unused-vars' (remaining=289) 2025-06-21T23:50:00.461Z eslint:rules Loading rule 'no-undef' (remaining=288) 2025-06-21T23:50:00.462Z eslint:rules Loading rule 'semi' (remaining=287) 2025-06-21T23:50:00.465Z eslint:rules Loading rule 'quotes' (remaining=286) 2025-06-21T23:50:00.467Z eslint:rules Loading rule 'eqeqeq' (remaining=285) 2025-06-21T23:50:00.468Z eslint:rules Loading rule 'no-console' (remaining=284) 2025-06-21T23:50:00.500Z eslint:eslint Lint C:\CFH\backend\index.js 2025-06-21T23:50:00.500Z eslint:linter Linting code for C:\CFH\backend\index.js (pass 1) 2025-06-21T23:50:00.500Z eslint:linter Verify 2025-06-21T23:50:00.500Z eslint:linter With flat config: C:\CFH\backend\index.js 2025-06-21T23:50:00.501Z eslint:languages:js Parsing: C:\CFH\backend\index.js 2025-06-21T23:50:00.509Z eslint:languages:js Unexpected token ) SyntaxError: Unexpected token )     at Espree.raise (C:\CFH\backend\node_modules\espree\dist\espree.cjs:676:25)     at Espree.unexpected (C:\CFH\backend\node_modules\espree\dist\espree.cjs:721:18)     at pp$5.parseExprAtomDefault (C:\CFH\backend\node_modules\acorn\dist\acorn.js:3076:10)     at pp$5.parseExprAtom (C:\CFH\backend\node_modules\acorn\dist\acorn.js:3071:19)     at pp$5.parseExprSubscripts (C:\CFH\backend\node_modules\acorn\dist\acorn.js:2855:21)     at pp$5.parseMaybeUnary (C:\CFH\backend\node_modules\acorn\dist\acorn.js:2813:19)     at pp$5.parseExprOps (C:\CFH\backend\node_modules\acorn\dist\acorn.js:2741:21)     at pp$5.parseMaybeConditional (C:\CFH\backend\node_modules\acorn\dist\acorn.js:2724:21)     at pp$5.parseMaybeAssign (C:\CFH\backend\node_modules\acorn\dist\acorn.js:2691:21)     at pp$5.parseFunctionBody (C:\CFH\backend\node_modules\acorn\dist\acorn.js:3528:24) 2025-06-21T23:50:00.510Z eslint:linter Generating fixed text for C:\CFH\backend\index.js (pass 1) 2025-06-21T23:50:00.510Z eslint:source-code-fixer Applying fixes 2025-06-21T23:50:00.510Z eslint:source-code-fixer No fixes to apply 2025-06-21T23:50:00.510Z eslint:eslint Lint C:\CFH\backend\routes\user\userProfileRoutes.js 2025-06-21T23:50:00.510Z eslint:linter Linting code for C:\CFH\backend\routes\user\userProfileRoutes.js (pass 1) 2025-06-21T23:50:00.510Z eslint:linter Verify 2025-06-21T23:50:00.510Z eslint:linter With flat config: C:\CFH\backend\routes\user\userProfileRoutes.js 2025-06-21T23:50:00.510Z eslint:languages:js Parsing: C:\CFH\backend\routes\user\userProfileRoutes.js 2025-06-21T23:50:00.514Z eslint:languages:js Parsing successful: C:\CFH\backend\routes\user\userProfileRoutes.js 2025-06-21T23:50:00.514Z eslint:languages:js Scope analysis: C:\CFH\backend\routes\user\userProfileRoutes.js 2025-06-21T23:50:00.517Z eslint:languages:js Scope analysis successful: C:\CFH\backend\routes\user\userProfileRoutes.js 2025-06-21T23:50:00.527Z eslint:linter Generating fixed text for C:\CFH\backend\routes\user\userProfileRoutes.js (pass 1) 2025-06-21T23:50:00.527Z eslint:source-code-fixer Applying fixes 2025-06-21T23:50:00.527Z eslint:source-code-fixer No fixes to apply 2025-06-21T23:50:00.527Z eslint:eslint Lint C:\CFH\backend\routes\onboarding\onboarding.js 2025-06-21T23:50:00.527Z eslint:linter Linting code for C:\CFH\backend\routes\onboarding\onboarding.js (pass 1) 2025-06-21T23:50:00.527Z eslint:linter Verify 2025-06-21T23:50:00.527Z eslint:linter With flat config: C:\CFH\backend\routes\onboarding\onboarding.js 2025-06-21T23:50:00.527Z eslint:languages:js Parsing: C:\CFH\backend\routes\onboarding\onboarding.js 2025-06-21T23:50:00.527Z eslint:languages:js Parsing successful: C:\CFH\backend\routes\onboarding\onboarding.js 2025-06-21T23:50:00.527Z eslint:languages:js Scope analysis: C:\CFH\backend\routes\onboarding\onboarding.js 2025-06-21T23:50:00.528Z eslint:languages:js Scope analysis successful: C:\CFH\backend\routes\onboarding\onboarding.js 2025-06-21T23:50:00.529Z eslint:linter Generating fixed text for C:\CFH\backend\routes\onboarding\onboarding.js (pass 1) 2025-06-21T23:50:00.529Z eslint:source-code-fixer Applying fixes 2025-06-21T23:50:00.529Z eslint:source-code-fixer No fixes to apply 2025-06-21T23:50:00.529Z eslint:eslint Lint C:\CFH\backend\routes\arbitrator\arbitrators.js 2025-06-21T23:50:00.529Z eslint:linter Linting code for C:\CFH\backend\routes\arbitrator\arbitrators.js (pass 1) 2025-06-21T23:50:00.529Z eslint:linter Verify 2025-06-21T23:50:00.529Z eslint:linter With flat config: C:\CFH\backend\routes\arbitrator\arbitrators.js 2025-06-21T23:50:00.529Z eslint:languages:js Parsing: C:\CFH\backend\routes\arbitrator\arbitrators.js 2025-06-21T23:50:00.529Z eslint:languages:js Parsing successful: C:\CFH\backend\routes\arbitrator\arbitrators.js 2025-06-21T23:50:00.529Z eslint:languages:js Scope analysis: C:\CFH\backend\routes\arbitrator\arbitrators.js 2025-06-21T23:50:00.529Z eslint:languages:js Scope analysis successful: C:\CFH\backend\routes\arbitrator\arbitrators.js 2025-06-21T23:50:00.530Z eslint:linter Generating fixed text for C:\CFH\backend\routes\arbitrator\arbitrators.js (pass 1) 2025-06-21T23:50:00.530Z eslint:source-code-fixer Applying fixes 2025-06-21T23:50:00.530Z eslint:source-code-fixer No fixes to apply 2025-06-21T23:50:00.530Z eslint:eslint Lint C:\CFH\backend\routes\lender\lenderTermsHistoryRoute.js 2025-06-21T23:50:00.530Z eslint:linter Linting code for C:\CFH\backend\routes\lender\lenderTermsHistoryRoute.js (pass 1) 2025-06-21T23:50:00.530Z eslint:linter Verify 2025-06-21T23:50:00.530Z eslint:linter With flat config: C:\CFH\backend\routes\lender\lenderTermsHistoryRoute.js 2025-06-21T23:50:00.530Z eslint:languages:js Parsing: C:\CFH\backend\routes\lender\lenderTermsHistoryRoute.js 2025-06-21T23:50:00.531Z eslint:languages:js Parsing successful: C:\CFH\backend\routes\lender\lenderTermsHistoryRoute.js 2025-06-21T23:50:00.531Z eslint:languages:js Scope analysis: C:\CFH\backend\routes\lender\lenderTermsHistoryRoute.js 2025-06-21T23:50:00.532Z eslint:languages:js Scope analysis successful: C:\CFH\backend\routes\lender\lenderTermsHistoryRoute.js 2025-06-21T23:50:00.533Z eslint:linter Generating fixed text for C:\CFH\backend\routes\lender\lenderTermsHistoryRoute.js (pass 1) 2025-06-21T23:50:00.533Z eslint:source-code-fixer Applying fixes 2025-06-21T23:50:00.533Z eslint:source-code-fixer No fixes to apply 2025-06-21T23:50:00.533Z eslint:cli Fix mode enabled - applying fixes  C:\CFH\backend\index.js   78:19  error  Parsing error: Unexpected token )  Γ£û 1 problem (1 error, 0 warnings)
[2025-06-21T23:49:35.8163984Z] ESLint output:
2025-06-21T23:50:00.416Z eslint:cli CLI args: [ '--ext', '.js', '--format', 'stylish', '--max-warnings', '10', '--debug', '--fix', 'index.js', 'routes/user/userProfileRoutes.js', 'routes/arbitrator/arbitrators.js', 'routes/onboarding/onboarding.js', 'routes/lender/lenderTermsHistoryRoute.js' ] 2025-06-21T23:50:00.417Z eslint:cli Using flat config? true 2025-06-21T23:50:00.422Z eslint:cli Running on files 2025-06-21T23:50:00.423Z eslint:eslint Using config loader LegacyConfigLoader 2025-06-21T23:50:00.423Z eslint:eslint Using file patterns: index.js,routes/user/userProfileRoutes.js,routes/arbitrator/arbitrators.js,routes/onboarding/onboarding.js,routes/lender/lenderTermsHistoryRoute.js 2025-06-21T23:50:00.423Z eslint:eslint Deleting cache file at C:\CFH\backend\.eslintcache 2025-06-21T23:50:00.425Z eslint:eslint 5 files found in: 2ms 2025-06-21T23:50:00.426Z eslint:config-loader Calculating config for file C:\CFH\backend\index.js 2025-06-21T23:50:00.426Z eslint:config-loader Searching for eslint.config.js 2025-06-21T23:50:00.426Z eslint:config-loader Calculating config for file C:\CFH\backend\routes\user\userProfileRoutes.js 2025-06-21T23:50:00.426Z eslint:config-loader Calculating config for file C:\CFH\backend\routes\arbitrator\arbitrators.js 2025-06-21T23:50:00.427Z eslint:config-loader Calculating config for file C:\CFH\backend\routes\onboarding\onboarding.js 2025-06-21T23:50:00.427Z eslint:config-loader Calculating config for file C:\CFH\backend\routes\lender\lenderTermsHistoryRoute.js 2025-06-21T23:50:00.427Z eslint:config-loader [Legacy]: Calculating config for C:\CFH\backend\index.js 2025-06-21T23:50:00.427Z eslint:config-loader [Legacy]: Calculating config for C:\CFH\backend\routes\user\userProfileRoutes.js 2025-06-21T23:50:00.427Z eslint:config-loader [Legacy]: Calculating config for C:\CFH\backend\routes\arbitrator\arbitrators.js 2025-06-21T23:50:00.427Z eslint:config-loader [Legacy]: Calculating config for C:\CFH\backend\routes\onboarding\onboarding.js 2025-06-21T23:50:00.427Z eslint:config-loader [Legacy]: Calculating config for C:\CFH\backend\routes\lender\lenderTermsHistoryRoute.js 2025-06-21T23:50:00.427Z eslint:config-loader [Legacy]: Using config file C:\CFH\backend\eslint.config.js and base path C:\CFH\backend 2025-06-21T23:50:00.427Z eslint:config-loader Calculating config array from config file C:\CFH\backend\eslint.config.js and base path C:\CFH\backend 2025-06-21T23:50:00.428Z eslint:config-loader Loading config file C:\CFH\backend\eslint.config.js 2025-06-21T23:50:00.428Z eslint:config-loader Loading config from C:\CFH\backend\eslint.config.js 2025-06-21T23:50:00.428Z eslint:config-loader Config file URL is file:///C:/CFH/backend/eslint.config.js 2025-06-21T23:50:00.428Z eslint:config-loader [Legacy]: Using config file C:\CFH\backend\eslint.config.js and base path C:\CFH\backend 2025-06-21T23:50:00.428Z eslint:config-loader [Legacy]: Using config file C:\CFH\backend\eslint.config.js and base path C:\CFH\backend 2025-06-21T23:50:00.428Z eslint:config-loader [Legacy]: Using config file C:\CFH\backend\eslint.config.js and base path C:\CFH\backend 2025-06-21T23:50:00.428Z eslint:config-loader [Legacy]: Using config file C:\CFH\backend\eslint.config.js and base path C:\CFH\backend 2025-06-21T23:50:00.435Z eslint:config-loader Config file C:\CFH\backend\eslint.config.js is not empty 2025-06-21T23:50:00.445Z eslint:rules Loading rule 'no-restricted-imports' (remaining=290) 2025-06-21T23:50:00.459Z eslint:rules Loading rule 'no-unused-vars' (remaining=289) 2025-06-21T23:50:00.461Z eslint:rules Loading rule 'no-undef' (remaining=288) 2025-06-21T23:50:00.462Z eslint:rules Loading rule 'semi' (remaining=287) 2025-06-21T23:50:00.465Z eslint:rules Loading rule 'quotes' (remaining=286) 2025-06-21T23:50:00.467Z eslint:rules Loading rule 'eqeqeq' (remaining=285) 2025-06-21T23:50:00.468Z eslint:rules Loading rule 'no-console' (remaining=284) 2025-06-21T23:50:00.500Z eslint:eslint Lint C:\CFH\backend\index.js 2025-06-21T23:50:00.500Z eslint:linter Linting code for C:\CFH\backend\index.js (pass 1) 2025-06-21T23:50:00.500Z eslint:linter Verify 2025-06-21T23:50:00.500Z eslint:linter With flat config: C:\CFH\backend\index.js 2025-06-21T23:50:00.501Z eslint:languages:js Parsing: C:\CFH\backend\index.js 2025-06-21T23:50:00.509Z eslint:languages:js Unexpected token ) SyntaxError: Unexpected token )     at Espree.raise (C:\CFH\backend\node_modules\espree\dist\espree.cjs:676:25)     at Espree.unexpected (C:\CFH\backend\node_modules\espree\dist\espree.cjs:721:18)     at pp$5.parseExprAtomDefault (C:\CFH\backend\node_modules\acorn\dist\acorn.js:3076:10)     at pp$5.parseExprAtom (C:\CFH\backend\node_modules\acorn\dist\acorn.js:3071:19)     at pp$5.parseExprSubscripts (C:\CFH\backend\node_modules\acorn\dist\acorn.js:2855:21)     at pp$5.parseMaybeUnary (C:\CFH\backend\node_modules\acorn\dist\acorn.js:2813:19)     at pp$5.parseExprOps (C:\CFH\backend\node_modules\acorn\dist\acorn.js:2741:21)     at pp$5.parseMaybeConditional (C:\CFH\backend\node_modules\acorn\dist\acorn.js:2724:21)     at pp$5.parseMaybeAssign (C:\CFH\backend\node_modules\acorn\dist\acorn.js:2691:21)     at pp$5.parseFunctionBody (C:\CFH\backend\node_modules\acorn\dist\acorn.js:3528:24) 2025-06-21T23:50:00.510Z eslint:linter Generating fixed text for C:\CFH\backend\index.js (pass 1) 2025-06-21T23:50:00.510Z eslint:source-code-fixer Applying fixes 2025-06-21T23:50:00.510Z eslint:source-code-fixer No fixes to apply 2025-06-21T23:50:00.510Z eslint:eslint Lint C:\CFH\backend\routes\user\userProfileRoutes.js 2025-06-21T23:50:00.510Z eslint:linter Linting code for C:\CFH\backend\routes\user\userProfileRoutes.js (pass 1) 2025-06-21T23:50:00.510Z eslint:linter Verify 2025-06-21T23:50:00.510Z eslint:linter With flat config: C:\CFH\backend\routes\user\userProfileRoutes.js 2025-06-21T23:50:00.510Z eslint:languages:js Parsing: C:\CFH\backend\routes\user\userProfileRoutes.js 2025-06-21T23:50:00.514Z eslint:languages:js Parsing successful: C:\CFH\backend\routes\user\userProfileRoutes.js 2025-06-21T23:50:00.514Z eslint:languages:js Scope analysis: C:\CFH\backend\routes\user\userProfileRoutes.js 2025-06-21T23:50:00.517Z eslint:languages:js Scope analysis successful: C:\CFH\backend\routes\user\userProfileRoutes.js 2025-06-21T23:50:00.527Z eslint:linter Generating fixed text for C:\CFH\backend\routes\user\userProfileRoutes.js (pass 1) 2025-06-21T23:50:00.527Z eslint:source-code-fixer Applying fixes 2025-06-21T23:50:00.527Z eslint:source-code-fixer No fixes to apply 2025-06-21T23:50:00.527Z eslint:eslint Lint C:\CFH\backend\routes\onboarding\onboarding.js 2025-06-21T23:50:00.527Z eslint:linter Linting code for C:\CFH\backend\routes\onboarding\onboarding.js (pass 1) 2025-06-21T23:50:00.527Z eslint:linter Verify 2025-06-21T23:50:00.527Z eslint:linter With flat config: C:\CFH\backend\routes\onboarding\onboarding.js 2025-06-21T23:50:00.527Z eslint:languages:js Parsing: C:\CFH\backend\routes\onboarding\onboarding.js 2025-06-21T23:50:00.527Z eslint:languages:js Parsing successful: C:\CFH\backend\routes\onboarding\onboarding.js 2025-06-21T23:50:00.527Z eslint:languages:js Scope analysis: C:\CFH\backend\routes\onboarding\onboarding.js 2025-06-21T23:50:00.528Z eslint:languages:js Scope analysis successful: C:\CFH\backend\routes\onboarding\onboarding.js 2025-06-21T23:50:00.529Z eslint:linter Generating fixed text for C:\CFH\backend\routes\onboarding\onboarding.js (pass 1) 2025-06-21T23:50:00.529Z eslint:source-code-fixer Applying fixes 2025-06-21T23:50:00.529Z eslint:source-code-fixer No fixes to apply 2025-06-21T23:50:00.529Z eslint:eslint Lint C:\CFH\backend\routes\arbitrator\arbitrators.js 2025-06-21T23:50:00.529Z eslint:linter Linting code for C:\CFH\backend\routes\arbitrator\arbitrators.js (pass 1) 2025-06-21T23:50:00.529Z eslint:linter Verify 2025-06-21T23:50:00.529Z eslint:linter With flat config: C:\CFH\backend\routes\arbitrator\arbitrators.js 2025-06-21T23:50:00.529Z eslint:languages:js Parsing: C:\CFH\backend\routes\arbitrator\arbitrators.js 2025-06-21T23:50:00.529Z eslint:languages:js Parsing successful: C:\CFH\backend\routes\arbitrator\arbitrators.js 2025-06-21T23:50:00.529Z eslint:languages:js Scope analysis: C:\CFH\backend\routes\arbitrator\arbitrators.js 2025-06-21T23:50:00.529Z eslint:languages:js Scope analysis successful: C:\CFH\backend\routes\arbitrator\arbitrators.js 2025-06-21T23:50:00.530Z eslint:linter Generating fixed text for C:\CFH\backend\routes\arbitrator\arbitrators.js (pass 1) 2025-06-21T23:50:00.530Z eslint:source-code-fixer Applying fixes 2025-06-21T23:50:00.530Z eslint:source-code-fixer No fixes to apply 2025-06-21T23:50:00.530Z eslint:eslint Lint C:\CFH\backend\routes\lender\lenderTermsHistoryRoute.js 2025-06-21T23:50:00.530Z eslint:linter Linting code for C:\CFH\backend\routes\lender\lenderTermsHistoryRoute.js (pass 1) 2025-06-21T23:50:00.530Z eslint:linter Verify 2025-06-21T23:50:00.530Z eslint:linter With flat config: C:\CFH\backend\routes\lender\lenderTermsHistoryRoute.js 2025-06-21T23:50:00.530Z eslint:languages:js Parsing: C:\CFH\backend\routes\lender\lenderTermsHistoryRoute.js 2025-06-21T23:50:00.531Z eslint:languages:js Parsing successful: C:\CFH\backend\routes\lender\lenderTermsHistoryRoute.js 2025-06-21T23:50:00.531Z eslint:languages:js Scope analysis: C:\CFH\backend\routes\lender\lenderTermsHistoryRoute.js 2025-06-21T23:50:00.532Z eslint:languages:js Scope analysis successful: C:\CFH\backend\routes\lender\lenderTermsHistoryRoute.js 2025-06-21T23:50:00.533Z eslint:linter Generating fixed text for C:\CFH\backend\routes\lender\lenderTermsHistoryRoute.js (pass 1) 2025-06-21T23:50:00.533Z eslint:source-code-fixer Applying fixes 2025-06-21T23:50:00.533Z eslint:source-code-fixer No fixes to apply 2025-06-21T23:50:00.533Z eslint:cli Fix mode enabled - applying fixes  C:\CFH\backend\index.js   78:19  error  Parsing error: Unexpected token )  Γ£û 1 problem (1 error, 0 warnings)
[2025-06-21T23:49:35.8163984Z] Testing and linting completed. Update Agasi.
[2025-06-21T23:49:35.8163984Z] Testing and linting completed. Update Agasi.
**********************
Windows PowerShell transcript end
End time: 20250621165003
**********************
