**********************
Windows PowerShell transcript start
Start time: 20250621192701
Username: Agasi\Agasi5
RunAs User: Agasi\Agasi5
Configuration Name: 
Machine: AGASI (Microsoft Windows NT 10.0.26100.0)
Host Application: C:\WINDOWS\System32\WindowsPowerShell\v1.0\powershell.exe
Process ID: 33884
PSVersion: 5.1.26100.4202
PSEdition: Desktop
PSCompatibleVersions: 1.0, 2.0, 3.0, 4.0, 5.0, 5.1.26100.4202
BuildVersion: 10.0.26100.4202
CLRVersion: 4.0.30319.42000
WSManStackVersion: 3.0
PSRemotingProtocolVersion: 2.3
SerializationVersion: 1.1.0.1
**********************
Transcript started, output file is C:\CFH\Cod1PromptOutput\cod1_console_20250622_022701.log
PS C:\CFH\backend> "[{0}] Running WebSocket test from C:\CFH\backend..." -f (Get-Date).ToUniversalTime().ToString("o") | Out-File $logPath -Append
PS C:\CFH\backend> # [2] Run Jest test
PS C:\CFH\backend> npm test -- socket.test.js

PS C:\CFH\backend> # [3] End transcript and mirror output
PS C:\CFH\backend> Stop-Transcript
**********************
Windows PowerShell transcript end
End time: 20250621192702
**********************
