**********************
Windows PowerShell transcript start
Start time: 20250625221107
Username: Agasi\Agasi5
RunAs User: Agasi\Agasi5
Configuration Name: 
Machine: AGASI (Microsoft Windows NT 10.0.26100.0)
Host Application: powershell
Process ID: 13872
PSVersion: 5.1.26100.4202
PSEdition: Desktop
PSCompatibleVersions: 1.0, 2.0, 3.0, 4.0, 5.0, 5.1.26100.4202
BuildVersion: 10.0.26100.4202
CLRVersion: 4.0.30319.42000
WSManStackVersion: 3.0
PSRemotingProtocolVersion: 2.3
SerializationVersion: 1.1.0.1
**********************
Transcript started, output file is C:\CFH\WPromptOutput\console_20250625_221107.log
[2025-06-26T05:11:07.6548787Z] Starting test and lint verification
Testing and linting...
[2025-06-26T05:11:07.6548787Z] Verifying C:\CFH\backend\package.json
[2025-06-26T05:11:07.6548787Z] Success: C:\CFH\backend\package.json is valid JSON
[2025-06-26T05:11:07.6548787Z] Success: C:\CFH\backend\package.json is valid JSON
[2025-06-26T05:11:07.6548787Z] Verifying socket/index.js
[2025-06-26T05:11:07.6548787Z] Success: Replaced const with var in C:\CFH\backend\socket\index.js
[2025-06-26T05:11:07.6548787Z] Success: Replaced const with var in C:\CFH\backend\socket\index.js
[2025-06-26T05:11:07.6548787Z] Fixing index.js
[2025-06-26T05:11:07.6548787Z] Debug: No empty catch block found in C:\CFH\backend\index.js
[2025-06-26T05:11:07.6548787Z] Debug: No empty catch block found in C:\CFH\backend\index.js
[2025-06-26T05:11:07.6548787Z] Installing ws and supertest
node.exe : npm ERR! code EJSONPARSE
At C:\Users\Agasi5\AppData\Roaming\npm\npm.ps1:24 char:5
+     & "node$exe"  "$basedir/node_modules/npm/bin/npm-cli.js" $args
+     ~~~~~~~~~~~~~~~~~~~~~~~~~~~~~~~~~~~~~~~~~~~~~~~~~~~~~~~~~~~~~~
    + CategoryInfo          : NotSpecified: (npm ERR! code EJSONPARSE:String) [], RemoteException
    + FullyQualifiedErrorId : NativeCommandError
npm ERR! path C:\CFH\backend/package.json
npm ERR! JSON.parse Unexpected end of JSON input while parsing empty string
npm ERR! JSON.parse Failed to parse JSON data.
npm ERR! JSON.parse Note: package.json must be actual JSON, not just JavaScript.

npm ERR! A complete log of this run can be found in: 
C:\Users\Agasi5\AppData\Local\npm-cache\_logs\2025-06-26T05_11_08_321Z-debug-0.log
[2025-06-26T05:11:07.6548787Z] ws and supertest install output:
npm ERR! code EJSONPARSE npm ERR! path C:\CFH\backend/package.json npm ERR! JSON.parse Unexpected end of JSON input while parsing empty string npm ERR! JSON.parse Failed to parse JSON data. npm ERR! JSON.parse Note: package.json must be actual JSON, not just JavaScript. System.Management.Automation.RemoteException npm ERR! A complete log of this run can be found in: C:\Users\Agasi5\AppData\Local\npm-cache\_logs\2025-06-26T05_11_08_321Z-debug-0.log
[2025-06-26T05:11:07.6548787Z] ws and supertest install output:
npm ERR! code EJSONPARSE npm ERR! path C:\CFH\backend/package.json npm ERR! JSON.parse Unexpected end of JSON input while parsing empty string npm ERR! JSON.parse Failed to parse JSON data. npm ERR! JSON.parse Note: package.json must be actual JSON, not just JavaScript. System.Management.Automation.RemoteException npm ERR! A complete log of this run can be found in: C:\Users\Agasi5\AppData\Local\npm-cache\_logs\2025-06-26T05_11_08_321Z-debug-0.log
[2025-06-26T05:11:07.6548787Z] Checking C:\CFH\backend\tests\routes\user\userProfileRoutes.test.js
[2025-06-26T05:11:07.6548787Z] Success: Added jest.mock('@/index')
[2025-06-26T05:11:07.6548787Z] Success: Added jest.mock('@/index')
[2025-06-26T05:11:07.6548787Z] Creating mock for index.js
[2025-06-26T05:11:07.6548787Z] Success: Created C:\CFH\backend\__mocks__\index.js
[2025-06-26T05:11:07.6548787Z] Success: Created C:\CFH\backend\__mocks__\index.js
[2025-06-26T05:11:07.6548787Z] Verifying ts-jest and typescript
node.exe : npm ERR! code EJSONPARSE
At C:\Users\Agasi5\AppData\Roaming\npm\npm.ps1:24 char:5
+     & "node$exe"  "$basedir/node_modules/npm/bin/npm-cli.js" $args
+     ~~~~~~~~~~~~~~~~~~~~~~~~~~~~~~~~~~~~~~~~~~~~~~~~~~~~~~~~~~~~~~
    + CategoryInfo          : NotSpecified: (npm ERR! code EJSONPARSE:String) [], RemoteException
    + FullyQualifiedErrorId : NativeCommandError
npm ERR! JSON.parse Failed to parse root package.json
npm ERR! JSON.parse Failed to parse JSON data.
npm ERR! JSON.parse Note: package.json must be actual JSON, not just JavaScript.

npm ERR! A complete log of this run can be found in: 
C:\Users\Agasi5\AppData\Local\npm-cache\_logs\2025-06-26T05_11_09_627Z-debug-0.log
[2025-06-26T05:11:07.6548787Z] ts-jest and typescript check output:
npm ERR! code EJSONPARSE npm ERR! JSON.parse Failed to parse root package.json npm ERR! JSON.parse Failed to parse JSON data. npm ERR! JSON.parse Note: package.json must be actual JSON, not just JavaScript. C:\CFH\backend +-- abitype@0.7.1 extraneous | `-- typescript@5.8.3 deduped +-- ts-jest@29.4.0 extraneous | `-- typescript@5.8.3 deduped +-- ts-node@10.9.2 extraneous | `-- typescript@5.8.3 deduped `-- typescript@5.8.3 extraneous  System.Management.Automation.RemoteException npm ERR! A complete log of this run can be found in: C:\Users\Agasi5\AppData\Local\npm-cache\_logs\2025-06-26T05_11_09_627Z-debug-0.log
[2025-06-26T05:11:07.6548787Z] ts-jest and typescript check output:
npm ERR! code EJSONPARSE npm ERR! JSON.parse Failed to parse root package.json npm ERR! JSON.parse Failed to parse JSON data. npm ERR! JSON.parse Note: package.json must be actual JSON, not just JavaScript. C:\CFH\backend +-- abitype@0.7.1 extraneous | `-- typescript@5.8.3 deduped +-- ts-jest@29.4.0 extraneous | `-- typescript@5.8.3 deduped +-- ts-node@10.9.2 extraneous | `-- typescript@5.8.3 deduped `-- typescript@5.8.3 extraneous  System.Management.Automation.RemoteException npm ERR! A complete log of this run can be found in: C:\Users\Agasi5\AppData\Local\npm-cache\_logs\2025-06-26T05_11_09_627Z-debug-0.log
node.exe : npm ERR! code EJSONPARSE
At C:\Users\Agasi5\AppData\Roaming\npm\npm.ps1:24 char:5
+     & "node$exe"  "$basedir/node_modules/npm/bin/npm-cli.js" $args
+     ~~~~~~~~~~~~~~~~~~~~~~~~~~~~~~~~~~~~~~~~~~~~~~~~~~~~~~~~~~~~~~
    + CategoryInfo          : NotSpecified: (npm ERR! code EJSONPARSE:String) [], RemoteException
    + FullyQualifiedErrorId : NativeCommandError
npm ERR! path C:\CFH\backend/package.json
npm ERR! JSON.parse Unexpected end of JSON input while parsing empty string
npm ERR! JSON.parse Failed to parse JSON data.
npm ERR! JSON.parse Note: package.json must be actual JSON, not just JavaScript.

npm ERR! A complete log of this run can be found in: 
C:\Users\Agasi5\AppData\Local\npm-cache\_logs\2025-06-26T05_11_11_484Z-debug-0.log
[2025-06-26T05:11:07.6548787Z] ts-jest and typescript install output:
npm ERR! code EJSONPARSE npm ERR! path C:\CFH\backend/package.json npm ERR! JSON.parse Unexpected end of JSON input while parsing empty string npm ERR! JSON.parse Failed to parse JSON data. npm ERR! JSON.parse Note: package.json must be actual JSON, not just JavaScript. System.Management.Automation.RemoteException npm ERR! A complete log of this run can be found in: C:\Users\Agasi5\AppData\Local\npm-cache\_logs\2025-06-26T05_11_11_484Z-debug-0.log
[2025-06-26T05:11:07.6548787Z] ts-jest and typescript install output:
npm ERR! code EJSONPARSE npm ERR! path C:\CFH\backend/package.json npm ERR! JSON.parse Unexpected end of JSON input while parsing empty string npm ERR! JSON.parse Failed to parse JSON data. npm ERR! JSON.parse Note: package.json must be actual JSON, not just JavaScript. System.Management.Automation.RemoteException npm ERR! A complete log of this run can be found in: C:\Users\Agasi5\AppData\Local\npm-cache\_logs\2025-06-26T05_11_11_484Z-debug-0.log
[2025-06-26T05:11:07.6548787Z] Updating Jest configuration
[2025-06-26T05:11:07.6548787Z] Success: Updated C:\CFH\backend\jest.config.js
[2025-06-26T05:11:07.6548787Z] Success: Updated C:\CFH\backend\jest.config.js
[2025-06-26T05:11:07.6548787Z] Checking C:\CFH\backend\routes\lender\lenderTermsHistoryRoute.js
[2025-06-26T05:11:07.6548787Z] Debug: No incorrect import in C:\CFH\backend\routes\lender\lenderTermsHistoryRoute.js
[2025-06-26T05:11:07.6548787Z] Debug: No incorrect import in C:\CFH\backend\routes\lender\lenderTermsHistoryRoute.js
[2025-06-26T05:11:07.6548787Z] Verifying server file
[2025-06-26T05:11:07.6548787Z] Success: Server file found
[2025-06-26T05:11:07.6548787Z] Success: Server file found
[2025-06-26T05:11:07.6548787Z] Running server
[2025-06-26T05:11:07.6548787Z] Server started (PID: 21240). Test endpoints manually.
[2025-06-26T05:11:07.6548787Z] Server started (PID: 21240). Test endpoints manually.
[2025-06-26T05:11:07.6548787Z] Server output:

Server errors:
node:internal/modules/package_json_reader:92
        throw error;
        ^

SyntaxError: Error parsing C:\CFH\backend\package.json: Unexpected end of JSON input
    at parse (<anonymous>)
    at read (node:internal/modules/package_json_reader:79:16)
    at readPackage (node:internal/modules/package_json_reader:140:10)
    at readPackageScope (node:internal/modules/package_json_reader:157:19)
    at shouldUseESMLoader (node:internal/modules/run_main:77:15)
    at Function.executeUserEntryPoint [as runMain] (node:internal/modules/run_main:122:24)
    at node:internal/main/run_main_module:28:49 {
  path: 'C:\\CFH\\backend\\package.json'
}

Node.js v18.20.8
[2025-06-26T05:11:07.6548787Z] Server output:

Server errors:
node:internal/modules/package_json_reader:92
        throw error;
        ^

SyntaxError: Error parsing C:\CFH\backend\package.json: Unexpected end of JSON input
    at parse (<anonymous>)
    at read (node:internal/modules/package_json_reader:79:16)
    at readPackage (node:internal/modules/package_json_reader:140:10)
    at readPackageScope (node:internal/modules/package_json_reader:157:19)
    at shouldUseESMLoader (node:internal/modules/run_main:77:15)
    at Function.executeUserEntryPoint [as runMain] (node:internal/modules/run_main:122:24)
    at node:internal/main/run_main_module:28:49 {
  path: 'C:\\CFH\\backend\\package.json'
}

Node.js v18.20.8
[2025-06-26T05:11:07.6548787Z] Server stopped.
[2025-06-26T05:11:07.6548787Z] Server stopped.
[2025-06-26T05:11:07.6548787Z] Running tests
node.exe : npm verb cli C:\nvm4w\nodejs\node.exe C:\Users\Agasi5\AppData\Roaming\npm\node_modules\npm\bin\npm-cli.js
At C:\Users\Agasi5\AppData\Roaming\npm\npm.ps1:24 char:5
+     & "node$exe"  "$basedir/node_modules/npm/bin/npm-cli.js" $args
+     ~~~~~~~~~~~~~~~~~~~~~~~~~~~~~~~~~~~~~~~~~~~~~~~~~~~~~~~~~~~~~~
    + CategoryInfo          : NotSpecified: (npm verb cli C:...\bin\npm-cli.js:String) [], RemoteException
    + FullyQualifiedErrorId : NativeCommandError
npm info using npm@9.9.4
npm info using node@v18.20.8
npm verb title npm test
npm verb argv "test" "--loglevel" "verbose" "--runInBand" "--detectOpenHandles" "--forceExit"
npm verb logfile logs-max:10 dir:C:\Users\Agasi5\AppData\Local\npm-cache\_logs\2025-06-26T05_11_28_054Z-
npm verb logfile C:\Users\Agasi5\AppData\Local\npm-cache\_logs\2025-06-26T05_11_28_054Z-debug-0.log
npm verb stack JSONParseError: Invalid package.json: JSONParseError: Unexpected end of JSON input while parsing empty 
string
npm verb stack     at PackageJson.fromJSON 
(C:\Users\Agasi5\AppData\Roaming\npm\node_modules\npm\node_modules\@npmcli\package-json\lib\index.js:162:24)
npm verb stack     at PackageJson.load 
(C:\Users\Agasi5\AppData\Roaming\npm\node_modules\npm\node_modules\@npmcli\package-json\lib\index.js:156:17)
npm verb stack     at async PackageJson.normalize 
(C:\Users\Agasi5\AppData\Roaming\npm\node_modules\npm\node_modules\@npmcli\package-json\lib\index.js:115:5)
npm verb stack     at async RunScript.run 
(C:\Users\Agasi5\AppData\Roaming\npm\node_modules\npm\lib\commands\run-script.js:72:27)
npm verb stack     at async module.exports (C:\Users\Agasi5\AppData\Roaming\npm\node_modules\npm\lib\cli-entry.js:61:5)
npm verb cwd C:\CFH\backend
npm verb Windows_NT 10.0.26100
npm verb node v18.20.8
npm verb npm  v9.9.4
npm ERR! code EJSONPARSE
npm ERR! JSON.parse Invalid package.json: JSONParseError: Unexpected end of JSON input while parsing empty string
npm ERR! JSON.parse Failed to parse JSON data.
npm ERR! JSON.parse Note: package.json must be actual JSON, not just JavaScript.
npm verb exit 1
npm verb code 1

npm ERR! A complete log of this run can be found in: 
C:\Users\Agasi5\AppData\Local\npm-cache\_logs\2025-06-26T05_11_28_054Z-debug-0.log
[2025-06-26T05:11:07.6548787Z] Test output:
npm verb cli C:\nvm4w\nodejs\node.exe C:\Users\Agasi5\AppData\Roaming\npm\node_modules\npm\bin\npm-cli.js npm info using npm@9.9.4 npm info using node@v18.20.8 npm verb title npm test npm verb argv "test" "--loglevel" "verbose" "--runInBand" "--detectOpenHandles" "--forceExit" npm verb logfile logs-max:10 dir:C:\Users\Agasi5\AppData\Local\npm-cache\_logs\2025-06-26T05_11_28_054Z- npm verb logfile C:\Users\Agasi5\AppData\Local\npm-cache\_logs\2025-06-26T05_11_28_054Z-debug-0.log npm verb stack JSONParseError: Invalid package.json: JSONParseError: Unexpected end of JSON input while parsing empty string npm verb stack     at PackageJson.fromJSON (C:\Users\Agasi5\AppData\Roaming\npm\node_modules\npm\node_modules\@npmcli\package-json\lib\index.js:162:24) npm verb stack     at PackageJson.load (C:\Users\Agasi5\AppData\Roaming\npm\node_modules\npm\node_modules\@npmcli\package-json\lib\index.js:156:17) npm verb stack     at async PackageJson.normalize (C:\Users\Agasi5\AppData\Roaming\npm\node_modules\npm\node_modules\@npmcli\package-json\lib\index.js:115:5) npm verb stack     at async RunScript.run (C:\Users\Agasi5\AppData\Roaming\npm\node_modules\npm\lib\commands\run-script.js:72:27) npm verb stack     at async module.exports (C:\Users\Agasi5\AppData\Roaming\npm\node_modules\npm\lib\cli-entry.js:61:5) npm verb cwd C:\CFH\backend npm verb Windows_NT 10.0.26100 npm verb node v18.20.8 npm verb npm  v9.9.4 npm ERR! code EJSONPARSE npm ERR! JSON.parse Invalid package.json: JSONParseError: Unexpected end of JSON input while parsing empty string npm ERR! JSON.parse Failed to parse JSON data. npm ERR! JSON.parse Note: package.json must be actual JSON, not just JavaScript. npm verb exit 1 npm verb code 1 System.Management.Automation.RemoteException npm ERR! A complete log of this run can be found in: C:\Users\Agasi5\AppData\Local\npm-cache\_logs\2025-06-26T05_11_28_054Z-debug-0.log
[2025-06-26T05:11:07.6548787Z] Test output:
npm verb cli C:\nvm4w\nodejs\node.exe C:\Users\Agasi5\AppData\Roaming\npm\node_modules\npm\bin\npm-cli.js npm info using npm@9.9.4 npm info using node@v18.20.8 npm verb title npm test npm verb argv "test" "--loglevel" "verbose" "--runInBand" "--detectOpenHandles" "--forceExit" npm verb logfile logs-max:10 dir:C:\Users\Agasi5\AppData\Local\npm-cache\_logs\2025-06-26T05_11_28_054Z- npm verb logfile C:\Users\Agasi5\AppData\Local\npm-cache\_logs\2025-06-26T05_11_28_054Z-debug-0.log npm verb stack JSONParseError: Invalid package.json: JSONParseError: Unexpected end of JSON input while parsing empty string npm verb stack     at PackageJson.fromJSON (C:\Users\Agasi5\AppData\Roaming\npm\node_modules\npm\node_modules\@npmcli\package-json\lib\index.js:162:24) npm verb stack     at PackageJson.load (C:\Users\Agasi5\AppData\Roaming\npm\node_modules\npm\node_modules\@npmcli\package-json\lib\index.js:156:17) npm verb stack     at async PackageJson.normalize (C:\Users\Agasi5\AppData\Roaming\npm\node_modules\npm\node_modules\@npmcli\package-json\lib\index.js:115:5) npm verb stack     at async RunScript.run (C:\Users\Agasi5\AppData\Roaming\npm\node_modules\npm\lib\commands\run-script.js:72:27) npm verb stack     at async module.exports (C:\Users\Agasi5\AppData\Roaming\npm\node_modules\npm\lib\cli-entry.js:61:5) npm verb cwd C:\CFH\backend npm verb Windows_NT 10.0.26100 npm verb node v18.20.8 npm verb npm  v9.9.4 npm ERR! code EJSONPARSE npm ERR! JSON.parse Invalid package.json: JSONParseError: Unexpected end of JSON input while parsing empty string npm ERR! JSON.parse Failed to parse JSON data. npm ERR! JSON.parse Note: package.json must be actual JSON, not just JavaScript. npm verb exit 1 npm verb code 1 System.Management.Automation.RemoteException npm ERR! A complete log of this run can be found in: C:\Users\Agasi5\AppData\Local\npm-cache\_logs\2025-06-26T05_11_28_054Z-debug-0.log
[2025-06-26T05:11:07.6548787Z] Installing ESLint
node.exe : npm ERR! code EJSONPARSE
At C:\Users\Agasi5\AppData\Roaming\npm\npm.ps1:24 char:5
+     & "node$exe"  "$basedir/node_modules/npm/bin/npm-cli.js" $args
+     ~~~~~~~~~~~~~~~~~~~~~~~~~~~~~~~~~~~~~~~~~~~~~~~~~~~~~~~~~~~~~~
    + CategoryInfo          : NotSpecified: (npm ERR! code EJSONPARSE:String) [], RemoteException
    + FullyQualifiedErrorId : NativeCommandError
npm ERR! path C:\CFH\backend/package.json
npm ERR! JSON.parse Unexpected end of JSON input while parsing empty string
npm ERR! JSON.parse Failed to parse JSON data.
npm ERR! JSON.parse Note: package.json must be actual JSON, not just JavaScript.

npm ERR! A complete log of this run can be found in: 
C:\Users\Agasi5\AppData\Local\npm-cache\_logs\2025-06-26T05_11_30_425Z-debug-0.log
[2025-06-26T05:11:07.6548787Z] ESLint install output:
npm ERR! code EJSONPARSE npm ERR! path C:\CFH\backend/package.json npm ERR! JSON.parse Unexpected end of JSON input while parsing empty string npm ERR! JSON.parse Failed to parse JSON data. npm ERR! JSON.parse Note: package.json must be actual JSON, not just JavaScript. System.Management.Automation.RemoteException npm ERR! A complete log of this run can be found in: C:\Users\Agasi5\AppData\Local\npm-cache\_logs\2025-06-26T05_11_30_425Z-debug-0.log
[2025-06-26T05:11:07.6548787Z] ESLint install output:
npm ERR! code EJSONPARSE npm ERR! path C:\CFH\backend/package.json npm ERR! JSON.parse Unexpected end of JSON input while parsing empty string npm ERR! JSON.parse Failed to parse JSON data. npm ERR! JSON.parse Note: package.json must be actual JSON, not just JavaScript. System.Management.Automation.RemoteException npm ERR! A complete log of this run can be found in: C:\Users\Agasi5\AppData\Local\npm-cache\_logs\2025-06-26T05_11_30_425Z-debug-0.log
[2025-06-26T05:11:07.6548787Z] Created C:\CFH\backend\eslint.config.js
[2025-06-26T05:11:07.6548787Z] Created C:\CFH\backend\eslint.config.js
[2025-06-26T05:11:07.6548787Z] Running ESLint
node.exe : 2025-06-26T05:11:41.664Z eslint:cli CLI args: [ '--ext', '.js', '--format', 'stylish', '--max-warnings', 
'10', '--debug', '--fix', 'index.js', 'routes/user/userProfileRoutes.js', 'routes/arbitrator/arbitrators.js', 
'routes/onboarding/onboarding.js', 'routes/lender/lenderTermsHistoryRoute.js' ]
At C:\Users\Agasi5\AppData\Roaming\npm\npx.ps1:24 char:5
+     & "node$exe"  "$basedir/node_modules/npm/bin/npx-cli.js" $args
+     ~~~~~~~~~~~~~~~~~~~~~~~~~~~~~~~~~~~~~~~~~~~~~~~~~~~~~~~~~~~~~~
    + CategoryInfo          : NotSpecified: (2025-06-26T05:1...toryRoute.js' ]:String) [], RemoteException
    + FullyQualifiedErrorId : NativeCommandError
2025-06-26T05:11:41.668Z eslint:cli Using flat config? true
2025-06-26T05:11:41.674Z eslint:cli Running on files
2025-06-26T05:11:41.676Z eslint:eslint Using config loader LegacyConfigLoader
2025-06-26T05:11:41.676Z eslint:eslint Using file patterns: index.js,routes/user/userProfileRoutes.js,routes/arbitrator/
arbitrators.js,routes/onboarding/onboarding.js,routes/lender/lenderTermsHistoryRoute.js
2025-06-26T05:11:41.677Z eslint:eslint Deleting cache file at C:\CFH\backend\.eslintcache

Oops! Something went wrong! :(

ESLint: 9.29.0

No files matching the pattern "routes/user/userProfileRoutes.js" were found.
Please check for typing mistakes in the pattern.

[2025-06-26T05:11:07.6548787Z] ESLint output:
2025-06-26T05:11:41.664Z eslint:cli CLI args: [ '--ext', '.js', '--format', 'stylish', '--max-warnings', '10', '--debug', '--fix', 'index.js', 'routes/user/userProfileRoutes.js', 'routes/arbitrator/arbitrators.js', 'routes/onboarding/onboarding.js', 'routes/lender/lenderTermsHistoryRoute.js' ] 2025-06-26T05:11:41.668Z eslint:cli Using flat config? true 2025-06-26T05:11:41.674Z eslint:cli Running on files 2025-06-26T05:11:41.676Z eslint:eslint Using config loader LegacyConfigLoader 2025-06-26T05:11:41.676Z eslint:eslint Using file patterns: index.js,routes/user/userProfileRoutes.js,routes/arbitrator/arbitrators.js,routes/onboarding/onboarding.js,routes/lender/lenderTermsHistoryRoute.js 2025-06-26T05:11:41.677Z eslint:eslint Deleting cache file at C:\CFH\backend\.eslintcache System.Management.Automation.RemoteException Oops! Something went wrong! :( System.Management.Automation.RemoteException ESLint: 9.29.0 System.Management.Automation.RemoteException No files matching the pattern "routes/user/userProfileRoutes.js" were found. Please check for typing mistakes in the pattern. System.Management.Automation.RemoteException
[2025-06-26T05:11:07.6548787Z] ESLint output:
2025-06-26T05:11:41.664Z eslint:cli CLI args: [ '--ext', '.js', '--format', 'stylish', '--max-warnings', '10', '--debug', '--fix', 'index.js', 'routes/user/userProfileRoutes.js', 'routes/arbitrator/arbitrators.js', 'routes/onboarding/onboarding.js', 'routes/lender/lenderTermsHistoryRoute.js' ] 2025-06-26T05:11:41.668Z eslint:cli Using flat config? true 2025-06-26T05:11:41.674Z eslint:cli Running on files 2025-06-26T05:11:41.676Z eslint:eslint Using config loader LegacyConfigLoader 2025-06-26T05:11:41.676Z eslint:eslint Using file patterns: index.js,routes/user/userProfileRoutes.js,routes/arbitrator/arbitrators.js,routes/onboarding/onboarding.js,routes/lender/lenderTermsHistoryRoute.js 2025-06-26T05:11:41.677Z eslint:eslint Deleting cache file at C:\CFH\backend\.eslintcache System.Management.Automation.RemoteException Oops! Something went wrong! :( System.Management.Automation.RemoteException ESLint: 9.29.0 System.Management.Automation.RemoteException No files matching the pattern "routes/user/userProfileRoutes.js" were found. Please check for typing mistakes in the pattern. System.Management.Automation.RemoteException
[2025-06-26T05:11:07.6548787Z] Testing and linting completed. Update Agasi.
[2025-06-26T05:11:07.6548787Z] Testing and linting completed. Update Agasi.
**********************
Windows PowerShell transcript end
End time: 20250625221143
**********************
