// (c) 2025 CFH, All Rights Reserved
// Purpose: Mock auction routes for the CFH Automotive Ecosystem
// Author: CFH Dev Team
// Date: 2025-06-25T06:30:00.000Z
// Version: 1.0.0
// Crown Certified: Yes
// Batch ID: Routes-062525
// Save Location: C:\CFH\backend\routes\auctions\auctions.mjs
import express from 'express';

const router = express.Router();

router.get('/auctions/:auctionId', (req, res) => {
  res.status(200).json({ id: req.params.auctionId, message: 'Mock auction' });
});

router.post('/auctions/:auctionId/bids', (req, res) => {
  const { amount } = req.body;
  if (amount <= 0) {
    return res.status(400).json({ message: 'Invalid bid amount' });
  }
  res.status(201).json({ message: 'Mock bid placed' });
});

export default router;

