
> cfh-backend@1.0.0 build
> tsc && tsc-alias

config/logger.ts(1,21): error TS2307: Cannot find module 'winston' or its corresponding type declarations.
cypress.config.ts(3,30): error TS2307: Cannot find module 'cypress' or its corresponding type declarations.
cypress/e2e/CollaborationChat.cy.ts(3,5): error TS2304: Cannot find name 'cy'.
cypress/e2e/CollaborationChat.cy.ts(4,5): error TS2304: Cannot find name 'cy'.
cypress/e2e/CollaborationChat05040109.cy.ts(3,5): error TS2304: Cannot find name 'cy'.
cypress/e2e/CollaborationChat05040109.cy.ts(4,5): error TS2304: Cannot find name 'cy'.
cypress/support/commands.ts(6,47): error TS2315: Type 'Chainable' is not generic.
cypress/support/commands.ts(11,1): error TS2708: Cannot use namespace 'Cypress' as a value.
cypress/support/commands.ts(12,3): error TS2304: Cannot find name 'cy'.
cypress/support/e2e.ts(7,1): error TS2708: Cannot use namespace 'Cypress' as a value.
cypress/support/e2e.ts(8,3): error TS2304: Cannot find name 'cy'.
cypress/support/e2e.ts(12,12): error TS7006: Parameter 'response' implicitly has an 'any' type.
middleware/authMiddleware.ts(2,17): error TS2307: Cannot find module 'jsonwebtoken' or its corresponding type declarations.
routes/analytics/bid.ts(8,42): error TS2339: Property 'getHeatmapData' does not exist on type 'typeof BidHeatmapService'.
services/notification/NotificationService.ts(6,24): error TS2307: Cannot find module 'handlebars' or its corresponding type declarations.
services/notification/NotificationService.ts(9,18): error TS2304: Cannot find name 'HandlebarsTemplateDelegate'.
tests/auction/BidHeatmapService.test.ts(12,44): error TS2339: Property 'getHeatmapData' does not exist on type 'typeof BidHeatmapService'.
tests/auction/BidHeatmapService.test.ts(18,44): error TS2339: Property 'getHeatmapData' does not exist on type 'typeof BidHeatmapService'.
tests/routes/escrow/EscrowRoutes.test.ts(2,17): error TS2307: Cannot find module '../../app' or its corresponding type declarations.
tests/services/escrow/EscrowAuditService.test.ts(12,45): error TS2339: Property 'auditTransaction' does not exist on type 'typeof EscrowAuditService'.
tests/services/escrow/EscrowAuditService.test.ts(18,37): error TS2339: Property 'auditTransaction' does not exist on type 'typeof EscrowAuditService'.
utils/AIPricingEngine.ts(1,19): error TS2307: Cannot find module 'axios' or its corresponding type declarations.
utils/AIPricingEngineHybrid.ts(1,19): error TS2307: Cannot find module 'axios' or its corresponding type declarations.
utils/auction/AuctionAnalyticsScheduler.ts(1,18): error TS2307: Cannot find module 'node-cron' or its corresponding type declarations.
utils/EmailDigestScheduler.ts(1,18): error TS2307: Cannot find module 'node-cron' or its corresponding type declarations.
utils/EquityFlowOrchestrator.ts(1,19): error TS2307: Cannot find module 'axios' or its corresponding type declarations.
utils/exportUtils/arbitrationExportTools.ts(1,21): error TS2307: Cannot find module 'i18next' or its corresponding type declarations.
utils/exportUtils/arbitrationExportTools.ts(2,21): error TS2307: Cannot find module 'i18next-fs-backend' or its corresponding type declarations.
utils/logger.ts(2,21): error TS2307: Cannot find module 'winston' or its corresponding type declarations.
utils/PushNotificationService.ts(2,19): error TS2307: Cannot find module 'firebase-admin' or its corresponding type declarations.
utils/SmartDelayPredictor.test.ts(8,39): error TS2554: Expected 1 arguments, but got 2.
validation/analytics.validation.ts(10,85): error TS2307: Cannot find module 'joi' or its corresponding type declarations.
validation/escrow.validation.ts(1,17): error TS2307: Cannot find module 'joi' or its corresponding type declarations.
workers/notificationQueueWorker.ts(1,10): error TS2305: Module '"@utils/notificationQueue"' has no exported member 'notificationQueue'.
workers/NotificationWorker.ts(1,10): error TS2305: Module '"@utils/notificationQueue"' has no exported member 'notificationQueue'.
