
> cfh-backend@1.0.0 build
> tsc && tsc-alias

routes/analytics/bid.ts(8,42): error TS2339: Property 'getHeatmapData' does not exist on type 'typeof BidHeatmapService'.
tests/auction/BidHeatmapService.test.ts(12,44): error TS2339: Property 'getHeatmapData' does not exist on type 'typeof BidHeatmapService'.
tests/auction/BidHeatmapService.test.ts(18,44): error TS2339: Property 'getHeatmapData' does not exist on type 'typeof BidHeatmapService'.
tests/integration/escrow.integration.test.ts(15,20): error TS2551: Property 'toEqual' does not exist on type 'Assertion'. Did you mean 'equal'?
tests/integration/escrow.integration.test.ts(16,45): error TS2339: Property 'toHaveBeenCalled' does not exist on type 'Assertion'.
tests/middleware/RBACMiddleware.test.ts(1,10): error TS2305: Module '"@middleware/RBACMiddleware"' has no exported member 'RBACMiddleware'.
tests/payments/PaymentService.test.ts(6,20): error TS2551: Property 'toEqual' does not exist on type 'Assertion'. Did you mean 'equal'?
tests/reports/ReportService.test.ts(6,20): error TS2551: Property 'toEqual' does not exist on type 'Assertion'. Did you mean 'equal'?
tests/routes/escrow/EscrowRoutes.test.ts(2,17): error TS2307: Cannot find module '../../app' or its corresponding type declarations.
tests/services/escrow/escrow.service.test.ts(14,20): error TS2551: Property 'toHaveProperty' does not exist on type 'Assertion'. Did you mean 'haveOwnProperty'?
tests/services/escrow/escrow.service.test.ts(15,45): error TS2339: Property 'toHaveBeenCalled' does not exist on type 'Assertion'.
tests/services/escrow/escrow.service.test.ts(19,92): error TS2339: Property 'rejects' does not exist on type 'Assertion'.
tests/services/escrow/escrow.service.test.ts(26,20): error TS2551: Property 'toHaveProperty' does not exist on type 'Assertion'. Did you mean 'haveOwnProperty'?
tests/services/escrow/escrow.service.test.ts(27,45): error TS2339: Property 'toHaveBeenCalled' does not exist on type 'Assertion'.
tests/services/escrow/escrow.service.test.ts(32,63): error TS2339: Property 'rejects' does not exist on type 'Assertion'.
tests/services/escrow/escrow.service.test.ts(39,31): error TS2339: Property 'toBe' does not exist on type 'Assertion'.
tests/services/escrow/escrow.service.test.ts(40,45): error TS2339: Property 'toHaveBeenCalled' does not exist on type 'Assertion'.
tests/services/escrow/escrow.service.test.ts(46,63): error TS2339: Property 'rejects' does not exist on type 'Assertion'.
tests/services/escrow/EscrowAuditService.test.ts(12,45): error TS2339: Property 'auditTransaction' does not exist on type 'typeof EscrowAuditService'.
tests/services/escrow/EscrowAuditService.test.ts(18,37): error TS2339: Property 'auditTransaction' does not exist on type 'typeof EscrowAuditService'.
utils/AIChatModerator.test.ts(9,20): error TS2339: Property 'toBe' does not exist on type 'Assertion'.
utils/AIDisputePredictor.test.ts(24,27): error TS2339: Property 'toBe' does not exist on type 'Assertion'.
utils/AIDisputePredictor.test.ts(25,31): error TS2551: Property 'toBeGreaterThan' does not exist on type 'Assertion'. Did you mean 'greaterThan'?
utils/AIDisputePredictor.test.ts(30,30): error TS2551: Property 'toBeGreaterThanOrEqual' does not exist on type 'Assertion'. Did you mean 'greaterThanOrEqual'?
utils/AIDisputePredictor.test.ts(31,35): error TS2339: Property 'toBeDefined' does not exist on type 'Assertion'.
utils/AIDisputePredictor.test.ts(36,67): error TS2551: Property 'toContain' does not exist on type 'Assertion'. Did you mean 'contain'?
utils/AIDisputePredictor.test.ts(43,22): error TS2339: Property 'toHaveBeenCalled' does not exist on type 'Assertion'.
utils/AIDisputePredictor.test.ts(48,32): error TS2339: Property 'toBeDefined' does not exist on type 'Assertion'.
utils/AISellerNegotiationCoach.test.ts(10,20): error TS2339: Property 'toBe' does not exist on type 'Assertion'.
utils/HaulerMissionsEngine.test.ts(6,20): error TS2551: Property 'toEqual' does not exist on type 'Assertion'. Did you mean 'equal'?
utils/SmartDelayPredictor.test.ts(8,39): error TS2554: Expected 1 arguments, but got 2.
utils/SmartDelayPredictor.test.ts(9,18): error TS2551: Property 'toHaveProperty' does not exist on type 'Assertion'. Did you mean 'haveOwnProperty'?
workers/notificationQueueWorker.ts(1,10): error TS2305: Module '"@utils/notificationQueue"' has no exported member 'notificationQueue'.
workers/NotificationWorker.ts(1,10): error TS2305: Module '"@utils/notificationQueue"' has no exported member 'notificationQueue'.
