
> cfh-backend@1.0.0 build
> tsc && tsc-alias

controllers/NotificationController.ts(21,31): error TS2339: Property 'sendNotification' does not exist on type 'NotificationService'.
controllers/UserController.ts(24,46): error TS2576: Property 'getProfile' does not exist on type 'UserProfileService'. Did you mean to access the static member 'UserProfileService.getProfile' instead?
controllers/UserController.ts(48,45): error TS2576: Property 'updateProfile' does not exist on type 'UserProfileService'. Did you mean to access the static member 'UserProfileService.updateProfile' instead?
index.ts(17,31): error TS2339: Property 'sendNotification' does not exist on type 'NotificationService'.
index.ts(32,45): error TS2339: Property 'createTransaction' does not exist on type 'EscrowService'.
middleware/authMiddleware.ts(10,17): error TS2307: Cannot find module 'jsonwebtoken' or its corresponding type declarations.
middleware/RBACMiddleware.ts(12,41): error TS2551: Property 'role' does not exist on type 'User'. Did you mean 'roles'?
routes/escrow/escrow.routes.ts(11,17): error TS2307: Cannot find module 'jsonwebtoken' or its corresponding type declarations.
routes/escrow/escrow.routes.ts(12,31): error TS2307: Cannot find module '../../services/escrow/escrow.service' or its corresponding type declarations.
routes/escrow/escrow.routes.ts(15,10): error TS2614: Module '"../../config/logger"' has no exported member 'logger'. Did you mean to use 'import logger from "../../config/logger"' instead?
routes/escrow/escrow.routes.ts(16,10): error TS2305: Module '"../../utils/errors"' has no exported member 'AuthorizationError'.
routes/escrow/escrow.routes.ts(30,13): error TS2339: Property 'user' does not exist on type 'Request<ParamsDictionary, any, any, ParsedQs, Record<string, any>>'.
routes/escrow/escrow.routes.ts(48,41): error TS18046: 'error' is of type 'unknown'.
routes/escrow/escrow.routes.ts(67,96): error TS2339: Property 'user' does not exist on type 'Request<ParamsDictionary, any, any, ParsedQs, Record<string, any>>'.
routes/escrow/escrow.routes.ts(77,98): error TS2339: Property 'user' does not exist on type 'Request<ParamsDictionary, any, any, ParsedQs, Record<string, any>>'.
routes/user/userProfileRoutes.ts(3,29): error TS7016: Could not find a declaration file for module '@services/user/UserProfile'. 'C:/CFH/backend/services/user/UserProfile.js' implicitly has an 'any' type.
services/auction/AuctionNotifier.ts(24,38): error TS2339: Property 'sendNotification' does not exist on type 'NotificationService'.
services/auction/BidHeatmapService.ts(25,44): error TS2339: Property 'getAuctionHeatmapData' does not exist on type 'typeof import("mongoose")'.
services/notification/NotificationService.ts(5,35): error TS2307: Cannot find module '@workers/notificationQueueWorker' or its corresponding type declarations.
tests/analytics/analytics.service.test.ts(3,21): error TS7016: Could not find a declaration file for module 'supertest'. 'C:/CFH/backend/node_modules/supertest/index.js' implicitly has an 'any' type.
  Try `npm i --save-dev @types/supertest` if it exists or add a new declaration (.d.ts) file containing `declare module 'supertest';`
tests/analytics/analytics.service.test.ts(25,46): error TS2345: Argument of type 'string' is not assignable to parameter of type 'never'.
tests/analytics/analytics.service.test.ts(25,82): error TS2345: Argument of type '{ id: string; userId: string; name: string; roles: string[]; }' is not assignable to parameter of type 'never'.
tests/analytics/analytics.service.test.ts(26,52): error TS2576: Property 'getProfile' does not exist on type 'UserProfileService'. Did you mean to access the static member 'UserProfileService.getProfile' instead?
tests/auction/BidHeatmapService.test.ts(13,44): error TS2339: Property 'getHeatmapData' does not exist on type 'typeof BidHeatmapService'.
tests/auction/BidHeatmapService.test.ts(21,44): error TS2339: Property 'getHeatmapData' does not exist on type 'typeof BidHeatmapService'.
tests/auction/BidHeatmapService.test.ts(29,36): error TS2339: Property 'getHeatmapData' does not exist on type 'typeof BidHeatmapService'.
tests/auctions/auctions.test.ts(3,21): error TS7016: Could not find a declaration file for module 'supertest'. 'C:/CFH/backend/node_modules/supertest/index.js' implicitly has an 'any' type.
  Try `npm i --save-dev @types/supertest` if it exists or add a new declaration (.d.ts) file containing `declare module 'supertest';`
tests/auctions/auctions.test.ts(41,46): error TS2345: Argument of type 'string' is not assignable to parameter of type 'never'.
tests/auctions/auctions.test.ts(41,82): error TS2345: Argument of type '{ id: string; userId: string; name: string; roles: string[]; }' is not assignable to parameter of type 'never'.
tests/auctions/auctions.test.ts(42,52): error TS2576: Property 'getProfile' does not exist on type 'UserProfileService'. Did you mean to access the static member 'UserProfileService.getProfile' instead?
tests/escrow/escrow.service.test.ts(3,84): error TS2307: Cannot find module '@services/escrow/escrow.service' or its corresponding type declarations.
tests/escrow/escrow.service.test.ts(22,45): error TS2345: Argument of type '{}' is not assignable to parameter of type 'never'.
tests/escrow/escrow.service.test.ts(29,56): error TS2345: Argument of type 'EscrowDocument' is not assignable to parameter of type 'never'.
tests/escrow/escrow.service.test.ts(42,58): error TS2345: Argument of type 'EscrowDocument' is not assignable to parameter of type 'never'.
tests/escrow/escrow.service.test.ts(49,58): error TS2345: Argument of type 'EscrowDocument' is not assignable to parameter of type 'never'.
tests/escrow/escrow.service.test.ts(55,58): error TS2345: Argument of type 'EscrowDocument' is not assignable to parameter of type 'never'.
tests/escrow/escrow.service.test.ts(63,58): error TS2345: Argument of type 'EscrowDocument' is not assignable to parameter of type 'never'.
tests/helpers.ts(16,5): error TS2322: Type 'Mock<unknown, unknown[]>' is not assignable to type '{ (options: SaveOptions, callback: Callback<EscrowDocument>): void; (callback: Callback<EscrowDocument>): void; (options?: SaveOptions | undefined): Promise<...>; }'.
  Type 'unknown' is not assignable to type 'Promise<EscrowDocument>'.
tests/helpers.ts(16,43): error TS2345: Argument of type '{}' is not assignable to parameter of type 'never'.
tests/middleware/RBACMiddleware.test.ts(9,37): error TS2322: Type '{ user: User; }' is not assignable to type 'Partial<Request<ParamsDictionary, any, any, ParsedQs, Record<string, any>>>'.
  Object literal may only specify known properties, and 'user' does not exist in type 'Partial<Request<ParamsDictionary, any, any, ParsedQs, Record<string, any>>>'.
tests/middleware/RBACMiddleware.test.ts(9,43): error TS2352: Conversion of type '{ role: string; }' to type 'User' may be a mistake because neither type sufficiently overlaps with the other. If this was intentional, convert the expression to 'unknown' first.
  Type '{ role: string; }' is missing the following properties from type 'User': id, userId, name, email, and 54 more.
tests/middleware/RBACMiddleware.test.ts(17,37): error TS2322: Type '{ user: User; }' is not assignable to type 'Partial<Request<ParamsDictionary, any, any, ParsedQs, Record<string, any>>>'.
  Object literal may only specify known properties, and 'user' does not exist in type 'Partial<Request<ParamsDictionary, any, any, ParsedQs, Record<string, any>>>'.
tests/middleware/RBACMiddleware.test.ts(17,43): error TS2352: Conversion of type '{ role: string; }' to type 'User' may be a mistake because neither type sufficiently overlaps with the other. If this was intentional, convert the expression to 'unknown' first.
  Type '{ role: string; }' is missing the following properties from type 'User': id, userId, name, email, and 54 more.
tests/notification/NotificationService.test.ts(5,35): error TS2307: Cannot find module '@workers/notificationQueueWorker' or its corresponding type declarations.
tests/routes/escrow/EscrowRoutes.test.ts(3,21): error TS7016: Could not find a declaration file for module 'supertest'. 'C:/CFH/backend/node_modules/supertest/index.js' implicitly has an 'any' type.
  Try `npm i --save-dev @types/supertest` if it exists or add a new declaration (.d.ts) file containing `declare module 'supertest';`
tests/routes/escrow/EscrowRoutes.test.ts(22,41): error TS2345: Argument of type 'string' is not assignable to parameter of type 'never'.
tests/routes/escrow/EscrowRoutes.test.ts(22,84): error TS2345: Argument of type 'Partial<EscrowDocument>' is not assignable to parameter of type 'never'.
tests/routes/escrow/EscrowRoutes.test.ts(32,41): error TS2345: Argument of type 'string' is not assignable to parameter of type 'never'.
tests/routes/escrow/EscrowRoutes.test.ts(41,41): error TS2345: Argument of type 'string' is not assignable to parameter of type 'never'.
tests/routes/escrow/EscrowRoutes.test.ts(51,41): error TS2345: Argument of type 'string' is not assignable to parameter of type 'never'.
tests/routes/escrow/EscrowRoutes.test.ts(51,85): error TS2345: Argument of type 'Partial<EscrowDocument>' is not assignable to parameter of type 'never'.
tests/routes/escrow/EscrowRoutes.test.ts(61,41): error TS2345: Argument of type 'string' is not assignable to parameter of type 'never'.
tests/routes/escrow/EscrowRoutes.test.ts(71,41): error TS2345: Argument of type 'string' is not assignable to parameter of type 'never'.
tests/routes/escrow/EscrowRoutes.test.ts(71,81): error TS2345: Argument of type '{ status: string; _id?: string | undefined; user?: string | undefined; vehicle?: { vin: string; price: number; } | undefined; condition?: string | undefined; disputeId?: string | undefined; ... 56 more ...; validateSync?: { ...; } | undefined; }' is not assignable to parameter of type 'never'.
tests/routes/escrow/EscrowRoutes.test.ts(81,41): error TS2345: Argument of type 'string' is not assignable to parameter of type 'never'.
tests/routes/escrow/EscrowRoutes.test.ts(91,41): error TS2345: Argument of type 'string' is not assignable to parameter of type 'never'.
tests/routes/escrow/EscrowRoutes.test.ts(91,82): error TS2345: Argument of type '{ condition: string; _id?: string | undefined; user?: string | undefined; status?: string | undefined; vehicle?: { vin: string; price: number; } | undefined; disputeId?: string | undefined; ... 56 more ...; validateSync?: { ...; } | undefined; }' is not assignable to parameter of type 'never'.
tests/routes/escrow/EscrowRoutes.test.ts(102,41): error TS2345: Argument of type 'string' is not assignable to parameter of type 'never'.
tests/routes/escrow/EscrowRoutes.test.ts(112,41): error TS2345: Argument of type 'string' is not assignable to parameter of type 'never'.
tests/services/escrow/escrow.service.test.ts(2,31): error TS2307: Cannot find module '../../../services/escrow/escrow.service' or its corresponding type declarations.
tests/services/escrow/escrow.service.test.ts(3,10): error TS2305: Module '"../../../utils/errors"' has no exported member 'BadRequestError'.
tests/services/escrow/escrow.service.test.ts(3,27): error TS2305: Module '"../../../utils/errors"' has no exported member 'AuthorizationError'.
tests/services/escrow/EscrowAuditService.test.ts(20,20): error TS2345: Argument of type '"getTransactionById"' is not assignable to parameter of type 'FunctionPropertyNames<typeof import("mongoose")>'.
tests/services/escrow/EscrowAuditService.test.ts(21,34): error TS2576: Property 'auditTransaction' does not exist on type 'EscrowAuditService'. Did you mean to access the static member 'EscrowAuditService.auditTransaction' instead?
tests/services/escrow/EscrowAuditService.test.ts(27,20): error TS2345: Argument of type '"getTransactionById"' is not assignable to parameter of type 'FunctionPropertyNames<typeof import("mongoose")>'.
tests/services/escrow/EscrowAuditService.test.ts(28,34): error TS2576: Property 'auditTransaction' does not exist on type 'EscrowAuditService'. Did you mean to access the static member 'EscrowAuditService.auditTransaction' instead?
tests/services/escrow/EscrowAuditService.test.ts(34,20): error TS2345: Argument of type '"getTransactionById"' is not assignable to parameter of type 'FunctionPropertyNames<typeof import("mongoose")>'.
tests/services/escrow/EscrowAuditService.test.ts(35,26): error TS2576: Property 'auditTransaction' does not exist on type 'EscrowAuditService'. Did you mean to access the static member 'EscrowAuditService.auditTransaction' instead?
utils/AIBidPredictor.ts(11,36): error TS2551: Property 'collection' does not exist on type 'typeof import("mongoose")'. Did you mean 'Collection'?
utils/AIBidPredictor.ts(23,36): error TS2551: Property 'collection' does not exist on type 'typeof import("mongoose")'. Did you mean 'Collection'?
utils/AIMarketplaceAnalytics.ts(1,38): error TS2306: File 'C:/CFH/backend/utils/analyticsExportUtils.ts' is not a module.
utils/analyticsExportUtils.ts(21,37): error TS7006: Parameter 'borrowerData' implicitly has an 'any' type.
utils/analyticsExportUtils.ts(21,51): error TS7006: Parameter 'matches' implicitly has an 'any' type.
utils/analyticsExportUtils.ts(21,60): error TS7006: Parameter 'recommendations' implicitly has an 'any' type.
utils/analyticsExportUtils.ts(21,77): error TS7006: Parameter 'userId' implicitly has an 'any' type.
utils/analyticsExportUtils.ts(40,21): error TS7006: Parameter 'match' implicitly has an 'any' type.
utils/analyticsExportUtils.ts(47,31): error TS7006: Parameter 'rec' implicitly has an 'any' type.
utils/auction/AuctionAnalyticsScheduler.ts(4,18): error TS2307: Cannot find module 'node-cron' or its corresponding type declarations.
utils/auction/AuctionTimer.ts(8,28): error TS7006: Parameter 'auctionId' implicitly has an 'any' type.
utils/auction/AuctionTimer.ts(8,39): error TS7006: Parameter 'duration' implicitly has an 'any' type.
utils/auction/AuctionTimer.ts(8,49): error TS7006: Parameter 'io' implicitly has an 'any' type.
utils/auction/AuctionTimer.ts(9,7): error TS7053: Element implicitly has an 'any' type because expression of type 'any' can't be used to index type '{}'.
utils/auction/AuctionTimer.ts(9,40): error TS7053: Element implicitly has an 'any' type because expression of type 'any' can't be used to index type '{}'.
utils/auction/AuctionTimer.ts(12,3): error TS7053: Element implicitly has an 'any' type because expression of type 'any' can't be used to index type '{}'.
utils/auction/AuctionTimer.ts(15,21): error TS7053: Element implicitly has an 'any' type because expression of type 'any' can't be used to index type '{}'.
utils/DisputeResolutionHelper.ts(3,38): error TS2306: File 'C:/CFH/backend/utils/analyticsExportUtils.ts' is not a module.
utils/EmailDigestScheduler.ts(1,18): error TS2307: Cannot find module 'node-cron' or its corresponding type declarations.
utils/EquityFlowOrchestrator.ts(15,38): error TS7006: Parameter 'transactionId' implicitly has an 'any' type.
utils/EquityFlowOrchestrator.ts(40,32): error TS7006: Parameter 'transactionId' implicitly has an 'any' type.
utils/EquityFlowOrchestrator.ts(67,42): error TS7006: Parameter 'transactionId' implicitly has an 'any' type.
utils/mechanic/RepairCostPredictor.ts(8,34): error TS7006: Parameter 'taskId' implicitly has an 'any' type.
utils/mechanic/RepairCostPredictor.ts(8,42): error TS7006: Parameter 'user' implicitly has an 'any' type.
utils/mechanic/RepairCostPredictor.ts(28,48): error TS18046: 'error' is of type 'unknown'.
utils/notificationQueue.ts(3,38): error TS2693: 'Queue' only refers to a type, but is being used as a value here.
utils/SmartDelayPredictor.test.ts(8,39): error TS2554: Expected 1 arguments, but got 2.
validation/escrow.validation.ts(10,17): error TS2307: Cannot find module 'joi' or its corresponding type declarations.
