
> cfh-backend@1.0.0 build
> tsc && tsc-alias

middleware/authMiddleware.ts(19,5): error TS2322: Type '(User & { _id: ObjectId; }) | null' is not assignable to type 'User | undefined'.
  Type 'null' is not assignable to type 'User | undefined'.
routes/analytics/bid.ts(8,42): error TS2339: Property 'getHeatmapData' does not exist on type 'typeof BidHeatmapService'.
routes/escrow/EscrowRoutes.ts(4,75): error TS2307: Cannot find module '@validation/escrow.validation' or its corresponding type declarations.
tests/analytics/analytics.service.test.ts(15,29): error TS2339: Property 'toBe' does not exist on type 'Assertion'.
tests/analytics/analytics.service.test.ts(16,27): error TS2551: Property 'toEqual' does not exist on type 'Assertion'. Did you mean 'equal'?
tests/analytics/analytics.service.test.ts(17,45): error TS2339: Property 'toHaveBeenCalled' does not exist on type 'Assertion'.
tests/auction/BidHeatmapService.test.ts(11,44): error TS2339: Property 'getHeatmapData' does not exist on type 'typeof BidHeatmapService'.
tests/auction/BidHeatmapService.test.ts(12,20): error TS2551: Property 'toEqual' does not exist on type 'Assertion'. Did you mean 'equal'?
tests/auction/BidHeatmapService.test.ts(17,44): error TS2339: Property 'getHeatmapData' does not exist on type 'typeof BidHeatmapService'.
tests/auction/BidHeatmapService.test.ts(18,20): error TS2551: Property 'toEqual' does not exist on type 'Assertion'. Did you mean 'equal'?
tests/auction/BidHeatmapService.test.ts(23,36): error TS2339: Property 'getHeatmapData' does not exist on type 'typeof BidHeatmapService'.
tests/auction/BidHeatmapService.test.ts(23,64): error TS2339: Property 'rejects' does not exist on type 'Assertion'.
tests/auctions/auctions.test.ts(13,29): error TS2339: Property 'toBe' does not exist on type 'Assertion'.
tests/auctions/auctions.test.ts(14,27): error TS2551: Property 'toEqual' does not exist on type 'Assertion'. Did you mean 'equal'?
tests/escrow/escrow.service.test.ts(14,20): error TS2551: Property 'toHaveProperty' does not exist on type 'Assertion'. Did you mean 'haveOwnProperty'?
tests/escrow/escrow.service.test.ts(15,45): error TS2339: Property 'toHaveBeenCalled' does not exist on type 'Assertion'.
tests/escrow/escrow.service.test.ts(19,92): error TS2339: Property 'rejects' does not exist on type 'Assertion'.
tests/escrow/escrow.service.test.ts(26,20): error TS2551: Property 'toHaveProperty' does not exist on type 'Assertion'. Did you mean 'haveOwnProperty'?
tests/escrow/escrow.service.test.ts(27,45): error TS2339: Property 'toHaveBeenCalled' does not exist on type 'Assertion'.
tests/escrow/escrow.service.test.ts(32,63): error TS2339: Property 'rejects' does not exist on type 'Assertion'.
tests/escrow/escrow.service.test.ts(39,31): error TS2339: Property 'toBe' does not exist on type 'Assertion'.
tests/escrow/escrow.service.test.ts(40,45): error TS2339: Property 'toHaveBeenCalled' does not exist on type 'Assertion'.
tests/escrow/escrow.service.test.ts(46,63): error TS2339: Property 'rejects' does not exist on type 'Assertion'.
tests/escrow/EscrowService.test.ts(14,20): error TS2551: Property 'toHaveProperty' does not exist on type 'Assertion'. Did you mean 'haveOwnProperty'?
tests/escrow/EscrowService.test.ts(15,45): error TS2339: Property 'toHaveBeenCalled' does not exist on type 'Assertion'.
tests/escrow/EscrowService.test.ts(19,92): error TS2339: Property 'rejects' does not exist on type 'Assertion'.
tests/integration/escrow.integration.test.ts(15,20): error TS2551: Property 'toEqual' does not exist on type 'Assertion'. Did you mean 'equal'?
tests/integration/escrow.integration.test.ts(16,45): error TS2339: Property 'toHaveBeenCalled' does not exist on type 'Assertion'.
tests/middleware/RBACMiddleware.test.ts(13,18): error TS2339: Property 'toHaveBeenCalled' does not exist on type 'Assertion'.
tests/middleware/RBACMiddleware.test.ts(21,24): error TS2339: Property 'toHaveBeenCalledWith' does not exist on type 'Assertion'.
tests/middleware/RBACMiddleware.test.ts(22,22): error TS2339: Property 'toHaveBeenCalledWith' does not exist on type 'Assertion'.
tests/notification/NotificationService.test.ts(21,45): error TS2339: Property 'toHaveBeenCalledWith' does not exist on type 'Assertion'.
tests/notification/NotificationService.test.ts(26,104): error TS2339: Property 'rejects' does not exist on type 'Assertion'.
tests/notification/NotificationService.test.ts(32,103): error TS2339: Property 'rejects' does not exist on type 'Assertion'.
tests/notification/NotificationService.test.ts(38,33): error TS2339: Property 'toHaveBeenCalledWith' does not exist on type 'Assertion'.
tests/notification/NotificationService.test.ts(39,45): error TS2339: Property 'toHaveBeenCalledWith' does not exist on type 'Assertion'.
tests/payments/PaymentService.test.ts(6,20): error TS2551: Property 'toEqual' does not exist on type 'Assertion'. Did you mean 'equal'?
tests/reports/ReportService.test.ts(6,20): error TS2551: Property 'toEqual' does not exist on type 'Assertion'. Did you mean 'equal'?
tests/routes/escrow/EscrowRoutes.test.ts(2,17): error TS2307: Cannot find module '@root/app' or its corresponding type declarations.
tests/routes/escrow/EscrowRoutes.test.ts(17,29): error TS2339: Property 'toBe' does not exist on type 'Assertion'.
tests/routes/escrow/EscrowRoutes.test.ts(18,27): error TS2551: Property 'toEqual' does not exist on type 'Assertion'. Did you mean 'equal'?
tests/routes/escrow/EscrowRoutes.test.ts(19,45): error TS2339: Property 'toHaveBeenCalled' does not exist on type 'Assertion'.
tests/routes/escrow/EscrowRoutes.test.ts(27,29): error TS2339: Property 'toBe' does not exist on type 'Assertion'.
tests/routes/escrow/EscrowRoutes.test.ts(28,45): error TS2339: Property 'toHaveBeenCalled' does not exist on type 'Assertion'.
tests/routes/escrow/EscrowRoutes.test.ts(37,29): error TS2339: Property 'toBe' does not exist on type 'Assertion'.
tests/routes/escrow/EscrowRoutes.test.ts(38,27): error TS2551: Property 'toEqual' does not exist on type 'Assertion'. Did you mean 'equal'?
tests/routes/escrow/EscrowRoutes.test.ts(39,45): error TS2339: Property 'toHaveBeenCalled' does not exist on type 'Assertion'.
tests/routes/escrow/EscrowRoutes.test.ts(47,29): error TS2339: Property 'toBe' does not exist on type 'Assertion'.
tests/routes/escrow/EscrowRoutes.test.ts(48,45): error TS2339: Property 'toHaveBeenCalled' does not exist on type 'Assertion'.
tests/services/escrow/escrow.service.test.ts(14,20): error TS2551: Property 'toHaveProperty' does not exist on type 'Assertion'. Did you mean 'haveOwnProperty'?
tests/services/escrow/escrow.service.test.ts(15,45): error TS2339: Property 'toHaveBeenCalled' does not exist on type 'Assertion'.
tests/services/escrow/escrow.service.test.ts(19,92): error TS2339: Property 'rejects' does not exist on type 'Assertion'.
tests/services/escrow/escrow.service.test.ts(26,20): error TS2551: Property 'toHaveProperty' does not exist on type 'Assertion'. Did you mean 'haveOwnProperty'?
tests/services/escrow/escrow.service.test.ts(27,45): error TS2339: Property 'toHaveBeenCalled' does not exist on type 'Assertion'.
tests/services/escrow/escrow.service.test.ts(32,63): error TS2339: Property 'rejects' does not exist on type 'Assertion'.
tests/services/escrow/escrow.service.test.ts(39,31): error TS2339: Property 'toBe' does not exist on type 'Assertion'.
tests/services/escrow/escrow.service.test.ts(40,45): error TS2339: Property 'toHaveBeenCalled' does not exist on type 'Assertion'.
tests/services/escrow/escrow.service.test.ts(46,63): error TS2339: Property 'rejects' does not exist on type 'Assertion'.
tests/services/escrow/EscrowAuditService.test.ts(11,45): error TS2339: Property 'auditTransaction' does not exist on type 'typeof EscrowAuditService'.
tests/services/escrow/EscrowAuditService.test.ts(12,20): error TS2551: Property 'toEqual' does not exist on type 'Assertion'. Did you mean 'equal'?
tests/services/escrow/EscrowAuditService.test.ts(17,37): error TS2339: Property 'auditTransaction' does not exist on type 'typeof EscrowAuditService'.
tests/services/escrow/EscrowAuditService.test.ts(17,60): error TS2339: Property 'rejects' does not exist on type 'Assertion'.
tests/services/escrow/EscrowAuditService.test.ts(22,37): error TS2339: Property 'auditTransaction' does not exist on type 'typeof EscrowAuditService'.
tests/services/escrow/EscrowAuditService.test.ts(22,60): error TS2339: Property 'rejects' does not exist on type 'Assertion'.
tests/services/payments/PaymentService.test.ts(6,20): error TS2551: Property 'toEqual' does not exist on type 'Assertion'. Did you mean 'equal'?
tests/services/reports/ReportService.test.ts(6,20): error TS2551: Property 'toEqual' does not exist on type 'Assertion'. Did you mean 'equal'?
tests/utils/AIChatModerator.test.ts(9,20): error TS2339: Property 'toBe' does not exist on type 'Assertion'.
tests/utils/AIDisputePredictor.test.ts(12,20): error TS2339: Property 'toBe' does not exist on type 'Assertion'.
tests/utils/AIDisputePredictor.test.ts(17,65): error TS2339: Property 'rejects' does not exist on type 'Assertion'.
tests/utils/AISellerNegotiationCoach.test.ts(11,20): error TS2339: Property 'toBe' does not exist on type 'Assertion'.
tests/utils/HaulerMissionsEngine.test.ts(6,20): error TS2551: Property 'toEqual' does not exist on type 'Assertion'. Did you mean 'equal'?
tests/utils/SmartDelayPredictor.test.ts(6,20): error TS2339: Property 'toBe' does not exist on type 'Assertion'.
utils/AIChatModerator.test.ts(9,20): error TS2339: Property 'toBe' does not exist on type 'Assertion'.
utils/AIDisputePredictor.test.ts(24,27): error TS2339: Property 'toBe' does not exist on type 'Assertion'.
utils/AIDisputePredictor.test.ts(25,31): error TS2551: Property 'toBeGreaterThan' does not exist on type 'Assertion'. Did you mean 'greaterThan'?
utils/AIDisputePredictor.test.ts(30,30): error TS2551: Property 'toBeGreaterThanOrEqual' does not exist on type 'Assertion'. Did you mean 'greaterThanOrEqual'?
utils/AIDisputePredictor.test.ts(31,35): error TS2339: Property 'toBeDefined' does not exist on type 'Assertion'.
utils/AIDisputePredictor.test.ts(36,67): error TS2551: Property 'toContain' does not exist on type 'Assertion'. Did you mean 'contain'?
utils/AIDisputePredictor.test.ts(43,22): error TS2339: Property 'toHaveBeenCalled' does not exist on type 'Assertion'.
utils/AIDisputePredictor.test.ts(48,32): error TS2339: Property 'toBeDefined' does not exist on type 'Assertion'.
utils/AISellerNegotiationCoach.test.ts(10,20): error TS2339: Property 'toBe' does not exist on type 'Assertion'.
utils/HaulerMissionsEngine.test.ts(6,20): error TS2551: Property 'toEqual' does not exist on type 'Assertion'. Did you mean 'equal'?
utils/SmartDelayPredictor.test.ts(8,39): error TS2554: Expected 1 arguments, but got 2.
utils/SmartDelayPredictor.test.ts(9,18): error TS2551: Property 'toHaveProperty' does not exist on type 'Assertion'. Did you mean 'haveOwnProperty'?
workers/notificationQueueWorker.ts(1,10): error TS2305: Module '"@utils/notificationQueue"' has no exported member 'notificationQueue'.
workers/NotificationWorker.ts(1,10): error TS2305: Module '"@utils/notificationQueue"' has no exported member 'notificationQueue'.
