[2025-06-25T06:58:49.8488241Z] Starting comprehensive fix script.
[2025-06-25T06:58:49.8521268Z] Stopping node/Code processes and cleaning build directories.
[2025-06-25T06:58:50.0875935Z] Build directories cleaned and tsc --clean executed.
[2025-06-25T06:58:50.0925968Z] Fixing coverage folder permissions.
processed file: C:\CFH\backend\coverage
processed file: C:\CFH\backend\coverage\clover.xml
processed file: C:\CFH\backend\coverage\coverage-final.json
processed file: C:\CFH\backend\coverage\desktop.ini
processed file: C:\CFH\backend\coverage\lcov-report
processed file: C:\CFH\backend\coverage\lcov.info
processed file: C:\CFH\backend\coverage\lcov-report\base.css
processed file: C:\CFH\backend\coverage\lcov-report\block-navigation.js
processed file: C:\CFH\backend\coverage\lcov-report\desktop.ini
processed file: C:\CFH\backend\coverage\lcov-report\favicon.png
processed file: C:\CFH\backend\coverage\lcov-report\index.html
processed file: C:\CFH\backend\coverage\lcov-report\logger.ts.html
processed file: C:\CFH\backend\coverage\lcov-report\models
processed file: C:\CFH\backend\coverage\lcov-report\prettify.css
processed file: C:\CFH\backend\coverage\lcov-report\prettify.js
processed file: C:\CFH\backend\coverage\lcov-report\routes
processed file: C:\CFH\backend\coverage\lcov-report\sort-arrow-sprite.png
processed file: C:\CFH\backend\coverage\lcov-report\sorter.js
processed file: C:\CFH\backend\coverage\lcov-report\utils
processed file: C:\CFH\backend\coverage\lcov-report\models\desktop.ini
processed file: C:\CFH\backend\coverage\lcov-report\models\dispute
processed file: C:\CFH\backend\coverage\lcov-report\models\notification
processed file: C:\CFH\backend\coverage\lcov-report\models\dispute\desktop.ini
processed file: C:\CFH\backend\coverage\lcov-report\models\dispute\Dispute.js.html
processed file: C:\CFH\backend\coverage\lcov-report\models\dispute\index.html
processed file: C:\CFH\backend\coverage\lcov-report\models\notification\desktop.ini
processed file: C:\CFH\backend\coverage\lcov-report\models\notification\index.html
processed file: C:\CFH\backend\coverage\lcov-report\models\notification\Notification.js.html
processed file: C:\CFH\backend\coverage\lcov-report\routes\desktop.ini
processed file: C:\CFH\backend\coverage\lcov-report\routes\hauler
processed file: C:\CFH\backend\coverage\lcov-report\routes\hauler\desktop.ini
processed file: C:\CFH\backend\coverage\lcov-report\routes\hauler\haulerHealthCheck.js.html
processed file: C:\CFH\backend\coverage\lcov-report\routes\hauler\index.html
processed file: C:\CFH\backend\coverage\lcov-report\utils\AIChatModerator.js.html
processed file: C:\CFH\backend\coverage\lcov-report\utils\AIDisputePredictor.js.html
processed file: C:\CFH\backend\coverage\lcov-report\utils\AISellerNegotiationCoach.js.html
processed file: C:\CFH\backend\coverage\lcov-report\utils\desktop.ini
processed file: C:\CFH\backend\coverage\lcov-report\utils\index.html
processed file: C:\CFH\backend\coverage\lcov-report\utils\logger.ts.html
processed file: C:\CFH\backend\coverage\lcov-report\utils\notificationDispatcher.js.html
processed file: C:\CFH\backend\coverage\lcov-report\utils\notificationTrigger.js.html
Successfully processed 41 files; Failed processing 0 files
[2025-06-25T06:58:50.1803148Z] Coverage folder permissions updated.
[2025-06-25T06:58:50.1843153Z] Installing/updating npm packages.

up to date, audited 1030 packages in 1s

111 packages are looking for funding
  run `npm fund` for details

found 0 vulnerabilities

up to date, audited 1030 packages in 5s

111 packages are looking for funding
  run `npm fund` for details

found 0 vulnerabilities

up to date, audited 1030 packages in 1s

111 packages are looking for funding
  run `npm fund` for details

found 0 vulnerabilities
[2025-06-25T06:58:58.8302086Z] npm packages installed/updated and audit fix applied.
[2025-06-25T06:58:58.8322247Z] Listing and converting .md files in C:\CFH\docs\features.
[2025-06-25T06:58:58.8682489Z] Converted C:\CFH\docs\features\AnalyticsDashboardFeatureList.md to C:\CFH\Cod1Logs\AnalyticsDashboardFeatureList.md_converted_20250624_235849.log
[2025-06-25T06:58:58.8722558Z] Converted C:\CFH\docs\features\AnalyticsQualityCheckReport.md to C:\CFH\Cod1Logs\AnalyticsQualityCheckReport.md_converted_20250624_235849.log
[2025-06-25T06:58:58.8772482Z] Converted C:\CFH\docs\features\AuctionManagementFeatureList.md to C:\CFH\Cod1Logs\AuctionManagementFeatureList.md_converted_20250624_235849.log
[2025-06-25T06:58:58.8822486Z] Converted C:\CFH\docs\features\AuctionsFeatureList.md to C:\CFH\Cod1Logs\AuctionsFeatureList.md_converted_20250624_235849.log
[2025-06-25T06:58:58.8872488Z] Converted C:\CFH\docs\features\BodyShopFeatureList.md to C:\CFH\Cod1Logs\BodyShopFeatureList.md_converted_20250624_235849.log
[2025-06-25T06:58:58.8902558Z] Converted C:\CFH\docs\features\CarDetailingFeatureList.md to C:\CFH\Cod1Logs\CarDetailingFeatureList.md_converted_20250624_235849.log
[2025-06-25T06:58:58.8952465Z] Converted C:\CFH\docs\features\CodeGenerationPlan.md to C:\CFH\Cod1Logs\CodeGenerationPlan.md_converted_20250624_235849.log
[2025-06-25T06:58:58.8992468Z] Converted C:\CFH\docs\features\CommunityEventsFeatureList.md to C:\CFH\Cod1Logs\CommunityEventsFeatureList.md_converted_20250624_235849.log
[2025-06-25T06:58:58.9032532Z] Converted C:\CFH\docs\features\DisputeResolutionFeatureList.md to C:\CFH\Cod1Logs\DisputeResolutionFeatureList.md_converted_20250624_235849.log
[2025-06-25T06:58:58.9076610Z] Converted C:\CFH\docs\features\DisputesArbitrationFeatureList.md to C:\CFH\Cod1Logs\DisputesArbitrationFeatureList.md_converted_20250624_235849.log
[2025-06-25T06:58:58.9116682Z] Converted C:\CFH\docs\features\ErrorBoundary.md to C:\CFH\Cod1Logs\ErrorBoundary.md_converted_20250624_235849.log
[2025-06-25T06:58:58.9146664Z] Converted C:\CFH\docs\features\EscrowServiceFeatureList.md to C:\CFH\Cod1Logs\EscrowServiceFeatureList.md_converted_20250624_235849.log
[2025-06-25T06:58:58.9176692Z] Converted C:\CFH\docs\features\EvaluationPlan.md to C:\CFH\Cod1Logs\EvaluationPlan.md_converted_20250624_235849.log
[2025-06-25T06:58:58.9217984Z] Converted C:\CFH\docs\features\EvaluationReport.md to C:\CFH\Cod1Logs\EvaluationReport.md_converted_20250624_235849.log
[2025-06-25T06:58:58.9278022Z] Converted C:\CFH\docs\features\FeatureListIndex.md to C:\CFH\Cod1Logs\FeatureListIndex.md_converted_20250624_235849.log
[2025-06-25T06:58:58.9358002Z] Converted C:\CFH\docs\features\FinancingApplicationFeatureList.md to C:\CFH\Cod1Logs\FinancingApplicationFeatureList.md_converted_20250624_235849.log
[2025-06-25T06:58:58.9535188Z] Converted C:\CFH\docs\features\FinancingLenderFeatureList.md to C:\CFH\Cod1Logs\FinancingLenderFeatureList.md_converted_20250624_235849.log
[2025-06-25T06:58:58.9635185Z] Converted C:\CFH\docs\features\ForumEngagementFeatureList.md to C:\CFH\Cod1Logs\ForumEngagementFeatureList.md_converted_20250624_235849.log
[2025-06-25T06:58:58.9715173Z] Converted C:\CFH\docs\features\InsuranceQuoteFeatureList.md to C:\CFH\Cod1Logs\InsuranceQuoteFeatureList.md_converted_20250624_235849.log
[2025-06-25T06:58:58.9805111Z] Converted C:\CFH\docs\features\KnowledgeBaseFeatureList.md to C:\CFH\Cod1Logs\KnowledgeBaseFeatureList.md_converted_20250624_235849.log
[2025-06-25T06:58:58.9855181Z] Converted C:\CFH\docs\features\LoyaltyProgramFeatureList.md to C:\CFH\Cod1Logs\LoyaltyProgramFeatureList.md_converted_20250624_235849.log
[2025-06-25T06:58:58.9925189Z] Converted C:\CFH\docs\features\MaintenanceSchedulingFeatureList.md to C:\CFH\Cod1Logs\MaintenanceSchedulingFeatureList.md_converted_20250624_235849.log
[2025-06-25T06:58:58.9995182Z] Converted C:\CFH\docs\features\MarketplaceFeatureList.md to C:\CFH\Cod1Logs\MarketplaceFeatureList.md_converted_20250624_235849.log
[2025-06-25T06:58:59.0115194Z] Converted C:\CFH\docs\features\MarketplaceListingsFeatureList.md to C:\CFH\Cod1Logs\MarketplaceListingsFeatureList.md_converted_20250624_235849.log
[2025-06-25T06:58:59.0195190Z] Converted C:\CFH\docs\features\MechanicServicesFeatureList.md to C:\CFH\Cod1Logs\MechanicServicesFeatureList.md_converted_20250624_235849.log
[2025-06-25T06:58:59.0275174Z] Converted C:\CFH\docs\features\MobileAppEnhancementsFeatureList.md to C:\CFH\Cod1Logs\MobileAppEnhancementsFeatureList.md_converted_20250624_235849.log
[2025-06-25T06:58:59.0335168Z] Converted C:\CFH\docs\features\NotificationsSystemFeatureList.md to C:\CFH\Cod1Logs\NotificationsSystemFeatureList.md_converted_20250624_235849.log
[2025-06-25T06:58:59.0395186Z] Converted C:\CFH\docs\features\PartnerMarketplaceFeatureList.md to C:\CFH\Cod1Logs\PartnerMarketplaceFeatureList.md_converted_20250624_235849.log
[2025-06-25T06:58:59.0455192Z] Converted C:\CFH\docs\features\PhotoUploadFeatureList.md to C:\CFH\Cod1Logs\PhotoUploadFeatureList.md_converted_20250624_235849.log
[2025-06-25T06:58:59.0495221Z] Converted C:\CFH\docs\features\PredictionUpdatesWS.md to C:\CFH\Cod1Logs\PredictionUpdatesWS.md_converted_20250624_235849.log
[2025-06-25T06:58:59.0526192Z] Converted C:\CFH\docs\features\ReferralProgramFeatureList.md to C:\CFH\Cod1Logs\ReferralProgramFeatureList.md_converted_20250624_235849.log
[2025-06-25T06:58:59.0556190Z] Converted C:\CFH\docs\features\RoadsideAssistanceFeatureList.md to C:\CFH\Cod1Logs\RoadsideAssistanceFeatureList.md_converted_20250624_235849.log
[2025-06-25T06:58:59.0599152Z] Converted C:\CFH\docs\features\ServiceBookingFeatureList.md to C:\CFH\Cod1Logs\ServiceBookingFeatureList.md_converted_20250624_235849.log
[2025-06-25T06:58:59.0629248Z] Converted C:\CFH\docs\features\ShippingTransportFeatureList.md to C:\CFH\Cod1Logs\ShippingTransportFeatureList.md_converted_20250624_235849.log
[2025-06-25T06:58:59.0659241Z] Converted C:\CFH\docs\features\SupportTicketsFeatureList.md to C:\CFH\Cod1Logs\SupportTicketsFeatureList.md_converted_20250624_235849.log
[2025-06-25T06:58:59.0689209Z] Converted C:\CFH\docs\features\TelematicsIntegrationFeatureList.md to C:\CFH\Cod1Logs\TelematicsIntegrationFeatureList.md_converted_20250624_235849.log
[2025-06-25T06:58:59.0729211Z] Converted C:\CFH\docs\features\UserProfileCustomizationFeatureList.md to C:\CFH\Cod1Logs\UserProfileCustomizationFeatureList.md_converted_20250624_235849.log
[2025-06-25T06:58:59.0769214Z] Converted C:\CFH\docs\features\UserProfileFeatureList.md to C:\CFH\Cod1Logs\UserProfileFeatureList.md_converted_20250624_235849.log
[2025-06-25T06:58:59.0800286Z] Converted C:\CFH\docs\features\UserReviewsFeatureList.md to C:\CFH\Cod1Logs\UserReviewsFeatureList.md_converted_20250624_235849.log
[2025-06-25T06:58:59.0850248Z] Converted C:\CFH\docs\features\VehicleValuationFeatureList.md to C:\CFH\Cod1Logs\VehicleValuationFeatureList.md_converted_20250624_235849.log
[2025-06-25T06:58:59.0894912Z] Converted C:\CFH\docs\features\WindowTintingFeatureList.md to C:\CFH\Cod1Logs\WindowTintingFeatureList.md_converted_20250624_235849.log
[2025-06-25T06:58:59.0984944Z] Logged current babel.config.js content before update.
[2025-06-25T06:58:59.1114964Z] Created or updated babel.config.mjs.
[2025-06-25T06:58:59.1424971Z] Logged current app.ts content before update.
[2025-06-25T06:58:59.1515509Z] Updated app.ts with ESM export default.
[2025-06-25T06:58:59.2034956Z] Logged current jest.config.mjs content before update.
[2025-06-25T06:58:59.2134910Z] Updated jest.config.mjs with corrected aliases and .js transform.
[2025-06-25T06:58:59.2684832Z] Logged current tsconfig.json content before update.
[2025-06-25T06:58:59.2704847Z] Updated tsconfig.json to remove comments for valid JSON.
[2025-06-25T06:58:59.3504951Z] URGENT MANUAL ACTION REQUIRED: Detected corruption in C:\CFH\backend\tests\auctions\auctions.test.ts. Likely contains markdown (`) or syntax errors (e.g., '\nStatus:', 'Bearer'). Please open and remove invalid content.
[2025-06-25T06:58:59.3954918Z] URGENT MANUAL ACTION REQUIRED: Detected corruption in C:\CFH\backend\tests\integration\CrossModuleIntegration.test.js. Likely contains markdown (`) or syntax errors (e.g., '\nStatus:', 'Bearer'). Please open and remove invalid content.
[2025-06-25T06:58:59.4624920Z] URGENT MANUAL ACTION REQUIRED: Detected corruption in C:\CFH\backend\tests\services\ai\PredictionEngine.test.js. Likely contains markdown (`) or syntax errors (e.g., '\nStatus:', 'Bearer'). Please open and remove invalid content.
[2025-06-25T06:58:59.4984864Z] Updated IEscrowTransaction interface in 'C:\CFH\backend\models\escrow.model.ts'.
[2025-06-25T06:58:59.5044818Z] Logged current auctions.test.ts content before update.
[2025-06-25T06:58:59.5079131Z] Updated auctions.test.ts to fix corruption.
[2025-06-25T06:58:59.5309284Z] Logged current db.js content before update.
[2025-06-25T06:58:59.5339296Z] Created or updated db.js to resolve @services/db with CommonJS.
[2025-06-25T06:58:59.5849325Z] Logged current authMiddleware.ts content before update.
[2025-06-25T06:58:59.5889337Z] Updated authMiddleware.ts to fix TypeScript errors.
[2025-06-25T06:58:59.6398238Z] Updated logger.js to use CommonJS for .js test compatibility.
[2025-06-25T06:58:59.7148234Z] Logged current mock db.js content before update.
[2025-06-25T06:58:59.7238544Z] Created or updated mock db.js to resolve @mock/db.
[2025-06-25T06:58:59.7898567Z] Created mock route file: C:\CFH\backend\routes\marketplace\marketplaceRoutes.mjs
[2025-06-25T06:58:59.8208580Z] Created mock route file: C:\CFH\backend\routes\auctions\auctions.mjs
[2025-06-25T06:58:59.8398596Z] Created mock route file: C:\CFH\backend\routes\user\userProfileRoutes.mjs
[2025-06-25T06:58:59.8608518Z] Created mock LenderTermsExporter.js.
[2025-06-25T06:58:59.8931776Z] Running targeted auctions tests.
[2025-06-25T06:59:00.9359859Z] Auctions tests failed. Check C:\CFH\Cod1Logs\jest_auctions_output_20250624_235849.log for details. Errors: "node.exe : ΓùÅ Validation Error:\r\nAt C:\\Users\\Agasi5\\AppData\\Roaming\\npm\\npx.ps1:24 char:5\r\n+     \u0026 \"node$exe\"  \"$basedir/node_modules/npm/bin/npx-cli.js\" $args\r\n+     ~~~~~~~~~~~~~~~~~~~~~~~~~~~~~~~~~~~~~~~~~~~~~~~~~~~~~~~~~~~~~~\r\n    + CategoryInfo          : NotSpecified: (ΓùÅ Validation Error::String) [], RemoteException\r\n    + FullyQualifiedErrorId : NativeCommandError\r\n \r\n\r\n  Option: extensionsToTreatAsEsm: [\u0027.ts\u0027, \u0027.tsx\u0027, \u0027.mjs\u0027] includes \u0027.mjs\u0027 which is always treated as an ECMAScript \r\nModule.\r\n\r\n  Configuration Documentation:\r\n  https://jestjs.io/docs/configuration\r\n\r\n"
[2025-06-25T06:59:00.9389937Z] Running full Jest tests.
[2025-06-25T06:59:01.9933163Z] Jest tests failed. Check C:\CFH\Cod1Logs\jest_test_output_20250624_235849.log for details. Errors: "node.exe : ΓùÅ Validation Error:\r\nAt C:\\Users\\Agasi5\\AppData\\Roaming\\npm\\npx.ps1:24 char:5\r\n+     \u0026 \"node$exe\"  \"$basedir/node_modules/npm/bin/npx-cli.js\" $args\r\n+     ~~~~~~~~~~~~~~~~~~~~~~~~~~~~~~~~~~~~~~~~~~~~~~~~~~~~~~~~~~~~~~\r\n    + CategoryInfo          : NotSpecified: (ΓùÅ Validation Error::String) [], RemoteException\r\n    + FullyQualifiedErrorId : NativeCommandError\r\n \r\n\r\n  Option: extensionsToTreatAsEsm: [\u0027.ts\u0027, \u0027.tsx\u0027, \u0027.mjs\u0027] includes \u0027.mjs\u0027 which is always treated as an ECMAScript \r\nModule.\r\n\r\n  Configuration Documentation:\r\n  https://jestjs.io/docs/configuration\r\n\r\n"
[2025-06-25T06:59:01.9973154Z] Running tsc --build.
[2025-06-25T06:59:04.3631567Z] TSC build failed. Check C:\CFH\Cod1Logs\tsc_output_20250624_235849.log for details. Errors: "tests/auctions/auctions.test.ts(19,40): error TS1127: Invalid character.\r\ntests/auctions/auctions.test.ts(20,22): error TS1127: Invalid character.\r\ntests/auctions/auctions.test.ts(20,32): error TS1127: Invalid character.\r\ntests/auctions/auctions.test.ts(20,40): error TS1127: Invalid character.\r\ntests/auctions/auctions.test.ts(34,26): error TS1109: Expression expected.\r\ntests/auctions/auctions.test.ts(45,30): error TS1005: \u0027)\u0027 expected.\r\ntests/auctions/auctions.test.ts(55,30): error TS1005: \u0027)\u0027 expected.\r\n"
[2025-06-25T06:59:04.3733010Z] Summary - TypeScript Error: tests/auctions/auctions.test.ts(19,40): error TS1127: Invalid character.
[2025-06-25T06:59:04.3742452Z] Summary - TypeScript Error: tests/auctions/auctions.test.ts(20,22): error TS1127: Invalid character.
[2025-06-25T06:59:04.3742452Z] Summary - TypeScript Error: tests/auctions/auctions.test.ts(20,32): error TS1127: Invalid character.
[2025-06-25T06:59:04.3753653Z] Summary - TypeScript Error: tests/auctions/auctions.test.ts(20,40): error TS1127: Invalid character.
[2025-06-25T06:59:04.3762441Z] Summary - TypeScript Error: tests/auctions/auctions.test.ts(34,26): error TS1109: Expression expected.
[2025-06-25T06:59:04.3772441Z] Summary - TypeScript Error: tests/auctions/auctions.test.ts(45,30): error TS1005: ')' expected.
[2025-06-25T06:59:04.3802521Z] Summary - TypeScript Error: tests/auctions/auctions.test.ts(55,30): error TS1005: ')' expected.
[2025-06-25T06:59:04.3822518Z] Comprehensive fix script finished.
