[2025-06-25T20:10:52.3659627Z] Starting comprehensive fix script.
[2025-06-25T20:10:52.3669565Z] Stopping node/Code processes and cleaning build directories.
[2025-06-25T20:10:53.3117168Z] Build directories cleaned and tsc --clean executed.
[2025-06-25T20:10:53.3156127Z] Fixing coverage folder permissions.
processed file: C:\CFH\backend\coverage
processed file: C:\CFH\backend\coverage\clover.xml
processed file: C:\CFH\backend\coverage\coverage-final.json
processed file: C:\CFH\backend\coverage\desktop.ini
processed file: C:\CFH\backend\coverage\lcov-report
processed file: C:\CFH\backend\coverage\lcov.info
processed file: C:\CFH\backend\coverage\lcov-report\base.css
processed file: C:\CFH\backend\coverage\lcov-report\block-navigation.js
processed file: C:\CFH\backend\coverage\lcov-report\desktop.ini
processed file: C:\CFH\backend\coverage\lcov-report\favicon.png
processed file: C:\CFH\backend\coverage\lcov-report\index.html
processed file: C:\CFH\backend\coverage\lcov-report\logger.ts.html
processed file: C:\CFH\backend\coverage\lcov-report\models
processed file: C:\CFH\backend\coverage\lcov-report\prettify.css
processed file: C:\CFH\backend\coverage\lcov-report\prettify.js
processed file: C:\CFH\backend\coverage\lcov-report\routes
processed file: C:\CFH\backend\coverage\lcov-report\sort-arrow-sprite.png
processed file: C:\CFH\backend\coverage\lcov-report\sorter.js
processed file: C:\CFH\backend\coverage\lcov-report\utils
processed file: C:\CFH\backend\coverage\lcov-report\models\desktop.ini
processed file: C:\CFH\backend\coverage\lcov-report\models\dispute
processed file: C:\CFH\backend\coverage\lcov-report\models\notification
processed file: C:\CFH\backend\coverage\lcov-report\models\dispute\desktop.ini
processed file: C:\CFH\backend\coverage\lcov-report\models\dispute\Dispute.js.html
processed file: C:\CFH\backend\coverage\lcov-report\models\dispute\index.html
processed file: C:\CFH\backend\coverage\lcov-report\models\notification\desktop.ini
processed file: C:\CFH\backend\coverage\lcov-report\models\notification\index.html
processed file: C:\CFH\backend\coverage\lcov-report\models\notification\Notification.js.html
processed file: C:\CFH\backend\coverage\lcov-report\routes\desktop.ini
processed file: C:\CFH\backend\coverage\lcov-report\routes\hauler
processed file: C:\CFH\backend\coverage\lcov-report\routes\hauler\desktop.ini
processed file: C:\CFH\backend\coverage\lcov-report\routes\hauler\haulerHealthCheck.js.html
processed file: C:\CFH\backend\coverage\lcov-report\routes\hauler\index.html
processed file: C:\CFH\backend\coverage\lcov-report\utils\AIChatModerator.js.html
processed file: C:\CFH\backend\coverage\lcov-report\utils\AIDisputePredictor.js.html
processed file: C:\CFH\backend\coverage\lcov-report\utils\AISellerNegotiationCoach.js.html
processed file: C:\CFH\backend\coverage\lcov-report\utils\desktop.ini
processed file: C:\CFH\backend\coverage\lcov-report\utils\index.html
processed file: C:\CFH\backend\coverage\lcov-report\utils\logger.ts.html
processed file: C:\CFH\backend\coverage\lcov-report\utils\notificationDispatcher.js.html
processed file: C:\CFH\backend\coverage\lcov-report\utils\notificationTrigger.js.html
Successfully processed 41 files; Failed processing 0 files
[2025-06-25T20:10:53.3373264Z] Coverage folder permissions updated.
[2025-06-25T20:10:53.3396680Z] Installing/updating npm packages.

up to date, audited 1030 packages in 14s

111 packages are looking for funding
  run `npm fund` for details

found 0 vulnerabilities

up to date, audited 1030 packages in 5s

111 packages are looking for funding
  run `npm fund` for details

found 0 vulnerabilities

up to date, audited 1030 packages in 1s

111 packages are looking for funding
  run `npm fund` for details

found 0 vulnerabilities
[2025-06-25T20:11:25.3571829Z] npm packages installed/updated and audit fix applied.
[2025-06-25T20:11:25.3751784Z] Created missing file: C:\CFH\backend\utils\crypto.js
[2025-06-25T20:11:25.3911752Z] Created missing file: C:\CFH\backend\utils\logger.js
[2025-06-25T20:11:25.4231746Z] Listing and converting .md files in C:\CFH\docs\features.
[2025-06-25T20:11:25.4761704Z] Converted C:\CFH\docs\features\AnalyticsDashboardFeatureList.md to C:\CFH\Cod1Logs\AnalyticsDashboardFeatureList.md_converted_20250625_131052.log
[2025-06-25T20:11:25.4891839Z] Converted C:\CFH\docs\features\AnalyticsQualityCheckReport.md to C:\CFH\Cod1Logs\AnalyticsQualityCheckReport.md_converted_20250625_131052.log
[2025-06-25T20:11:25.5021787Z] Converted C:\CFH\docs\features\AuctionManagementFeatureList.md to C:\CFH\Cod1Logs\AuctionManagementFeatureList.md_converted_20250625_131052.log
[2025-06-25T20:11:25.5121783Z] Converted C:\CFH\docs\features\AuctionsFeatureList.md to C:\CFH\Cod1Logs\AuctionsFeatureList.md_converted_20250625_131052.log
[2025-06-25T20:11:25.5331841Z] Converted C:\CFH\docs\features\BodyShopFeatureList.md to C:\CFH\Cod1Logs\BodyShopFeatureList.md_converted_20250625_131052.log
[2025-06-25T20:11:25.5621706Z] Converted C:\CFH\docs\features\CarDetailingFeatureList.md to C:\CFH\Cod1Logs\CarDetailingFeatureList.md_converted_20250625_131052.log
[2025-06-25T20:11:25.5941803Z] Converted C:\CFH\docs\features\CodeGenerationPlan.md to C:\CFH\Cod1Logs\CodeGenerationPlan.md_converted_20250625_131052.log
[2025-06-25T20:11:25.6272737Z] Converted C:\CFH\docs\features\CommunityEventsFeatureList.md to C:\CFH\Cod1Logs\CommunityEventsFeatureList.md_converted_20250625_131052.log
[2025-06-25T20:11:25.6683735Z] Converted C:\CFH\docs\features\DisputeResolutionFeatureList.md to C:\CFH\Cod1Logs\DisputeResolutionFeatureList.md_converted_20250625_131052.log
[2025-06-25T20:11:25.7071982Z] Converted C:\CFH\docs\features\DisputesArbitrationFeatureList.md to C:\CFH\Cod1Logs\DisputesArbitrationFeatureList.md_converted_20250625_131052.log
[2025-06-25T20:11:25.7441978Z] Converted C:\CFH\docs\features\ErrorBoundary.md to C:\CFH\Cod1Logs\ErrorBoundary.md_converted_20250625_131052.log
[2025-06-25T20:11:25.7822037Z] Converted C:\CFH\docs\features\EscrowServiceFeatureList.md to C:\CFH\Cod1Logs\EscrowServiceFeatureList.md_converted_20250625_131052.log
[2025-06-25T20:11:25.8152029Z] Converted C:\CFH\docs\features\EvaluationPlan.md to C:\CFH\Cod1Logs\EvaluationPlan.md_converted_20250625_131052.log
[2025-06-25T20:11:25.8371983Z] Converted C:\CFH\docs\features\EvaluationReport.md to C:\CFH\Cod1Logs\EvaluationReport.md_converted_20250625_131052.log
[2025-06-25T20:11:25.8662012Z] Converted C:\CFH\docs\features\FeatureListIndex.md to C:\CFH\Cod1Logs\FeatureListIndex.md_converted_20250625_131052.log
[2025-06-25T20:11:25.8851981Z] Converted C:\CFH\docs\features\FinancingApplicationFeatureList.md to C:\CFH\Cod1Logs\FinancingApplicationFeatureList.md_converted_20250625_131052.log
[2025-06-25T20:11:25.8982083Z] Converted C:\CFH\docs\features\FinancingLenderFeatureList.md to C:\CFH\Cod1Logs\FinancingLenderFeatureList.md_converted_20250625_131052.log
[2025-06-25T20:11:25.9202033Z] Converted C:\CFH\docs\features\ForumEngagementFeatureList.md to C:\CFH\Cod1Logs\ForumEngagementFeatureList.md_converted_20250625_131052.log
[2025-06-25T20:11:25.9362100Z] Converted C:\CFH\docs\features\InsuranceQuoteFeatureList.md to C:\CFH\Cod1Logs\InsuranceQuoteFeatureList.md_converted_20250625_131052.log
[2025-06-25T20:11:25.9531985Z] Converted C:\CFH\docs\features\KnowledgeBaseFeatureList.md to C:\CFH\Cod1Logs\KnowledgeBaseFeatureList.md_converted_20250625_131052.log
[2025-06-25T20:11:25.9661977Z] Converted C:\CFH\docs\features\LoyaltyProgramFeatureList.md to C:\CFH\Cod1Logs\LoyaltyProgramFeatureList.md_converted_20250625_131052.log
[2025-06-25T20:11:25.9771992Z] Converted C:\CFH\docs\features\MaintenanceSchedulingFeatureList.md to C:\CFH\Cod1Logs\MaintenanceSchedulingFeatureList.md_converted_20250625_131052.log
[2025-06-25T20:11:25.9959413Z] Converted C:\CFH\docs\features\MarketplaceFeatureList.md to C:\CFH\Cod1Logs\MarketplaceFeatureList.md_converted_20250625_131052.log
[2025-06-25T20:11:26.0200011Z] Converted C:\CFH\docs\features\MarketplaceListingsFeatureList.md to C:\CFH\Cod1Logs\MarketplaceListingsFeatureList.md_converted_20250625_131052.log
[2025-06-25T20:11:26.0510689Z] Converted C:\CFH\docs\features\MechanicServicesFeatureList.md to C:\CFH\Cod1Logs\MechanicServicesFeatureList.md_converted_20250625_131052.log
[2025-06-25T20:11:26.0640663Z] Converted C:\CFH\docs\features\MobileAppEnhancementsFeatureList.md to C:\CFH\Cod1Logs\MobileAppEnhancementsFeatureList.md_converted_20250625_131052.log
[2025-06-25T20:11:26.0830580Z] Converted C:\CFH\docs\features\NotificationsSystemFeatureList.md to C:\CFH\Cod1Logs\NotificationsSystemFeatureList.md_converted_20250625_131052.log
[2025-06-25T20:11:26.1019703Z] Converted C:\CFH\docs\features\PartnerMarketplaceFeatureList.md to C:\CFH\Cod1Logs\PartnerMarketplaceFeatureList.md_converted_20250625_131052.log
[2025-06-25T20:11:26.1229884Z] Converted C:\CFH\docs\features\PhotoUploadFeatureList.md to C:\CFH\Cod1Logs\PhotoUploadFeatureList.md_converted_20250625_131052.log
[2025-06-25T20:11:26.1382954Z] Converted C:\CFH\docs\features\PredictionUpdatesWS.md to C:\CFH\Cod1Logs\PredictionUpdatesWS.md_converted_20250625_131052.log
[2025-06-25T20:11:26.1612844Z] Converted C:\CFH\docs\features\ReferralProgramFeatureList.md to C:\CFH\Cod1Logs\ReferralProgramFeatureList.md_converted_20250625_131052.log
[2025-06-25T20:11:26.1795410Z] Converted C:\CFH\docs\features\RoadsideAssistanceFeatureList.md to C:\CFH\Cod1Logs\RoadsideAssistanceFeatureList.md_converted_20250625_131052.log
[2025-06-25T20:11:26.1980496Z] Converted C:\CFH\docs\features\ServiceBookingFeatureList.md to C:\CFH\Cod1Logs\ServiceBookingFeatureList.md_converted_20250625_131052.log
[2025-06-25T20:11:26.2125658Z] Converted C:\CFH\docs\features\ShippingTransportFeatureList.md to C:\CFH\Cod1Logs\ShippingTransportFeatureList.md_converted_20250625_131052.log
[2025-06-25T20:11:26.2275437Z] Converted C:\CFH\docs\features\SupportTicketsFeatureList.md to C:\CFH\Cod1Logs\SupportTicketsFeatureList.md_converted_20250625_131052.log
[2025-06-25T20:11:26.2435386Z] Converted C:\CFH\docs\features\TelematicsIntegrationFeatureList.md to C:\CFH\Cod1Logs\TelematicsIntegrationFeatureList.md_converted_20250625_131052.log
[2025-06-25T20:11:26.2720050Z] Converted C:\CFH\docs\features\UserProfileCustomizationFeatureList.md to C:\CFH\Cod1Logs\UserProfileCustomizationFeatureList.md_converted_20250625_131052.log
[2025-06-25T20:11:26.2990038Z] Converted C:\CFH\docs\features\UserProfileFeatureList.md to C:\CFH\Cod1Logs\UserProfileFeatureList.md_converted_20250625_131052.log
[2025-06-25T20:11:26.3150049Z] Converted C:\CFH\docs\features\UserReviewsFeatureList.md to C:\CFH\Cod1Logs\UserReviewsFeatureList.md_converted_20250625_131052.log
[2025-06-25T20:11:26.3300085Z] Converted C:\CFH\docs\features\VehicleValuationFeatureList.md to C:\CFH\Cod1Logs\VehicleValuationFeatureList.md_converted_20250625_131052.log
[2025-06-25T20:11:26.3430016Z] Converted C:\CFH\docs\features\WindowTintingFeatureList.md to C:\CFH\Cod1Logs\WindowTintingFeatureList.md_converted_20250625_131052.log
[2025-06-25T20:11:26.5010756Z] Updated package.json with type: module.
[2025-06-25T20:11:26.5040780Z] Created or updated babel.config.mjs.
[2025-06-25T20:11:26.5441022Z] Logged current jest.config.mjs content before update.
[2025-06-25T20:11:26.5522021Z] Updated jest.config.mjs with corrected aliases and transformIgnorePatterns.
[2025-06-25T20:11:26.5992104Z] Running targeted auctions tests.
[2025-06-25T20:11:34.5939548Z] Auctions tests failed. Check C:\CFH\Cod1Logs\jest_auctions_output_20250625_131052.log for details. Errors: "node.exe : ΓùÅ Validation Error:\r\nAt C:\\Users\\Agasi5\\AppData\\Roaming\\npm\\npx.ps1:24 char:5\r\n+     \u0026 \"node$exe\"  \"$basedir/node_modules/npm/bin/npx-cli.js\" $args\r\n+     ~~~~~~~~~~~~~~~~~~~~~~~~~~~~~~~~~~~~~~~~~~~~~~~~~~~~~~~~~~~~~~\r\n    + CategoryInfo          : NotSpecified: (ΓùÅ Validation Error::String) [], RemoteException\r\n    + FullyQualifiedErrorId : NativeCommandError\r\n \r\n\r\n  Preset ts-jest/presets/default-esm not found.\r\n\r\n  Configuration Documentation:\r\n  https://jestjs.io/docs/configuration\r\n\r\n"
[2025-06-25T20:11:34.5979593Z] Running full Jest tests.
[2025-06-25T20:11:35.6242719Z] Jest tests failed. Check C:\CFH\Cod1Logs\jest_test_output_20250625_131052.log for details. Errors: "node.exe : ΓùÅ Validation Error:\r\nAt C:\\Users\\Agasi5\\AppData\\Roaming\\npm\\npx.ps1:24 char:5\r\n+     \u0026 \"node$exe\"  \"$basedir/node_modules/npm/bin/npx-cli.js\" $args\r\n+     ~~~~~~~~~~~~~~~~~~~~~~~~~~~~~~~~~~~~~~~~~~~~~~~~~~~~~~~~~~~~~~\r\n    + CategoryInfo          : NotSpecified: (ΓùÅ Validation Error::String) [], RemoteException\r\n    + FullyQualifiedErrorId : NativeCommandError\r\n \r\n\r\n  Preset ts-jest/presets/default-esm not found.\r\n\r\n  Configuration Documentation:\r\n  https://jestjs.io/docs/configuration\r\n\r\n"
[2025-06-25T20:11:35.6252722Z] Running tsc --build.
[2025-06-25T20:11:52.2614684Z] TSC build failed. Check C:\CFH\Cod1Logs\tsc_output_20250625_131052.log for details. Errors: "tests/auctions/auctions.test.ts(45,30): error TS1005: \u0027)\u0027 expected.\r\ntests/auctions/auctions.test.ts(55,30): error TS1005: \u0027)\u0027 expected.\r\ntests/auctions/auctions.test.ts(56,7): error TS1128: Declaration or statement expected.\r\n"
[2025-06-25T20:11:52.2624688Z] Comprehensive fix script finished.
