[2025-06-25T20:23:00.3810473Z] Starting comprehensive fix script.
[2025-06-25T20:23:00.3830421Z] Stopping node/Code processes and cleaning build directories.
[2025-06-25T20:23:00.6191814Z] Build directories cleaned and tsc --clean executed.
[2025-06-25T20:23:00.6221817Z] Fixing coverage folder permissions.
processed file: C:\CFH\backend\coverage
processed file: C:\CFH\backend\coverage\clover.xml
processed file: C:\CFH\backend\coverage\coverage-final.json
processed file: C:\CFH\backend\coverage\desktop.ini
processed file: C:\CFH\backend\coverage\lcov-report
processed file: C:\CFH\backend\coverage\lcov.info
processed file: C:\CFH\backend\coverage\lcov-report\base.css
processed file: C:\CFH\backend\coverage\lcov-report\block-navigation.js
processed file: C:\CFH\backend\coverage\lcov-report\desktop.ini
processed file: C:\CFH\backend\coverage\lcov-report\favicon.png
processed file: C:\CFH\backend\coverage\lcov-report\index.html
processed file: C:\CFH\backend\coverage\lcov-report\logger.ts.html
processed file: C:\CFH\backend\coverage\lcov-report\models
processed file: C:\CFH\backend\coverage\lcov-report\prettify.css
processed file: C:\CFH\backend\coverage\lcov-report\prettify.js
processed file: C:\CFH\backend\coverage\lcov-report\routes
processed file: C:\CFH\backend\coverage\lcov-report\sort-arrow-sprite.png
processed file: C:\CFH\backend\coverage\lcov-report\sorter.js
processed file: C:\CFH\backend\coverage\lcov-report\utils
processed file: C:\CFH\backend\coverage\lcov-report\models\desktop.ini
processed file: C:\CFH\backend\coverage\lcov-report\models\dispute
processed file: C:\CFH\backend\coverage\lcov-report\models\notification
processed file: C:\CFH\backend\coverage\lcov-report\models\dispute\desktop.ini
processed file: C:\CFH\backend\coverage\lcov-report\models\dispute\Dispute.js.html
processed file: C:\CFH\backend\coverage\lcov-report\models\dispute\index.html
processed file: C:\CFH\backend\coverage\lcov-report\models\notification\desktop.ini
processed file: C:\CFH\backend\coverage\lcov-report\models\notification\index.html
processed file: C:\CFH\backend\coverage\lcov-report\models\notification\Notification.js.html
processed file: C:\CFH\backend\coverage\lcov-report\routes\desktop.ini
processed file: C:\CFH\backend\coverage\lcov-report\routes\hauler
processed file: C:\CFH\backend\coverage\lcov-report\routes\hauler\desktop.ini
processed file: C:\CFH\backend\coverage\lcov-report\routes\hauler\haulerHealthCheck.js.html
processed file: C:\CFH\backend\coverage\lcov-report\routes\hauler\index.html
processed file: C:\CFH\backend\coverage\lcov-report\utils\AIChatModerator.js.html
processed file: C:\CFH\backend\coverage\lcov-report\utils\AIDisputePredictor.js.html
processed file: C:\CFH\backend\coverage\lcov-report\utils\AISellerNegotiationCoach.js.html
processed file: C:\CFH\backend\coverage\lcov-report\utils\desktop.ini
processed file: C:\CFH\backend\coverage\lcov-report\utils\index.html
processed file: C:\CFH\backend\coverage\lcov-report\utils\logger.ts.html
processed file: C:\CFH\backend\coverage\lcov-report\utils\notificationDispatcher.js.html
processed file: C:\CFH\backend\coverage\lcov-report\utils\notificationTrigger.js.html
Successfully processed 41 files; Failed processing 0 files
[2025-06-25T20:23:00.6569230Z] Coverage folder permissions updated.
[2025-06-25T20:23:00.6579225Z] Installing/updating npm packages.
[2025-06-25T20:23:02.9739722Z] npm packages installed/updated and audit fix applied.
[2025-06-25T20:23:02.9809727Z] Created missing file: C:\CFH\backend\utils\logger.js
[2025-06-25T20:23:02.9947443Z] Created missing file: C:\CFH\backend\utils\crypto.js
[2025-06-25T20:23:03.0017492Z] Listing and converting .md files in C:\CFH\docs\features.
[2025-06-25T20:23:03.0838729Z] Converted C:\CFH\docs\features\AnalyticsDashboardFeatureList.md to C:\CFH\Cod1Logs\AnalyticsDashboardFeatureList.md_converted_20250625_132300.log
[2025-06-25T20:23:03.0958646Z] Converted C:\CFH\docs\features\AnalyticsQualityCheckReport.md to C:\CFH\Cod1Logs\AnalyticsQualityCheckReport.md_converted_20250625_132300.log
[2025-06-25T20:23:03.1068682Z] Converted C:\CFH\docs\features\AuctionManagementFeatureList.md to C:\CFH\Cod1Logs\AuctionManagementFeatureList.md_converted_20250625_132300.log
[2025-06-25T20:23:03.1178667Z] Converted C:\CFH\docs\features\AuctionsFeatureList.md to C:\CFH\Cod1Logs\AuctionsFeatureList.md_converted_20250625_132300.log
[2025-06-25T20:23:03.1299207Z] Converted C:\CFH\docs\features\BodyShopFeatureList.md to C:\CFH\Cod1Logs\BodyShopFeatureList.md_converted_20250625_132300.log
[2025-06-25T20:23:03.1439224Z] Converted C:\CFH\docs\features\CarDetailingFeatureList.md to C:\CFH\Cod1Logs\CarDetailingFeatureList.md_converted_20250625_132300.log
[2025-06-25T20:23:03.1559214Z] Converted C:\CFH\docs\features\CodeGenerationPlan.md to C:\CFH\Cod1Logs\CodeGenerationPlan.md_converted_20250625_132300.log
[2025-06-25T20:23:03.1679197Z] Converted C:\CFH\docs\features\CommunityEventsFeatureList.md to C:\CFH\Cod1Logs\CommunityEventsFeatureList.md_converted_20250625_132300.log
[2025-06-25T20:23:03.1879168Z] Converted C:\CFH\docs\features\DisputeResolutionFeatureList.md to C:\CFH\Cod1Logs\DisputeResolutionFeatureList.md_converted_20250625_132300.log
[2025-06-25T20:23:03.1979209Z] Converted C:\CFH\docs\features\DisputesArbitrationFeatureList.md to C:\CFH\Cod1Logs\DisputesArbitrationFeatureList.md_converted_20250625_132300.log
[2025-06-25T20:23:03.2099188Z] Converted C:\CFH\docs\features\ErrorBoundary.md to C:\CFH\Cod1Logs\ErrorBoundary.md_converted_20250625_132300.log
[2025-06-25T20:23:03.2209204Z] Converted C:\CFH\docs\features\EscrowServiceFeatureList.md to C:\CFH\Cod1Logs\EscrowServiceFeatureList.md_converted_20250625_132300.log
[2025-06-25T20:23:03.2319216Z] Converted C:\CFH\docs\features\EvaluationPlan.md to C:\CFH\Cod1Logs\EvaluationPlan.md_converted_20250625_132300.log
[2025-06-25T20:23:03.2429161Z] Converted C:\CFH\docs\features\EvaluationReport.md to C:\CFH\Cod1Logs\EvaluationReport.md_converted_20250625_132300.log
[2025-06-25T20:23:03.2574324Z] Converted C:\CFH\docs\features\FeatureListIndex.md to C:\CFH\Cod1Logs\FeatureListIndex.md_converted_20250625_132300.log
[2025-06-25T20:23:03.2684297Z] Converted C:\CFH\docs\features\FinancingApplicationFeatureList.md to C:\CFH\Cod1Logs\FinancingApplicationFeatureList.md_converted_20250625_132300.log
[2025-06-25T20:23:03.2794339Z] Converted C:\CFH\docs\features\FinancingLenderFeatureList.md to C:\CFH\Cod1Logs\FinancingLenderFeatureList.md_converted_20250625_132300.log
[2025-06-25T20:23:03.2894346Z] Converted C:\CFH\docs\features\ForumEngagementFeatureList.md to C:\CFH\Cod1Logs\ForumEngagementFeatureList.md_converted_20250625_132300.log
[2025-06-25T20:23:03.2994330Z] Converted C:\CFH\docs\features\InsuranceQuoteFeatureList.md to C:\CFH\Cod1Logs\InsuranceQuoteFeatureList.md_converted_20250625_132300.log
[2025-06-25T20:23:03.3074300Z] Converted C:\CFH\docs\features\KnowledgeBaseFeatureList.md to C:\CFH\Cod1Logs\KnowledgeBaseFeatureList.md_converted_20250625_132300.log
[2025-06-25T20:23:03.3174307Z] Converted C:\CFH\docs\features\LoyaltyProgramFeatureList.md to C:\CFH\Cod1Logs\LoyaltyProgramFeatureList.md_converted_20250625_132300.log
[2025-06-25T20:23:03.3244299Z] Converted C:\CFH\docs\features\MaintenanceSchedulingFeatureList.md to C:\CFH\Cod1Logs\MaintenanceSchedulingFeatureList.md_converted_20250625_132300.log
[2025-06-25T20:23:03.3334254Z] Converted C:\CFH\docs\features\MarketplaceFeatureList.md to C:\CFH\Cod1Logs\MarketplaceFeatureList.md_converted_20250625_132300.log
[2025-06-25T20:23:03.3434338Z] Converted C:\CFH\docs\features\MarketplaceListingsFeatureList.md to C:\CFH\Cod1Logs\MarketplaceListingsFeatureList.md_converted_20250625_132300.log
[2025-06-25T20:23:03.3534298Z] Converted C:\CFH\docs\features\MechanicServicesFeatureList.md to C:\CFH\Cod1Logs\MechanicServicesFeatureList.md_converted_20250625_132300.log
[2025-06-25T20:23:03.3594266Z] Converted C:\CFH\docs\features\MobileAppEnhancementsFeatureList.md to C:\CFH\Cod1Logs\MobileAppEnhancementsFeatureList.md_converted_20250625_132300.log
[2025-06-25T20:23:03.3644309Z] Converted C:\CFH\docs\features\NotificationsSystemFeatureList.md to C:\CFH\Cod1Logs\NotificationsSystemFeatureList.md_converted_20250625_132300.log
[2025-06-25T20:23:03.3704299Z] Converted C:\CFH\docs\features\PartnerMarketplaceFeatureList.md to C:\CFH\Cod1Logs\PartnerMarketplaceFeatureList.md_converted_20250625_132300.log
[2025-06-25T20:23:03.3744293Z] Converted C:\CFH\docs\features\PhotoUploadFeatureList.md to C:\CFH\Cod1Logs\PhotoUploadFeatureList.md_converted_20250625_132300.log
[2025-06-25T20:23:03.3774290Z] Converted C:\CFH\docs\features\PredictionUpdatesWS.md to C:\CFH\Cod1Logs\PredictionUpdatesWS.md_converted_20250625_132300.log
[2025-06-25T20:23:03.3814298Z] Converted C:\CFH\docs\features\ReferralProgramFeatureList.md to C:\CFH\Cod1Logs\ReferralProgramFeatureList.md_converted_20250625_132300.log
[2025-06-25T20:23:03.3844239Z] Converted C:\CFH\docs\features\RoadsideAssistanceFeatureList.md to C:\CFH\Cod1Logs\RoadsideAssistanceFeatureList.md_converted_20250625_132300.log
[2025-06-25T20:23:03.3874302Z] Converted C:\CFH\docs\features\ServiceBookingFeatureList.md to C:\CFH\Cod1Logs\ServiceBookingFeatureList.md_converted_20250625_132300.log
[2025-06-25T20:23:03.3904302Z] Converted C:\CFH\docs\features\ShippingTransportFeatureList.md to C:\CFH\Cod1Logs\ShippingTransportFeatureList.md_converted_20250625_132300.log
[2025-06-25T20:23:03.3934328Z] Converted C:\CFH\docs\features\SupportTicketsFeatureList.md to C:\CFH\Cod1Logs\SupportTicketsFeatureList.md_converted_20250625_132300.log
[2025-06-25T20:23:03.3964327Z] Converted C:\CFH\docs\features\TelematicsIntegrationFeatureList.md to C:\CFH\Cod1Logs\TelematicsIntegrationFeatureList.md_converted_20250625_132300.log
[2025-06-25T20:23:03.3994298Z] Converted C:\CFH\docs\features\UserProfileCustomizationFeatureList.md to C:\CFH\Cod1Logs\UserProfileCustomizationFeatureList.md_converted_20250625_132300.log
[2025-06-25T20:23:03.4024224Z] Converted C:\CFH\docs\features\UserProfileFeatureList.md to C:\CFH\Cod1Logs\UserProfileFeatureList.md_converted_20250625_132300.log
[2025-06-25T20:23:03.4054301Z] Converted C:\CFH\docs\features\UserReviewsFeatureList.md to C:\CFH\Cod1Logs\UserReviewsFeatureList.md_converted_20250625_132300.log
[2025-06-25T20:23:03.4094279Z] Converted C:\CFH\docs\features\VehicleValuationFeatureList.md to C:\CFH\Cod1Logs\VehicleValuationFeatureList.md_converted_20250625_132300.log
[2025-06-25T20:23:03.4114226Z] Converted C:\CFH\docs\features\WindowTintingFeatureList.md to C:\CFH\Cod1Logs\WindowTintingFeatureList.md_converted_20250625_132300.log
[2025-06-25T20:23:03.4434332Z] Created or updated babel.config.mjs.
[2025-06-25T20:23:03.4474342Z] Logged current jest.config.mjs content before update.
[2025-06-25T20:23:03.4494329Z] Updated jest.config.mjs with corrected aliases and transformIgnorePatterns.
[2025-06-25T20:23:03.4544323Z] Updated auctions.test.ts to fix syntax errors.
[2025-06-25T20:23:03.4554307Z] Running targeted auctions tests.
[2025-06-25T20:23:04.3974577Z] Auctions tests failed. Check C:\CFH\Cod1Logs\jest_auctions_output_20250625_132300.log for details. Errors: "node.exe : ΓùÅ Validation Error:\r\nAt C:\\Users\\Agasi5\\AppData\\Roaming\\npm\\npx.ps1:24 char:5\r\n+     \u0026 \"node$exe\"  \"$basedir/node_modules/npm/bin/npx-cli.js\" $args\r\n+     ~~~~~~~~~~~~~~~~~~~~~~~~~~~~~~~~~~~~~~~~~~~~~~~~~~~~~~~~~~~~~~\r\n    + CategoryInfo          : NotSpecified: (ΓùÅ Validation Error::String) [], RemoteException\r\n    + FullyQualifiedErrorId : NativeCommandError\r\n \r\n\r\n  Preset ts-jest/presets/default-esm not found.\r\n\r\n  Configuration Documentation:\r\n  https://jestjs.io/docs/configuration\r\n\r\n"
[2025-06-25T20:23:04.3994519Z] Running full Jest tests.
[2025-06-25T20:23:05.3784033Z] Jest tests failed. Check C:\CFH\Cod1Logs\jest_test_output_20250625_132300.log for details. Errors: "node.exe : ΓùÅ Validation Error:\r\nAt C:\\Users\\Agasi5\\AppData\\Roaming\\npm\\npx.ps1:24 char:5\r\n+     \u0026 \"node$exe\"  \"$basedir/node_modules/npm/bin/npx-cli.js\" $args\r\n+     ~~~~~~~~~~~~~~~~~~~~~~~~~~~~~~~~~~~~~~~~~~~~~~~~~~~~~~~~~~~~~~\r\n    + CategoryInfo          : NotSpecified: (ΓùÅ Validation Error::String) [], RemoteException\r\n    + FullyQualifiedErrorId : NativeCommandError\r\n \r\n\r\n  Preset ts-jest/presets/default-esm not found.\r\n\r\n  Configuration Documentation:\r\n  https://jestjs.io/docs/configuration\r\n\r\n"
[2025-06-25T20:23:05.3804023Z] Running tsc --build.
[2025-06-25T20:23:07.8936964Z] TSC build failed. Check C:\CFH\Cod1Logs\tsc_output_20250625_132300.log for details. Errors: "tests/auctions/auctions.test.ts(13,40): error TS1127: Invalid character.\r\ntests/auctions/auctions.test.ts(14,22): error TS1127: Invalid character.\r\ntests/auctions/auctions.test.ts(14,32): error TS1127: Invalid character.\r\ntests/auctions/auctions.test.ts(14,40): error TS1127: Invalid character.\r\ntests/auctions/auctions.test.ts(28,26): error TS1109: Expression expected.\r\ntests/auctions/auctions.test.ts(39,30): error TS1005: \u0027)\u0027 expected.\r\ntests/auctions/auctions.test.ts(49,30): error TS1005: \u0027)\u0027 expected.\r\n"
[2025-06-25T20:23:07.8976995Z] Comprehensive fix script finished.
