[2025-06-24T17:59:22.1629550Z] Starting comprehensive fix script.
[2025-06-24T17:59:22.2439530Z] Stopping node/Code processes and cleaning build directories.
[2025-06-24T17:59:22.7247219Z] Build directories cleaned and tsc --clean executed.
[2025-06-24T17:59:22.8017231Z] Installing/updating npm packages.

up to date, audited 1030 packages in 11s

111 packages are looking for funding
  run `npm fund` for details

found 0 vulnerabilities

changed 1 package, and audited 1030 packages in 4s

111 packages are looking for funding
  run `npm fund` for details

found 0 vulnerabilities

up to date, audited 1030 packages in 1s

111 packages are looking for funding
  run `npm fund` for details

found 0 vulnerabilities
[2025-06-24T17:59:47.3668229Z] npm packages installed/updated and audit fix applied.
[2025-06-24T17:59:47.5818239Z] Created or updated babel.config.js.
[2025-06-24T17:59:47.6848219Z] Logged current app.ts content before update.
[2025-06-24T17:59:47.8028250Z] Updated app.ts with ESM export default.
[2025-06-24T17:59:47.9068243Z] Logged current jest.config.mjs content before update.
[2025-06-24T17:59:48.0848225Z] Updated jest.config.mjs with corrected aliases and .js transform.
[2025-06-24T17:59:48.1928238Z] Logged current tsconfig.json content before update.
[2025-06-24T17:59:48.3208299Z] Updated tsconfig.json to remove comments for valid JSON.
