cfh-backend@1.0.0 C:\CFH\backend
в”њв”Ђв”¬ @types/cypress@1.1.6
в”‚ в””в”Ђв”Ђ cypress@14.5.0
в”њв”Ђв”¬ firebase-admin@10.3.0
в”‚ в””в”Ђв”¬ @google-cloud/storage@5.20.5
в”‚   в””в”Ђв”Ђ p-limit@3.1.0 deduped
в”њв”Ђв”¬ jest@29.7.0
в”‚ в”њв”Ђв”¬ @jest/core@29.7.0
в”‚ в”‚ в”њв”Ђв”¬ jest-changed-files@29.7.0
в”‚ в”‚ в”‚ в””в”Ђв”Ђ p-limit@3.1.0 deduped
в”‚ в”‚ в”њв”Ђв”¬ jest-config@29.7.0
в”‚ в”‚ в”‚ в””в”Ђв”¬ jest-circus@29.7.0
в”‚ в”‚ в”‚   в””в”Ђв”Ђ p-limit@3.1.0 deduped
в”‚ в”‚ в””в”Ђв”¬ jest-runner@29.7.0
в”‚ в”‚   в””в”Ђв”Ђ p-limit@3.1.0 deduped
в”‚ в””в”Ђв”¬ import-local@3.2.0
в”‚   в””в”Ђв”¬ pkg-dir@4.2.0
в”‚     в””в”Ђв”¬ find-up@4.1.0
в”‚       в””в”Ђв”¬ locate-path@5.0.0
в”‚         в””в”Ђв”¬ p-locate@4.1.0
в”‚           в””в”Ђв”Ђ p-limit@2.3.0
в”њв”Ђв”Ђ p-limit@3.1.0
в””в”Ђв”¬ ts-jest@29.4.0
  в””в”Ђв”Ђ jest@29.7.0 deduped

