3200
/c/CFH/backend/services/:
total 86
-rw-r--r-- 1 Agasi5 197121 25462 Jun 23 21:42 10 files BidHeatmapEngine.js
drwxr-xr-x 1 Agasi5 197121     0 Jun 28 00:20 ai/
drwxr-xr-x 1 Agasi5 197121     0 Jun 28 00:20 analytics/
drwxr-xr-x 1 Agasi5 197121     0 Jun 28 00:20 ar/
drwxr-xr-x 1 Agasi5 197121     0 Jun 28 00:20 auction/
-rw-r--r-- 1 Agasi5 197121   721 Jun 25 13:23 auditLog.js
-rw-r--r-- 1 Agasi5 197121   723 Jun 26 14:33 auditLog.ts
drwxr-xr-x 1 Agasi5 197121     0 Jun 28 00:20 blockchain/
drwxr-xr-x 1 Agasi5 197121     0 Jun 28 00:20 cache/
drwxr-xr-x 1 Agasi5 197121     0 Jun 28 00:20 communication/
drwxr-xr-x 1 Agasi5 197121     0 Jun 28 00:20 db/
-rw-r--r-- 1 Agasi5 197121   490 Jun 28 01:29 db.ts
-rw-r--r-- 1 Agasi5 197121   106 Jun 28 22:25 desktop.ini
drwxr-xr-x 1 Agasi5 197121     0 Jun 28 00:48 escrow/
drwxr-xr-x 1 Agasi5 197121     0 Jun 28 00:20 exchange/
drwxr-xr-x 1 Agasi5 197121     0 Jun 28 00:20 final/
drwxr-xr-x 1 Agasi5 197121     0 Jun 28 00:20 financing/
drwxr-xr-x 1 Agasi5 197121     0 Jun 28 00:20 insurance/
drwxr-xr-x 1 Agasi5 197121     0 Jun 28 00:20 lender/
-rw-r--r-- 1 Agasi5 197121     0 Jun 23 01:23 marketplaceService.ts.bak_20250623_134254
drwxr-xr-x 1 Agasi5 197121     0 Jun 28 00:20 mobile/
drwxr-xr-x 1 Agasi5 197121     0 Jun 28 20:53 notification/
drwxr-xr-x 1 Agasi5 197121     0 Jun 28 00:20 officer/
drwxr-xr-x 1 Agasi5 197121     0 Jun 28 00:20 onboarding/
drwxr-xr-x 1 Agasi5 197121     0 Jun 28 00:20 operational/
drwxr-xr-x 1 Agasi5 197121     0 Jun 28 00:20 payment/
drwxr-xr-x 1 Agasi5 197121     0 Jun 28 00:20 payments/
drwxr-xr-x 1 Agasi5 197121     0 Jun 28 00:20 premium/
drwxr-xr-x 1 Agasi5 197121     0 Jun 28 00:20 reports/
drwxr-xr-x 1 Agasi5 197121     0 Jun 28 00:20 security/
drwxr-xr-x 1 Agasi5 197121     0 Jun 28 00:20 seo/
drwxr-xr-x 1 Agasi5 197121     0 Jun 28 00:20 social/
drwxr-xr-x 1 Agasi5 197121     0 Jun 28 00:20 storage/
drwxr-xr-x 1 Agasi5 197121     0 Jun 28 00:20 user/
-rw-r--r-- 1 Agasi5 197121  1998 Jun 26 14:33 userProfileService.ts
drwxr-xr-x 1 Agasi5 197121     0 Jun 28 00:20 voice/
drwxr-xr-x 1 Agasi5 197121     0 Jun 28 00:20 vr/
drwxr-xr-x 1 Agasi5 197121     0 Jun 28 00:48 websocket/

/c/CFH/backend/tests/:
total 228
drwxr-xr-x 1 Agasi5 197121    0 Jun 28 00:20 ai/
drwxr-xr-x 1 Agasi5 197121    0 Jun 28 00:20 analytics/
-rw-r--r-- 1 Agasi5 197121 1440 Jun 26 08:53 apiHealthCheck.js
-rw-r--r-- 1 Agasi5 197121 1617 Jun 26 08:53 apiHealthCheckFast.js
-rw-r--r-- 1 Agasi5 197121 4859 Jun 26 08:53 apiTestSuite.js
-rw-r--r-- 1 Agasi5 197121 7495 Jun 26 08:53 apiTestSuite2.js
-rw-r--r-- 1 Agasi5 197121 6428 Jun 26 08:53 arTests.js
-rw-r--r-- 1 Agasi5 197121 6140 Jun 26 08:53 arValidation.js
drwxr-xr-x 1 Agasi5 197121    0 Jun 28 00:20 auction/
drwxr-xr-x 1 Agasi5 197121    0 Jun 28 00:20 auctions/
-rw-r--r-- 1 Agasi5 197121 2099 Jun 26 08:53 bulkTestRunner.js
-rw-r--r-- 1 Agasi5 197121 5305 Jun 26 08:53 bulkTestValidation.js
-rw-r--r-- 1 Agasi5 197121  722 Apr 29 19:09 bulk_test_report.json
-rw-r--r-- 1 Agasi5 197121  491 Jun 26 08:53 coachPlanRoute.test.js
drwxr-xr-x 1 Agasi5 197121    0 Jun 28 00:20 config/
-rw-r--r-- 1 Agasi5 197121 2361 Jun 26 08:53 dashboardTests.js
-rw-r--r-- 1 Agasi5 197121  515 Apr 29 09:37 dashboard_test_extra.json
-rw-r--r-- 1 Agasi5 197121  106 Jun 28 22:25 desktop.ini
drwxr-xr-x 1 Agasi5 197121    0 Jun 28 00:20 escrow/
drwxr-xr-x 1 Agasi5 197121    0 Jun 28 00:20 final/
-rw-r--r-- 1 Agasi5 197121 2065 Jun 26 08:53 healthCheck.js
-rw-r--r-- 1 Agasi5 197121 1965 Jun 26 08:53 healthCheckFast.js
-rw-r--r-- 1 Agasi5 197121 6158 Jun 26 08:53 healthCheckValidation.js
-rw-r--r-- 1 Agasi5 197121  339 Jun 28 08:53 helpers.ts
drwxr-xr-x 1 Agasi5 197121    0 Jun 28 00:20 insurance/
drwxr-xr-x 1 Agasi5 197121    0 Jun 28 00:20 integration/
-rw-r--r-- 1 Agasi5 197121 2046 Jun 26 08:53 integrationReport.js
-rw-r--r-- 1 Agasi5 197121 4958 Jun 26 08:53 integrationReportValidation.js
-rw-r--r-- 1 Agasi5 197121 7543 Jun 26 08:53 judgeApiTests.js
drwxr-xr-x 1 Agasi5 197121    0 Jun 28 00:20 middleware/
drwxr-xr-x 1 Agasi5 197121    0 Jun 28 00:20 mobile/
drwxr-xr-x 1 Agasi5 197121    0 Jun 28 00:20 mocks/
-rw-r--r-- 1 Agasi5 197121 5610 Jun 26 08:53 notificationApiTests.js
-rw-r--r-- 1 Agasi5 197121 5384 Jun 26 08:53 notificationTestValidation.js
drwxr-xr-x 1 Agasi5 197121    0 Jun 28 00:20 officer/
drwxr-xr-x 1 Agasi5 197121    0 Jun 28 00:20 onboarding/
drwxr-xr-x 1 Agasi5 197121    0 Jun 28 00:20 operational/
-rw-r--r-- 1 Agasi5 197121 5267 Jun 26 08:53 pathFixPrep.js
-rw-r--r-- 1 Agasi5 197121 2735 Jun 26 08:53 pathFixScript.js
-rw-r--r-- 1 Agasi5 197121 1324 Jun 26 08:53 pathFixValidator.js
-rw-r--r-- 1 Agasi5 197121  791 Apr 29 20:10 path_fix_report.json
-rw-r--r-- 1 Agasi5 197121    2 Apr 29 20:10 path_fix_validation.json
drwxr-xr-x 1 Agasi5 197121    0 Jun 28 00:20 payments/
-rw-r--r-- 1 Agasi5 197121 6279 Jun 26 08:53 performanceTests.js
-rw-r--r-- 1 Agasi5 197121 5665 Jun 26 08:53 performanceValidation.js
drwxr-xr-x 1 Agasi5 197121    0 Jun 28 00:20 premium/
drwxr-xr-x 1 Agasi5 197121    0 Jun 28 00:20 regression/
drwxr-xr-x 1 Agasi5 197121    0 Jun 28 00:20 reports/
drwxr-xr-x 1 Agasi5 197121    0 Jun 28 00:20 routes/
-rw-r--r-- 1 Agasi5 197121 6164 Jun 26 08:53 scalabilityValidation.js
drwxr-xr-x 1 Agasi5 197121    0 Jun 28 00:20 security/
drwxr-xr-x 1 Agasi5 197121    0 Jun 28 21:11 services/
-rw-r--r-- 1 Agasi5 197121 1691 Jun 27 00:16 setup.ts
drwxr-xr-x 1 Agasi5 197121    0 Jun 28 00:20 socket/
-rw-r--r-- 1 Agasi5 197121 7259 Jun 26 08:53 storageApiTests.js
-rw-r--r-- 1 Agasi5 197121 1609 Jun 26 08:53 testRunner.js
-rw-r--r-- 1 Agasi5 197121  567 May  2 10:39 test_results_predictor.json
-rw-r--r-- 1 Agasi5 197121  956 Apr 29 11:39 test_runner_report.json
drwxr-xr-x 1 Agasi5 197121    0 Jun 28 00:20 user/
drwxr-xr-x 1 Agasi5 197121    0 Jun 28 08:53 utils/
drwxr-xr-x 1 Agasi5 197121    0 Jun 28 21:11 workers/

/c/CFH/backend/utils/:
total 203
-rw-r--r-- 1 Agasi5 197121  338 Jun 28 01:39 AIBidPredictor.ts
-rw-r--r-- 1 Agasi5 197121  315 Jun 28 01:27 AIChatModerator.test.ts
-rw-r--r-- 1 Agasi5 197121  311 Jun 28 01:27 AIChatModerator.ts
-rw-r--r-- 1 Agasi5 197121  250 Jun 28 01:27 AIContractRiskAssessor.ts
-rw-r--r-- 1 Agasi5 197121 1852 Jun 26 16:45 AIDisputePredictor.test.ts
-rw-r--r-- 1 Agasi5 197121  356 Jun 28 01:27 AIDisputePredictor.ts
-rw-r--r-- 1 Agasi5 197121  339 Jun 28 01:27 AIEscrowRiskAssessor.ts
-rw-r--r-- 1 Agasi5 197121  270 Jun 28 01:27 AIFinancingRecommender.ts
-rw-r--r-- 1 Agasi5 197121  168 Jun 28 01:27 AIFraudDetection.ts
-rw-r--r-- 1 Agasi5 197121  383 Jun 28 01:27 AILenderMatchRecommender.ts
-rw-r--r-- 1 Agasi5 197121  245 Jun 28 01:27 AILenderTermsAnalyzer.ts
-rw-r--r-- 1 Agasi5 197121  322 Jun 28 01:27 AILoanRecommender.ts
-rw-r--r-- 1 Agasi5 197121  394 Jun 28 08:52 AIMarketplaceAnalytics.ts
-rw-r--r-- 1 Agasi5 197121  239 Jun 28 16:43 AIPricingEngine.ts
-rw-r--r-- 1 Agasi5 197121  258 Jun 28 16:43 AIPricingEngineHybrid.ts
-rw-r--r-- 1 Agasi5 197121  346 Jun 28 01:27 AIResolutionRecommender.ts
-rw-r--r-- 1 Agasi5 197121  178 Jun 28 01:27 AIRideStrategyCoach.ts
-rw-r--r-- 1 Agasi5 197121  478 Jun 28 01:27 AISellerNegotiationCoach.test.ts
-rw-r--r-- 1 Agasi5 197121  339 Jun 28 01:27 AISellerNegotiationCoach.ts
-rw-r--r-- 1 Agasi5 197121  444 Jun 28 01:27 BlockchainEscrowAudit.ts
-rw-r--r-- 1 Agasi5 197121  348 Jun 28 01:27 CrownAutoWire.ts
-rw-r--r-- 1 Agasi5 197121  445 Jun 28 08:52 DisputeResolutionHelper.ts
-rw-r--r-- 1 Agasi5 197121  200 Jun 28 16:43 EmailDigestScheduler.ts
-rw-r--r-- 1 Agasi5 197121  198 Jun 28 16:43 EquityFlowOrchestrator.ts
-rw-r--r-- 1 Agasi5 197121  618 Jun 28 01:27 EscrowWarningEngine.ts
-rw-r--r-- 1 Agasi5 197121  283 Jun 28 01:27 HaulerMissionsEngine.test.ts
-rw-r--r-- 1 Agasi5 197121  385 Jun 28 01:27 HaulerMissionsEngine.ts
-rw-r--r-- 1 Agasi5 197121  342 Jun 28 01:27 LenderMatchEngine.ts
-rw-r--r-- 1 Agasi5 197121  221 Jun 28 01:27 LoanCalculatorWidget.ts
-rw-r--r-- 1 Agasi5 197121  273 Jun 28 01:27 LoanMatchEngine.ts
-rw-r--r-- 1 Agasi5 197121  326 Jun 28 01:27 LoyaltyProgramEngine.ts
-rw-r--r-- 1 Agasi5 197121  371 Jun 28 01:27 PremiumChecker.ts
-rw-r--r-- 1 Agasi5 197121  297 Jun 28 16:44 PushNotificationService.ts
-rw-r--r-- 1 Agasi5 197121  640 Jun 28 01:27 RiskAssessmentEngine.ts
-rw-r--r-- 1 Agasi5 197121  258 Jun 28 01:27 SellerBadgeEngine.ts
-rw-r--r-- 1 Agasi5 197121  323 Jun 26 16:45 SmartDelayPredictor.test.ts
-rw-r--r-- 1 Agasi5 197121   84 Jun 28 01:18 SmartDelayPredictor.ts
drwxr-xr-x 1 Agasi5 197121    0 Jun 28 00:20 ai/
-rw-r--r-- 1 Agasi5 197121  132 Jun 28 01:18 analytics.ts
-rw-r--r-- 1 Agasi5 197121  382 Jun 28 08:52 analyticsExportUtils.ts
drwxr-xr-x 1 Agasi5 197121    0 Jun 28 00:20 arbitration/
drwxr-xr-x 1 Agasi5 197121    0 Jun 28 00:20 auction/
-rw-r--r-- 1 Agasi5 197121  303 Jun 26 16:45 buyerExportUtils.ts
-rw-r--r-- 1 Agasi5 197121  215 Jun 26 16:45 cacheManager.ts
-rw-r--r-- 1 Agasi5 197121  184 Jun 28 01:27 cod1HaulerReviewAI.ts
-rw-r--r-- 1 Agasi5 197121  312 Jun 28 01:27 constants.ts
-rw-r--r-- 1 Agasi5 197121  113 Jun 28 01:27 crypto.ts
-rw-r--r-- 1 Agasi5 197121  106 Jun 28 22:25 desktop.ini
-rw-r--r-- 1 Agasi5 197121  115 Jun 28 01:18 disputeUtils.ts
-rw-r--r-- 1 Agasi5 197121  139 Jun 28 01:22 errors.ts
drwxr-xr-x 1 Agasi5 197121    0 Jun 28 00:20 escrow/
-rw-r--r-- 1 Agasi5 197121  307 Jun 26 16:45 escrowLogic.ts
drwxr-xr-x 1 Agasi5 197121    0 Jun 28 00:20 exportUtils/
drwxr-xr-x 1 Agasi5 197121    0 Jun 28 00:20 insurance/
-rw-r--r-- 1 Agasi5 197121  259 Jun 26 16:45 judgeModelUtils.ts
-rw-r--r-- 1 Agasi5 197121  258 Jun 26 16:45 lenderExportUtils.ts
-rw-r--r-- 1 Agasi5 197121  550 Jun 26 23:26 logger.ts
drwxr-xr-x 1 Agasi5 197121    0 Jun 28 00:20 mechanic/
-rw-r--r-- 1 Agasi5 197121  352 Jun 28 01:27 notificationDispatcher.ts
-rw-r--r-- 1 Agasi5 197121  388 Jun 28 01:27 notificationEnhancer.ts
-rw-r--r-- 1 Agasi5 197121  427 Jun 28 21:53 notificationQueue.ts
-rw-r--r-- 1 Agasi5 197121  227 Jun 26 16:45 notificationTrigger.ts
-rw-r--r-- 1 Agasi5 197121  190 Jun 26 16:45 pdfGenerator.ts
-rw-r--r-- 1 Agasi5 197121  252 Jun 26 16:45 reputationEngine.ts
-rw-r--r-- 1 Agasi5 197121  194 Jun 26 16:45 scalabilityManager.ts
-rw-r--r-- 1 Agasi5 197121  242 Jun 26 16:45 scoreUtils.ts
-rw-r--r-- 1 Agasi5 197121  428 Jun 28 01:27 timeUtils.ts
-rw-r--r-- 1 Agasi5 197121  189 Jun 26 16:45 validateInput.ts
-rw-r--r-- 1 Agasi5 197121  103 Jun 28 01:18 vehicleUtils.ts

/c/CFH/backend/workers/:
total 9
-rw-r--r-- 1 Agasi5 197121 929 Jun 28 21:53 NotificationWorker.ts
-rw-r--r-- 1 Agasi5 197121 106 Jun 28 22:25 desktop.ini
-rw-r--r-- 1 Agasi5 197121 836 Jun 28 21:53 notificationQueueWorker.ts
Version 5.8.3
