
Host Name:                     AGASI
OS Name:                       Microsoft Windows 11 Home
OS Version:                    10.0.26100 N/A Build 26100
OS Manufacturer:               Microsoft Corporation
OS Configuration:              Standalone Workstation
OS Build Type:                 Multiprocessor Free
Registered Owner:              Agasi5
Registered Organization:       N/A
Product ID:                    00342-21026-10138-AAOEM
Original Install Date:         12/5/2024, 7:06:26 PM
System Boot Time:              6/28/2025, 1:51:04 AM
System Manufacturer:           Dell Inc.
System Model:                  Inspiron 3020
System Type:                   x64-based PC
Processor(s):                  1 Processor(s) Installed.
                               [01]: Intel64 Family 6 Model 191 Stepping 2 GenuineIntel ~2500 Mhz
BIOS Version:                  Dell Inc. 1.15.0, 6/5/2024
Windows Directory:             C:\WINDOWS
System Directory:              C:\WINDOWS\system32
Boot Device:                   \Device\HarddiskVolume1
System Locale:                 en-us;English (United States)
Input Locale:                  en-us;English (United States)
Time Zone:                     (UTC-08:00) Pacific Time (US & Canada)
Total Physical Memory:         65,225 MB
Available Physical Memory:     45,476 MB
Virtual Memory: Max Size:      69,321 MB
Virtual Memory: Available:     49,658 MB
Virtual Memory: In Use:        19,663 MB
Page File Location(s):         C:\pagefile.sys
Domain:                        WORKGROUP
Logon Server:                  \\AGASI
Hotfix(s):                     4 Hotfix(s) Installed.
                               [01]: KB5056579
                               [02]: KB5060829
                               [03]: KB5059502
                               [04]: KB5062862
Network Card(s):               2 NIC(s) Installed.
                               [01]: Realtek RTL8852BE WiFi 6 802.11ax PCIe Adapter
                                     Connection Name: Wi-Fi
                                     DHCP Enabled:    Yes
                                     DHCP Server:     192.168.40.1
                                     IP address(es)
                                     [01]: 192.168.40.172
                                     [02]: fe80::c077:bb70:4336:6269
                               [02]: Realtek PCIe GbE Family Controller
                                     Connection Name: Ethernet
                                     Status:          Media disconnected
Virtualization-based security: Status: Running
                               Required Security Properties:
                               Available Security Properties:
                                     Base Virtualization Support
                                     Secure Boot
                                     DMA Protection
                                     UEFI Code Readonly
                                     SMM Security Mitigations 1.0
                                     Mode Based Execution Control
                                     APIC Virtualization
                               Services Configured:
                                     Hypervisor enforced Code Integrity
                               Services Running:
                                     Hypervisor enforced Code Integrity
                               App Control for Business policy: Enforced
                               App Control for Business user mode policy: Off
                               Security Features Enabled:
Hyper-V Requirements:          A hypervisor has been detected. Features required for Hyper-V will not be displayed.
