

DevTools listening on ws://127.0.0.1:52475/devtools/browser/cf328632-7ce6-4891-b619-1053010e7fbe
(node:46172) ExperimentalWarning: `--experimental-loader` may be removed in the future; instead use `register()`:
--import 'data:text/javascript,import { register } from "node:module"; import { pathToFileURL } from "node:url"; register("file%3A///C%3A/Users/Agasi5/AppData/Local/Cypress/Cache/14.5.0/Cypress/resources/app/node_modules/ts-node/esm/transpile-only.mjs", pathToFileURL("./"));'
(Use `node --trace-warnings ...` to show where the warning was created)
(node:46172) ExperimentalWarning: The Node.js specifier resolution flag is experimental. It could change or be removed at any time.
(node:46172) ExperimentalWarning: The Node.js specifier resolution flag is experimental. It could change or be removed at any time.
(Use `node --trace-warnings ...` to show where the warning was created)
Your configFile is invalid: C:\CFH\backend\cypress.config.ts

It threw an error when required, check the stack trace below:

Error: Cannot find package 'cypress' imported from C:\CFH\backend\cypress.config.ts
    at packageResolve (C:\Users\Agasi5\AppData\Local\Cypress\Cache\14.5.0\Cypress\resources\app\node_modules\ts-node\dist-raw\node-internal-modules-esm-resolve.js:757:9)
    at moduleResolve (C:\Users\Agasi5\AppData\Local\Cypress\Cache\14.5.0\Cypress\resources\app\node_modules\ts-node\dist-raw\node-internal-modules-esm-resolve.js:798:18)
    at Object.defaultResolve (C:\Users\Agasi5\AppData\Local\Cypress\Cache\14.5.0\Cypress\resources\app\node_modules\ts-node\dist-raw\node-internal-modules-esm-resolve.js:912:11)
    at C:\Users\Agasi5\AppData\Local\Cypress\Cache\14.5.0\Cypress\resources\app\node_modules\ts-node\dist\esm.js:107:71
    at entrypointFallback (C:\Users\Agasi5\AppData\Local\Cypress\Cache\14.5.0\Cypress\resources\app\node_modules\ts-node\dist\esm.js:65:42)
    at C:\Users\Agasi5\AppData\Local\Cypress\Cache\14.5.0\Cypress\resources\app\node_modules\ts-node\dist\esm.js:107:20
    at addShortCircuitFlag (C:\Users\Agasi5\AppData\Local\Cypress\Cache\14.5.0\Cypress\resources\app\node_modules\ts-node\dist\esm.js:219:23)
    at resolve (C:\Users\Agasi5\AppData\Local\Cypress\Cache\14.5.0\Cypress\resources\app\node_modules\ts-node\dist\esm.js:92:16)
    at nextResolve (node:internal/modules/esm/hooks:864:28)
    at Hooks.resolve (node:internal/modules/esm/hooks:302:30)
