/c/CFH/backend/services/:
total 106
-rw-r--r-- 1 Agasi5 197121 25462 Jun 23 21:42 10 files BidHeatmapEngine.js
drwxr-xr-x 1 Agasi5 197121     0 Jun 26 23:35 ai/
drwxr-xr-x 1 Agasi5 197121     0 Jun 25 13:23 analytics/
drwxr-xr-x 1 Agasi5 197121     0 Jun 26 16:21 ar/
drwxr-xr-x 1 Agasi5 197121     0 Jun 26 20:51 auction/
-rw-r--r-- 1 Agasi5 197121   721 Jun 25 13:23 auditLog.js
-rw-r--r-- 1 Agasi5 197121   723 Jun 26 14:33 auditLog.ts
drwxr-xr-x 1 Agasi5 197121     0 Jun 26 16:21 blockchain/
drwxr-xr-x 1 Agasi5 197121     0 Jun 26 16:21 cache/
drwxr-xr-x 1 Agasi5 197121     0 May 25 07:09 communication/
drwxr-xr-x 1 Agasi5 197121     0 Jun 26 16:21 db/
-rw-r--r-- 1 Agasi5 197121  1244 Jun 24 23:58 db.js
-rw-r--r-- 1 Agasi5 197121   106 Jun 27 19:21 desktop.ini
drwxr-xr-x 1 Agasi5 197121     0 Jun 26 23:35 escrow/
drwxr-xr-x 1 Agasi5 197121     0 Jun 26 16:21 exchange/
drwxr-xr-x 1 Agasi5 197121     0 May 24 23:05 final/
drwxr-xr-x 1 Agasi5 197121     0 May 25 06:45 financing/
drwxr-xr-x 1 Agasi5 197121     0 May 25 06:45 insurance/
drwxr-xr-x 1 Agasi5 197121     0 Jun 23 23:54 lender/
-rw-r--r-- 1 Agasi5 197121    14 Jun 25 13:23 marketplaceService.js
-rw-r--r-- 1 Agasi5 197121     0 Jun 23 01:23 marketplaceService.ts
-rw-r--r-- 1 Agasi5 197121     0 Jun 23 01:23 marketplaceService.ts.bak_20250623_133927
-rw-r--r-- 1 Agasi5 197121     0 Jun 23 01:23 marketplaceService.ts.bak_20250623_134254
drwxr-xr-x 1 Agasi5 197121     0 May 24 19:20 mobile/
drwxr-xr-x 1 Agasi5 197121     0 Jun 25 22:04 notification/
-rw-r--r-- 1 Agasi5 197121  4283 Jun 25 13:23 notificationService.js
-rw-r--r-- 1 Agasi5 197121  1015 Jun 23 13:01 notificationService.ts.bak_20250623_133927
drwxr-xr-x 1 Agasi5 197121     0 Jun 26 16:21 notifications/
drwxr-xr-x 1 Agasi5 197121     0 May 24 19:01 officer/
drwxr-xr-x 1 Agasi5 197121     0 May 24 21:04 onboarding/
drwxr-xr-x 1 Agasi5 197121     0 May 24 23:11 operational/
drwxr-xr-x 1 Agasi5 197121     0 Jun 26 16:21 payment/
drwxr-xr-x 1 Agasi5 197121     0 Jun 26 07:41 payments/
drwxr-xr-x 1 Agasi5 197121     0 May 27 22:37 premium/
drwxr-xr-x 1 Agasi5 197121     0 Jun 26 07:44 reports/
drwxr-xr-x 1 Agasi5 197121     0 Jun 26 16:21 security/
drwxr-xr-x 1 Agasi5 197121     0 May 24 23:32 seo/
drwxr-xr-x 1 Agasi5 197121     0 Jun 26 16:21 social/
drwxr-xr-x 1 Agasi5 197121     0 May 25 06:46 storage/
drwxr-xr-x 1 Agasi5 197121     0 Jun 26 23:23 user/
-rw-r--r-- 1 Agasi5 197121  1769 Jun 25 13:23 userProfileService.js
-rw-r--r-- 1 Agasi5 197121  1998 Jun 26 14:33 userProfileService.ts
drwxr-xr-x 1 Agasi5 197121     0 Jun 26 16:21 voice/
drwxr-xr-x 1 Agasi5 197121     0 Jun 26 16:21 vr/
drwxr-xr-x 1 Agasi5 197121     0 Jun 26 16:21 websocket/

/c/CFH/backend/services/ai:
total 63
-rw-r--r-- 1 Agasi5 197121  890 Jun 26 23:28 AIBidPredictor.ts
-rw-r--r-- 1 Agasi5 197121  900 Jun 26 23:35 AILoanRecommender.ts
-rw-r--r-- 1 Agasi5 197121 1238 Jun 23 21:42 Heatmap.js
-rw-r--r-- 1 Agasi5 197121 2913 Jun 23 21:42 InsightsService.js
-rw-r--r-- 1 Agasi5 197121  164 Jun 26 09:54 InsightsService.ts
-rw-r--r-- 1 Agasi5 197121 5196 Jun 23 21:42 MLModel.js
-rw-r--r-- 1 Agasi5 197121 2052 Jun 23 21:42 PredictionEngine.js
-rw-r--r-- 1 Agasi5 197121 1838 Jun 23 21:42 RecommendationEngine.js
-rw-r--r-- 1 Agasi5 197121 1399 Jun 23 21:42 TrendAnimation.js
-rw-r--r-- 1 Agasi5 197121 4258 Jun 23 21:42 TrustScoreEngine.js
-rw-r--r-- 1 Agasi5 197121  857 Jun 26 22:40 TrustScoreEngine.ts
-rw-r--r-- 1 Agasi5 197121 3309 Jun 23 21:42 ValuationMetricsService.js
-rw-r--r-- 1 Agasi5 197121  968 Jun 26 22:40 ValuationMetricsService.ts
-rw-r--r-- 1 Agasi5 197121  106 Jun 27 19:21 desktop.ini
-rw-r--r-- 1 Agasi5 197121  239 Jun 26 16:21 index.ts
-rw-r--r-- 1 Agasi5 197121 1896 Jun 23 21:42 insights.js

/c/CFH/backend/services/analytics:
total 21
-rw-r--r-- 1 Agasi5 197121 2646 Jun 23 21:42 AuctionPerformance.js
-rw-r--r-- 1 Agasi5 197121 2739 Jun 23 21:42 InsightGenerator.js
-rw-r--r-- 1 Agasi5 197121 2037 Jun 23 21:42 UserBehaviorTracker.js
-rw-r--r-- 1 Agasi5 197121  963 Jun 25 13:23 analytics.service.js
-rw-r--r-- 1 Agasi5 197121  963 Jun 12 19:07 analytics.service.ts
-rw-r--r-- 1 Agasi5 197121  106 Jun 27 19:21 desktop.ini

/c/CFH/backend/services/ar:
total 2
-rw-r--r-- 1 Agasi5 197121 106 Jun 27 19:22 desktop.ini
-rw-r--r-- 1 Agasi5 197121 226 Jun 26 16:21 index.ts

/c/CFH/backend/services/auction:
total 63
-rw-r--r-- 1 Agasi5 197121 1856 Jun 23 21:42 AIBidStarter.js
-rw-r--r-- 1 Agasi5 197121 1718 Jun 23 21:42 AIEquityFinancer.js
-rw-r--r-- 1 Agasi5 197121 3046 Jun 23 21:42 AuctionGamificationEngine.js
-rw-r--r-- 1 Agasi5 197121 2200 Jun 23 21:42 AuctionHistory.js
-rw-r--r-- 1 Agasi5 197121  159 Jun 26 08:47 AuctionHistory.ts
-rw-r--r-- 1 Agasi5 197121 3376 Jun 23 21:42 AuctionManager.js
-rw-r--r-- 1 Agasi5 197121  758 Jun 26 16:21 AuctionManager.ts
-rw-r--r-- 1 Agasi5 197121 2637 Jun 23 21:42 AuctionMetrics.js
-rw-r--r-- 1 Agasi5 197121  173 Jun 26 08:47 AuctionMetrics.ts
-rw-r--r-- 1 Agasi5 197121 2178 Jun 23 21:42 AuctionNotifier.js
-rw-r--r-- 1 Agasi5 197121 1117 Jun 26 23:26 AuctionNotifier.ts
-rw-r--r-- 1 Agasi5 197121 2385 Jun 23 21:42 AuctionScheduler.js
-rw-r--r-- 1 Agasi5 197121  171 Jun 26 08:47 AuctionScheduler.ts
-rw-r--r-- 1 Agasi5 197121 2012 Jun 23 21:42 AuctionTemplateEngine.js
-rw-r--r-- 1 Agasi5 197121 2589 Jun 23 21:42 BidHeatmapEngine.js
-rw-r--r-- 1 Agasi5 197121 1486 Jun 26 23:28 BidHeatmapService.ts
-rw-r--r-- 1 Agasi5 197121  297 Jun 26 16:20 BidService.ts
-rw-r--r-- 1 Agasi5 197121 1991 Jun 23 21:42 BidValidator.js
-rw-r--r-- 1 Agasi5 197121  360 Jun 26 16:21 BidValidator.ts
-rw-r--r-- 1 Agasi5 197121  106 Jun 27 19:21 desktop.ini
-rw-r--r-- 1 Agasi5 197121  184 May 15 07:44 fetchAuctionInsights.txt

/c/CFH/backend/services/blockchain:
total 19
-rw-r--r-- 1 Agasi5 197121 8066 Jun 23 21:42 BlockchainAdapter.js
-rw-r--r-- 1 Agasi5 197121  163 Jun 26 09:54 BlockchainAdapter.ts
-rw-r--r-- 1 Agasi5 197121 2267 Jun 23 21:42 BlockchainLedger.js
-rw-r--r-- 1 Agasi5 197121 1835 Jun 23 21:42 CryptoPayment.js
-rw-r--r-- 1 Agasi5 197121  106 Jun 27 19:21 desktop.ini
-rw-r--r-- 1 Agasi5 197121  248 Jun 26 16:21 index.ts

/c/CFH/backend/services/cache:
total 3
-rw-r--r-- 1 Agasi5 197121 167 Jun 26 14:26 CacheService.ts
-rw-r--r-- 1 Agasi5 197121 106 Jun 27 19:22 desktop.ini
-rw-r--r-- 1 Agasi5 197121 215 Jun 26 16:21 index.ts

/c/CFH/backend/services/communication:
total 5
-rw-r--r-- 1 Agasi5 197121 2203 Jun 23 21:42 MessagingService.js
-rw-r--r-- 1 Agasi5 197121  106 Jun 27 19:21 desktop.ini

/c/CFH/backend/services/db:
total 6
-rw-r--r-- 1 Agasi5 197121  153 Jun 26 09:54 DBService.ts
-rw-r--r-- 1 Agasi5 197121  106 Jun 27 19:22 desktop.ini
-rw-r--r-- 1 Agasi5 197121 2260 Jun 26 23:36 index.ts

/c/CFH/backend/services/escrow:
total 45
-rw-r--r-- 1 Agasi5 197121  972 Jun 26 23:35 BlockchainEscrowAudit.ts
-rw-r--r-- 1 Agasi5 197121 3611 Jun 23 21:42 EscrowAuditService.js
-rw-r--r-- 1 Agasi5 197121  899 Jun 26 23:29 EscrowAuditService.ts
-rw-r--r-- 1 Agasi5 197121 3521 Jun 23 21:42 EscrowChainSync.js
-rw-r--r-- 1 Agasi5 197121  915 Jun 26 23:29 EscrowChainSync.ts
-rw-r--r-- 1 Agasi5 197121 2784 Jun 23 21:42 EscrowNotificationService.js
-rw-r--r-- 1 Agasi5 197121 7834 Jun 27 19:08 EscrowService.ts
-rw-r--r-- 1 Agasi5 197121  106 Jun 27 19:21 desktop.ini
-rw-r--r-- 1 Agasi5 197121 3643 Jun 25 13:23 escrow.service.js
-rw-r--r-- 1 Agasi5 197121 4531 Jun 26 22:55 escrow.service.ts

/c/CFH/backend/services/exchange:
total 2
-rw-r--r-- 1 Agasi5 197121 106 Jun 27 19:22 desktop.ini
-rw-r--r-- 1 Agasi5 197121 238 Jun 26 16:21 index.ts

/c/CFH/backend/services/final:
total 17
-rw-r--r-- 1 Agasi5 197121 1660 Jun 23 21:42 FinalTesting.js
-rw-r--r-- 1 Agasi5 197121 1416 Jun 23 21:42 PerformanceMonitor.js
-rw-r--r-- 1 Agasi5 197121 2234 Jun 23 21:42 SecurityAudit.js
-rw-r--r-- 1 Agasi5 197121 2494 Jun 23 21:42 UserAnalyticsReport.js
-rw-r--r-- 1 Agasi5 197121  106 Jun 27 19:21 desktop.ini

/c/CFH/backend/services/financing:
total 5
-rw-r--r-- 1 Agasi5 197121 2906 Jun 23 21:42 BlindInvestor.js
-rw-r--r-- 1 Agasi5 197121  106 Jun 27 19:21 desktop.ini

/c/CFH/backend/services/insurance:
total 5
-rw-r--r-- 1 Agasi5 197121 3058 Jun 23 21:42 InsuranceProvider.js
-rw-r--r-- 1 Agasi5 197121  106 Jun 27 19:21 desktop.ini

/c/CFH/backend/services/lender:
total 2
-rw-r--r-- 1 Agasi5 197121 400 Jun 24 23:58 LenderTermsExporter.js
-rw-r--r-- 1 Agasi5 197121 106 Jun 27 19:21 desktop.ini

/c/CFH/backend/services/mobile:
total 9
-rw-r--r-- 1 Agasi5 197121 2239 Jun 23 21:42 MobileBidHandler.js
-rw-r--r-- 1 Agasi5 197121 2665 Jun 23 21:42 MobileNotifications.js
-rw-r--r-- 1 Agasi5 197121  106 Jun 27 19:21 desktop.ini

/c/CFH/backend/services/notification:
total 17
-rw-r--r-- 1 Agasi5 197121 9506 Jun 27 18:30 NotificationService.ts
-rw-r--r-- 1 Agasi5 197121 1831 Jun 23 21:42 WebSocketService.js
-rw-r--r-- 1 Agasi5 197121  106 Jun 27 19:21 desktop.ini

/c/CFH/backend/services/notifications:
total 2
-rw-r--r-- 1 Agasi5 197121 106 Jun 27 19:22 desktop.ini
-rw-r--r-- 1 Agasi5 197121 238 Jun 26 16:21 index.ts

/c/CFH/backend/services/officer:
total 25
-rw-r--r-- 1 Agasi5 197121 2533 Jun 23 21:42 AuditLogViewer.js
-rw-r--r-- 1 Agasi5 197121 2911 Jun 23 21:42 ComplianceChecker.js
-rw-r--r-- 1 Agasi5 197121 2765 Jun 23 21:42 DisputeManager.js
-rw-r--r-- 1 Agasi5 197121 2928 Jun 23 21:42 ListingApproval.js
-rw-r--r-- 1 Agasi5 197121 2481 Jun 23 21:42 PlatformMonitor.js
-rw-r--r-- 1 Agasi5 197121 2534 Jun 23 21:42 UserManagement.js
-rw-r--r-- 1 Agasi5 197121  106 Jun 27 19:21 desktop.ini

/c/CFH/backend/services/onboarding:
total 13
-rw-r--r-- 1 Agasi5 197121 2204 Jun 23 21:42 PreferencesSetup.js
-rw-r--r-- 1 Agasi5 197121 2021 Jun 23 21:42 UserOnboarding.js
-rw-r--r-- 1 Agasi5 197121 2372 Jun 23 21:42 WelcomeNotification.js
-rw-r--r-- 1 Agasi5 197121  106 Jun 27 19:21 desktop.ini

/c/CFH/backend/services/operational:
total 29
-rw-r--r-- 1 Agasi5 197121 2285 Jun 23 21:42 ComplianceEnhancer.js
-rw-r--r-- 1 Agasi5 197121 1726 Jun 23 21:42 ErrorHandler.js
-rw-r--r-- 1 Agasi5 197121 1732 Jun 23 21:42 FeedbackReport.js
-rw-r--r-- 1 Agasi5 197121 2656 Jun 23 21:42 FeedbackSystem.js
-rw-r--r-- 1 Agasi5 197121 2319 Jun 23 21:42 LaunchChecklist.js
-rw-r--r-- 1 Agasi5 197121 2577 Jun 23 21:42 PaymentProcessor.js
-rw-r--r-- 1 Agasi5 197121 2125 Jun 23 21:42 PerformanceOptimizer.js
-rw-r--r-- 1 Agasi5 197121  106 Jun 27 19:21 desktop.ini

/c/CFH/backend/services/payment:
total 2
-rw-r--r-- 1 Agasi5 197121 106 Jun 27 19:22 desktop.ini
-rw-r--r-- 1 Agasi5 197121 283 Jun 26 16:21 index.ts

/c/CFH/backend/services/payments:
total 5
-rw-r--r-- 1 Agasi5 197121 736 Jun 26 22:37 PaymentService.ts
-rw-r--r-- 1 Agasi5 197121 106 Jun 27 19:21 desktop.ini

/c/CFH/backend/services/premium:
total 81
-rw-r--r-- 1 Agasi5 197121 3065 Jun 23 21:42 AIAuctionSimulator.js
-rw-r--r-- 1 Agasi5 197121 2857 Jun 23 21:42 AIInsightBuyer.js
-rw-r--r-- 1 Agasi5 197121 3046 Jun 23 21:42 AIInsightSeller.js
-rw-r--r-- 1 Agasi5 197121 1670 Jun 23 21:42 AIRecommendationEngine.js
-rw-r--r-- 1 Agasi5 197121 1914 Jun 23 21:42 ARVehicleView.js
-rw-r--r-- 1 Agasi5 197121 2559 Jun 23 21:42 BlockchainAudit.js
-rw-r--r-- 1 Agasi5 197121 2508 Jun 23 21:42 CrossBorderCommerce.js
-rw-r--r-- 1 Agasi5 197121 2852 Jun 23 21:42 DynamicPricing.js
-rw-r--r-- 1 Agasi5 197121 1811 Jun 23 21:42 LiveStreamAuction.js
-rw-r--r-- 1 Agasi5 197121 2745 Jun 23 21:42 LoyaltyRewards.js
-rw-r--r-- 1 Agasi5 197121 3129 Jun 23 21:42 PostAuctionInsights.js
-rw-r--r-- 1 Agasi5 197121 3968 Jun 23 21:42 PredictiveAssistant.js
-rw-r--r-- 1 Agasi5 197121 2265 Jun 23 21:42 PremiumSupportChat.js
-rw-r--r-- 1 Agasi5 197121 2604 Jun 23 21:42 RealTimePredictor.js
-rw-r--r-- 1 Agasi5 197121 6491 Jun 23 21:42 SocialGamification.js
-rw-r--r-- 1 Agasi5 197121 2296 Jun 23 21:42 SocialShareHelper.js
-rw-r--r-- 1 Agasi5 197121 2287 Jun 23 21:42 VRVehicleTour.js
-rw-r--r-- 1 Agasi5 197121 2113 Jun 23 21:42 VirtualAuctionRoom.js
-rw-r--r-- 1 Agasi5 197121 2855 Jun 23 21:42 VoiceBidAssistant.js
-rw-r--r-- 1 Agasi5 197121  106 Jun 27 19:21 desktop.ini

/c/CFH/backend/services/reports:
total 5
-rw-r--r-- 1 Agasi5 197121 738 Jun 26 22:37 ReportService.ts
-rw-r--r-- 1 Agasi5 197121 106 Jun 27 19:21 desktop.ini

/c/CFH/backend/services/security:
total 18
-rw-r--r-- 1 Agasi5 197121 1640 Jun 23 21:42 DDoSProtector.js
-rw-r--r-- 1 Agasi5 197121 1661 Jun 23 21:42 RateLimiter.js
-rw-r--r-- 1 Agasi5 197121 1643 Jun 23 21:42 SecurityLogger.js
-rw-r--r-- 1 Agasi5 197121 3511 Jun 23 21:42 SessionValidator.js
-rw-r--r-- 1 Agasi5 197121  106 Jun 27 19:21 desktop.ini
-rw-r--r-- 1 Agasi5 197121  192 Jun 26 16:21 index.ts

/c/CFH/backend/services/seo:
total 5
-rw-r--r-- 1 Agasi5 197121 2056 Jun 23 21:42 SEOHelper.js
-rw-r--r-- 1 Agasi5 197121  106 Jun 27 19:21 desktop.ini

/c/CFH/backend/services/social:
total 2
-rw-r--r-- 1 Agasi5 197121 106 Jun 27 19:22 desktop.ini
-rw-r--r-- 1 Agasi5 197121 233 Jun 26 16:21 index.ts

/c/CFH/backend/services/storage:
total 9
-rw-r--r-- 1 Agasi5 197121 4565 Jun 23 21:42 StorageAuction.js
-rw-r--r-- 1 Agasi5 197121  106 Jun 27 19:21 desktop.ini

/c/CFH/backend/services/user:
total 40
-rw-r--r-- 1 Agasi5 197121 1474 Jun 23 21:42 UserActivity.js
-rw-r--r-- 1 Agasi5 197121  877 Jun 26 23:35 UserActivity.ts
-rw-r--r-- 1 Agasi5 197121 2224 Jun 23 21:42 UserAuth.js
-rw-r--r-- 1 Agasi5 197121 1483 Jun 26 23:26 UserAuth.ts
-rw-r--r-- 1 Agasi5 197121 2790 Jun 23 21:42 UserNotifications.js
-rw-r--r-- 1 Agasi5 197121  209 Jun 26 14:26 UserNotifications.ts
-rw-r--r-- 1 Agasi5 197121 2310 Jun 23 21:42 UserPreferences.js
-rw-r--r-- 1 Agasi5 197121  207 Jun 26 14:26 UserPreferences.ts
-rw-r--r-- 1 Agasi5 197121 1996 Jun 23 21:42 UserProfile.js
-rw-r--r-- 1 Agasi5 197121 1878 Jun 26 23:23 UserProfileService.ts
-rw-r--r-- 1 Agasi5 197121 2173 Jun 23 21:42 UserSettings.js
-rw-r--r-- 1 Agasi5 197121  203 Jun 26 14:26 UserSettings.ts
-rw-r--r-- 1 Agasi5 197121  106 Jun 27 19:21 desktop.ini

/c/CFH/backend/services/voice:
total 2
-rw-r--r-- 1 Agasi5 197121 106 Jun 27 19:22 desktop.ini
-rw-r--r-- 1 Agasi5 197121 270 Jun 26 16:21 index.ts

/c/CFH/backend/services/vr:
total 2
-rw-r--r-- 1 Agasi5 197121 106 Jun 27 19:22 desktop.ini
-rw-r--r-- 1 Agasi5 197121 261 Jun 26 16:21 index.ts

/c/CFH/backend/services/websocket:
total 11
-rw-r--r-- 1 Agasi5 197121   14 Jun 25 13:23 PredictionUpdatesWS.js
-rw-r--r-- 1 Agasi5 197121    0 Jun 20 21:40 PredictionUpdatesWS.ts
-rw-r--r-- 1 Agasi5 197121    0 Jun 20 21:40 PredictionUpdatesWS.ts.bak_20250623_133927
-rw-r--r-- 1 Agasi5 197121    0 Jun 20 21:40 PredictionUpdatesWS.ts.bak_20250623_134254
-rw-r--r-- 1 Agasi5 197121 1330 Jun 23 21:42 WebSocketCluster.js
-rw-r--r-- 1 Agasi5 197121 1715 Jun 23 21:42 WebSocketService.js
-rw-r--r-- 1 Agasi5 197121  106 Jun 27 19:21 desktop.ini
-rw-r--r-- 1 Agasi5 197121  259 Jun 26 16:21 index.ts
