/c/CFH/backend/dist/models/User.js
/c/CFH/backend/node_modules/.abbrev-ZK4DIqXQ/desktop.ini
/c/CFH/backend/node_modules/.acorn-NieOPXjM/desktop.ini
/c/CFH/backend/node_modules/.acorn-walk-MOX5DVX0/desktop.ini
/c/CFH/backend/node_modules/.aproba-HhoPuiJs/desktop.ini
/c/CFH/backend/node_modules/.are-we-there-yet-lT5SQggl/desktop.ini
/c/CFH/backend/node_modules/.arg-m7e6wM23/desktop.ini
/c/CFH/backend/node_modules/.axios-4a0TbVOI/desktop.ini
/c/CFH/backend/node_modules/.babel-jest-DDYJU1aZ/desktop.ini
/c/CFH/backend/node_modules/.babel-plugin-jest-hoist-xTreG3Rx/desktop.ini
/c/CFH/backend/node_modules/.babel-preset-jest-APNFMeHK/desktop.ini
/c/CFH/backend/node_modules/.bcrypt-z8UPq1Nq/desktop.ini
/c/CFH/backend/node_modules/.bson-3tf1erEe/desktop.ini
/c/CFH/backend/node_modules/.chownr-SXAMsAcI/desktop.ini
/c/CFH/backend/node_modules/.cliui-s5hPfECW/desktop.ini
/c/CFH/backend/node_modules/.color-support-sI7Ot6O5/desktop.ini
/c/CFH/backend/node_modules/.console-control-strings-CL6YipWI/desktop.ini
/c/CFH/backend/node_modules/.convert-source-map-UkIcnBhp/desktop.ini
/c/CFH/backend/node_modules/.create-jest-kHkmPOA4/desktop.ini
/c/CFH/backend/node_modules/.create-require-xx97C5IW/desktop.ini
/c/CFH/backend/node_modules/.dedent-gvpNN29A/desktop.ini
/c/CFH/backend/node_modules/.delegates-jTWRo6uX/desktop.ini
/c/CFH/backend/node_modules/.diff-sequences-Y3DwoHXc/desktop.ini
/c/CFH/backend/node_modules/.ejs-fbpGRIOi/desktop.ini
/c/CFH/backend/node_modules/.emittery-AvPFDat4/desktop.ini
/c/CFH/backend/node_modules/.eslint-nMuOvTZu/desktop.ini
/c/CFH/backend/node_modules/.espree-c1HKqpK6/desktop.ini
/c/CFH/backend/node_modules/.expect-wxGwOkbK/desktop.ini
/c/CFH/backend/node_modules/.filelist-nPMWLzuf/desktop.ini
/c/CFH/backend/node_modules/.fs-minipass-CP2PSVTM/desktop.ini
/c/CFH/backend/node_modules/.gauge-f4Unaj8u/desktop.ini
/c/CFH/backend/node_modules/.generic-pool-PCTHd8Qn/desktop.ini
/c/CFH/backend/node_modules/.glob-parent-PhbY6dWh/desktop.ini
/c/CFH/backend/node_modules/.has-unicode-Cud6rgmz/desktop.ini
/c/CFH/backend/node_modules/.helmet-0MhP1VN0/desktop.ini
/c/CFH/backend/node_modules/.i18next-SEcOZEZC/desktop.ini
/c/CFH/backend/node_modules/.istanbul-lib-instrument-kdwHWkbX/desktop.ini
/c/CFH/backend/node_modules/.jake-8S0VRVjx/desktop.ini
/c/CFH/backend/node_modules/.jest-changed-files-ce0PWhr0/desktop.ini
/c/CFH/backend/node_modules/.jest-circus-Dph0HF4L/desktop.ini
/c/CFH/backend/node_modules/.jest-cli-8UqUi3Xg/desktop.ini
/c/CFH/backend/node_modules/.jest-config-LwPhJEES/desktop.ini
/c/CFH/backend/node_modules/.jest-diff-qSAkxue1/desktop.ini
/c/CFH/backend/node_modules/.jest-docblock-PnCggAlu/desktop.ini
/c/CFH/backend/node_modules/.jest-each-5JRXLdE8/desktop.ini
/c/CFH/backend/node_modules/.jest-environment-node-GHDnhwjf/desktop.ini
/c/CFH/backend/node_modules/.jest-get-type-s8TxXu95/desktop.ini
/c/CFH/backend/node_modules/.jest-haste-map-1ajZW6Qh/desktop.ini
/c/CFH/backend/node_modules/.jest-HGTFPOwQ/desktop.ini
/c/CFH/backend/node_modules/.jest-leak-detector-z4lIPrWQ/desktop.ini
/c/CFH/backend/node_modules/.jest-matcher-utils-712fDOqu/desktop.ini
/c/CFH/backend/node_modules/.jest-message-util-8vOeeOO9/desktop.ini
/c/CFH/backend/node_modules/.jest-mock-mvCU5nIe/desktop.ini
/c/CFH/backend/node_modules/.jest-regex-util-HSgF8W9b/desktop.ini
/c/CFH/backend/node_modules/.jest-resolve-dependencies-Zr03Jv8p/desktop.ini
/c/CFH/backend/node_modules/.jest-resolve-XQVGsKpG/desktop.ini
/c/CFH/backend/node_modules/.jest-runner-zLhRvswp/desktop.ini
/c/CFH/backend/node_modules/.jest-runtime-Rqa6U1VZ/desktop.ini
/c/CFH/backend/node_modules/.jest-snapshot-EE14VCeW/desktop.ini
/c/CFH/backend/node_modules/.jest-util-JAxxkHTf/desktop.ini
/c/CFH/backend/node_modules/.jest-validate-XFRb0Zp0/desktop.ini
/c/CFH/backend/node_modules/.jest-watcher-VovGK3re/desktop.ini
/c/CFH/backend/node_modules/.jest-worker-Br5csKJI/desktop.ini
/c/CFH/backend/node_modules/.joi-vokzdb2o/desktop.ini
/c/CFH/backend/node_modules/.jsonwebtoken-FePd3fjh/desktop.ini
/c/CFH/backend/node_modules/.kareem-Fk6urbnw/desktop.ini
/c/CFH/backend/node_modules/.lru-cache-2NATnn9N/desktop.ini
/c/CFH/backend/node_modules/.minizlib-tgRCxLl4/desktop.ini
/c/CFH/backend/node_modules/.mongodb-7kuZAhgZ/desktop.ini
/c/CFH/backend/node_modules/.mongodb-connection-string-url-JxvWYbp3/desktop.ini
/c/CFH/backend/node_modules/.mongoose-L1BThOb7/desktop.ini
/c/CFH/backend/node_modules/.mquery-KbXKt5Xd/desktop.ini
/c/CFH/backend/node_modules/.node-addon-api-GDgCtEHU/desktop.ini
/c/CFH/backend/node_modules/.nopt-C0slyddE/desktop.ini
/c/CFH/backend/node_modules/.npmlog-yulCpqSo/desktop.ini
/c/CFH/backend/node_modules/.pretty-format-1Rnbv3qv/desktop.ini
/c/CFH/backend/node_modules/.punycode-Ahoedeee/desktop.ini
/c/CFH/backend/node_modules/.pure-rand-0CkYlQv8/desktop.ini
/c/CFH/backend/node_modules/.react-is-fdmOtOM7/desktop.ini
/c/CFH/backend/node_modules/.redis-vq0jycRb/desktop.ini
/c/CFH/backend/node_modules/.resolve.exports-tSD23FOv/desktop.ini
/c/CFH/backend/node_modules/.set-blocking-0edSzsHO/desktop.ini
/c/CFH/backend/node_modules/.sift-dGiFZoR5/desktop.ini
/c/CFH/backend/node_modules/.sprintf-js-ZgaZVHBX/desktop.ini
/c/CFH/backend/node_modules/.tar-MfCh3z6l/desktop.ini
/c/CFH/backend/node_modules/.ts-jest-NFO0n9ON/desktop.ini
/c/CFH/backend/node_modules/.ts-node-DflGDHzy/desktop.ini
/c/CFH/backend/node_modules/.tsconfig-paths-dM4CQdoJ/desktop.ini
/c/CFH/backend/node_modules/.typescript-KbWen4bw/desktop.ini
/c/CFH/backend/node_modules/.undici-types-pfMb6BTd/desktop.ini
/c/CFH/backend/node_modules/.v8-compile-cache-lib-KhHUiIS9/desktop.ini
/c/CFH/backend/node_modules/.v8-to-istanbul-P1N5Yjh5/desktop.ini
/c/CFH/backend/node_modules/.wide-align-agzTkjnq/desktop.ini
/c/CFH/backend/node_modules/.write-file-atomic-2s4Nv6Ia/desktop.ini
/c/CFH/backend/node_modules/.yallist-s7VGBHe4/desktop.ini
/c/CFH/backend/node_modules/.yargs-KAdLyjEh/desktop.ini
/c/CFH/backend/node_modules/.yn-0gjnWJNt/desktop.ini
/c/CFH/backend/node_modules/@babel/.plugin-syntax-jsx-cVQKMyBY/desktop.ini
/c/CFH/backend/node_modules/@cspotcode/.source-map-support-FUbqQNTP/desktop.ini
/c/CFH/backend/node_modules/@eslint/.eslintrc-hutcjFDV/desktop.ini
/c/CFH/backend/node_modules/@eslint/.js-hSZIk7b5/desktop.ini
/c/CFH/backend/node_modules/@hapi/.hoek-nb8zD1Qa/desktop.ini
/c/CFH/backend/node_modules/@hapi/.topo-YupgS8at/desktop.ini
/c/CFH/backend/node_modules/@humanwhocodes/.config-array-hxjesGuw/desktop.ini
/c/CFH/backend/node_modules/@humanwhocodes/.module-importer-RrAeG4q0/desktop.ini
/c/CFH/backend/node_modules/@humanwhocodes/.object-schema-y3bhWtZ8/desktop.ini
/c/CFH/backend/node_modules/@jest/.console-WkeFCpH3/desktop.ini
/c/CFH/backend/node_modules/@jest/.core-6cwsaq5k/desktop.ini
/c/CFH/backend/node_modules/@jest/.environment-AHHpJde6/desktop.ini
/c/CFH/backend/node_modules/@jest/.expect-mtofW5rD/desktop.ini
/c/CFH/backend/node_modules/@jest/.expect-utils-HjOE0wSj/desktop.ini
/c/CFH/backend/node_modules/@jest/.fake-timers-OXBJr0KL/desktop.ini
/c/CFH/backend/node_modules/@jest/.globals-iWmaEE6Z/desktop.ini
/c/CFH/backend/node_modules/@jest/.reporters-SwqhU9EJ/desktop.ini
/c/CFH/backend/node_modules/@jest/.schemas-D14Bmeaz/desktop.ini
/c/CFH/backend/node_modules/@jest/.source-map-l6g7C9ds/desktop.ini
/c/CFH/backend/node_modules/@jest/.test-result-XYSl9OHG/desktop.ini
/c/CFH/backend/node_modules/@jest/.test-sequencer-TXBzLWH4/desktop.ini
/c/CFH/backend/node_modules/@jest/.transform-5NnwniTg/desktop.ini
/c/CFH/backend/node_modules/@jest/.types-CWotWu3r/desktop.ini
/c/CFH/backend/node_modules/@mapbox/.node-pre-gyp-iBRE3YVU/desktop.ini
/c/CFH/backend/node_modules/@redis/.bloom-BFFcy9Oe/desktop.ini
/c/CFH/backend/node_modules/@redis/.client-NJjBqRjI/desktop.ini
/c/CFH/backend/node_modules/@redis/.graph-IsY5D5np/desktop.ini
/c/CFH/backend/node_modules/@redis/.json-LKXWWu69/desktop.ini
/c/CFH/backend/node_modules/@redis/.search-d5PLSE66/desktop.ini
/c/CFH/backend/node_modules/@redis/.time-series-S4zqFKBz/desktop.ini
/c/CFH/backend/node_modules/@sideway/.address-mhs4kkXo/desktop.ini
/c/CFH/backend/node_modules/@sideway/.formula-8bOpDg23/desktop.ini
/c/CFH/backend/node_modules/@sideway/.pinpoint-vsr3fz60/desktop.ini
/c/CFH/backend/node_modules/@sinclair/.typebox-VcUnEiIn/desktop.ini
/c/CFH/backend/node_modules/@sinonjs/.commons-thykIKgH/desktop.ini
/c/CFH/backend/node_modules/@sinonjs/.fake-timers-dUDFcaf6/desktop.ini
/c/CFH/backend/node_modules/@tsconfig/.node10-dazJBTGM/desktop.ini
/c/CFH/backend/node_modules/@tsconfig/.node12-3w2ZjSTw/desktop.ini
/c/CFH/backend/node_modules/@tsconfig/.node14-XrurszIf/desktop.ini
/c/CFH/backend/node_modules/@tsconfig/.node16-iaGQXLzS/desktop.ini
/c/CFH/backend/node_modules/@types/.axios-HqcI6pxQ/desktop.ini
/c/CFH/backend/node_modules/@types/.bcrypt-PSKCbCxh/desktop.ini
/c/CFH/backend/node_modules/@types/.cookiejar-QDuWVKud/desktop.ini
/c/CFH/backend/node_modules/@types/.handlebars-ELMPK3g3/desktop.ini
/c/CFH/backend/node_modules/@types/.helmet-iVPBHYWg/desktop.ini
/c/CFH/backend/node_modules/@types/.i18next-WQYCbq5e/desktop.ini
/c/CFH/backend/node_modules/@types/.jest-7ZPdTTWA/desktop.ini
/c/CFH/backend/node_modules/@types/.joi-HpWJcGI4/desktop.ini
/c/CFH/backend/node_modules/@types/.jsonwebtoken-lfXVSOXY/desktop.ini
/c/CFH/backend/node_modules/@types/.methods-CWjhExaS/desktop.ini
/c/CFH/backend/node_modules/@types/.ms-hrDBq9KF/desktop.ini
/c/CFH/backend/node_modules/@types/.node-cron-9ZTDb5AV/desktop.ini
/c/CFH/backend/node_modules/@types/.node-kxt3dbkL/desktop.ini
/c/CFH/backend/node_modules/@types/.pdfkit-xd8JZR6F/desktop.ini
/c/CFH/backend/node_modules/@types/.redis-XX4Dyny2/desktop.ini
/c/CFH/backend/node_modules/@types/.superagent-oPqjnt4j/desktop.ini
/c/CFH/backend/node_modules/@types/.supertest-l61ElmsE/desktop.ini
/c/CFH/backend/node_modules/@types/.whatwg-url-L3FFGmDo/desktop.ini
/c/CFH/backend/node_modules/@types/.winston-EXCRySjU/desktop.ini
/c/CFH/backend/node_modules/@types/.yargs-bfxh6rPI/desktop.ini
/c/CFH/backend/node_modules/@ungap/.structured-clone-EiNE0bTV/desktop.ini
/c/CFH/backend/node_modules/babel-plugin-istanbul/node_modules/.istanbul-lib-instrument-9ms0MFjO/desktop.ini
/c/CFH/backend/node_modules/babel-plugin-istanbul/node_modules/.semver-OtTUMyEc/desktop.ini
/c/CFH/backend/node_modules/chokidar/node_modules/.glob-parent-vE5AzwZG/desktop.ini
/c/CFH/backend/node_modules/fast-glob/node_modules/.glob-parent-mXQ7PVAV/desktop.ini
/c/CFH/backend/node_modules/mocha/node_modules/.ansi-styles-Y2xvLQTx/desktop.ini
/c/CFH/backend/node_modules/mocha/node_modules/.cliui-dLMBO45N/desktop.ini
/c/CFH/backend/node_modules/mocha/node_modules/.wrap-ansi-ofi6VvWQ/desktop.ini
/c/CFH/backend/node_modules/mocha/node_modules/.yargs-qJzXRoKj/desktop.ini
/c/CFH/backend/node_modules/semver/node_modules/.lru-cache-6HCJgfOS/desktop.ini
/c/CFH/backend/node_modules/semver/node_modules/.yallist-xeleIg4U/desktop.ini
