FAIL tests/notification/NotificationService.test.ts
  NotificationService
    × should send email notification and return success (1 ms)
    × should send push notification and return success
    × should send notification and return true
    × should throw error on email notification failure (1 ms)
    × should throw error on push notification failure
    × should throw error on notification failure

  ● NotificationService › should send email notification and return success

    TypeError: Cannot read properties of undefined (reading 'error')

    [0m [90m  9 |[39m     } [36mcatch[39m (error[33m:[39m unknown) {
     [90m 10 |[39m       [36mconst[39m errorMessage [33m=[39m error [36minstanceof[39m [33mError[39m [33m?[39m error[33m.[39mmessage [33m:[39m [32m'Unknown error'[39m[33m;[39m
    [31m[1m>[22m[39m[90m 11 |[39m       logger[33m.[39merror([32m`Failed to send email notification to ${to}: ${errorMessage}`[39m)[33m;[39m
     [90m    |[39m              [31m[1m^[22m[39m
     [90m 12 |[39m       [36mthrow[39m [36mnew[39m [33mError[39m([32m`Notification failed: ${errorMessage}`[39m)[33m;[39m
     [90m 13 |[39m     }
     [90m 14 |[39m   }[0m

      at NotificationService.sendEmail (services/notification/NotificationService.ts:11:14)
      at Object.<anonymous> (tests/notification/NotificationService.test.ts:14:34)

  ● NotificationService › should send push notification and return success

    TypeError: Cannot read properties of undefined (reading 'error')

    [0m [90m 20 |[39m     } [36mcatch[39m (error[33m:[39m unknown) {
     [90m 21 |[39m       [36mconst[39m errorMessage [33m=[39m error [36minstanceof[39m [33mError[39m [33m?[39m error[33m.[39mmessage [33m:[39m [32m'Unknown error'[39m[33m;[39m
    [31m[1m>[22m[39m[90m 22 |[39m       logger[33m.[39merror([32m`Failed to send push notification to ${to}: ${errorMessage}`[39m)[33m;[39m
     [90m    |[39m              [31m[1m^[22m[39m
     [90m 23 |[39m       [36mthrow[39m [36mnew[39m [33mError[39m([32m`Notification failed: ${errorMessage}`[39m)[33m;[39m
     [90m 24 |[39m     }
     [90m 25 |[39m   }[0m

      at NotificationService.sendPush (services/notification/NotificationService.ts:22:14)
      at Object.<anonymous> (tests/notification/NotificationService.test.ts:20:34)

  ● NotificationService › should send notification and return true

    TypeError: Cannot read properties of undefined (reading 'error')

    [0m [90m 31 |[39m     } [36mcatch[39m (error[33m:[39m unknown) {
     [90m 32 |[39m       [36mconst[39m errorMessage [33m=[39m error [36minstanceof[39m [33mError[39m [33m?[39m error[33m.[39mmessage [33m:[39m [32m'Unknown error'[39m[33m;[39m
    [31m[1m>[22m[39m[90m 33 |[39m       logger[33m.[39merror([32m`Failed to send notification to ${userId}: ${errorMessage}`[39m)[33m;[39m
     [90m    |[39m              [31m[1m^[22m[39m
     [90m 34 |[39m       [36mthrow[39m [36mnew[39m [33mError[39m([32m`Notification failed: ${errorMessage}`[39m)[33m;[39m
     [90m 35 |[39m     }
     [90m 36 |[39m   }[0m

      at NotificationService.sendNotification (services/notification/NotificationService.ts:33:14)
      at Object.<anonymous> (tests/notification/NotificationService.test.ts:26:34)

  ● NotificationService › should throw error on email notification failure

    Cannot use spyOn on a primitive value; undefined given

    [0m [90m 30 |[39m
     [90m 31 |[39m   it([32m'should throw error on email notification failure'[39m[33m,[39m [36masync[39m () [33m=>[39m {
    [31m[1m>[22m[39m[90m 32 |[39m     jest[33m.[39mspyOn(logger[33m,[39m [32m'info'[39m)[33m.[39mmockImplementationOnce(() [33m=>[39m { [36mthrow[39m [36mnew[39m [33mError[39m([32m'Mock error'[39m)[33m;[39m })[33m;[39m
     [90m    |[39m          [31m[1m^[22m[39m
     [90m 33 |[39m     [36mawait[39m expect(service[33m.[39msendEmail([32m'user1@example.com'[39m[33m,[39m [32m'Test email'[39m))[33m.[39mrejects[33m.[39mtoThrow([32m'Notification failed'[39m)[33m;[39m
     [90m 34 |[39m     expect(logger[33m.[39merror)[33m.[39mtoHaveBeenCalledWith(expect[33m.[39mstringContaining([32m'Failed to send email'[39m))[33m;[39m
     [90m 35 |[39m   })[33m;[39m[0m

      at ModuleMocker.spyOn (node_modules/jest-environment-node/node_modules/jest-mock/build/index.js:719:13)
      at Object.<anonymous> (tests/notification/NotificationService.test.ts:32:10)

  ● NotificationService › should throw error on push notification failure

    Cannot use spyOn on a primitive value; undefined given

    [0m [90m 36 |[39m
     [90m 37 |[39m   it([32m'should throw error on push notification failure'[39m[33m,[39m [36masync[39m () [33m=>[39m {
    [31m[1m>[22m[39m[90m 38 |[39m     jest[33m.[39mspyOn(logger[33m,[39m [32m'info'[39m)[33m.[39mmockImplementationOnce(() [33m=>[39m { [36mthrow[39m [36mnew[39m [33mError[39m([32m'Mock error'[39m)[33m;[39m })[33m;[39m
     [90m    |[39m          [31m[1m^[22m[39m
     [90m 39 |[39m     [36mawait[39m expect(service[33m.[39msendPush([32m'user1'[39m[33m,[39m [32m'Test push'[39m))[33m.[39mrejects[33m.[39mtoThrow([32m'Notification failed'[39m)[33m;[39m
     [90m 40 |[39m     expect(logger[33m.[39merror)[33m.[39mtoHaveBeenCalledWith(expect[33m.[39mstringContaining([32m'Failed to send push'[39m))[33m;[39m
     [90m 41 |[39m   })[33m;[39m[0m

      at ModuleMocker.spyOn (node_modules/jest-environment-node/node_modules/jest-mock/build/index.js:719:13)
      at Object.<anonymous> (tests/notification/NotificationService.test.ts:38:10)

  ● NotificationService › should throw error on notification failure

    Cannot use spyOn on a primitive value; undefined given

    [0m [90m 42 |[39m
     [90m 43 |[39m   it([32m'should throw error on notification failure'[39m[33m,[39m [36masync[39m () [33m=>[39m {
    [31m[1m>[22m[39m[90m 44 |[39m     jest[33m.[39mspyOn(logger[33m,[39m [32m'info'[39m)[33m.[39mmockImplementationOnce(() [33m=>[39m { [36mthrow[39m [36mnew[39m [33mError[39m([32m'Mock error'[39m)[33m;[39m })[33m;[39m
     [90m    |[39m          [31m[1m^[22m[39m
     [90m 45 |[39m     [36mawait[39m expect(service[33m.[39msendNotification([32m'user1'[39m[33m,[39m [32m'Test message'[39m))[33m.[39mrejects[33m.[39mtoThrow([32m'Notification failed'[39m)[33m;[39m
     [90m 46 |[39m     expect(logger[33m.[39merror)[33m.[39mtoHaveBeenCalledWith(expect[33m.[39mstringContaining([32m'Failed to send notification'[39m))[33m;[39m
     [90m 47 |[39m   })[33m;[39m[0m

      at ModuleMocker.spyOn (node_modules/jest-environment-node/node_modules/jest-mock/build/index.js:719:13)
      at Object.<anonymous> (tests/notification/NotificationService.test.ts:44:10)

Test Suites: 1 failed, 1 total
Tests:       6 failed, 6 total
Snapshots:   0 total
Time:        1.811 s, estimated 5 s
Ran all test suites matching /tests\\notification\\NotificationService.test.ts/i.
