FAIL tests/user/UserSettings.test.js
  ● Test suite failed to run

    [96mtests/setup.ts[0m:[93m36[0m:[93m18[0m - [91merror[0m[90m TS2304: [0mCannot find name 'jot'.

    [7m36[0m   updateDispute: jot.fn(),
    [7m  [0m [91m                 ~~~[0m

FAIL tests/notification/NotificationService.test.ts
  ● Test suite failed to run

    [96mtests/setup.ts[0m:[93m36[0m:[93m18[0m - [91merror[0m[90m TS2304: [0mCannot find name 'jot'.

    [7m36[0m   updateDispute: jot.fn(),
    [7m  [0m [91m                 ~~~[0m

FAIL tests/auction/BidValidator.test.js
  ● Test suite failed to run

    [96mtests/setup.ts[0m:[93m36[0m:[93m18[0m - [91merror[0m[90m TS2304: [0mCannot find name 'jot'.

    [7m36[0m   updateDispute: jot.fn(),
    [7m  [0m [91m                 ~~~[0m

FAIL tests/user/UserPreferences.test.js
  ● Test suite failed to run

    [96mtests/setup.ts[0m:[93m36[0m:[93m18[0m - [91merror[0m[90m TS2304: [0mCannot find name 'jot'.

    [7m36[0m   updateDispute: jot.fn(),
    [7m  [0m [91m                 ~~~[0m

FAIL tests/user/UserActivity.test.js
  ● Test suite failed to run

    [96mtests/setup.ts[0m:[93m36[0m:[93m18[0m - [91merror[0m[90m TS2304: [0mCannot find name 'jot'.

    [7m36[0m   updateDispute: jot.fn(),
    [7m  [0m [91m                 ~~~[0m

FAIL tests/auction/AuctionHistory.test.js
  ● Test suite failed to run

    [96mtests/setup.ts[0m:[93m36[0m:[93m18[0m - [91merror[0m[90m TS2304: [0mCannot find name 'jot'.

    [7m36[0m   updateDispute: jot.fn(),
    [7m  [0m [91m                 ~~~[0m

FAIL tests/payments/PaymentService.test.ts
  ● Test suite failed to run

    [96mtests/setup.ts[0m:[93m36[0m:[93m18[0m - [91merror[0m[90m TS2304: [0mCannot find name 'jot'.

    [7m36[0m   updateDispute: jot.fn(),
    [7m  [0m [91m                 ~~~[0m

FAIL tests/security/SessionValidator.test.js
  ● Test suite failed to run

    [96mtests/setup.ts[0m:[93m36[0m:[93m18[0m - [91merror[0m[90m TS2304: [0mCannot find name 'jot'.

    [7m36[0m   updateDispute: jot.fn(),
    [7m  [0m [91m                 ~~~[0m

FAIL tests/auction/AuctionScheduler.test.js
  ● Test suite failed to run

    [96mtests/setup.ts[0m:[93m36[0m:[93m18[0m - [91merror[0m[90m TS2304: [0mCannot find name 'jot'.

    [7m36[0m   updateDispute: jot.fn(),
    [7m  [0m [91m                 ~~~[0m

FAIL tests/premium/ARVehicleView.test.js
  ● Test suite failed to run

    [96mtests/setup.ts[0m:[93m36[0m:[93m18[0m - [91merror[0m[90m TS2304: [0mCannot find name 'jot'.

    [7m36[0m   updateDispute: jot.fn(),
    [7m  [0m [91m                 ~~~[0m

FAIL tests/mobile/MobileBidHandler.test.js
  ● Test suite failed to run

    [96mtests/setup.ts[0m:[93m36[0m:[93m18[0m - [91merror[0m[90m TS2304: [0mCannot find name 'jot'.

    [7m36[0m   updateDispute: jot.fn(),
    [7m  [0m [91m                 ~~~[0m

FAIL tests/operational/PaymentProcessor.test.js
  ● Test suite failed to run

    [96mtests/setup.ts[0m:[93m36[0m:[93m18[0m - [91merror[0m[90m TS2304: [0mCannot find name 'jot'.

    [7m36[0m   updateDispute: jot.fn(),
    [7m  [0m [91m                 ~~~[0m

FAIL tests/premium/VoiceBidAssistant.test.js
  ● Test suite failed to run

    [96mtests/setup.ts[0m:[93m36[0m:[93m18[0m - [91merror[0m[90m TS2304: [0mCannot find name 'jot'.

    [7m36[0m   updateDispute: jot.fn(),
    [7m  [0m [91m                 ~~~[0m

FAIL tests/user/UserNotifications.test.js
  ● Test suite failed to run

    [96mtests/setup.ts[0m:[93m36[0m:[93m18[0m - [91merror[0m[90m TS2304: [0mCannot find name 'jot'.

    [7m36[0m   updateDispute: jot.fn(),
    [7m  [0m [91m                 ~~~[0m

FAIL tests/premium/AIAuctionSimulator.test.js
  ● Test suite failed to run

    [96mtests/setup.ts[0m:[93m36[0m:[93m18[0m - [91merror[0m[90m TS2304: [0mCannot find name 'jot'.

    [7m36[0m   updateDispute: jot.fn(),
    [7m  [0m [91m                 ~~~[0m

FAIL tests/reports/ReportService.test.ts
  ● Test suite failed to run

    [96mtests/setup.ts[0m:[93m36[0m:[93m18[0m - [91merror[0m[90m TS2304: [0mCannot find name 'jot'.

    [7m36[0m   updateDispute: jot.fn(),
    [7m  [0m [91m                 ~~~[0m

FAIL tests/security/RateLimiter.test.js
  ● Test suite failed to run

    [96mtests/setup.ts[0m:[93m36[0m:[93m18[0m - [91merror[0m[90m TS2304: [0mCannot find name 'jot'.

    [7m36[0m   updateDispute: jot.fn(),
    [7m  [0m [91m                 ~~~[0m

FAIL tests/premium/VirtualAuctionRoom.test.js
  ● Test suite failed to run

    [96mtests/setup.ts[0m:[93m36[0m:[93m18[0m - [91merror[0m[90m TS2304: [0mCannot find name 'jot'.

    [7m36[0m   updateDispute: jot.fn(),
    [7m  [0m [91m                 ~~~[0m

FAIL tests/premium/PostAuctionInsights.test.js
  ● Test suite failed to run

    [96mtests/setup.ts[0m:[93m36[0m:[93m18[0m - [91merror[0m[90m TS2304: [0mCannot find name 'jot'.

    [7m36[0m   updateDispute: jot.fn(),
    [7m  [0m [91m                 ~~~[0m

FAIL tests/premium/VRVehicleTour.test.js
  ● Test suite failed to run

    [96mtests/setup.ts[0m:[93m36[0m:[93m18[0m - [91merror[0m[90m TS2304: [0mCannot find name 'jot'.

    [7m36[0m   updateDispute: jot.fn(),
    [7m  [0m [91m                 ~~~[0m

FAIL tests/operational/LaunchChecklist.test.js
  ● Test suite failed to run

    [96mtests/setup.ts[0m:[93m36[0m:[93m18[0m - [91merror[0m[90m TS2304: [0mCannot find name 'jot'.

    [7m36[0m   updateDispute: jot.fn(),
    [7m  [0m [91m                 ~~~[0m

FAIL tests/config/AuctionConfig.test.js
  ● Test suite failed to run

    [96mtests/setup.ts[0m:[93m36[0m:[93m18[0m - [91merror[0m[90m TS2304: [0mCannot find name 'jot'.

    [7m36[0m   updateDispute: jot.fn(),
    [7m  [0m [91m                 ~~~[0m

FAIL tests/security/DDoSProtector.test.js
  ● Test suite failed to run

    [96mtests/setup.ts[0m:[93m36[0m:[93m18[0m - [91merror[0m[90m TS2304: [0mCannot find name 'jot'.

    [7m36[0m   updateDispute: jot.fn(),
    [7m  [0m [91m                 ~~~[0m

FAIL tests/user/UserAuth.test.js
  ● Test suite failed to run

    [96mtests/setup.ts[0m:[93m36[0m:[93m18[0m - [91merror[0m[90m TS2304: [0mCannot find name 'jot'.

    [7m36[0m   updateDispute: jot.fn(),
    [7m  [0m [91m                 ~~~[0m

FAIL tests/premium/SocialGamification.test.js
  ● Test suite failed to run

    [96mtests/setup.ts[0m:[93m36[0m:[93m18[0m - [91merror[0m[90m TS2304: [0mCannot find name 'jot'.

    [7m36[0m   updateDispute: jot.fn(),
    [7m  [0m [91m                 ~~~[0m

FAIL tests/premium/DynamicPricing.test.js
  ● Test suite failed to run

    [96mtests/setup.ts[0m:[93m36[0m:[93m18[0m - [91merror[0m[90m TS2304: [0mCannot find name 'jot'.

    [7m36[0m   updateDispute: jot.fn(),
    [7m  [0m [91m                 ~~~[0m

FAIL tests/premium/BlockchainAudit.test.js
  ● Test suite failed to run

    [96mtests/setup.ts[0m:[93m36[0m:[93m18[0m - [91merror[0m[90m TS2304: [0mCannot find name 'jot'.

    [7m36[0m   updateDispute: jot.fn(),
    [7m  [0m [91m                 ~~~[0m

FAIL tests/auction/AuctionNotifier.test.js
  ● Test suite failed to run

    [96mtests/setup.ts[0m:[93m36[0m:[93m18[0m - [91merror[0m[90m TS2304: [0mCannot find name 'jot'.

    [7m36[0m   updateDispute: jot.fn(),
    [7m  [0m [91m                 ~~~[0m

FAIL tests/auction/AuctionMetrics.test.js
  ● Test suite failed to run

    [96mtests/setup.ts[0m:[93m36[0m:[93m18[0m - [91merror[0m[90m TS2304: [0mCannot find name 'jot'.

    [7m36[0m   updateDispute: jot.fn(),
    [7m  [0m [91m                 ~~~[0m

FAIL tests/premium/SocialShareHelper.test.js
  ● Test suite failed to run

    [96mtests/setup.ts[0m:[93m36[0m:[93m18[0m - [91merror[0m[90m TS2304: [0mCannot find name 'jot'.

    [7m36[0m   updateDispute: jot.fn(),
    [7m  [0m [91m                 ~~~[0m

FAIL tests/ai/PredictionEngine.test.js
  ● Test suite failed to run

    [96mtests/setup.ts[0m:[93m36[0m:[93m18[0m - [91merror[0m[90m TS2304: [0mCannot find name 'jot'.

    [7m36[0m   updateDispute: jot.fn(),
    [7m  [0m [91m                 ~~~[0m

FAIL tests/premium/RealTimePredictor.test.js
  ● Test suite failed to run

    [96mtests/setup.ts[0m:[93m36[0m:[93m18[0m - [91merror[0m[90m TS2304: [0mCannot find name 'jot'.

    [7m36[0m   updateDispute: jot.fn(),
    [7m  [0m [91m                 ~~~[0m

FAIL tests/officer/PlatformMonitor.test.js
  ● Test suite failed to run

    [96mtests/setup.ts[0m:[93m36[0m:[93m18[0m - [91merror[0m[90m TS2304: [0mCannot find name 'jot'.

    [7m36[0m   updateDispute: jot.fn(),
    [7m  [0m [91m                 ~~~[0m

FAIL tests/officer/ComplianceChecker.test.js
  ● Test suite failed to run

    [96mtests/setup.ts[0m:[93m36[0m:[93m18[0m - [91merror[0m[90m TS2304: [0mCannot find name 'jot'.

    [7m36[0m   updateDispute: jot.fn(),
    [7m  [0m [91m                 ~~~[0m

FAIL tests/final/FinalTesting.test.js
  ● Test suite failed to run

    [96mtests/setup.ts[0m:[93m36[0m:[93m18[0m - [91merror[0m[90m TS2304: [0mCannot find name 'jot'.

    [7m36[0m   updateDispute: jot.fn(),
    [7m  [0m [91m                 ~~~[0m

FAIL tests/premium/AIInsightSeller.test.js
  ● Test suite failed to run

    [96mtests/setup.ts[0m:[93m36[0m:[93m18[0m - [91merror[0m[90m TS2304: [0mCannot find name 'jot'.

    [7m36[0m   updateDispute: jot.fn(),
    [7m  [0m [91m                 ~~~[0m

FAIL tests/operational/PerformanceOptimizer.test.js
  ● Test suite failed to run

    [96mtests/setup.ts[0m:[93m36[0m:[93m18[0m - [91merror[0m[90m TS2304: [0mCannot find name 'jot'.

    [7m36[0m   updateDispute: jot.fn(),
    [7m  [0m [91m                 ~~~[0m

FAIL tests/ai/TrendAnimation.test.js
  ● Test suite failed to run

    [96mtests/setup.ts[0m:[93m36[0m:[93m18[0m - [91merror[0m[90m TS2304: [0mCannot find name 'jot'.

    [7m36[0m   updateDispute: jot.fn(),
    [7m  [0m [91m                 ~~~[0m

FAIL tests/premium/AIInsightBuyer.test.js
  ● Test suite failed to run

    [96mtests/setup.ts[0m:[93m36[0m:[93m18[0m - [91merror[0m[90m TS2304: [0mCannot find name 'jot'.

    [7m36[0m   updateDispute: jot.fn(),
    [7m  [0m [91m                 ~~~[0m

FAIL tests/auction/AuctionManager.test.js
  ● Test suite failed to run

    [96mtests/setup.ts[0m:[93m36[0m:[93m18[0m - [91merror[0m[90m TS2304: [0mCannot find name 'jot'.

    [7m36[0m   updateDispute: jot.fn(),
    [7m  [0m [91m                 ~~~[0m

FAIL tests/ai/Heatmap.test.js
  ● Test suite failed to run

    [96mtests/setup.ts[0m:[93m36[0m:[93m18[0m - [91merror[0m[90m TS2304: [0mCannot find name 'jot'.

    [7m36[0m   updateDispute: jot.fn(),
    [7m  [0m [91m                 ~~~[0m

FAIL tests/coachPlanRoute.test.js
  ● Test suite failed to run

    [96mtests/setup.ts[0m:[93m36[0m:[93m18[0m - [91merror[0m[90m TS2304: [0mCannot find name 'jot'.

    [7m36[0m   updateDispute: jot.fn(),
    [7m  [0m [91m                 ~~~[0m

FAIL tests/officer/ListingApproval.test.js
  ● Test suite failed to run

    [96mtests/setup.ts[0m:[93m36[0m:[93m18[0m - [91merror[0m[90m TS2304: [0mCannot find name 'jot'.

    [7m36[0m   updateDispute: jot.fn(),
    [7m  [0m [91m                 ~~~[0m

FAIL tests/officer/UserManagement.test.js
  ● Test suite failed to run

    [96mtests/setup.ts[0m:[93m36[0m:[93m18[0m - [91merror[0m[90m TS2304: [0mCannot find name 'jot'.

    [7m36[0m   updateDispute: jot.fn(),
    [7m  [0m [91m                 ~~~[0m

FAIL tests/officer/AuditLogViewer.test.js
  ● Test suite failed to run

    [96mtests/setup.ts[0m:[93m36[0m:[93m18[0m - [91merror[0m[90m TS2304: [0mCannot find name 'jot'.

    [7m36[0m   updateDispute: jot.fn(),
    [7m  [0m [91m                 ~~~[0m

FAIL tests/operational/ErrorHandler.test.js
  ● Test suite failed to run

    [96mtests/setup.ts[0m:[93m36[0m:[93m18[0m - [91merror[0m[90m TS2304: [0mCannot find name 'jot'.

    [7m36[0m   updateDispute: jot.fn(),
    [7m  [0m [91m                 ~~~[0m

FAIL tests/officer/DisputeManager.test.js
  ● Test suite failed to run

    [96mtests/setup.ts[0m:[93m36[0m:[93m18[0m - [91merror[0m[90m TS2304: [0mCannot find name 'jot'.

    [7m36[0m   updateDispute: jot.fn(),
    [7m  [0m [91m                 ~~~[0m

FAIL tests/operational/FeedbackSystem.test.js
  ● Test suite failed to run

    [96mtests/setup.ts[0m:[93m36[0m:[93m18[0m - [91merror[0m[90m TS2304: [0mCannot find name 'jot'.

    [7m36[0m   updateDispute: jot.fn(),
    [7m  [0m [91m                 ~~~[0m

FAIL tests/ai/RecommendationEngine.test.js
  ● Test suite failed to run

    [96mtests/setup.ts[0m:[93m36[0m:[93m18[0m - [91merror[0m[90m TS2304: [0mCannot find name 'jot'.

    [7m36[0m   updateDispute: jot.fn(),
    [7m  [0m [91m                 ~~~[0m

FAIL tests/onboarding/UserOnboarding.test.js
  ● Test suite failed to run

    [96mtests/setup.ts[0m:[93m36[0m:[93m18[0m - [91merror[0m[90m TS2304: [0mCannot find name 'jot'.

    [7m36[0m   updateDispute: jot.fn(),
    [7m  [0m [91m                 ~~~[0m

FAIL tests/socket/socket.test.js
  ● Test suite failed to run

    [96mtests/setup.ts[0m:[93m36[0m:[93m18[0m - [91merror[0m[90m TS2304: [0mCannot find name 'jot'.

    [7m36[0m   updateDispute: jot.fn(),
    [7m  [0m [91m                 ~~~[0m

FAIL tests/services/SecurityLogger.test.js
  ● Test suite failed to run

    [96mtests/setup.ts[0m:[93m36[0m:[93m18[0m - [91merror[0m[90m TS2304: [0mCannot find name 'jot'.

    [7m36[0m   updateDispute: jot.fn(),
    [7m  [0m [91m                 ~~~[0m

FAIL tests/premium/LoyaltyRewards.test.js
  ● Test suite failed to run

    [96mtests/setup.ts[0m:[93m36[0m:[93m18[0m - [91merror[0m[90m TS2304: [0mCannot find name 'jot'.

    [7m36[0m   updateDispute: jot.fn(),
    [7m  [0m [91m                 ~~~[0m

FAIL tests/mobile/MobileNotifications.test.js
  ● Test suite failed to run

    [96mtests/setup.ts[0m:[93m36[0m:[93m18[0m - [91merror[0m[90m TS2304: [0mCannot find name 'jot'.

    [7m36[0m   updateDispute: jot.fn(),
    [7m  [0m [91m                 ~~~[0m

FAIL tests/regression/WowRegression.test.js
  ● Test suite failed to run

    [96mtests/setup.ts[0m:[93m36[0m:[93m18[0m - [91merror[0m[90m TS2304: [0mCannot find name 'jot'.

    [7m36[0m   updateDispute: jot.fn(),
    [7m  [0m [91m                 ~~~[0m

FAIL tests/final/SecurityAudit.test.js
  ● Test suite failed to run

    [96mtests/setup.ts[0m:[93m36[0m:[93m18[0m - [91merror[0m[90m TS2304: [0mCannot find name 'jot'.

    [7m36[0m   updateDispute: jot.fn(),
    [7m  [0m [91m                 ~~~[0m

FAIL tests/onboarding/PreferencesSetup.test.js
  ● Test suite failed to run

    [96mtests/setup.ts[0m:[93m36[0m:[93m18[0m - [91merror[0m[90m TS2304: [0mCannot find name 'jot'.

    [7m36[0m   updateDispute: jot.fn(),
    [7m  [0m [91m                 ~~~[0m

FAIL tests/routes/disputes/analytics/arbitrator-performance.test.js
  ● Test suite failed to run

    [96mtests/setup.ts[0m:[93m36[0m:[93m18[0m - [91merror[0m[90m TS2304: [0mCannot find name 'jot'.

    [7m36[0m   updateDispute: jot.fn(),
    [7m  [0m [91m                 ~~~[0m

FAIL tests/onboarding/WelcomeNotification.test.js
  ● Test suite failed to run

    [96mtests/setup.ts[0m:[93m36[0m:[93m18[0m - [91merror[0m[90m TS2304: [0mCannot find name 'jot'.

    [7m36[0m   updateDispute: jot.fn(),
    [7m  [0m [91m                 ~~~[0m

FAIL tests/utils/logger.test.js
  ● Test suite failed to run

    [96mtests/setup.ts[0m:[93m36[0m:[93m18[0m - [91merror[0m[90m TS2304: [0mCannot find name 'jot'.

    [7m36[0m   updateDispute: jot.fn(),
    [7m  [0m [91m                 ~~~[0m

FAIL tests/final/UserAnalyticsReport.test.js
  ● Test suite failed to run

    [96mtests/setup.ts[0m:[93m36[0m:[93m18[0m - [91merror[0m[90m TS2304: [0mCannot find name 'jot'.

    [7m36[0m   updateDispute: jot.fn(),
    [7m  [0m [91m                 ~~~[0m

FAIL tests/services/escrow/EscrowNotificationService.test.js
  ● Test suite failed to run

    [96mtests/setup.ts[0m:[93m36[0m:[93m18[0m - [91merror[0m[90m TS2304: [0mCannot find name 'jot'.

    [7m36[0m   updateDispute: jot.fn(),
    [7m  [0m [91m                 ~~~[0m

FAIL tests/services/lender/LenderTermsExporter.test.js
  ● Test suite failed to run

    [96mtests/setup.ts[0m:[93m36[0m:[93m18[0m - [91merror[0m[90m TS2304: [0mCannot find name 'jot'.

    [7m36[0m   updateDispute: jot.fn(),
    [7m  [0m [91m                 ~~~[0m

FAIL dist/tests/services/escrow/escrow.service.test.js
  ● Test suite failed to run

    [96mtests/setup.ts[0m:[93m36[0m:[93m18[0m - [91merror[0m[90m TS2304: [0mCannot find name 'jot'.

    [7m36[0m   updateDispute: jot.fn(),
    [7m  [0m [91m                 ~~~[0m

FAIL tests/services/escrow/EscrowAuditService.test.js
  ● Test suite failed to run

    [96mtests/setup.ts[0m:[93m36[0m:[93m18[0m - [91merror[0m[90m TS2304: [0mCannot find name 'jot'.

    [7m36[0m   updateDispute: jot.fn(),
    [7m  [0m [91m                 ~~~[0m

FAIL tests/services/ai/TrustScoreEngine.test.js
  ● Test suite failed to run

    [96mtests/setup.ts[0m:[93m36[0m:[93m18[0m - [91merror[0m[90m TS2304: [0mCannot find name 'jot'.

    [7m36[0m   updateDispute: jot.fn(),
    [7m  [0m [91m                 ~~~[0m

FAIL tests/routes/escrow/escrowPaymentRoutes.test.js
  ● Test suite failed to run

    [96mtests/setup.ts[0m:[93m36[0m:[93m18[0m - [91merror[0m[90m TS2304: [0mCannot find name 'jot'.

    [7m36[0m   updateDispute: jot.fn(),
    [7m  [0m [91m                 ~~~[0m

FAIL tests/services/ai/PredictionEngine.test.js
  ● Test suite failed to run

    [96mtests/setup.ts[0m:[93m36[0m:[93m18[0m - [91merror[0m[90m TS2304: [0mCannot find name 'jot'.

    [7m36[0m   updateDispute: jot.fn(),
    [7m  [0m [91m                 ~~~[0m

FAIL tests/services/escrow/EscrowChainSync.test.js
  ● Test suite failed to run

    [96mtests/setup.ts[0m:[93m36[0m:[93m18[0m - [91merror[0m[90m TS2304: [0mCannot find name 'jot'.

    [7m36[0m   updateDispute: jot.fn(),
    [7m  [0m [91m                 ~~~[0m

FAIL tests/routes/user/userProfileRoutes.test.js
  ● Test suite failed to run

    [96mtests/setup.ts[0m:[93m36[0m:[93m18[0m - [91merror[0m[90m TS2304: [0mCannot find name 'jot'.

    [7m36[0m   updateDispute: jot.fn(),
    [7m  [0m [91m                 ~~~[0m

FAIL tests/routes/ai/insights.test.js
  ● Test suite failed to run

    [96mtests/setup.ts[0m:[93m36[0m:[93m18[0m - [91merror[0m[90m TS2304: [0mCannot find name 'jot'.

    [7m36[0m   updateDispute: jot.fn(),
    [7m  [0m [91m                 ~~~[0m

FAIL tests/routes/escrow/sync.test.js
  ● Test suite failed to run

    [96mtests/setup.ts[0m:[93m36[0m:[93m18[0m - [91merror[0m[90m TS2304: [0mCannot find name 'jot'.

    [7m36[0m   updateDispute: jot.fn(),
    [7m  [0m [91m                 ~~~[0m

FAIL tests/routes/buyer/auctions.test.js
  ● Test suite failed to run

    [96mtests/setup.ts[0m:[93m36[0m:[93m18[0m - [91merror[0m[90m TS2304: [0mCannot find name 'jot'.

    [7m36[0m   updateDispute: jot.fn(),
    [7m  [0m [91m                 ~~~[0m

FAIL tests/routes/auction/insights.test.js
  ● Test suite failed to run

    [96mtests/setup.ts[0m:[93m36[0m:[93m18[0m - [91merror[0m[90m TS2304: [0mCannot find name 'jot'.

    [7m36[0m   updateDispute: jot.fn(),
    [7m  [0m [91m                 ~~~[0m

FAIL dist/tests/payments/PaymentService.test.js
  ● Test suite failed to run

    [96mtests/setup.ts[0m:[93m36[0m:[93m18[0m - [91merror[0m[90m TS2304: [0mCannot find name 'jot'.

    [7m36[0m   updateDispute: jot.fn(),
    [7m  [0m [91m                 ~~~[0m

FAIL dist/tests/escrow/escrow.service.test.js
  ● Test suite failed to run

    [96mtests/setup.ts[0m:[93m36[0m:[93m18[0m - [91merror[0m[90m TS2304: [0mCannot find name 'jot'.

    [7m36[0m   updateDispute: jot.fn(),
    [7m  [0m [91m                 ~~~[0m

FAIL dist/tests/middleware/RBACMiddleware.test.js
  ● Test suite failed to run

    [96mtests/setup.ts[0m:[93m36[0m:[93m18[0m - [91merror[0m[90m TS2304: [0mCannot find name 'jot'.

    [7m36[0m   updateDispute: jot.fn(),
    [7m  [0m [91m                 ~~~[0m

FAIL tests/operational/ComplianceEnhancer.test.js
  ● Test suite failed to run

    [96mtests/setup.ts[0m:[93m36[0m:[93m18[0m - [91merror[0m[90m TS2304: [0mCannot find name 'jot'.

    [7m36[0m   updateDispute: jot.fn(),
    [7m  [0m [91m                 ~~~[0m

FAIL tests/services/ai/ValuationMetricsService.test.js
  ● Test suite failed to run

    [96mtests/setup.ts[0m:[93m36[0m:[93m18[0m - [91merror[0m[90m TS2304: [0mCannot find name 'jot'.

    [7m36[0m   updateDispute: jot.fn(),
    [7m  [0m [91m                 ~~~[0m

FAIL tests/routes/mechanic/mechanicRoutes.test.js
  ● Test suite failed to run

    [96mtests/setup.ts[0m:[93m36[0m:[93m18[0m - [91merror[0m[90m TS2304: [0mCannot find name 'jot'.

    [7m36[0m   updateDispute: jot.fn(),
    [7m  [0m [91m                 ~~~[0m

FAIL dist/tests/notification/NotificationService.test.js
  ● Test suite failed to run

    [96mtests/setup.ts[0m:[93m36[0m:[93m18[0m - [91merror[0m[90m TS2304: [0mCannot find name 'jot'.

    [7m36[0m   updateDispute: jot.fn(),
    [7m  [0m [91m                 ~~~[0m

FAIL dist/tests/auctions/auctions.test.js
  ● Test suite failed to run

    [96mtests/setup.ts[0m:[93m36[0m:[93m18[0m - [91merror[0m[90m TS2304: [0mCannot find name 'jot'.

    [7m36[0m   updateDispute: jot.fn(),
    [7m  [0m [91m                 ~~~[0m

FAIL dist/tests/reports/ReportService.test.js
  ● Test suite failed to run

    [96mtests/setup.ts[0m:[93m36[0m:[93m18[0m - [91merror[0m[90m TS2304: [0mCannot find name 'jot'.

    [7m36[0m   updateDispute: jot.fn(),
    [7m  [0m [91m                 ~~~[0m

FAIL tests/premium/CrossBorderCommerce.test.js
  ● Test suite failed to run

    [96mtests/setup.ts[0m:[93m36[0m:[93m18[0m - [91merror[0m[90m TS2304: [0mCannot find name 'jot'.

    [7m36[0m   updateDispute: jot.fn(),
    [7m  [0m [91m                 ~~~[0m

FAIL tests/services/escrow/escrow.service.test.ts
  ● Test suite failed to run

    [96mtests/setup.ts[0m:[93m36[0m:[93m18[0m - [91merror[0m[90m TS2304: [0mCannot find name 'jot'.

    [7m36[0m   updateDispute: jot.fn(),
    [7m  [0m [91m                 ~~~[0m

FAIL tests/premium/PremiumSupportChat.test.js
  ● Test suite failed to run

    [96mtests/setup.ts[0m:[93m36[0m:[93m18[0m - [91merror[0m[90m TS2304: [0mCannot find name 'jot'.

    [7m36[0m   updateDispute: jot.fn(),
    [7m  [0m [91m                 ~~~[0m

FAIL tests/user/UserProfile.test.js
  ● Test suite failed to run

    [96mtests/setup.ts[0m:[93m36[0m:[93m18[0m - [91merror[0m[90m TS2304: [0mCannot find name 'jot'.

    [7m36[0m   updateDispute: jot.fn(),
    [7m  [0m [91m                 ~~~[0m

FAIL tests/routes/escrow/escrowRoutes.test.js
  ● Test suite failed to run

    [96mtests/setup.ts[0m:[93m36[0m:[93m18[0m - [91merror[0m[90m TS2304: [0mCannot find name 'jot'.

    [7m36[0m   updateDispute: jot.fn(),
    [7m  [0m [91m                 ~~~[0m

FAIL tests/escrow/escrow.service.test.ts
  ● Test suite failed to run

    [96mtests/setup.ts[0m:[93m36[0m:[93m18[0m - [91merror[0m[90m TS2304: [0mCannot find name 'jot'.

    [7m36[0m   updateDispute: jot.fn(),
    [7m  [0m [91m                 ~~~[0m

FAIL tests/middleware/RBACMiddleware.test.ts
  ● Test suite failed to run

    [96mtests/setup.ts[0m:[93m36[0m:[93m18[0m - [91merror[0m[90m TS2304: [0mCannot find name 'jot'.

    [7m36[0m   updateDispute: jot.fn(),
    [7m  [0m [91m                 ~~~[0m

FAIL tests/services/escrow/EscrowAuditService.test.ts
  ● Test suite failed to run

    [96mtests/setup.ts[0m:[93m36[0m:[93m18[0m - [91merror[0m[90m TS2304: [0mCannot find name 'jot'.

    [7m36[0m   updateDispute: jot.fn(),
    [7m  [0m [91m                 ~~~[0m

FAIL tests/auctions/auctions.test.js
  ● Test suite failed to run

    [96mtests/setup.ts[0m:[93m36[0m:[93m18[0m - [91merror[0m[90m TS2304: [0mCannot find name 'jot'.

    [7m36[0m   updateDispute: jot.fn(),
    [7m  [0m [91m                 ~~~[0m

FAIL dist/tests/analytics/analytics.service.test.js
  ● Test suite failed to run

    [96mtests/setup.ts[0m:[93m36[0m:[93m18[0m - [91merror[0m[90m TS2304: [0mCannot find name 'jot'.

    [7m36[0m   updateDispute: jot.fn(),
    [7m  [0m [91m                 ~~~[0m

FAIL tests/auction/BidHeatmapService.test.ts
  ● Test suite failed to run

    [96mtests/setup.ts[0m:[93m36[0m:[93m18[0m - [91merror[0m[90m TS2304: [0mCannot find name 'jot'.

    [7m36[0m   updateDispute: jot.fn(),
    [7m  [0m [91m                 ~~~[0m

FAIL tests/analytics/analytics.service.test.ts
  ● Test suite failed to run

    [96mtests/setup.ts[0m:[93m36[0m:[93m18[0m - [91merror[0m[90m TS2304: [0mCannot find name 'jot'.

    [7m36[0m   updateDispute: jot.fn(),
    [7m  [0m [91m                 ~~~[0m

FAIL tests/auction/AuctionReputationTracker.test.js
  ● Test suite failed to run

    [96mtests/setup.ts[0m:[93m36[0m:[93m18[0m - [91merror[0m[90m TS2304: [0mCannot find name 'jot'.

    [7m36[0m   updateDispute: jot.fn(),
    [7m  [0m [91m                 ~~~[0m

FAIL tests/auctions/auctions.test.ts
  ● Test suite failed to run

    [96mtests/setup.ts[0m:[93m36[0m:[93m18[0m - [91merror[0m[90m TS2304: [0mCannot find name 'jot'.

    [7m36[0m   updateDispute: jot.fn(),
    [7m  [0m [91m                 ~~~[0m

FAIL tests/analytics/analytics.service.test.js
  ● Test suite failed to run

    [96mtests/setup.ts[0m:[93m36[0m:[93m18[0m - [91merror[0m[90m TS2304: [0mCannot find name 'jot'.

    [7m36[0m   updateDispute: jot.fn(),
    [7m  [0m [91m                 ~~~[0m

FAIL tests/escrow/escrow.service.test.js
  ● Test suite failed to run

    [96mtests/setup.ts[0m:[93m36[0m:[93m18[0m - [91merror[0m[90m TS2304: [0mCannot find name 'jot'.

    [7m36[0m   updateDispute: jot.fn(),
    [7m  [0m [91m                 ~~~[0m

----------|---------|----------|---------|---------|-------------------
File      | % Stmts | % Branch | % Funcs | % Lines | Uncovered Line #s 
----------|---------|----------|---------|---------|-------------------
All files |       0 |        0 |       0 |       0 |                   
----------|---------|----------|---------|---------|-------------------

        Failed to write coverage reports:
        ERROR: Error: EPERM: operation not permitted, open 'C:\CFH\backend\coverage\lcov-report\desktop.ini'
        STACK: Error: EPERM: operation not permitted, open 'C:\CFH\backend\coverage\lcov-report\desktop.ini'
    at Object.openSync (node:fs:596:3)
    at Object.writeFileSync (node:fs:2322:35)
    at FileWriter.copyFile (C:\CFH\backend\node_modules\istanbul-lib-report\lib\file-writer.js:167:12)
    at C:\CFH\backend\node_modules\istanbul-reports\lib\html\index.js:347:28
    at Array.forEach (<anonymous>)
    at C:\CFH\backend\node_modules\istanbul-reports\lib\html\index.js:336:36
    at Array.forEach (<anonymous>)
    at HtmlReport.onStart (C:\CFH\backend\node_modules\istanbul-reports\lib\html\index.js:333:25)
    at LcovReport.<computed> [as onStart] (C:\CFH\backend\node_modules\istanbul-reports\lib\lcov\index.js:28:23)
    at Visitor.value (C:\CFH\backend\node_modules\istanbul-lib-report\lib\tree.js:38:38)
      
Summary of all failing tests
FAIL tests/user/UserSettings.test.js
  ● Test suite failed to run

    [96mtests/setup.ts[0m:[93m36[0m:[93m18[0m - [91merror[0m[90m TS2304: [0mCannot find name 'jot'.

    [7m36[0m   updateDispute: jot.fn(),
    [7m  [0m [91m                 ~~~[0m

FAIL tests/notification/NotificationService.test.ts
  ● Test suite failed to run

    [96mtests/setup.ts[0m:[93m36[0m:[93m18[0m - [91merror[0m[90m TS2304: [0mCannot find name 'jot'.

    [7m36[0m   updateDispute: jot.fn(),
    [7m  [0m [91m                 ~~~[0m

FAIL tests/auction/BidValidator.test.js
  ● Test suite failed to run

    [96mtests/setup.ts[0m:[93m36[0m:[93m18[0m - [91merror[0m[90m TS2304: [0mCannot find name 'jot'.

    [7m36[0m   updateDispute: jot.fn(),
    [7m  [0m [91m                 ~~~[0m

FAIL tests/user/UserPreferences.test.js
  ● Test suite failed to run

    [96mtests/setup.ts[0m:[93m36[0m:[93m18[0m - [91merror[0m[90m TS2304: [0mCannot find name 'jot'.

    [7m36[0m   updateDispute: jot.fn(),
    [7m  [0m [91m                 ~~~[0m

FAIL tests/user/UserActivity.test.js
  ● Test suite failed to run

    [96mtests/setup.ts[0m:[93m36[0m:[93m18[0m - [91merror[0m[90m TS2304: [0mCannot find name 'jot'.

    [7m36[0m   updateDispute: jot.fn(),
    [7m  [0m [91m                 ~~~[0m

FAIL tests/auction/AuctionHistory.test.js
  ● Test suite failed to run

    [96mtests/setup.ts[0m:[93m36[0m:[93m18[0m - [91merror[0m[90m TS2304: [0mCannot find name 'jot'.

    [7m36[0m   updateDispute: jot.fn(),
    [7m  [0m [91m                 ~~~[0m

FAIL tests/payments/PaymentService.test.ts
  ● Test suite failed to run

    [96mtests/setup.ts[0m:[93m36[0m:[93m18[0m - [91merror[0m[90m TS2304: [0mCannot find name 'jot'.

    [7m36[0m   updateDispute: jot.fn(),
    [7m  [0m [91m                 ~~~[0m

FAIL tests/security/SessionValidator.test.js
  ● Test suite failed to run

    [96mtests/setup.ts[0m:[93m36[0m:[93m18[0m - [91merror[0m[90m TS2304: [0mCannot find name 'jot'.

    [7m36[0m   updateDispute: jot.fn(),
    [7m  [0m [91m                 ~~~[0m

FAIL tests/auction/AuctionScheduler.test.js
  ● Test suite failed to run

    [96mtests/setup.ts[0m:[93m36[0m:[93m18[0m - [91merror[0m[90m TS2304: [0mCannot find name 'jot'.

    [7m36[0m   updateDispute: jot.fn(),
    [7m  [0m [91m                 ~~~[0m

FAIL tests/premium/ARVehicleView.test.js
  ● Test suite failed to run

    [96mtests/setup.ts[0m:[93m36[0m:[93m18[0m - [91merror[0m[90m TS2304: [0mCannot find name 'jot'.

    [7m36[0m   updateDispute: jot.fn(),
    [7m  [0m [91m                 ~~~[0m

FAIL tests/mobile/MobileBidHandler.test.js
  ● Test suite failed to run

    [96mtests/setup.ts[0m:[93m36[0m:[93m18[0m - [91merror[0m[90m TS2304: [0mCannot find name 'jot'.

    [7m36[0m   updateDispute: jot.fn(),
    [7m  [0m [91m                 ~~~[0m

FAIL tests/operational/PaymentProcessor.test.js
  ● Test suite failed to run

    [96mtests/setup.ts[0m:[93m36[0m:[93m18[0m - [91merror[0m[90m TS2304: [0mCannot find name 'jot'.

    [7m36[0m   updateDispute: jot.fn(),
    [7m  [0m [91m                 ~~~[0m

FAIL tests/premium/VoiceBidAssistant.test.js
  ● Test suite failed to run

    [96mtests/setup.ts[0m:[93m36[0m:[93m18[0m - [91merror[0m[90m TS2304: [0mCannot find name 'jot'.

    [7m36[0m   updateDispute: jot.fn(),
    [7m  [0m [91m                 ~~~[0m

FAIL tests/user/UserNotifications.test.js
  ● Test suite failed to run

    [96mtests/setup.ts[0m:[93m36[0m:[93m18[0m - [91merror[0m[90m TS2304: [0mCannot find name 'jot'.

    [7m36[0m   updateDispute: jot.fn(),
    [7m  [0m [91m                 ~~~[0m

FAIL tests/premium/AIAuctionSimulator.test.js
  ● Test suite failed to run

    [96mtests/setup.ts[0m:[93m36[0m:[93m18[0m - [91merror[0m[90m TS2304: [0mCannot find name 'jot'.

    [7m36[0m   updateDispute: jot.fn(),
    [7m  [0m [91m                 ~~~[0m

FAIL tests/reports/ReportService.test.ts
  ● Test suite failed to run

    [96mtests/setup.ts[0m:[93m36[0m:[93m18[0m - [91merror[0m[90m TS2304: [0mCannot find name 'jot'.

    [7m36[0m   updateDispute: jot.fn(),
    [7m  [0m [91m                 ~~~[0m

FAIL tests/security/RateLimiter.test.js
  ● Test suite failed to run

    [96mtests/setup.ts[0m:[93m36[0m:[93m18[0m - [91merror[0m[90m TS2304: [0mCannot find name 'jot'.

    [7m36[0m   updateDispute: jot.fn(),
    [7m  [0m [91m                 ~~~[0m

FAIL tests/premium/VirtualAuctionRoom.test.js
  ● Test suite failed to run

    [96mtests/setup.ts[0m:[93m36[0m:[93m18[0m - [91merror[0m[90m TS2304: [0mCannot find name 'jot'.

    [7m36[0m   updateDispute: jot.fn(),
    [7m  [0m [91m                 ~~~[0m

FAIL tests/premium/PostAuctionInsights.test.js
  ● Test suite failed to run

    [96mtests/setup.ts[0m:[93m36[0m:[93m18[0m - [91merror[0m[90m TS2304: [0mCannot find name 'jot'.

    [7m36[0m   updateDispute: jot.fn(),
    [7m  [0m [91m                 ~~~[0m

FAIL tests/premium/VRVehicleTour.test.js
  ● Test suite failed to run

    [96mtests/setup.ts[0m:[93m36[0m:[93m18[0m - [91merror[0m[90m TS2304: [0mCannot find name 'jot'.

    [7m36[0m   updateDispute: jot.fn(),
    [7m  [0m [91m                 ~~~[0m

FAIL tests/operational/LaunchChecklist.test.js
  ● Test suite failed to run

    [96mtests/setup.ts[0m:[93m36[0m:[93m18[0m - [91merror[0m[90m TS2304: [0mCannot find name 'jot'.

    [7m36[0m   updateDispute: jot.fn(),
    [7m  [0m [91m                 ~~~[0m

FAIL tests/config/AuctionConfig.test.js
  ● Test suite failed to run

    [96mtests/setup.ts[0m:[93m36[0m:[93m18[0m - [91merror[0m[90m TS2304: [0mCannot find name 'jot'.

    [7m36[0m   updateDispute: jot.fn(),
    [7m  [0m [91m                 ~~~[0m

FAIL tests/security/DDoSProtector.test.js
  ● Test suite failed to run

    [96mtests/setup.ts[0m:[93m36[0m:[93m18[0m - [91merror[0m[90m TS2304: [0mCannot find name 'jot'.

    [7m36[0m   updateDispute: jot.fn(),
    [7m  [0m [91m                 ~~~[0m

FAIL tests/user/UserAuth.test.js
  ● Test suite failed to run

    [96mtests/setup.ts[0m:[93m36[0m:[93m18[0m - [91merror[0m[90m TS2304: [0mCannot find name 'jot'.

    [7m36[0m   updateDispute: jot.fn(),
    [7m  [0m [91m                 ~~~[0m

FAIL tests/premium/SocialGamification.test.js
  ● Test suite failed to run

    [96mtests/setup.ts[0m:[93m36[0m:[93m18[0m - [91merror[0m[90m TS2304: [0mCannot find name 'jot'.

    [7m36[0m   updateDispute: jot.fn(),
    [7m  [0m [91m                 ~~~[0m

FAIL tests/premium/DynamicPricing.test.js
  ● Test suite failed to run

    [96mtests/setup.ts[0m:[93m36[0m:[93m18[0m - [91merror[0m[90m TS2304: [0mCannot find name 'jot'.

    [7m36[0m   updateDispute: jot.fn(),
    [7m  [0m [91m                 ~~~[0m

FAIL tests/premium/BlockchainAudit.test.js
  ● Test suite failed to run

    [96mtests/setup.ts[0m:[93m36[0m:[93m18[0m - [91merror[0m[90m TS2304: [0mCannot find name 'jot'.

    [7m36[0m   updateDispute: jot.fn(),
    [7m  [0m [91m                 ~~~[0m

FAIL tests/auction/AuctionNotifier.test.js
  ● Test suite failed to run

    [96mtests/setup.ts[0m:[93m36[0m:[93m18[0m - [91merror[0m[90m TS2304: [0mCannot find name 'jot'.

    [7m36[0m   updateDispute: jot.fn(),
    [7m  [0m [91m                 ~~~[0m

FAIL tests/auction/AuctionMetrics.test.js
  ● Test suite failed to run

    [96mtests/setup.ts[0m:[93m36[0m:[93m18[0m - [91merror[0m[90m TS2304: [0mCannot find name 'jot'.

    [7m36[0m   updateDispute: jot.fn(),
    [7m  [0m [91m                 ~~~[0m

FAIL tests/premium/SocialShareHelper.test.js
  ● Test suite failed to run

    [96mtests/setup.ts[0m:[93m36[0m:[93m18[0m - [91merror[0m[90m TS2304: [0mCannot find name 'jot'.

    [7m36[0m   updateDispute: jot.fn(),
    [7m  [0m [91m                 ~~~[0m

FAIL tests/ai/PredictionEngine.test.js
  ● Test suite failed to run

    [96mtests/setup.ts[0m:[93m36[0m:[93m18[0m - [91merror[0m[90m TS2304: [0mCannot find name 'jot'.

    [7m36[0m   updateDispute: jot.fn(),
    [7m  [0m [91m                 ~~~[0m

FAIL tests/premium/RealTimePredictor.test.js
  ● Test suite failed to run

    [96mtests/setup.ts[0m:[93m36[0m:[93m18[0m - [91merror[0m[90m TS2304: [0mCannot find name 'jot'.

    [7m36[0m   updateDispute: jot.fn(),
    [7m  [0m [91m                 ~~~[0m

FAIL tests/officer/PlatformMonitor.test.js
  ● Test suite failed to run

    [96mtests/setup.ts[0m:[93m36[0m:[93m18[0m - [91merror[0m[90m TS2304: [0mCannot find name 'jot'.

    [7m36[0m   updateDispute: jot.fn(),
    [7m  [0m [91m                 ~~~[0m

FAIL tests/officer/ComplianceChecker.test.js
  ● Test suite failed to run

    [96mtests/setup.ts[0m:[93m36[0m:[93m18[0m - [91merror[0m[90m TS2304: [0mCannot find name 'jot'.

    [7m36[0m   updateDispute: jot.fn(),
    [7m  [0m [91m                 ~~~[0m

FAIL tests/final/FinalTesting.test.js
  ● Test suite failed to run

    [96mtests/setup.ts[0m:[93m36[0m:[93m18[0m - [91merror[0m[90m TS2304: [0mCannot find name 'jot'.

    [7m36[0m   updateDispute: jot.fn(),
    [7m  [0m [91m                 ~~~[0m

FAIL tests/premium/AIInsightSeller.test.js
  ● Test suite failed to run

    [96mtests/setup.ts[0m:[93m36[0m:[93m18[0m - [91merror[0m[90m TS2304: [0mCannot find name 'jot'.

    [7m36[0m   updateDispute: jot.fn(),
    [7m  [0m [91m                 ~~~[0m

FAIL tests/operational/PerformanceOptimizer.test.js
  ● Test suite failed to run

    [96mtests/setup.ts[0m:[93m36[0m:[93m18[0m - [91merror[0m[90m TS2304: [0mCannot find name 'jot'.

    [7m36[0m   updateDispute: jot.fn(),
    [7m  [0m [91m                 ~~~[0m

FAIL tests/ai/TrendAnimation.test.js
  ● Test suite failed to run

    [96mtests/setup.ts[0m:[93m36[0m:[93m18[0m - [91merror[0m[90m TS2304: [0mCannot find name 'jot'.

    [7m36[0m   updateDispute: jot.fn(),
    [7m  [0m [91m                 ~~~[0m

FAIL tests/premium/AIInsightBuyer.test.js
  ● Test suite failed to run

    [96mtests/setup.ts[0m:[93m36[0m:[93m18[0m - [91merror[0m[90m TS2304: [0mCannot find name 'jot'.

    [7m36[0m   updateDispute: jot.fn(),
    [7m  [0m [91m                 ~~~[0m

FAIL tests/auction/AuctionManager.test.js
  ● Test suite failed to run

    [96mtests/setup.ts[0m:[93m36[0m:[93m18[0m - [91merror[0m[90m TS2304: [0mCannot find name 'jot'.

    [7m36[0m   updateDispute: jot.fn(),
    [7m  [0m [91m                 ~~~[0m

FAIL tests/ai/Heatmap.test.js
  ● Test suite failed to run

    [96mtests/setup.ts[0m:[93m36[0m:[93m18[0m - [91merror[0m[90m TS2304: [0mCannot find name 'jot'.

    [7m36[0m   updateDispute: jot.fn(),
    [7m  [0m [91m                 ~~~[0m

FAIL tests/coachPlanRoute.test.js
  ● Test suite failed to run

    [96mtests/setup.ts[0m:[93m36[0m:[93m18[0m - [91merror[0m[90m TS2304: [0mCannot find name 'jot'.

    [7m36[0m   updateDispute: jot.fn(),
    [7m  [0m [91m                 ~~~[0m

FAIL tests/officer/ListingApproval.test.js
  ● Test suite failed to run

    [96mtests/setup.ts[0m:[93m36[0m:[93m18[0m - [91merror[0m[90m TS2304: [0mCannot find name 'jot'.

    [7m36[0m   updateDispute: jot.fn(),
    [7m  [0m [91m                 ~~~[0m

FAIL tests/officer/UserManagement.test.js
  ● Test suite failed to run

    [96mtests/setup.ts[0m:[93m36[0m:[93m18[0m - [91merror[0m[90m TS2304: [0mCannot find name 'jot'.

    [7m36[0m   updateDispute: jot.fn(),
    [7m  [0m [91m                 ~~~[0m

FAIL tests/officer/AuditLogViewer.test.js
  ● Test suite failed to run

    [96mtests/setup.ts[0m:[93m36[0m:[93m18[0m - [91merror[0m[90m TS2304: [0mCannot find name 'jot'.

    [7m36[0m   updateDispute: jot.fn(),
    [7m  [0m [91m                 ~~~[0m

FAIL tests/operational/ErrorHandler.test.js
  ● Test suite failed to run

    [96mtests/setup.ts[0m:[93m36[0m:[93m18[0m - [91merror[0m[90m TS2304: [0mCannot find name 'jot'.

    [7m36[0m   updateDispute: jot.fn(),
    [7m  [0m [91m                 ~~~[0m

FAIL tests/officer/DisputeManager.test.js
  ● Test suite failed to run

    [96mtests/setup.ts[0m:[93m36[0m:[93m18[0m - [91merror[0m[90m TS2304: [0mCannot find name 'jot'.

    [7m36[0m   updateDispute: jot.fn(),
    [7m  [0m [91m                 ~~~[0m

FAIL tests/operational/FeedbackSystem.test.js
  ● Test suite failed to run

    [96mtests/setup.ts[0m:[93m36[0m:[93m18[0m - [91merror[0m[90m TS2304: [0mCannot find name 'jot'.

    [7m36[0m   updateDispute: jot.fn(),
    [7m  [0m [91m                 ~~~[0m

FAIL tests/ai/RecommendationEngine.test.js
  ● Test suite failed to run

    [96mtests/setup.ts[0m:[93m36[0m:[93m18[0m - [91merror[0m[90m TS2304: [0mCannot find name 'jot'.

    [7m36[0m   updateDispute: jot.fn(),
    [7m  [0m [91m                 ~~~[0m

FAIL tests/onboarding/UserOnboarding.test.js
  ● Test suite failed to run

    [96mtests/setup.ts[0m:[93m36[0m:[93m18[0m - [91merror[0m[90m TS2304: [0mCannot find name 'jot'.

    [7m36[0m   updateDispute: jot.fn(),
    [7m  [0m [91m                 ~~~[0m

FAIL tests/socket/socket.test.js
  ● Test suite failed to run

    [96mtests/setup.ts[0m:[93m36[0m:[93m18[0m - [91merror[0m[90m TS2304: [0mCannot find name 'jot'.

    [7m36[0m   updateDispute: jot.fn(),
    [7m  [0m [91m                 ~~~[0m

FAIL tests/services/SecurityLogger.test.js
  ● Test suite failed to run

    [96mtests/setup.ts[0m:[93m36[0m:[93m18[0m - [91merror[0m[90m TS2304: [0mCannot find name 'jot'.

    [7m36[0m   updateDispute: jot.fn(),
    [7m  [0m [91m                 ~~~[0m

FAIL tests/premium/LoyaltyRewards.test.js
  ● Test suite failed to run

    [96mtests/setup.ts[0m:[93m36[0m:[93m18[0m - [91merror[0m[90m TS2304: [0mCannot find name 'jot'.

    [7m36[0m   updateDispute: jot.fn(),
    [7m  [0m [91m                 ~~~[0m

FAIL tests/mobile/MobileNotifications.test.js
  ● Test suite failed to run

    [96mtests/setup.ts[0m:[93m36[0m:[93m18[0m - [91merror[0m[90m TS2304: [0mCannot find name 'jot'.

    [7m36[0m   updateDispute: jot.fn(),
    [7m  [0m [91m                 ~~~[0m

FAIL tests/regression/WowRegression.test.js
  ● Test suite failed to run

    [96mtests/setup.ts[0m:[93m36[0m:[93m18[0m - [91merror[0m[90m TS2304: [0mCannot find name 'jot'.

    [7m36[0m   updateDispute: jot.fn(),
    [7m  [0m [91m                 ~~~[0m

FAIL tests/final/SecurityAudit.test.js
  ● Test suite failed to run

    [96mtests/setup.ts[0m:[93m36[0m:[93m18[0m - [91merror[0m[90m TS2304: [0mCannot find name 'jot'.

    [7m36[0m   updateDispute: jot.fn(),
    [7m  [0m [91m                 ~~~[0m

FAIL tests/onboarding/PreferencesSetup.test.js
  ● Test suite failed to run

    [96mtests/setup.ts[0m:[93m36[0m:[93m18[0m - [91merror[0m[90m TS2304: [0mCannot find name 'jot'.

    [7m36[0m   updateDispute: jot.fn(),
    [7m  [0m [91m                 ~~~[0m

FAIL tests/routes/disputes/analytics/arbitrator-performance.test.js
  ● Test suite failed to run

    [96mtests/setup.ts[0m:[93m36[0m:[93m18[0m - [91merror[0m[90m TS2304: [0mCannot find name 'jot'.

    [7m36[0m   updateDispute: jot.fn(),
    [7m  [0m [91m                 ~~~[0m

FAIL tests/onboarding/WelcomeNotification.test.js
  ● Test suite failed to run

    [96mtests/setup.ts[0m:[93m36[0m:[93m18[0m - [91merror[0m[90m TS2304: [0mCannot find name 'jot'.

    [7m36[0m   updateDispute: jot.fn(),
    [7m  [0m [91m                 ~~~[0m

FAIL tests/utils/logger.test.js
  ● Test suite failed to run

    [96mtests/setup.ts[0m:[93m36[0m:[93m18[0m - [91merror[0m[90m TS2304: [0mCannot find name 'jot'.

    [7m36[0m   updateDispute: jot.fn(),
    [7m  [0m [91m                 ~~~[0m

FAIL tests/final/UserAnalyticsReport.test.js
  ● Test suite failed to run

    [96mtests/setup.ts[0m:[93m36[0m:[93m18[0m - [91merror[0m[90m TS2304: [0mCannot find name 'jot'.

    [7m36[0m   updateDispute: jot.fn(),
    [7m  [0m [91m                 ~~~[0m

FAIL tests/services/escrow/EscrowNotificationService.test.js
  ● Test suite failed to run

    [96mtests/setup.ts[0m:[93m36[0m:[93m18[0m - [91merror[0m[90m TS2304: [0mCannot find name 'jot'.

    [7m36[0m   updateDispute: jot.fn(),
    [7m  [0m [91m                 ~~~[0m

FAIL tests/services/lender/LenderTermsExporter.test.js
  ● Test suite failed to run

    [96mtests/setup.ts[0m:[93m36[0m:[93m18[0m - [91merror[0m[90m TS2304: [0mCannot find name 'jot'.

    [7m36[0m   updateDispute: jot.fn(),
    [7m  [0m [91m                 ~~~[0m

FAIL dist/tests/services/escrow/escrow.service.test.js
  ● Test suite failed to run

    [96mtests/setup.ts[0m:[93m36[0m:[93m18[0m - [91merror[0m[90m TS2304: [0mCannot find name 'jot'.

    [7m36[0m   updateDispute: jot.fn(),
    [7m  [0m [91m                 ~~~[0m

FAIL tests/services/escrow/EscrowAuditService.test.js
  ● Test suite failed to run

    [96mtests/setup.ts[0m:[93m36[0m:[93m18[0m - [91merror[0m[90m TS2304: [0mCannot find name 'jot'.

    [7m36[0m   updateDispute: jot.fn(),
    [7m  [0m [91m                 ~~~[0m

FAIL tests/services/ai/TrustScoreEngine.test.js
  ● Test suite failed to run

    [96mtests/setup.ts[0m:[93m36[0m:[93m18[0m - [91merror[0m[90m TS2304: [0mCannot find name 'jot'.

    [7m36[0m   updateDispute: jot.fn(),
    [7m  [0m [91m                 ~~~[0m

FAIL tests/routes/escrow/escrowPaymentRoutes.test.js
  ● Test suite failed to run

    [96mtests/setup.ts[0m:[93m36[0m:[93m18[0m - [91merror[0m[90m TS2304: [0mCannot find name 'jot'.

    [7m36[0m   updateDispute: jot.fn(),
    [7m  [0m [91m                 ~~~[0m

FAIL tests/services/ai/PredictionEngine.test.js
  ● Test suite failed to run

    [96mtests/setup.ts[0m:[93m36[0m:[93m18[0m - [91merror[0m[90m TS2304: [0mCannot find name 'jot'.

    [7m36[0m   updateDispute: jot.fn(),
    [7m  [0m [91m                 ~~~[0m

FAIL tests/services/escrow/EscrowChainSync.test.js
  ● Test suite failed to run

    [96mtests/setup.ts[0m:[93m36[0m:[93m18[0m - [91merror[0m[90m TS2304: [0mCannot find name 'jot'.

    [7m36[0m   updateDispute: jot.fn(),
    [7m  [0m [91m                 ~~~[0m

FAIL tests/routes/user/userProfileRoutes.test.js
  ● Test suite failed to run

    [96mtests/setup.ts[0m:[93m36[0m:[93m18[0m - [91merror[0m[90m TS2304: [0mCannot find name 'jot'.

    [7m36[0m   updateDispute: jot.fn(),
    [7m  [0m [91m                 ~~~[0m

FAIL tests/routes/ai/insights.test.js
  ● Test suite failed to run

    [96mtests/setup.ts[0m:[93m36[0m:[93m18[0m - [91merror[0m[90m TS2304: [0mCannot find name 'jot'.

    [7m36[0m   updateDispute: jot.fn(),
    [7m  [0m [91m                 ~~~[0m

FAIL tests/routes/escrow/sync.test.js
  ● Test suite failed to run

    [96mtests/setup.ts[0m:[93m36[0m:[93m18[0m - [91merror[0m[90m TS2304: [0mCannot find name 'jot'.

    [7m36[0m   updateDispute: jot.fn(),
    [7m  [0m [91m                 ~~~[0m

FAIL tests/routes/buyer/auctions.test.js
  ● Test suite failed to run

    [96mtests/setup.ts[0m:[93m36[0m:[93m18[0m - [91merror[0m[90m TS2304: [0mCannot find name 'jot'.

    [7m36[0m   updateDispute: jot.fn(),
    [7m  [0m [91m                 ~~~[0m

FAIL tests/routes/auction/insights.test.js
  ● Test suite failed to run

    [96mtests/setup.ts[0m:[93m36[0m:[93m18[0m - [91merror[0m[90m TS2304: [0mCannot find name 'jot'.

    [7m36[0m   updateDispute: jot.fn(),
    [7m  [0m [91m                 ~~~[0m

FAIL dist/tests/payments/PaymentService.test.js
  ● Test suite failed to run

    [96mtests/setup.ts[0m:[93m36[0m:[93m18[0m - [91merror[0m[90m TS2304: [0mCannot find name 'jot'.

    [7m36[0m   updateDispute: jot.fn(),
    [7m  [0m [91m                 ~~~[0m

FAIL dist/tests/escrow/escrow.service.test.js
  ● Test suite failed to run

    [96mtests/setup.ts[0m:[93m36[0m:[93m18[0m - [91merror[0m[90m TS2304: [0mCannot find name 'jot'.

    [7m36[0m   updateDispute: jot.fn(),
    [7m  [0m [91m                 ~~~[0m

FAIL dist/tests/middleware/RBACMiddleware.test.js
  ● Test suite failed to run

    [96mtests/setup.ts[0m:[93m36[0m:[93m18[0m - [91merror[0m[90m TS2304: [0mCannot find name 'jot'.

    [7m36[0m   updateDispute: jot.fn(),
    [7m  [0m [91m                 ~~~[0m

FAIL tests/operational/ComplianceEnhancer.test.js
  ● Test suite failed to run

    [96mtests/setup.ts[0m:[93m36[0m:[93m18[0m - [91merror[0m[90m TS2304: [0mCannot find name 'jot'.

    [7m36[0m   updateDispute: jot.fn(),
    [7m  [0m [91m                 ~~~[0m

FAIL tests/services/ai/ValuationMetricsService.test.js
  ● Test suite failed to run

    [96mtests/setup.ts[0m:[93m36[0m:[93m18[0m - [91merror[0m[90m TS2304: [0mCannot find name 'jot'.

    [7m36[0m   updateDispute: jot.fn(),
    [7m  [0m [91m                 ~~~[0m

FAIL tests/routes/mechanic/mechanicRoutes.test.js
  ● Test suite failed to run

    [96mtests/setup.ts[0m:[93m36[0m:[93m18[0m - [91merror[0m[90m TS2304: [0mCannot find name 'jot'.

    [7m36[0m   updateDispute: jot.fn(),
    [7m  [0m [91m                 ~~~[0m

FAIL dist/tests/notification/NotificationService.test.js
  ● Test suite failed to run

    [96mtests/setup.ts[0m:[93m36[0m:[93m18[0m - [91merror[0m[90m TS2304: [0mCannot find name 'jot'.

    [7m36[0m   updateDispute: jot.fn(),
    [7m  [0m [91m                 ~~~[0m

FAIL dist/tests/auctions/auctions.test.js
  ● Test suite failed to run

    [96mtests/setup.ts[0m:[93m36[0m:[93m18[0m - [91merror[0m[90m TS2304: [0mCannot find name 'jot'.

    [7m36[0m   updateDispute: jot.fn(),
    [7m  [0m [91m                 ~~~[0m

FAIL dist/tests/reports/ReportService.test.js
  ● Test suite failed to run

    [96mtests/setup.ts[0m:[93m36[0m:[93m18[0m - [91merror[0m[90m TS2304: [0mCannot find name 'jot'.

    [7m36[0m   updateDispute: jot.fn(),
    [7m  [0m [91m                 ~~~[0m

FAIL tests/premium/CrossBorderCommerce.test.js
  ● Test suite failed to run

    [96mtests/setup.ts[0m:[93m36[0m:[93m18[0m - [91merror[0m[90m TS2304: [0mCannot find name 'jot'.

    [7m36[0m   updateDispute: jot.fn(),
    [7m  [0m [91m                 ~~~[0m

FAIL tests/services/escrow/escrow.service.test.ts
  ● Test suite failed to run

    [96mtests/setup.ts[0m:[93m36[0m:[93m18[0m - [91merror[0m[90m TS2304: [0mCannot find name 'jot'.

    [7m36[0m   updateDispute: jot.fn(),
    [7m  [0m [91m                 ~~~[0m

FAIL tests/premium/PremiumSupportChat.test.js
  ● Test suite failed to run

    [96mtests/setup.ts[0m:[93m36[0m:[93m18[0m - [91merror[0m[90m TS2304: [0mCannot find name 'jot'.

    [7m36[0m   updateDispute: jot.fn(),
    [7m  [0m [91m                 ~~~[0m

FAIL tests/user/UserProfile.test.js
  ● Test suite failed to run

    [96mtests/setup.ts[0m:[93m36[0m:[93m18[0m - [91merror[0m[90m TS2304: [0mCannot find name 'jot'.

    [7m36[0m   updateDispute: jot.fn(),
    [7m  [0m [91m                 ~~~[0m

FAIL tests/routes/escrow/escrowRoutes.test.js
  ● Test suite failed to run

    [96mtests/setup.ts[0m:[93m36[0m:[93m18[0m - [91merror[0m[90m TS2304: [0mCannot find name 'jot'.

    [7m36[0m   updateDispute: jot.fn(),
    [7m  [0m [91m                 ~~~[0m

FAIL tests/escrow/escrow.service.test.ts
  ● Test suite failed to run

    [96mtests/setup.ts[0m:[93m36[0m:[93m18[0m - [91merror[0m[90m TS2304: [0mCannot find name 'jot'.

    [7m36[0m   updateDispute: jot.fn(),
    [7m  [0m [91m                 ~~~[0m

FAIL tests/middleware/RBACMiddleware.test.ts
  ● Test suite failed to run

    [96mtests/setup.ts[0m:[93m36[0m:[93m18[0m - [91merror[0m[90m TS2304: [0mCannot find name 'jot'.

    [7m36[0m   updateDispute: jot.fn(),
    [7m  [0m [91m                 ~~~[0m

FAIL tests/services/escrow/EscrowAuditService.test.ts
  ● Test suite failed to run

    [96mtests/setup.ts[0m:[93m36[0m:[93m18[0m - [91merror[0m[90m TS2304: [0mCannot find name 'jot'.

    [7m36[0m   updateDispute: jot.fn(),
    [7m  [0m [91m                 ~~~[0m

FAIL tests/auctions/auctions.test.js
  ● Test suite failed to run

    [96mtests/setup.ts[0m:[93m36[0m:[93m18[0m - [91merror[0m[90m TS2304: [0mCannot find name 'jot'.

    [7m36[0m   updateDispute: jot.fn(),
    [7m  [0m [91m                 ~~~[0m

FAIL dist/tests/analytics/analytics.service.test.js
  ● Test suite failed to run

    [96mtests/setup.ts[0m:[93m36[0m:[93m18[0m - [91merror[0m[90m TS2304: [0mCannot find name 'jot'.

    [7m36[0m   updateDispute: jot.fn(),
    [7m  [0m [91m                 ~~~[0m

FAIL tests/auction/BidHeatmapService.test.ts
  ● Test suite failed to run

    [96mtests/setup.ts[0m:[93m36[0m:[93m18[0m - [91merror[0m[90m TS2304: [0mCannot find name 'jot'.

    [7m36[0m   updateDispute: jot.fn(),
    [7m  [0m [91m                 ~~~[0m

FAIL tests/analytics/analytics.service.test.ts
  ● Test suite failed to run

    [96mtests/setup.ts[0m:[93m36[0m:[93m18[0m - [91merror[0m[90m TS2304: [0mCannot find name 'jot'.

    [7m36[0m   updateDispute: jot.fn(),
    [7m  [0m [91m                 ~~~[0m

FAIL tests/auction/AuctionReputationTracker.test.js
  ● Test suite failed to run

    [96mtests/setup.ts[0m:[93m36[0m:[93m18[0m - [91merror[0m[90m TS2304: [0mCannot find name 'jot'.

    [7m36[0m   updateDispute: jot.fn(),
    [7m  [0m [91m                 ~~~[0m

FAIL tests/auctions/auctions.test.ts
  ● Test suite failed to run

    [96mtests/setup.ts[0m:[93m36[0m:[93m18[0m - [91merror[0m[90m TS2304: [0mCannot find name 'jot'.

    [7m36[0m   updateDispute: jot.fn(),
    [7m  [0m [91m                 ~~~[0m

FAIL tests/analytics/analytics.service.test.js
  ● Test suite failed to run

    [96mtests/setup.ts[0m:[93m36[0m:[93m18[0m - [91merror[0m[90m TS2304: [0mCannot find name 'jot'.

    [7m36[0m   updateDispute: jot.fn(),
    [7m  [0m [91m                 ~~~[0m

FAIL tests/escrow/escrow.service.test.js
  ● Test suite failed to run

    [96mtests/setup.ts[0m:[93m36[0m:[93m18[0m - [91merror[0m[90m TS2304: [0mCannot find name 'jot'.

    [7m36[0m   updateDispute: jot.fn(),
    [7m  [0m [91m                 ~~~[0m


Test Suites: 99 failed, 99 total
Tests:       0 total
Snapshots:   0 total
Time:        11.214 s, estimated 12 s
Ran all test suites.
