node.exe : FAIL tests/auctions/auctions.test.ts
At C:\Users\Agasi5\AppData\Roaming\npm\npx.ps1:24 char:5
+     & "node$exe"  "$basedir/node_modules/npm/bin/npx-cli.js" $args
+     ~~~~~~~~~~~~~~~~~~~~~~~~~~~~~~~~~~~~~~~~~~~~~~~~~~~~~~~~~~~~~~
    + CategoryInfo          : NotSpecified: (FAIL tests/auctions/auctions.test.ts:String) [], RemoteException
    + FullyQualifiedErrorId : NativeCommandError
 
  ΓùÅ Test suite failed to run

    [96mtests/auctions/auctions.test.ts[0m:[93m21[0m:[93m41[0m - [91merror[0m[90m TS2304: [0mCannot find 
name 'uctions_test_exec_'.

    [7m21[0m   const logFile = path.resolve(logDir, uctions_test_exec_.log);
    [7m  [0m [91m                                        ~~~~~~~~~~~~~~~~~~[0m
    [96mtests/auctions/auctions.test.ts[0m:[93m22[0m:[93m9[0m - [91merror[0m[90m TS7034: [0mVariable 
'logData' implicitly has type 'any[]' in some locations where its type cannot be determined.

    [7m22[0m   const logData = [] \nStatus: \nBody: \n;
    [7m  [0m [91m        ~~~~~~~[0m
    [96mtests/auctions/auctions.test.ts[0m:[93m22[0m:[93m41[0m - [91merror[0m[90m TS7005: [0mVariable 'n' 
implicitly has an 'any' type.

    [7m22[0m   const logData = [] \nStatus: \nBody: \n;
    [7m  [0m [91m                                        ~[0m
    [96mtests/auctions/auctions.test.ts[0m:[93m23[0m:[93m30[0m - [91merror[0m[90m TS2345: [0mArgument of 
type 'any[]' is not assignable to parameter of type 'string | Uint8Array<ArrayBufferLike>'.
      Type 'any[]' is missing the following properties from type 'Uint8Array<ArrayBufferLike>': BYTES_PER_ELEMENT, 
buffer, byteLength, byteOffset, and 3 more.

    [7m23[0m   fs.appendFileSync(logFile, logData);
    [7m  [0m [91m                             ~~~~~~~[0m
    [96mtests/auctions/auctions.test.ts[0m:[93m23[0m:[93m30[0m - [91merror[0m[90m TS7005: [0mVariable 
'logData' implicitly has an 'any[]' type.

    [7m23[0m   fs.appendFileSync(logFile, logData);
    [7m  [0m [91m                             ~~~~~~~[0m
    [96mtests/auctions/auctions.test.ts[0m:[93m36[0m:[93m12[0m - [91merror[0m[90m TS2362: [0mThe left-hand 
side of an arithmetic operation must be of type 'any', 'number', 'bigint' or an enum type.

    [7m36[0m       .get(/api/auctions/)
    [7m  [0m [91m           ~~~~~~~~~~~~~[0m
    [96mtests/auctions/auctions.test.ts[0m:[93m36[0m:[93m12[0m - [91merror[0m[90m TS2345: [0mArgument of 
type 'number' is not assignable to parameter of type 'string'.

    [7m36[0m       .get(/api/auctions/)
    [7m  [0m [91m           ~~~~~~~~~~~~~~[0m
    [96mtests/auctions/auctions.test.ts[0m:[93m37[0m:[93m29[0m - [91merror[0m[90m TS2304: [0mCannot find 
name 'Bearer'.

    [7m37[0m       .set('Authorization', Bearer );
    [7m  [0m [91m                            ~~~~~~[0m
    [96mtests/auctions/auctions.test.ts[0m:[93m46[0m:[93m8[0m - [91merror[0m[90m TS2339: [0mProperty 'set' 
does not exist on type 'RegExp'.

    [7m46[0m       .set('Authorization', Bearer )
    [7m  [0m [91m       ~~~[0m
    [96mtests/auctions/auctions.test.ts[0m:[93m46[0m:[93m29[0m - [91merror[0m[90m TS2304: [0mCannot find 
name 'Bearer'.

    [7m46[0m       .set('Authorization', Bearer )
    [7m  [0m [91m                            ~~~~~~[0m
    [96mtests/auctions/auctions.test.ts[0m:[93m56[0m:[93m8[0m - [91merror[0m[90m TS2339: [0mProperty 'set' 
does not exist on type 'RegExp'.

    [7m56[0m       .set('Authorization', Bearer )
    [7m  [0m [91m       ~~~[0m
    [96mtests/auctions/auctions.test.ts[0m:[93m56[0m:[93m29[0m - [91merror[0m[90m TS2304: [0mCannot find 
name 'Bearer'.

    [7m56[0m       .set('Authorization', Bearer )
    [7m  [0m [91m                            ~~~~~~[0m
    [96mtests/auctions/auctions.test.ts[0m:[93m21[0m:[93m40[0m - [91merror[0m[90m TS1127: [0mInvalid 
character.

    [7m21[0m   const logFile = path.resolve(logDir, uctions_test_exec_.log);
    [7m  [0m [91m                                       ~[0m
    [96mtests/auctions/auctions.test.ts[0m:[93m22[0m:[93m22[0m - [91merror[0m[90m TS1127: [0mInvalid 
character.

    [7m22[0m   const logData = [] \nStatus: \nBody: \n;
    [7m  [0m [91m                     [0m
    [96mtests/auctions/auctions.test.ts[0m:[93m22[0m:[93m32[0m - [91merror[0m[90m TS1127: [0mInvalid 
character.

    [7m22[0m   const logData = [] \nStatus: \nBody: \n;
    [7m  [0m [91m                               [0m
    [96mtests/auctions/auctions.test.ts[0m:[93m22[0m:[93m40[0m - [91merror[0m[90m TS1127: [0mInvalid 
character.

    [7m22[0m   const logData = [] \nStatus: \nBody: \n;
    [7m  [0m [91m                                       [0m
    [96mtests/auctions/auctions.test.ts[0m:[93m36[0m:[93m26[0m - [91merror[0m[90m TS1109: [0mExpression 
expected.

    [7m36[0m       .get(/api/auctions/)
    [7m  [0m [91m                         ~[0m
    [96mtests/auctions/auctions.test.ts[0m:[93m47[0m:[93m30[0m - [91merror[0m[90m TS1005: [0m')' expected.

    [7m47[0m       .send({ amount: -100 });
    [7m  [0m [91m                             ~[0m
    [96mtests/auctions/auctions.test.ts[0m:[93m57[0m:[93m30[0m - [91merror[0m[90m TS1005: [0m')' expected.

    [7m57[0m       .send({ amount: 1000 });
    [7m  [0m [91m                             ~[0m

----------|---------|----------|---------|---------|-------------------
File      | % Stmts | % Branch | % Funcs | % Lines | Uncovered Line #s 
----------|---------|----------|---------|---------|-------------------
All files |       0 |        0 |       0 |       0 |                   
----------|---------|----------|---------|---------|-------------------

        Failed to write coverage reports:
        ERROR: Error: EPERM: operation not permitted, open 'C:\CFH\backend\coverage\lcov-report\desktop.ini'
        STACK: Error: EPERM: operation not permitted, open 'C:\CFH\backend\coverage\lcov-report\desktop.ini'
    at Object.openSync (node:fs:596:3)
    at Object.writeFileSync (node:fs:2322:35)
    at FileWriter.copyFile (C:\CFH\backend\node_modules\istanbul-lib-report\lib\file-writer.js:167:12)
    at C:\CFH\backend\node_modules\istanbul-reports\lib\html\index.js:347:28
    at Array.forEach (<anonymous>)
    at C:\CFH\backend\node_modules\istanbul-reports\lib\html\index.js:336:36
    at Array.forEach (<anonymous>)
    at HtmlReport.onStart (C:\CFH\backend\node_modules\istanbul-reports\lib\html\index.js:333:25)
    at LcovReport.<computed> [as onStart] (C:\CFH\backend\node_modules\istanbul-reports\lib\lcov\index.js:28:23)
    at Visitor.value (C:\CFH\backend\node_modules\istanbul-lib-report\lib\tree.js:38:38)
    at ReportTree.visit (C:\CFH\backend\node_modules\istanbul-lib-report\lib\tree.js:126:17)
    at LcovReport.execute (C:\CFH\backend\node_modules\istanbul-lib-report\lib\report-base.js:12:44)
    at C:\CFH\backend\node_modules\@jest\reporters\build\CoverageReporter.js:188:12
    at Array.forEach (<anonymous>)
    at CoverageReporter.onRunComplete (C:\CFH\backend\node_modules\@jest\reporters\build\CoverageReporter.js:178:25)
    at processTicksAndRejections (node:internal/process/task_queues:95:5)
    at ReporterDispatcher.onRunComplete (C:\CFH\backend\node_modules\@jest\core\build\ReporterDispatcher.js:71:9)
    at TestScheduler.scheduleTests (C:\CFH\backend\node_modules\@jest\core\build\TestScheduler.js:306:5)
    at runJest (C:\CFH\backend\node_modules\@jest\core\build\runJest.js:367:19)
    at _run10000 (C:\CFH\backend\node_modules\@jest\core\build\cli\index.js:343:7)
    at runCLI (C:\CFH\backend\node_modules\@jest\core\build\cli\index.js:198:3)
    at Object.run (C:\CFH\backend\node_modules\jest-cli\build\run.js:130:37)
      
Test Suites: 1 failed, 1 total
Tests:       0 total
Snapshots:   0 total
Time:        11.853 s
Ran all test suites matching /tests\\auctions/i.
