// (c) 2025 CFH, All Rights Reserved
// Purpose: ESM-compatible Jest configuration
export default {
  preset: 'ts-jest/presets/default-esm',
  transform: {
    '^.+\\.(ts|tsx)$': ['ts-jest', { useESM: true, tsconfig: './tsconfig.json' }],
    '^.+\\.(js|mjs)$': 'babel-jest'
  },
  extensionsToTreatAsEsm: ['.ts', '.tsx'],
  moduleNameMapper: {
    '^@root/(.*)$': '<rootDir>/',
    '^@routes/(.*)$': '<rootDir>/routes/',
    '^@utils/(.*)$': '<rootDir>/utils/',
    '^@services/(.*)$': '<rootDir>/services/',
    '^@models/(.*)$': '<rootDir>/models/',
    '^@config/(.*)$': '<rootDir>/config/',
    '^@middleware/(.*)$': '<rootDir>/middleware/',
    '^@socket/(.*)$': '<rootDir>/socket/',
    '^@tests/(.*)$': '<rootDir>/tests/',
    '^@tools/(.*)$': '<rootDir>/tools/',
    '^@ai/(.*)$': '<rootDir>/services/ai/',
    '^@tasks/(.*)$': '<rootDir>/tasks/',
    '^@frontend/(.*)$': '<rootDir>/../frontend/src/',
    '^@controllers/(.*)$': '<rootDir>/controllers/',
    '^@mock/(.*)$': '<rootDir>/tests/mocks/',
    '^@/(.*)$': '<rootDir>/'
  },
  transformIgnorePatterns: [
    '/node_modules/(?!(winston|@utils|@services|@routes|@mock|@models|@ai)/)'
  ],
  testEnvironment: 'node',
  verbose: true,
  collectCoverage: true,
  coverageDirectory: 'coverage',
  coverageReporters: ['text', 'lcov'],
  moduleFileExtensions: ['ts', 'tsx', 'js', 'mjs', 'json', 'node']
};

