FAIL tests/middleware/RBACMiddleware.test.ts
  ● Test suite failed to run

    [96mtests/middleware/RBACMiddleware.test.ts[0m:[93m8[0m:[93m13[0m - [91merror[0m[90m TS2739: [0mType '{ id: string; roles: string[]; }' is missing the following properties from type 'User': userId, name

    [7m8[0m     req = { user: { id: 'user123', roles: ['user'] } };
    [7m [0m [91m            ~~~~[0m

      [96mtypes/express/index.d.ts[0m:[93m6[0m:[93m7[0m
        [7m6[0m       user?: User;
        [7m [0m [96m      ~~~~[0m
        The expected type comes from property 'user' which is declared here on type 'Partial<Request<ParamsDictionary, any, any, ParsedQs, Record<string, any>>>'
    [96mtests/middleware/RBACMiddleware.test.ts[0m:[93m18[0m:[93m5[0m - [91merror[0m[90m TS2739: [0mType '{ id: string; roles: string[]; }' is missing the following properties from type 'User': userId, name

    [7m18[0m     req.user = { id: 'user123', roles: ['guest'] };
    [7m  [0m [91m    ~~~~~~~~[0m

PASS tests/reports/ReportService.test.ts (5.166 s)
PASS tests/payments/PaymentService.test.ts (5.337 s)
FAIL tests/notification/NotificationService.test.ts (5.392 s)
  ● NotificationService › should send email notification

    TypeError: Cannot read properties of undefined (reading 'error')

    [0m [90m  9 |[39m     } [36mcatch[39m (error[33m:[39m unknown) {
     [90m 10 |[39m       [36mconst[39m errorMessage [33m=[39m error [36minstanceof[39m [33mError[39m [33m?[39m error[33m.[39mmessage [33m:[39m [32m'Unknown error'[39m[33m;[39m
    [31m[1m>[22m[39m[90m 11 |[39m       logger[33m.[39merror([32m`Failed to send email notification to ${to}: ${errorMessage}`[39m)[33m;[39m
     [90m    |[39m              [31m[1m^[22m[39m
     [90m 12 |[39m       [36mthrow[39m [36mnew[39m [33mError[39m([32m`Notification failed: ${errorMessage}`[39m)[33m;[39m
     [90m 13 |[39m     }
     [90m 14 |[39m   }[0m

      at NotificationService.sendEmail (services/notification/NotificationService.ts:11:14)
      at Object.<anonymous> (tests/notification/NotificationService.test.ts:6:34)

  ● NotificationService › should send push notification

    TypeError: Cannot read properties of undefined (reading 'error')

    [0m [90m 20 |[39m     } [36mcatch[39m (error[33m:[39m unknown) {
     [90m 21 |[39m       [36mconst[39m errorMessage [33m=[39m error [36minstanceof[39m [33mError[39m [33m?[39m error[33m.[39mmessage [33m:[39m [32m'Unknown error'[39m[33m;[39m
    [31m[1m>[22m[39m[90m 22 |[39m       logger[33m.[39merror([32m`Failed to send push notification to ${to}: ${errorMessage}`[39m)[33m;[39m
     [90m    |[39m              [31m[1m^[22m[39m
     [90m 23 |[39m       [36mthrow[39m [36mnew[39m [33mError[39m([32m`Notification failed: ${errorMessage}`[39m)[33m;[39m
     [90m 24 |[39m     }
     [90m 25 |[39m   }[0m

      at NotificationService.sendPush (services/notification/NotificationService.ts:22:14)
      at Object.<anonymous> (tests/notification/NotificationService.test.ts:10:34)

FAIL tests/auctions/auctions.test.ts
  ● Test suite failed to run

    [96mroutes/user/userProfileRoutes.ts[0m:[93m9[0m:[93m39[0m - [91merror[0m[90m TS2339: [0mProperty 'getProfile' does not exist on type 'typeof UserProfile'.

    [7m9[0m     const profile = await UserProfile.getProfile(req.params.userId);
    [7m [0m [91m                                      ~~~~~~~~~~[0m

FAIL tests/analytics/analytics.service.test.ts
  ● Test suite failed to run

    [96mroutes/user/userProfileRoutes.ts[0m:[93m9[0m:[93m39[0m - [91merror[0m[90m TS2339: [0mProperty 'getProfile' does not exist on type 'typeof UserProfile'.

    [7m9[0m     const profile = await UserProfile.getProfile(req.params.userId);
    [7m [0m [91m                                      ~~~~~~~~~~[0m

FAIL tests/services/escrow/escrow.service.test.ts
  ● Test suite failed to run

    [96mtests/services/escrow/escrow.service.test.ts[0m:[93m18[0m:[93m59[0m - [91merror[0m[90m TS2345: [0mArgument of type 'string | null' is not assignable to parameter of type 'string'.
      Type 'null' is not assignable to type 'string'.

    [7m18[0m     const result = await escrowService.getTransactionById(created._id, 'u1');
    [7m  [0m [91m                                                          ~~~~~~~~~~~[0m
    [96mtests/services/escrow/escrow.service.test.ts[0m:[93m24[0m:[93m51[0m - [91merror[0m[90m TS2345: [0mArgument of type 'string | null' is not assignable to parameter of type 'string'.
      Type 'null' is not assignable to type 'string'.

    [7m24[0m     await expect(escrowService.getTransactionById(created._id, 'u3')).rejects.toThrow(AuthorizationError);
    [7m  [0m [91m                                                  ~~~~~~~~~~~[0m
    [96mtests/services/escrow/escrow.service.test.ts[0m:[93m29[0m:[93m55[0m - [91merror[0m[90m TS2345: [0mArgument of type 'string | null' is not assignable to parameter of type 'string'.
      Type 'null' is not assignable to type 'string'.

    [7m29[0m     const result = await escrowService.confirmReceipt(created._id, 'u1');
    [7m  [0m [91m                                                      ~~~~~~~~~~~[0m
    [96mtests/services/escrow/escrow.service.test.ts[0m:[93m30[0m:[93m19[0m - [91merror[0m[90m TS2339: [0mProperty 'message' does not exist on type 'Document<unknown, {}, { _id?: string | null | undefined; user?: string | null | undefined; status?: string | null | undefined; vehicle?: { vin?: string | null | undefined; price?: number | null | undefined; } | null | undefined; }, {}> & { ...; } & Required<...> & { ...; }'.

    [7m30[0m     expect(result.message).toBe('Receipt confirmed');
    [7m  [0m [91m                  ~~~~~~~[0m
    [96mtests/services/escrow/escrow.service.test.ts[0m:[93m35[0m:[93m40[0m - [91merror[0m[90m TS2339: [0mProperty 'updateCondition' does not exist on type 'EscrowService'.

    [7m35[0m     const result = await escrowService.updateCondition(created._id, 'completed');
    [7m  [0m [91m                                       ~~~~~~~~~~~~~~~[0m

FAIL tests/escrow/escrow.service.test.ts
  ● Test suite failed to run

    [96mtests/escrow/escrow.service.test.ts[0m:[93m18[0m:[93m59[0m - [91merror[0m[90m TS2345: [0mArgument of type 'string | null' is not assignable to parameter of type 'string'.
      Type 'null' is not assignable to type 'string'.

    [7m18[0m     const result = await escrowService.getTransactionById(created._id, 'u1');
    [7m  [0m [91m                                                          ~~~~~~~~~~~[0m
    [96mtests/escrow/escrow.service.test.ts[0m:[93m24[0m:[93m51[0m - [91merror[0m[90m TS2345: [0mArgument of type 'string | null' is not assignable to parameter of type 'string'.
      Type 'null' is not assignable to type 'string'.

    [7m24[0m     await expect(escrowService.getTransactionById(created._id, 'u3')).rejects.toThrow(AuthorizationError);
    [7m  [0m [91m                                                  ~~~~~~~~~~~[0m
    [96mtests/escrow/escrow.service.test.ts[0m:[93m29[0m:[93m55[0m - [91merror[0m[90m TS2345: [0mArgument of type 'string | null' is not assignable to parameter of type 'string'.
      Type 'null' is not assignable to type 'string'.

    [7m29[0m     const result = await escrowService.confirmReceipt(created._id, 'u1');
    [7m  [0m [91m                                                      ~~~~~~~~~~~[0m
    [96mtests/escrow/escrow.service.test.ts[0m:[93m30[0m:[93m19[0m - [91merror[0m[90m TS2339: [0mProperty 'message' does not exist on type 'Document<unknown, {}, { _id?: string | null | undefined; user?: string | null | undefined; status?: string | null | undefined; vehicle?: { vin?: string | null | undefined; price?: number | null | undefined; } | null | undefined; }, {}> & { ...; } & Required<...> & { ...; }'.

    [7m30[0m     expect(result.message).toBe('Receipt confirmed');
    [7m  [0m [91m                  ~~~~~~~[0m
    [96mtests/escrow/escrow.service.test.ts[0m:[93m35[0m:[93m40[0m - [91merror[0m[90m TS2339: [0mProperty 'updateCondition' does not exist on type 'EscrowService'.

    [7m35[0m     const result = await escrowService.updateCondition(created._id, 'completed');
    [7m  [0m [91m                                       ~~~~~~~~~~~~~~~[0m

Test Suites: 6 failed, 2 passed, 8 total
Tests:       2 failed, 2 passed, 4 total
Snapshots:   0 total
Time:        6.957 s, estimated 8 s
Ran all test suites.
