FAIL tests/notification/NotificationService.test.ts
  NotificationService
    × should send email notification (1 ms)
    × should send push notification

  ● NotificationService › should send email notification

    TypeError: Cannot read properties of undefined (reading 'error')

    [0m [90m  9 |[39m     } [36mcatch[39m (error[33m:[39m unknown) {
     [90m 10 |[39m       [36mconst[39m errorMessage [33m=[39m error [36minstanceof[39m [33mError[39m [33m?[39m error[33m.[39mmessage [33m:[39m [32m'Unknown error'[39m[33m;[39m
    [31m[1m>[22m[39m[90m 11 |[39m       logger[33m.[39merror([32m`Failed to send email notification to ${to}: ${errorMessage}`[39m)[33m;[39m
     [90m    |[39m              [31m[1m^[22m[39m
     [90m 12 |[39m       [36mthrow[39m [36mnew[39m [33mError[39m([32m`Notification failed: ${errorMessage}`[39m)[33m;[39m
     [90m 13 |[39m     }
     [90m 14 |[39m   }[0m

      at NotificationService.sendEmail (services/notification/NotificationService.ts:11:14)
      at Object.<anonymous> (tests/notification/NotificationService.test.ts:6:34)

  ● NotificationService › should send push notification

    TypeError: Cannot read properties of undefined (reading 'error')

    [0m [90m 20 |[39m     } [36mcatch[39m (error[33m:[39m unknown) {
     [90m 21 |[39m       [36mconst[39m errorMessage [33m=[39m error [36minstanceof[39m [33mError[39m [33m?[39m error[33m.[39mmessage [33m:[39m [32m'Unknown error'[39m[33m;[39m
    [31m[1m>[22m[39m[90m 22 |[39m       logger[33m.[39merror([32m`Failed to send push notification to ${to}: ${errorMessage}`[39m)[33m;[39m
     [90m    |[39m              [31m[1m^[22m[39m
     [90m 23 |[39m       [36mthrow[39m [36mnew[39m [33mError[39m([32m`Notification failed: ${errorMessage}`[39m)[33m;[39m
     [90m 24 |[39m     }
     [90m 25 |[39m   }[0m

      at NotificationService.sendPush (services/notification/NotificationService.ts:22:14)
      at Object.<anonymous> (tests/notification/NotificationService.test.ts:10:34)

Test Suites: 1 failed, 1 total
Tests:       2 failed, 2 total
Snapshots:   0 total
Time:        1.689 s, estimated 6 s
Ran all test suites matching /tests\\notification\\NotificationService.test.ts/i.
