
FullName                                                    Name                                  
--------                                                    ----                                  
C:\CFH\docs\features\AnalyticsDashboardFeatureList.md       AnalyticsDashboardFeatureList.md      
C:\CFH\docs\features\AnalyticsQualityCheckReport.md         AnalyticsQualityCheckReport.md        
C:\CFH\docs\features\AuctionManagementFeatureList.md        AuctionManagementFeatureList.md       
C:\CFH\docs\features\AuctionsFeatureList.md                 AuctionsFeatureList.md                
C:\CFH\docs\features\BodyShopFeatureList.md                 BodyShopFeatureList.md                
C:\CFH\docs\features\CarDetailingFeatureList.md             CarDetailingFeatureList.md            
C:\CFH\docs\features\CodeGenerationPlan.md                  CodeGenerationPlan.md                 
C:\CFH\docs\features\CommunityEventsFeatureList.md          CommunityEventsFeatureList.md         
C:\CFH\docs\features\DisputeResolutionFeatureList.md        DisputeResolutionFeatureList.md       
C:\CFH\docs\features\DisputesArbitrationFeatureList.md      DisputesArbitrationFeatureList.md     
C:\CFH\docs\features\ErrorBoundary.md                       ErrorBoundary.md                      
C:\CFH\docs\features\EscrowServiceFeatureList.md            EscrowServiceFeatureList.md           
C:\CFH\docs\features\EvaluationPlan.md                      EvaluationPlan.md                     
C:\CFH\docs\features\EvaluationReport.md                    EvaluationReport.md                   
C:\CFH\docs\features\FeatureListIndex.md                    FeatureListIndex.md                   
C:\CFH\docs\features\FinancingApplicationFeatureList.md     FinancingApplicationFeatureList.md    
C:\CFH\docs\features\FinancingLenderFeatureList.md          FinancingLenderFeatureList.md         
C:\CFH\docs\features\ForumEngagementFeatureList.md          ForumEngagementFeatureList.md         
C:\CFH\docs\features\InsuranceQuoteFeatureList.md           InsuranceQuoteFeatureList.md          
C:\CFH\docs\features\KnowledgeBaseFeatureList.md            KnowledgeBaseFeatureList.md           
C:\CFH\docs\features\LoyaltyProgramFeatureList.md           LoyaltyProgramFeatureList.md          
C:\CFH\docs\features\MaintenanceSchedulingFeatureList.md    MaintenanceSchedulingFeatureList.md   
C:\CFH\docs\features\MarketplaceFeatureList.md              MarketplaceFeatureList.md             
C:\CFH\docs\features\MarketplaceListingsFeatureList.md      MarketplaceListingsFeatureList.md     
C:\CFH\docs\features\MechanicServicesFeatureList.md         MechanicServicesFeatureList.md        
C:\CFH\docs\features\MobileAppEnhancementsFeatureList.md    MobileAppEnhancementsFeatureList.md   
C:\CFH\docs\features\NotificationsSystemFeatureList.md      NotificationsSystemFeatureList.md     
C:\CFH\docs\features\PartnerMarketplaceFeatureList.md       PartnerMarketplaceFeatureList.md      
C:\CFH\docs\features\PhotoUploadFeatureList.md              PhotoUploadFeatureList.md             
C:\CFH\docs\features\PredictionUpdatesWS.md                 PredictionUpdatesWS.md                
C:\CFH\docs\features\ReferralProgramFeatureList.md          ReferralProgramFeatureList.md         
C:\CFH\docs\features\RoadsideAssistanceFeatureList.md       RoadsideAssistanceFeatureList.md      
C:\CFH\docs\features\ServiceBookingFeatureList.md           ServiceBookingFeatureList.md          
C:\CFH\docs\features\ShippingTransportFeatureList.md        ShippingTransportFeatureList.md       
C:\CFH\docs\features\SupportTicketsFeatureList.md           SupportTicketsFeatureList.md          
C:\CFH\docs\features\TelematicsIntegrationFeatureList.md    TelematicsIntegrationFeatureList.md   
C:\CFH\docs\features\UserProfileCustomizationFeatureList.md UserProfileCustomizationFeatureList.md
C:\CFH\docs\features\UserProfileFeatureList.md              UserProfileFeatureList.md             
C:\CFH\docs\features\UserReviewsFeatureList.md              UserReviewsFeatureList.md             
C:\CFH\docs\features\VehicleValuationFeatureList.md         VehicleValuationFeatureList.md        
C:\CFH\docs\features\WindowTintingFeatureList.md            WindowTintingFeatureList.md           


