npm WARN cleanup Failed to remove some directories [
npm WARN cleanup   [
npm WARN cleanup     'C:\\CFH\\backend\\node_modules\\@types\\.bcrypt-PSKCbCxh',
npm WARN cleanup     [Error: EPERM: operation not permitted, rmdir 'C:\CFH\backend\node_modules\@types\.bcrypt-PSKCbCxh'] {
npm WARN cleanup       errno: -4048,
npm WARN cleanup       code: 'EPERM',
npm WARN cleanup       syscall: 'rmdir',
npm WARN cleanup       path: 'C:\\CFH\\backend\\node_modules\\@types\\.bcrypt-PSKCbCxh'
npm WARN cleanup     }
npm WARN cleanup   ],
npm WARN cleanup   [
npm WARN cleanup     'C:\\CFH\\backend\\node_modules\\@types\\.i18next-fs-backend-94EwRoJ8',
npm WARN cleanup     [Error: EPERM: operation not permitted, rmdir 'C:\CFH\backend\node_modules\@types\.i18next-fs-backend-94EwRoJ8'] {
npm WARN cleanup       errno: -4048,
npm WARN cleanup       code: 'EPERM',
npm WARN cleanup       syscall: 'rmdir',
npm WARN cleanup       path: 'C:\\CFH\\backend\\node_modules\\@types\\.i18next-fs-backend-94EwRoJ8'
npm WARN cleanup     }
npm WARN cleanup   ],
npm WARN cleanup   [
npm WARN cleanup     'C:\\CFH\\backend\\node_modules\\@types\\.joi-HpWJcGI4',
npm WARN cleanup     [Error: EPERM: operation not permitted, rmdir 'C:\CFH\backend\node_modules\@types\.joi-HpWJcGI4'] {
npm WARN cleanup       errno: -4048,
npm WARN cleanup       code: 'EPERM',
npm WARN cleanup       syscall: 'rmdir',
npm WARN cleanup       path: 'C:\\CFH\\backend\\node_modules\\@types\\.joi-HpWJcGI4'
npm WARN cleanup     }
npm WARN cleanup   ],
npm WARN cleanup   [
npm WARN cleanup     'C:\\CFH\\backend\\node_modules\\@types\\.jsonwebtoken-lfXVSOXY',
npm WARN cleanup     [Error: EPERM: operation not permitted, rmdir 'C:\CFH\backend\node_modules\@types\.jsonwebtoken-lfXVSOXY'] {
npm WARN cleanup       errno: -4048,
npm WARN cleanup       code: 'EPERM',
npm WARN cleanup       syscall: 'rmdir',
npm WARN cleanup       path: 'C:\\CFH\\backend\\node_modules\\@types\\.jsonwebtoken-lfXVSOXY'
npm WARN cleanup     }
npm WARN cleanup   ],
npm WARN cleanup   [
npm WARN cleanup     'C:\\CFH\\backend\\node_modules\\@types\\.cookiejar-QDuWVKud',
npm WARN cleanup     [Error: EPERM: operation not permitted, rmdir 'C:\CFH\backend\node_modules\@types\.cookiejar-QDuWVKud'] {
npm WARN cleanup       errno: -4048,
npm WARN cleanup       code: 'EPERM',
npm WARN cleanup       syscall: 'rmdir',
npm WARN cleanup       path: 'C:\\CFH\\backend\\node_modules\\@types\\.cookiejar-QDuWVKud'
npm WARN cleanup     }
npm WARN cleanup   ],
npm WARN cleanup   [
npm WARN cleanup     'C:\\CFH\\backend\\node_modules\\@types\\.pdfkit-xd8JZR6F',
npm WARN cleanup     [Error: EPERM: operation not permitted, rmdir 'C:\CFH\backend\node_modules\@types\.pdfkit-xd8JZR6F'] {
npm WARN cleanup       errno: -4048,
npm WARN cleanup       code: 'EPERM',
npm WARN cleanup       syscall: 'rmdir',
npm WARN cleanup       path: 'C:\\CFH\\backend\\node_modules\\@types\\.pdfkit-xd8JZR6F'
npm WARN cleanup     }
npm WARN cleanup   ],
npm WARN cleanup   [
npm WARN cleanup     'C:\\CFH\\backend\\node_modules\\@types\\.methods-CWjhExaS',
npm WARN cleanup     [Error: EPERM: operation not permitted, rmdir 'C:\CFH\backend\node_modules\@types\.methods-CWjhExaS'] {
npm WARN cleanup       errno: -4048,
npm WARN cleanup       code: 'EPERM',
npm WARN cleanup       syscall: 'rmdir',
npm WARN cleanup       path: 'C:\\CFH\\backend\\node_modules\\@types\\.methods-CWjhExaS'
npm WARN cleanup     }
npm WARN cleanup   ],
npm WARN cleanup   [
npm WARN cleanup     'C:\\CFH\\backend\\node_modules\\@types\\.i18next-WQYCbq5e',
npm WARN cleanup     [Error: EPERM: operation not permitted, rmdir 'C:\CFH\backend\node_modules\@types\.i18next-WQYCbq5e'] {
npm WARN cleanup       errno: -4048,
npm WARN cleanup       code: 'EPERM',
npm WARN cleanup       syscall: 'rmdir',
npm WARN cleanup       path: 'C:\\CFH\\backend\\node_modules\\@types\\.i18next-WQYCbq5e'
npm WARN cleanup     }
npm WARN cleanup   ],
npm WARN cleanup   [
npm WARN cleanup     'C:\\CFH\\backend\\node_modules\\@types\\.supertest-l61ElmsE',
npm WARN cleanup     [Error: EPERM: operation not permitted, rmdir 'C:\CFH\backend\node_modules\@types\.supertest-l61ElmsE'] {
npm WARN cleanup       errno: -4048,
npm WARN cleanup       code: 'EPERM',
npm WARN cleanup       syscall: 'rmdir',
npm WARN cleanup       path: 'C:\\CFH\\backend\\node_modules\\@types\\.supertest-l61ElmsE'
npm WARN cleanup     }
npm WARN cleanup   ],
npm WARN cleanup   [
npm WARN cleanup     'C:\\CFH\\backend\\node_modules\\@types\\.ms-hrDBq9KF',
npm WARN cleanup     [Error: EPERM: operation not permitted, rmdir 'C:\CFH\backend\node_modules\@types\.ms-hrDBq9KF'] {
npm WARN cleanup       errno: -4048,
npm WARN cleanup       code: 'EPERM',
npm WARN cleanup       syscall: 'rmdir',
npm WARN cleanup       path: 'C:\\CFH\\backend\\node_modules\\@types\\.ms-hrDBq9KF'
npm WARN cleanup     }
npm WARN cleanup   ],
npm WARN cleanup   [
npm WARN cleanup     'C:\\CFH\\backend\\node_modules\\@types\\.triple-beam-pM7yaZ5K',
npm WARN cleanup     [Error: EPERM: operation not permitted, rmdir 'C:\CFH\backend\node_modules\@types\.triple-beam-pM7yaZ5K'] {
npm WARN cleanup       errno: -4048,
npm WARN cleanup       code: 'EPERM',
npm WARN cleanup       syscall: 'rmdir',
npm WARN cleanup       path: 'C:\\CFH\\backend\\node_modules\\@types\\.triple-beam-pM7yaZ5K'
npm WARN cleanup     }
npm WARN cleanup   ],
npm WARN cleanup   [
npm WARN cleanup     'C:\\CFH\\backend\\node_modules\\@types\\.webidl-conversions-APmZ6knZ',
npm WARN cleanup     [Error: EPERM: operation not permitted, rmdir 'C:\CFH\backend\node_modules\@types\.webidl-conversions-APmZ6knZ'] {
npm WARN cleanup       errno: -4048,
npm WARN cleanup       code: 'EPERM',
npm WARN cleanup       syscall: 'rmdir',
npm WARN cleanup       path: 'C:\\CFH\\backend\\node_modules\\@types\\.webidl-conversions-APmZ6knZ'
npm WARN cleanup     }
npm WARN cleanup   ],
npm WARN cleanup   [
npm WARN cleanup     'C:\\CFH\\backend\\node_modules\\@types\\.winston-EXCRySjU',
npm WARN cleanup     [Error: EPERM: operation not permitted, rmdir 'C:\CFH\backend\node_modules\@types\.winston-EXCRySjU'] {
npm WARN cleanup       errno: -4048,
npm WARN cleanup       code: 'EPERM',
npm WARN cleanup       syscall: 'rmdir',
npm WARN cleanup       path: 'C:\\CFH\\backend\\node_modules\\@types\\.winston-EXCRySjU'
npm WARN cleanup     }
npm WARN cleanup   ],
npm WARN cleanup   [
npm WARN cleanup     'C:\\CFH\\backend\\node_modules\\.asap-YF2qXXrU',
npm WARN cleanup     [Error: EPERM: operation not permitted, rmdir 'C:\CFH\backend\node_modules\.asap-YF2qXXrU'] {
npm WARN cleanup       errno: -4048,
npm WARN cleanup       code: 'EPERM',
npm WARN cleanup       syscall: 'rmdir',
npm WARN cleanup       path: 'C:\\CFH\\backend\\node_modules\\.asap-YF2qXXrU'
npm WARN cleanup     }
npm WARN cleanup   ],
npm WARN cleanup   [
npm WARN cleanup     'C:\\CFH\\backend\\node_modules\\.array-union-n9DRHxOh',
npm WARN cleanup     [Error: EPERM: operation not permitted, rmdir 'C:\CFH\backend\node_modules\.array-union-n9DRHxOh'] {
npm WARN cleanup       errno: -4048,
npm WARN cleanup       code: 'EPERM',
npm WARN cleanup       syscall: 'rmdir',
npm WARN cleanup       path: 'C:\\CFH\\backend\\node_modules\\.array-union-n9DRHxOh'
npm WARN cleanup     }
npm WARN cleanup   ],
npm WARN cleanup   [
npm WARN cleanup     'C:\\CFH\\backend\\node_modules\\.buffer-equal-constant-time-brBSHOsF',
npm WARN cleanup     [Error: EPERM: operation not permitted, rmdir 'C:\CFH\backend\node_modules\.buffer-equal-constant-time-brBSHOsF'] {
npm WARN cleanup       errno: -4048,
npm WARN cleanup       code: 'EPERM',
npm WARN cleanup       syscall: 'rmdir',
npm WARN cleanup       path: 'C:\\CFH\\backend\\node_modules\\.buffer-equal-constant-time-brBSHOsF'
npm WARN cleanup     }
npm WARN cleanup   ],
npm WARN cleanup   [
npm WARN cleanup     'C:\\CFH\\backend\\node_modules\\.clone-XvicbCB2',
npm WARN cleanup     [Error: EPERM: operation not permitted, rmdir 'C:\CFH\backend\node_modules\.clone-XvicbCB2'] {
npm WARN cleanup       errno: -4048,
npm WARN cleanup       code: 'EPERM',
npm WARN cleanup       syscall: 'rmdir',
npm WARN cleanup       path: 'C:\\CFH\\backend\\node_modules\\.clone-XvicbCB2'
npm WARN cleanup     }
npm WARN cleanup   ],
npm WARN cleanup   [
npm WARN cleanup     'C:\\CFH\\backend\\node_modules\\.colorspace-RLZgtSi9',
npm WARN cleanup     [Error: EPERM: operation not permitted, rmdir 'C:\CFH\backend\node_modules\.colorspace-RLZgtSi9'] {
npm WARN cleanup       errno: -4048,
npm WARN cleanup       code: 'EPERM',
npm WARN cleanup       syscall: 'rmdir',
npm WARN cleanup       path: 'C:\\CFH\\backend\\node_modules\\.colorspace-RLZgtSi9'
npm WARN cleanup     }
npm WARN cleanup   ],
npm WARN cleanup   [
npm WARN cleanup     'C:\\CFH\\backend\\node_modules\\.color-string-ua7XNyCu',
npm WARN cleanup     [Error: EPERM: operation not permitted, rmdir 'C:\CFH\backend\node_modules\.color-string-ua7XNyCu'] {
npm WARN cleanup       errno: -4048,
npm WARN cleanup       code: 'EPERM',
npm WARN cleanup       syscall: 'rmdir',
npm WARN cleanup       path: 'C:\\CFH\\backend\\node_modules\\.color-string-ua7XNyCu'
npm WARN cleanup     }
npm WARN cleanup   ],
npm WARN cleanup   [
npm WARN cleanup     'C:\\CFH\\backend\\node_modules\\.cookiejar-S4TOK7NL',
npm WARN cleanup     [Error: EPERM: operation not permitted, rmdir 'C:\CFH\backend\node_modules\.cookiejar-S4TOK7NL'] {
npm WARN cleanup       errno: -4048,
npm WARN cleanup       code: 'EPERM',
npm WARN cleanup       syscall: 'rmdir',
npm WARN cleanup       path: 'C:\\CFH\\backend\\node_modules\\.cookiejar-S4TOK7NL'
npm WARN cleanup     }
npm WARN cleanup   ],
npm WARN cleanup   [
npm WARN cleanup     'C:\\CFH\\backend\\node_modules\\.enabled-Ivpfu0Li',
npm WARN cleanup     [Error: EPERM: operation not permitted, rmdir 'C:\CFH\backend\node_modules\.enabled-Ivpfu0Li'] {
npm WARN cleanup       errno: -4048,
npm WARN cleanup       code: 'EPERM',
npm WARN cleanup       syscall: 'rmdir',
npm WARN cleanup       path: 'C:\\CFH\\backend\\node_modules\\.enabled-Ivpfu0Li'
npm WARN cleanup     }
npm WARN cleanup   ],
npm WARN cleanup   [
npm WARN cleanup     'C:\\CFH\\backend\\node_modules\\.dfa-Zqiu2XSZ',
npm WARN cleanup     [Error: EPERM: operation not permitted, rmdir 'C:\CFH\backend\node_modules\.dfa-Zqiu2XSZ'] {
npm WARN cleanup       errno: -4048,
npm WARN cleanup       code: 'EPERM',
npm WARN cleanup       syscall: 'rmdir',
npm WARN cleanup       path: 'C:\\CFH\\backend\\node_modules\\.dfa-Zqiu2XSZ'
npm WARN cleanup     }
npm WARN cleanup   ],
npm WARN cleanup   [
npm WARN cleanup     'C:\\CFH\\backend\\node_modules\\.component-emitter-oSHNVYRg',
npm WARN cleanup     [Error: EPERM: operation not permitted, rmdir 'C:\CFH\backend\node_modules\.component-emitter-oSHNVYRg'] {
npm WARN cleanup       errno: -4048,
npm WARN cleanup       code: 'EPERM',
npm WARN cleanup       syscall: 'rmdir',
npm WARN cleanup       path: 'C:\\CFH\\backend\\node_modules\\.component-emitter-oSHNVYRg'
npm WARN cleanup     }
npm WARN cleanup   ],
npm WARN cleanup   [
npm WARN cleanup     'C:\\CFH\\backend\\node_modules\\.dir-glob-NU7zHxIU',
npm WARN cleanup     [Error: EPERM: operation not permitted, rmdir 'C:\CFH\backend\node_modules\.dir-glob-NU7zHxIU'] {
npm WARN cleanup       errno: -4048,
npm WARN cleanup       code: 'EPERM',
npm WARN cleanup       syscall: 'rmdir',
npm WARN cleanup       path: 'C:\\CFH\\backend\\node_modules\\.dir-glob-NU7zHxIU'
npm WARN cleanup     }
npm WARN cleanup   ],
npm WARN cleanup   [
npm WARN cleanup     'C:\\CFH\\backend\\node_modules\\.dezalgo-uivNKufS',
npm WARN cleanup     [Error: EPERM: operation not permitted, rmdir 'C:\CFH\backend\node_modules\.dezalgo-uivNKufS'] {
npm WARN cleanup       errno: -4048,
npm WARN cleanup       code: 'EPERM',
npm WARN cleanup       syscall: 'rmdir',
npm WARN cleanup       path: 'C:\\CFH\\backend\\node_modules\\.dezalgo-uivNKufS'
npm WARN cleanup     }
npm WARN cleanup   ],
npm WARN cleanup   [
npm WARN cleanup     'C:\\CFH\\backend\\node_modules\\.fast-safe-stringify-Nv5FPyjo',
npm WARN cleanup     [Error: EPERM: operation not permitted, rmdir 'C:\CFH\backend\node_modules\.fast-safe-stringify-Nv5FPyjo'] {
npm WARN cleanup       errno: -4048,
npm WARN cleanup       code: 'EPERM',
npm WARN cleanup       syscall: 'rmdir',
npm WARN cleanup       path: 'C:\\CFH\\backend\\node_modules\\.fast-safe-stringify-Nv5FPyjo'
npm WARN cleanup     }
npm WARN cleanup   ],
npm WARN cleanup   [
npm WARN cleanup     'C:\\CFH\\backend\\node_modules\\.fn.name-IwIiQIrS',
npm WARN cleanup     [Error: EPERM: operation not permitted, rmdir 'C:\CFH\backend\node_modules\.fn.name-IwIiQIrS'] {
npm WARN cleanup       errno: -4048,
npm WARN cleanup       code: 'EPERM',
npm WARN cleanup       syscall: 'rmdir',
npm WARN cleanup       path: 'C:\\CFH\\backend\\node_modules\\.fn.name-IwIiQIrS'
npm WARN cleanup     }
npm WARN cleanup   ],
npm WARN cleanup   [
npm WARN cleanup     'C:\\CFH\\backend\\node_modules\\.helmet-0MhP1VN0',
npm WARN cleanup     [Error: EPERM: operation not permitted, rmdir 'C:\CFH\backend\node_modules\.helmet-0MhP1VN0'] {
npm WARN cleanup       errno: -4048,
npm WARN cleanup       code: 'EPERM',
npm WARN cleanup       syscall: 'rmdir',
npm WARN cleanup       path: 'C:\\CFH\\backend\\node_modules\\.helmet-0MhP1VN0'
npm WARN cleanup     }
npm WARN cleanup   ],
npm WARN cleanup   [
npm WARN cleanup     'C:\\CFH\\backend\\node_modules\\.globby-3jLU6LAr',
npm WARN cleanup     [Error: EPERM: operation not permitted, rmdir 'C:\CFH\backend\node_modules\.globby-3jLU6LAr'] {
npm WARN cleanup       errno: -4048,
npm WARN cleanup       code: 'EPERM',
npm WARN cleanup       syscall: 'rmdir',
npm WARN cleanup       path: 'C:\\CFH\\backend\\node_modules\\.globby-3jLU6LAr'
npm WARN cleanup     }
npm WARN cleanup   ],
npm WARN cleanup   [
npm WARN cleanup     'C:\\CFH\\backend\\node_modules\\.follow-redirects-RexYfjXC',
npm WARN cleanup     [Error: EPERM: operation not permitted, rmdir 'C:\CFH\backend\node_modules\.follow-redirects-RexYfjXC'] {
npm WARN cleanup       errno: -4048,
npm WARN cleanup       code: 'EPERM',
npm WARN cleanup       syscall: 'rmdir',
npm WARN cleanup       path: 'C:\\CFH\\backend\\node_modules\\.follow-redirects-RexYfjXC'
npm WARN cleanup     }
npm WARN cleanup   ],
npm WARN cleanup   [
npm WARN cleanup     'C:\\CFH\\backend\\node_modules\\.kuler-KQocoFGz',
npm WARN cleanup     [Error: EPERM: operation not permitted, rmdir 'C:\CFH\backend\node_modules\.kuler-KQocoFGz'] {
npm WARN cleanup       errno: -4048,
npm WARN cleanup       code: 'EPERM',
npm WARN cleanup       syscall: 'rmdir',
npm WARN cleanup       path: 'C:\\CFH\\backend\\node_modules\\.kuler-KQocoFGz'
npm WARN cleanup     }
npm WARN cleanup   ],
npm WARN cleanup   [
npm WARN cleanup     'C:\\CFH\\backend\\node_modules\\.lodash.includes-G9yT1Ae9',
npm WARN cleanup     [Error: EPERM: operation not permitted, rmdir 'C:\CFH\backend\node_modules\.lodash.includes-G9yT1Ae9'] {
npm WARN cleanup       errno: -4048,
npm WARN cleanup       code: 'EPERM',
npm WARN cleanup       syscall: 'rmdir',
npm WARN cleanup       path: 'C:\\CFH\\backend\\node_modules\\.lodash.includes-G9yT1Ae9'
npm WARN cleanup     }
npm WARN cleanup   ],
npm WARN cleanup   [
npm WARN cleanup     'C:\\CFH\\backend\\node_modules\\.kareem-Fk6urbnw',
npm WARN cleanup     [Error: EPERM: operation not permitted, rmdir 'C:\CFH\backend\node_modules\.kareem-Fk6urbnw'] {
npm WARN cleanup       errno: -4048,
npm WARN cleanup       code: 'EPERM',
npm WARN cleanup       syscall: 'rmdir',
npm WARN cleanup       path: 'C:\\CFH\\backend\\node_modules\\.kareem-Fk6urbnw'
npm WARN cleanup     }
npm WARN cleanup   ],
npm WARN cleanup   [
npm WARN cleanup     'C:\\CFH\\backend\\node_modules\\.jwa-WaFZoC2Y',
npm WARN cleanup     [Error: EPERM: operation not permitted, rmdir 'C:\CFH\backend\node_modules\.jwa-WaFZoC2Y'] {
npm WARN cleanup       errno: -4048,
npm WARN cleanup       code: 'EPERM',
npm WARN cleanup       syscall: 'rmdir',
npm WARN cleanup       path: 'C:\\CFH\\backend\\node_modules\\.jwa-WaFZoC2Y'
npm WARN cleanup     }
npm WARN cleanup   ],
npm WARN cleanup   [
npm WARN cleanup     'C:\\CFH\\backend\\node_modules\\.lodash.isboolean-E8NknF3H',
npm WARN cleanup     [Error: EPERM: operation not permitted, rmdir 'C:\CFH\backend\node_modules\.lodash.isboolean-E8NknF3H'] {
npm WARN cleanup       errno: -4048,
npm WARN cleanup       code: 'EPERM',
npm WARN cleanup       syscall: 'rmdir',
npm WARN cleanup       path: 'C:\\CFH\\backend\\node_modules\\.lodash.isboolean-E8NknF3H'
npm WARN cleanup     }
npm WARN cleanup   ],
npm WARN cleanup   [
npm WARN cleanup     'C:\\CFH\\backend\\node_modules\\.lodash.isnumber-8faMfodh',
npm WARN cleanup     [Error: EPERM: operation not permitted, rmdir 'C:\CFH\backend\node_modules\.lodash.isnumber-8faMfodh'] {
npm WARN cleanup       errno: -4048,
npm WARN cleanup       code: 'EPERM',
npm WARN cleanup       syscall: 'rmdir',
npm WARN cleanup       path: 'C:\\CFH\\backend\\node_modules\\.lodash.isnumber-8faMfodh'
npm WARN cleanup     }
npm WARN cleanup   ],
npm WARN cleanup   [
npm WARN cleanup     'C:\\CFH\\backend\\node_modules\\.lodash.isstring-Cp4o1hot',
npm WARN cleanup     [Error: EPERM: operation not permitted, rmdir 'C:\CFH\backend\node_modules\.lodash.isstring-Cp4o1hot'] {
npm WARN cleanup       errno: -4048,
npm WARN cleanup       code: 'EPERM',
npm WARN cleanup       syscall: 'rmdir',
npm WARN cleanup       path: 'C:\\CFH\\backend\\node_modules\\.lodash.isstring-Cp4o1hot'
npm WARN cleanup     }
npm WARN cleanup   ],
npm WARN cleanup   [
npm WARN cleanup     'C:\\CFH\\backend\\node_modules\\.lodash.isplainobject-492JXJUD',
npm WARN cleanup     [Error: EPERM: operation not permitted, rmdir 'C:\CFH\backend\node_modules\.lodash.isplainobject-492JXJUD'] {
npm WARN cleanup       errno: -4048,
npm WARN cleanup       code: 'EPERM',
npm WARN cleanup       syscall: 'rmdir',
npm WARN cleanup       path: 'C:\\CFH\\backend\\node_modules\\.lodash.isplainobject-492JXJUD'
npm WARN cleanup     }
npm WARN cleanup   ],
npm WARN cleanup   [
npm WARN cleanup     'C:\\CFH\\backend\\node_modules\\.lodash.isinteger-8k6yKSjR',
npm WARN cleanup     [Error: EPERM: operation not permitted, rmdir 'C:\CFH\backend\node_modules\.lodash.isinteger-8k6yKSjR'] {
npm WARN cleanup       errno: -4048,
npm WARN cleanup       code: 'EPERM',
npm WARN cleanup       syscall: 'rmdir',
npm WARN cleanup       path: 'C:\\CFH\\backend\\node_modules\\.lodash.isinteger-8k6yKSjR'
npm WARN cleanup     }
npm WARN cleanup   ],
npm WARN cleanup   [
npm WARN cleanup     'C:\\CFH\\backend\\node_modules\\.module-alias-gtSnEdXS',
npm WARN cleanup     [Error: EPERM: operation not permitted, rmdir 'C:\CFH\backend\node_modules\.module-alias-gtSnEdXS'] {
npm WARN cleanup       errno: -4048,
npm WARN cleanup       code: 'EPERM',
npm WARN cleanup       syscall: 'rmdir',
npm WARN cleanup       path: 'C:\\CFH\\backend\\node_modules\\.module-alias-gtSnEdXS'
npm WARN cleanup     }
npm WARN cleanup   ],
npm WARN cleanup   [
npm WARN cleanup     'C:\\CFH\\backend\\node_modules\\.merge2-UfvpxBAm',
npm WARN cleanup     [Error: EPERM: operation not permitted, rmdir 'C:\CFH\backend\node_modules\.merge2-UfvpxBAm'] {
npm WARN cleanup       errno: -4048,
npm WARN cleanup       code: 'EPERM',
npm WARN cleanup       syscall: 'rmdir',
npm WARN cleanup       path: 'C:\\CFH\\backend\\node_modules\\.merge2-UfvpxBAm'
npm WARN cleanup     }
npm WARN cleanup   ],
npm WARN cleanup   [
npm WARN cleanup     'C:\\CFH\\backend\\node_modules\\.memory-pager-ams04epJ',
npm WARN cleanup     [Error: EPERM: operation not permitted, rmdir 'C:\CFH\backend\node_modules\.memory-pager-ams04epJ'] {
npm WARN cleanup       errno: -4048,
npm WARN cleanup       code: 'EPERM',
npm WARN cleanup       syscall: 'rmdir',
npm WARN cleanup       path: 'C:\\CFH\\backend\\node_modules\\.memory-pager-ams04epJ'
npm WARN cleanup     }
npm WARN cleanup   ],
npm WARN cleanup   [
npm WARN cleanup     'C:\\CFH\\backend\\node_modules\\.one-time-BswziswM',
npm WARN cleanup     [Error: EPERM: operation not permitted, rmdir 'C:\CFH\backend\node_modules\.one-time-BswziswM'] {
npm WARN cleanup       errno: -4048,
npm WARN cleanup       code: 'EPERM',
npm WARN cleanup       syscall: 'rmdir',
npm WARN cleanup       path: 'C:\\CFH\\backend\\node_modules\\.one-time-BswziswM'
npm WARN cleanup     }
npm WARN cleanup   ],
npm WARN cleanup   [
npm WARN cleanup     'C:\\CFH\\backend\\node_modules\\.node-gyp-build-IbvL7SpL',
npm WARN cleanup     [Error: EPERM: operation not permitted, rmdir 'C:\CFH\backend\node_modules\.node-gyp-build-IbvL7SpL'] {
npm WARN cleanup       errno: -4048,
npm WARN cleanup       code: 'EPERM',
npm WARN cleanup       syscall: 'rmdir',
npm WARN cleanup       path: 'C:\\CFH\\backend\\node_modules\\.node-gyp-build-IbvL7SpL'
npm WARN cleanup     }
npm WARN cleanup   ],
npm WARN cleanup   [
npm WARN cleanup     'C:\\CFH\\backend\\node_modules\\.proxy-from-env-rcsiK1kA',
npm WARN cleanup     [Error: EPERM: operation not permitted, rmdir 'C:\CFH\backend\node_modules\.proxy-from-env-rcsiK1kA'] {
npm WARN cleanup       errno: -4048,
npm WARN cleanup       code: 'EPERM',
npm WARN cleanup       syscall: 'rmdir',
npm WARN cleanup       path: 'C:\\CFH\\backend\\node_modules\\.proxy-from-env-rcsiK1kA'
npm WARN cleanup     }
npm WARN cleanup   ],
npm WARN cleanup   [
npm WARN cleanup     'C:\\CFH\\backend\\node_modules\\.path-type-mtHGP7iO',
npm WARN cleanup     [Error: EPERM: operation not permitted, rmdir 'C:\CFH\backend\node_modules\.path-type-mtHGP7iO'] {
npm WARN cleanup       errno: -4048,
npm WARN cleanup       code: 'EPERM',
npm WARN cleanup       syscall: 'rmdir',
npm WARN cleanup       path: 'C:\\CFH\\backend\\node_modules\\.path-type-mtHGP7iO'
npm WARN cleanup     }
npm WARN cleanup   ],
npm WARN cleanup   [
npm WARN cleanup     'C:\\CFH\\backend\\node_modules\\.sparse-bitfield-85Sg2jjp',
npm WARN cleanup     [Error: EPERM: operation not permitted, rmdir 'C:\CFH\backend\node_modules\.sparse-bitfield-85Sg2jjp'] {
npm WARN cleanup       errno: -4048,
npm WARN cleanup       code: 'EPERM',
npm WARN cleanup       syscall: 'rmdir',
npm WARN cleanup       path: 'C:\\CFH\\backend\\node_modules\\.sparse-bitfield-85Sg2jjp'
npm WARN cleanup     }
npm WARN cleanup   ],
npm WARN cleanup   [
npm WARN cleanup     'C:\\CFH\\backend\\node_modules\\.text-hex-83BDvb6W',
npm WARN cleanup     [Error: EPERM: operation not permitted, rmdir 'C:\CFH\backend\node_modules\.text-hex-83BDvb6W'] {
npm WARN cleanup       errno: -4048,
npm WARN cleanup       code: 'EPERM',
npm WARN cleanup       syscall: 'rmdir',
npm WARN cleanup       path: 'C:\\CFH\\backend\\node_modules\\.text-hex-83BDvb6W'
npm WARN cleanup     }
npm WARN cleanup   ],
npm WARN cleanup   [
npm WARN cleanup     'C:\\CFH\\backend\\node_modules\\.util-deprecate-14z5Tuwj',
npm WARN cleanup     [Error: EPERM: operation not permitted, rmdir 'C:\CFH\backend\node_modules\.util-deprecate-14z5Tuwj'] {
npm WARN cleanup       errno: -4048,
npm WARN cleanup       code: 'EPERM',
npm WARN cleanup       syscall: 'rmdir',
npm WARN cleanup       path: 'C:\\CFH\\backend\\node_modules\\.util-deprecate-14z5Tuwj'
npm WARN cleanup     }
npm WARN cleanup   ],
npm WARN cleanup   [
npm WARN cleanup     'C:\\CFH\\backend\\node_modules\\@babel\\.runtime-nggXgia6',
npm WARN cleanup     [Error: EPERM: operation not permitted, rmdir 'C:\CFH\backend\node_modules\@babel\.runtime-nggXgia6\regenerator'] {
npm WARN cleanup       errno: -4048,
npm WARN cleanup       code: 'EPERM',
npm WARN cleanup       syscall: 'rmdir',
npm WARN cleanup       path: 'C:\\CFH\\backend\\node_modules\\@babel\\.runtime-nggXgia6\\regenerator'
npm WARN cleanup     }
npm WARN cleanup   ],
npm WARN cleanup   [
npm WARN cleanup     'C:\\CFH\\backend\\node_modules\\@colors\\.colors-UhuWoKQu',
npm WARN cleanup     [Error: EPERM: operation not permitted, rmdir 'C:\CFH\backend\node_modules\@colors\.colors-UhuWoKQu\themes'] {
npm WARN cleanup       errno: -4048,
npm WARN cleanup       code: 'EPERM',
npm WARN cleanup       syscall: 'rmdir',
npm WARN cleanup       path: 'C:\\CFH\\backend\\node_modules\\@colors\\.colors-UhuWoKQu\\themes'
npm WARN cleanup     }
npm WARN cleanup   ],
npm WARN cleanup   [
npm WARN cleanup     'C:\\CFH\\backend\\node_modules\\@dabh\\.diagnostics-KdnwkoQA',
npm WARN cleanup     [Error: EPERM: operation not permitted, rmdir 'C:\CFH\backend\node_modules\@dabh\.diagnostics-KdnwkoQA\logger'] {
npm WARN cleanup       errno: -4048,
npm WARN cleanup       code: 'EPERM',
npm WARN cleanup       syscall: 'rmdir',
npm WARN cleanup       path: 'C:\\CFH\\backend\\node_modules\\@dabh\\.diagnostics-KdnwkoQA\\logger'
npm WARN cleanup     }
npm WARN cleanup   ],
npm WARN cleanup   [
npm WARN cleanup     'C:\\CFH\\backend\\node_modules\\@mongodb-js\\.saslprep-Kh7KSZDS',
npm WARN cleanup     [Error: EPERM: operation not permitted, rmdir 'C:\CFH\backend\node_modules\@mongodb-js\.saslprep-Kh7KSZDS\dist'] {
npm WARN cleanup       errno: -4048,
npm WARN cleanup       code: 'EPERM',
npm WARN cleanup       syscall: 'rmdir',
npm WARN cleanup       path: 'C:\\CFH\\backend\\node_modules\\@mongodb-js\\.saslprep-Kh7KSZDS\\dist'
npm WARN cleanup     }
npm WARN cleanup   ],
npm WARN cleanup   [
npm WARN cleanup     'C:\\CFH\\backend\\node_modules\\@hapi\\.hoek-nb8zD1Qa',
npm WARN cleanup     [Error: EPERM: operation not permitted, rmdir 'C:\CFH\backend\node_modules\@hapi\.hoek-nb8zD1Qa\lib'] {
npm WARN cleanup       errno: -4048,
npm WARN cleanup       code: 'EPERM',
npm WARN cleanup       syscall: 'rmdir',
npm WARN cleanup       path: 'C:\\CFH\\backend\\node_modules\\@hapi\\.hoek-nb8zD1Qa\\lib'
npm WARN cleanup     }
npm WARN cleanup   ],
npm WARN cleanup   [
npm WARN cleanup     'C:\\CFH\\backend\\node_modules\\@hapi\\.topo-YupgS8at',
npm WARN cleanup     [Error: EPERM: operation not permitted, rmdir 'C:\CFH\backend\node_modules\@hapi\.topo-YupgS8at\lib'] {
npm WARN cleanup       errno: -4048,
npm WARN cleanup       code: 'EPERM',
npm WARN cleanup       syscall: 'rmdir',
npm WARN cleanup       path: 'C:\\CFH\\backend\\node_modules\\@hapi\\.topo-YupgS8at\\lib'
npm WARN cleanup     }
npm WARN cleanup   ],
npm WARN cleanup   [
npm WARN cleanup     'C:\\CFH\\backend\\node_modules\\@sideway\\.pinpoint-vsr3fz60',
npm WARN cleanup     [Error: EPERM: operation not permitted, rmdir 'C:\CFH\backend\node_modules\@sideway\.pinpoint-vsr3fz60\lib'] {
npm WARN cleanup       errno: -4048,
npm WARN cleanup       code: 'EPERM',
npm WARN cleanup       syscall: 'rmdir',
npm WARN cleanup       path: 'C:\\CFH\\backend\\node_modules\\@sideway\\.pinpoint-vsr3fz60\\lib'
npm WARN cleanup     }
npm WARN cleanup   ],
npm WARN cleanup   [
npm WARN cleanup     'C:\\CFH\\backend\\node_modules\\@noble\\.hashes-JUfcwJph',
npm WARN cleanup     [Error: EPERM: operation not permitted, rmdir 'C:\CFH\backend\node_modules\@noble\.hashes-JUfcwJph\src'] {
npm WARN cleanup       errno: -4048,
npm WARN cleanup       code: 'EPERM',
npm WARN cleanup       syscall: 'rmdir',
npm WARN cleanup       path: 'C:\\CFH\\backend\\node_modules\\@noble\\.hashes-JUfcwJph\\src'
npm WARN cleanup     }
npm WARN cleanup   ],
npm WARN cleanup   [
npm WARN cleanup     'C:\\CFH\\backend\\node_modules\\@sideway\\.formula-8bOpDg23',
npm WARN cleanup     [Error: EPERM: operation not permitted, rmdir 'C:\CFH\backend\node_modules\@sideway\.formula-8bOpDg23\lib'] {
npm WARN cleanup       errno: -4048,
npm WARN cleanup       code: 'EPERM',
npm WARN cleanup       syscall: 'rmdir',
npm WARN cleanup       path: 'C:\\CFH\\backend\\node_modules\\@sideway\\.formula-8bOpDg23\\lib'
npm WARN cleanup     }
npm WARN cleanup   ],
npm WARN cleanup   [
npm WARN cleanup     'C:\\CFH\\backend\\node_modules\\@paralleldrive\\.cuid2-3HqSIj59',
npm WARN cleanup     [Error: EPERM: operation not permitted, rmdir 'C:\CFH\backend\node_modules\@paralleldrive\.cuid2-3HqSIj59\src'] {
npm WARN cleanup       errno: -4048,
npm WARN cleanup       code: 'EPERM',
npm WARN cleanup       syscall: 'rmdir',
npm WARN cleanup       path: 'C:\\CFH\\backend\\node_modules\\@paralleldrive\\.cuid2-3HqSIj59\\src'
npm WARN cleanup     }
npm WARN cleanup   ],
npm WARN cleanup   [
npm WARN cleanup     'C:\\CFH\\backend\\node_modules\\@swc\\.helpers-PRQapdVe',
npm WARN cleanup     [Error: EPERM: operation not permitted, rmdir 'C:\CFH\backend\node_modules\@swc\.helpers-PRQapdVe\cjs'] {
npm WARN cleanup       errno: -4048,
npm WARN cleanup       code: 'EPERM',
npm WARN cleanup       syscall: 'rmdir',
npm WARN cleanup       path: 'C:\\CFH\\backend\\node_modules\\@swc\\.helpers-PRQapdVe\\cjs'
npm WARN cleanup     }
npm WARN cleanup   ],
npm WARN cleanup   [
npm WARN cleanup     'C:\\CFH\\backend\\node_modules\\@sideway\\.address-mhs4kkXo',
npm WARN cleanup     [Error: EPERM: operation not permitted, rmdir 'C:\CFH\backend\node_modules\@sideway\.address-mhs4kkXo\lib'] {
npm WARN cleanup       errno: -4048,
npm WARN cleanup       code: 'EPERM',
npm WARN cleanup       syscall: 'rmdir',
npm WARN cleanup       path: 'C:\\CFH\\backend\\node_modules\\@sideway\\.address-mhs4kkXo\\lib'
npm WARN cleanup     }
npm WARN cleanup   ],
npm WARN cleanup   [
npm WARN cleanup     'C:\\CFH\\backend\\node_modules\\@types\\.whatwg-url-L3FFGmDo',
npm WARN cleanup     [Error: EPERM: operation not permitted, rmdir 'C:\CFH\backend\node_modules\@types\.whatwg-url-L3FFGmDo\lib'] {
npm WARN cleanup       errno: -4048,
npm WARN cleanup       code: 'EPERM',
npm WARN cleanup       syscall: 'rmdir',
npm WARN cleanup       path: 'C:\\CFH\\backend\\node_modules\\@types\\.whatwg-url-L3FFGmDo\\lib'
npm WARN cleanup     }
npm WARN cleanup   ],
npm WARN cleanup   [
npm WARN cleanup     'C:\\CFH\\backend\\node_modules\\@typescript-eslint\\.parser-ImJQGo0O',
npm WARN cleanup     [Error: EPERM: operation not permitted, rmdir 'C:\CFH\backend\node_modules\@typescript-eslint\.parser-ImJQGo0O\dist'] {
npm WARN cleanup       errno: -4048,
npm WARN cleanup       code: 'EPERM',
npm WARN cleanup       syscall: 'rmdir',
npm WARN cleanup       path: 'C:\\CFH\\backend\\node_modules\\@typescript-eslint\\.parser-ImJQGo0O\\dist'
npm WARN cleanup     }
npm WARN cleanup   ],
npm WARN cleanup   [
npm WARN cleanup     'C:\\CFH\\backend\\node_modules\\@typescript-eslint\\.type-utils-muObOYhZ',
npm WARN cleanup     [Error: EPERM: operation not permitted, rmdir 'C:\CFH\backend\node_modules\@typescript-eslint\.type-utils-muObOYhZ\dist'] {
npm WARN cleanup       errno: -4048,
npm WARN cleanup       code: 'EPERM',
npm WARN cleanup       syscall: 'rmdir',
npm WARN cleanup       path: 'C:\\CFH\\backend\\node_modules\\@typescript-eslint\\.type-utils-muObOYhZ\\dist'
npm WARN cleanup     }
npm WARN cleanup   ],
npm WARN cleanup   [
npm WARN cleanup     'C:\\CFH\\backend\\node_modules\\@typescript-eslint\\.visitor-keys-y8qdIW8r',
npm WARN cleanup     [Error: EPERM: operation not permitted, rmdir 'C:\CFH\backend\node_modules\@typescript-eslint\.visitor-keys-y8qdIW8r\dist'] {
npm WARN cleanup       errno: -4048,
npm WARN cleanup       code: 'EPERM',
npm WARN cleanup       syscall: 'rmdir',
npm WARN cleanup       path: 'C:\\CFH\\backend\\node_modules\\@typescript-eslint\\.visitor-keys-y8qdIW8r\\dist'
npm WARN cleanup     }
npm WARN cleanup   ],
npm WARN cleanup   [
npm WARN cleanup     'C:\\CFH\\backend\\node_modules\\.bcrypt-z8UPq1Nq',
npm WARN cleanup     [Error: EPERM: operation not permitted, rmdir 'C:\CFH\backend\node_modules\.bcrypt-z8UPq1Nq\examples'] {
npm WARN cleanup       errno: -4048,
npm WARN cleanup       code: 'EPERM',
npm WARN cleanup       syscall: 'rmdir',
npm WARN cleanup       path: 'C:\\CFH\\backend\\node_modules\\.bcrypt-z8UPq1Nq\\examples'
npm WARN cleanup     }
npm WARN cleanup   ],
npm WARN cleanup   [
npm WARN cleanup     'C:\\CFH\\backend\\node_modules\\.brotli-3KUsPRLR',
npm WARN cleanup     [Error: EPERM: operation not permitted, rmdir 'C:\CFH\backend\node_modules\.brotli-3KUsPRLR\dec'] {
npm WARN cleanup       errno: -4048,
npm WARN cleanup       code: 'EPERM',
npm WARN cleanup       syscall: 'rmdir',
npm WARN cleanup       path: 'C:\\CFH\\backend\\node_modules\\.brotli-3KUsPRLR\\dec'
npm WARN cleanup     }
npm WARN cleanup   ],
npm WARN cleanup   [
npm WARN cleanup     'C:\\CFH\\backend\\node_modules\\.bson-3tf1erEe',
npm WARN cleanup     [Error: EPERM: operation not permitted, rmdir 'C:\CFH\backend\node_modules\.bson-3tf1erEe\etc'] {
npm WARN cleanup       errno: -4048,
npm WARN cleanup       code: 'EPERM',
npm WARN cleanup       syscall: 'rmdir',
npm WARN cleanup       path: 'C:\\CFH\\backend\\node_modules\\.bson-3tf1erEe\\etc'
npm WARN cleanup     }
npm WARN cleanup   ],
npm WARN cleanup   [
npm WARN cleanup     'C:\\CFH\\backend\\node_modules\\.ecdsa-sig-formatter-biA35bF5',
npm WARN cleanup     [Error: EPERM: operation not permitted, rmdir 'C:\CFH\backend\node_modules\.ecdsa-sig-formatter-biA35bF5\src'] {
npm WARN cleanup       errno: -4048,
npm WARN cleanup       code: 'EPERM',
npm WARN cleanup       syscall: 'rmdir',
npm WARN cleanup       path: 'C:\\CFH\\backend\\node_modules\\.ecdsa-sig-formatter-biA35bF5\\src'
npm WARN cleanup     }
npm WARN cleanup   ],
npm WARN cleanup   [
npm WARN cleanup     'C:\\CFH\\backend\\node_modules\\.fecha-x6IhGKHW',
npm WARN cleanup     [Error: EPERM: operation not permitted, rmdir 'C:\CFH\backend\node_modules\.fecha-x6IhGKHW\src'] {
npm WARN cleanup       errno: -4048,
npm WARN cleanup       code: 'EPERM',
npm WARN cleanup       syscall: 'rmdir',
npm WARN cleanup       path: 'C:\\CFH\\backend\\node_modules\\.fecha-x6IhGKHW\\src'
npm WARN cleanup     }
npm WARN cleanup   ],
npm WARN cleanup   [
npm WARN cleanup     'C:\\CFH\\backend\\node_modules\\.crypto-js-S0GMzggt',
npm WARN cleanup     [Error: EPERM: operation not permitted, rmdir 'C:\CFH\backend\node_modules\.crypto-js-S0GMzggt\docs'] {
npm WARN cleanup       errno: -4048,
npm WARN cleanup       code: 'EPERM',
npm WARN cleanup       syscall: 'rmdir',
npm WARN cleanup       path: 'C:\\CFH\\backend\\node_modules\\.crypto-js-S0GMzggt\\docs'
npm WARN cleanup     }
npm WARN cleanup   ],
npm WARN cleanup   [
npm WARN cleanup     'C:\\CFH\\backend\\node_modules\\.express-rate-limit-CJda55Ka',
npm WARN cleanup     [Error: EPERM: operation not permitted, rmdir 'C:\CFH\backend\node_modules\.express-rate-limit-CJda55Ka\dist'] {
npm WARN cleanup       errno: -4048,
npm WARN cleanup       code: 'EPERM',
npm WARN cleanup       syscall: 'rmdir',
npm WARN cleanup       path: 'C:\\CFH\\backend\\node_modules\\.express-rate-limit-CJda55Ka\\dist'
npm WARN cleanup     }
npm WARN cleanup   ],
npm WARN cleanup   [
npm WARN cleanup     'C:\\CFH\\backend\\node_modules\\.fontkit-KLdwQjm4',
npm WARN cleanup     [Error: EPERM: operation not permitted, rmdir 'C:\CFH\backend\node_modules\.fontkit-KLdwQjm4\dist'] {
npm WARN cleanup       errno: -4048,
npm WARN cleanup       code: 'EPERM',
npm WARN cleanup       syscall: 'rmdir',
npm WARN cleanup       path: 'C:\\CFH\\backend\\node_modules\\.fontkit-KLdwQjm4\\dist'
npm WARN cleanup     }
npm WARN cleanup   ],
npm WARN cleanup   [
npm WARN cleanup     'C:\\CFH\\backend\\node_modules\\.i18next-SEcOZEZC',
npm WARN cleanup     [Error: EPERM: operation not permitted, rmdir 'C:\CFH\backend\node_modules\.i18next-SEcOZEZC\typescript'] {
npm WARN cleanup       errno: -4048,
npm WARN cleanup       code: 'EPERM',
npm WARN cleanup       syscall: 'rmdir',
npm WARN cleanup       path: 'C:\\CFH\\backend\\node_modules\\.i18next-SEcOZEZC\\typescript'
npm WARN cleanup     }
npm WARN cleanup   ],
npm WARN cleanup   [
npm WARN cleanup     'C:\\CFH\\backend\\node_modules\\.joi-vokzdb2o',
npm WARN cleanup     [Error: EPERM: operation not permitted, rmdir 'C:\CFH\backend\node_modules\.joi-vokzdb2o\dist'] {
npm WARN cleanup       errno: -4048,
npm WARN cleanup       code: 'EPERM',
npm WARN cleanup       syscall: 'rmdir',
npm WARN cleanup       path: 'C:\\CFH\\backend\\node_modules\\.joi-vokzdb2o\\dist'
npm WARN cleanup     }
npm WARN cleanup   ],
npm WARN cleanup   [
npm WARN cleanup     'C:\\CFH\\backend\\node_modules\\.jpeg-exif-SpbCGiVn',
npm WARN cleanup     [Error: EPERM: operation not permitted, rmdir 'C:\CFH\backend\node_modules\.jpeg-exif-SpbCGiVn\lib'] {
npm WARN cleanup       errno: -4048,
npm WARN cleanup       code: 'EPERM',
npm WARN cleanup       syscall: 'rmdir',
npm WARN cleanup       path: 'C:\\CFH\\backend\\node_modules\\.jpeg-exif-SpbCGiVn\\lib'
npm WARN cleanup     }
npm WARN cleanup   ],
npm WARN cleanup   [
npm WARN cleanup     'C:\\CFH\\backend\\node_modules\\.jsonwebtoken-FePd3fjh',
npm WARN cleanup     [Error: EPERM: operation not permitted, rmdir 'C:\CFH\backend\node_modules\.jsonwebtoken-FePd3fjh\lib'] {
npm WARN cleanup       errno: -4048,
npm WARN cleanup       code: 'EPERM',
npm WARN cleanup       syscall: 'rmdir',
npm WARN cleanup       path: 'C:\\CFH\\backend\\node_modules\\.jsonwebtoken-FePd3fjh\\lib'
npm WARN cleanup     }
npm WARN cleanup   ],
npm WARN cleanup   [
npm WARN cleanup     'C:\\CFH\\backend\\node_modules\\.jws-YAilrNSc',
npm WARN cleanup     [Error: EPERM: operation not permitted, rmdir 'C:\CFH\backend\node_modules\.jws-YAilrNSc\lib'] {
npm WARN cleanup       errno: -4048,
npm WARN cleanup       code: 'EPERM',
npm WARN cleanup       syscall: 'rmdir',
npm WARN cleanup       path: 'C:\\CFH\\backend\\node_modules\\.jws-YAilrNSc\\lib'
npm WARN cleanup     }
npm WARN cleanup   ],
npm WARN cleanup   [
npm WARN cleanup     'C:\\CFH\\backend\\node_modules\\.mpath-FYB4iEps',
npm WARN cleanup     [Error: EPERM: operation not permitted, rmdir 'C:\CFH\backend\node_modules\.mpath-FYB4iEps\lib'] {
npm WARN cleanup       errno: -4048,
npm WARN cleanup       code: 'EPERM',
npm WARN cleanup       syscall: 'rmdir',
npm WARN cleanup       path: 'C:\\CFH\\backend\\node_modules\\.mpath-FYB4iEps\\lib'
npm WARN cleanup     }
npm WARN cleanup   ],
npm WARN cleanup   [
npm WARN cleanup     'C:\\CFH\\backend\\node_modules\\.linebreak-CUb5qzos',
npm WARN cleanup     [Error: EPERM: operation not permitted, rmdir 'C:\CFH\backend\node_modules\.linebreak-CUb5qzos\dist'] {
npm WARN cleanup       errno: -4048,
npm WARN cleanup       code: 'EPERM',
npm WARN cleanup       syscall: 'rmdir',
npm WARN cleanup       path: 'C:\\CFH\\backend\\node_modules\\.linebreak-CUb5qzos\\dist'
npm WARN cleanup     }
npm WARN cleanup   ],
npm WARN cleanup   [
npm WARN cleanup     'C:\\CFH\\backend\\node_modules\\.logform-ypFVl0lD',
npm WARN cleanup     [Error: EPERM: operation not permitted, rmdir 'C:\CFH\backend\node_modules\.logform-ypFVl0lD\dist'] {
npm WARN cleanup       errno: -4048,
npm WARN cleanup       code: 'EPERM',
npm WARN cleanup       syscall: 'rmdir',
npm WARN cleanup       path: 'C:\\CFH\\backend\\node_modules\\.logform-ypFVl0lD\\dist'
npm WARN cleanup     }
npm WARN cleanup   ],
npm WARN cleanup   [
npm WARN cleanup     'C:\\CFH\\backend\\node_modules\\.mongodb-connection-string-url-JxvWYbp3',
npm WARN cleanup     [Error: EPERM: operation not permitted, rmdir 'C:\CFH\backend\node_modules\.mongodb-connection-string-url-JxvWYbp3\lib'] {
npm WARN cleanup       errno: -4048,
npm WARN cleanup       code: 'EPERM',
npm WARN cleanup       syscall: 'rmdir',
npm WARN cleanup       path: 'C:\\CFH\\backend\\node_modules\\.mongodb-connection-string-url-JxvWYbp3\\lib'
npm WARN cleanup     }
npm WARN cleanup   ],
npm WARN cleanup   [
npm WARN cleanup     'C:\\CFH\\backend\\node_modules\\.mongodb-7kuZAhgZ',
npm WARN cleanup     [Error: EPERM: operation not permitted, rmdir 'C:\CFH\backend\node_modules\.mongodb-7kuZAhgZ\etc'] {
npm WARN cleanup       errno: -4048,
npm WARN cleanup       code: 'EPERM',
npm WARN cleanup       syscall: 'rmdir',
npm WARN cleanup       path: 'C:\\CFH\\backend\\node_modules\\.mongodb-7kuZAhgZ\\etc'
npm WARN cleanup     }
npm WARN cleanup   ],
npm WARN cleanup   [
npm WARN cleanup     'C:\\CFH\\backend\\node_modules\\.mongoose-L1BThOb7',
npm WARN cleanup     [Error: EPERM: operation not permitted, rmdir 'C:\CFH\backend\node_modules\.mongoose-L1BThOb7\dist'] {
npm WARN cleanup       errno: -4048,
npm WARN cleanup       code: 'EPERM',
npm WARN cleanup       syscall: 'rmdir',
npm WARN cleanup       path: 'C:\\CFH\\backend\\node_modules\\.mongoose-L1BThOb7\\dist'
npm WARN cleanup     }
npm WARN cleanup   ],
npm WARN cleanup   [
npm WARN cleanup     'C:\\CFH\\backend\\node_modules\\.node-addon-api-GDgCtEHU',
npm WARN cleanup     [Error: EPERM: operation not permitted, rmdir 'C:\CFH\backend\node_modules\.node-addon-api-GDgCtEHU\tools'] {
npm WARN cleanup       errno: -4048,
npm WARN cleanup       code: 'EPERM',
npm WARN cleanup       syscall: 'rmdir',
npm WARN cleanup       path: 'C:\\CFH\\backend\\node_modules\\.node-addon-api-GDgCtEHU\\tools'
npm WARN cleanup     }
npm WARN cleanup   ],
npm WARN cleanup   [
npm WARN cleanup     'C:\\CFH\\backend\\node_modules\\.mquery-KbXKt5Xd',
npm WARN cleanup     [Error: EPERM: operation not permitted, rmdir 'C:\CFH\backend\node_modules\.mquery-KbXKt5Xd\.github'] {
npm WARN cleanup       errno: -4048,
npm WARN cleanup       code: 'EPERM',
npm WARN cleanup       syscall: 'rmdir',
npm WARN cleanup       path: 'C:\\CFH\\backend\\node_modules\\.mquery-KbXKt5Xd\\.github'
npm WARN cleanup     }
npm WARN cleanup   ],
npm WARN cleanup   [
npm WARN cleanup     'C:\\CFH\\backend\\node_modules\\.pako-PGHCCGSz',
npm WARN cleanup     [Error: EPERM: operation not permitted, rmdir 'C:\CFH\backend\node_modules\.pako-PGHCCGSz\dist'] {
npm WARN cleanup       errno: -4048,
npm WARN cleanup       code: 'EPERM',
npm WARN cleanup       syscall: 'rmdir',
npm WARN cleanup       path: 'C:\\CFH\\backend\\node_modules\\.pako-PGHCCGSz\\dist'
npm WARN cleanup     }
npm WARN cleanup   ],
npm WARN cleanup   [
npm WARN cleanup     'C:\\CFH\\backend\\node_modules\\.png-js-Eu22nmFj',
npm WARN cleanup     [Error: EPERM: operation not permitted, rmdir 'C:\CFH\backend\node_modules\.png-js-Eu22nmFj\images'] {
npm WARN cleanup       errno: -4048,
npm WARN cleanup       code: 'EPERM',
npm WARN cleanup       syscall: 'rmdir',
npm WARN cleanup       path: 'C:\\CFH\\backend\\node_modules\\.png-js-Eu22nmFj\\images'
npm WARN cleanup     }
npm WARN cleanup   ],
npm WARN cleanup   [
npm WARN cleanup     'C:\\CFH\\backend\\node_modules\\.restructure-9yClFSCU',
npm WARN cleanup     [Error: EPERM: operation not permitted, rmdir 'C:\CFH\backend\node_modules\.restructure-9yClFSCU\src'] {
npm WARN cleanup       errno: -4048,
npm WARN cleanup       code: 'EPERM',
npm WARN cleanup       syscall: 'rmdir',
npm WARN cleanup       path: 'C:\\CFH\\backend\\node_modules\\.restructure-9yClFSCU\\src'
npm WARN cleanup     }
npm WARN cleanup   ],
npm WARN cleanup   [
npm WARN cleanup     'C:\\CFH\\backend\\node_modules\\.redis-vq0jycRb',
npm WARN cleanup     [Error: EPERM: operation not permitted, rmdir 'C:\CFH\backend\node_modules\.redis-vq0jycRb\dist'] {
npm WARN cleanup       errno: -4048,
npm WARN cleanup       code: 'EPERM',
npm WARN cleanup       syscall: 'rmdir',
npm WARN cleanup       path: 'C:\\CFH\\backend\\node_modules\\.redis-vq0jycRb\\dist'
npm WARN cleanup     }
npm WARN cleanup   ],
npm WARN cleanup   [
npm WARN cleanup     'C:\\CFH\\backend\\node_modules\\.sift-dGiFZoR5',
npm WARN cleanup     [Error: EPERM: operation not permitted, rmdir 'C:\CFH\backend\node_modules\.sift-dGiFZoR5\es'] {
npm WARN cleanup       errno: -4048,
npm WARN cleanup       code: 'EPERM',
npm WARN cleanup       syscall: 'rmdir',
npm WARN cleanup       path: 'C:\\CFH\\backend\\node_modules\\.sift-dGiFZoR5\\es'
npm WARN cleanup     }
npm WARN cleanup   ],
npm WARN cleanup   [
npm WARN cleanup     'C:\\CFH\\backend\\node_modules\\.safe-stable-stringify-Uf3pzPLp',
npm WARN cleanup     [Error: EPERM: operation not permitted, rmdir 'C:\CFH\backend\node_modules\.safe-stable-stringify-Uf3pzPLp\esm'] {
npm WARN cleanup       errno: -4048,
npm WARN cleanup       code: 'EPERM',
npm WARN cleanup       syscall: 'rmdir',
npm WARN cleanup       path: 'C:\\CFH\\backend\\node_modules\\.safe-stable-stringify-Uf3pzPLp\\esm'
npm WARN cleanup     }
npm WARN cleanup   ],
npm WARN cleanup   [
npm WARN cleanup     'C:\\CFH\\backend\\node_modules\\.stack-trace-FWiiXEMi',
npm WARN cleanup     [Error: EPERM: operation not permitted, rmdir 'C:\CFH\backend\node_modules\.stack-trace-FWiiXEMi\lib'] {
npm WARN cleanup       errno: -4048,
npm WARN cleanup       code: 'EPERM',
npm WARN cleanup       syscall: 'rmdir',
npm WARN cleanup       path: 'C:\\CFH\\backend\\node_modules\\.stack-trace-FWiiXEMi\\lib'
npm WARN cleanup     }
npm WARN cleanup   ],
npm WARN cleanup   [
npm WARN cleanup     'C:\\CFH\\backend\\node_modules\\.supertest-kzjG4UHi',
npm WARN cleanup     [Error: EPERM: operation not permitted, rmdir 'C:\CFH\backend\node_modules\.supertest-kzjG4UHi\lib'] {
npm WARN cleanup       errno: -4048,
npm WARN cleanup       code: 'EPERM',
npm WARN cleanup       syscall: 'rmdir',
npm WARN cleanup       path: 'C:\\CFH\\backend\\node_modules\\.supertest-kzjG4UHi\\lib'
npm WARN cleanup     }
npm WARN cleanup   ],
npm WARN cleanup   [
npm WARN cleanup     'C:\\CFH\\backend\\node_modules\\.string_decoder-m2A84UuG',
npm WARN cleanup     [Error: EPERM: operation not permitted, rmdir 'C:\CFH\backend\node_modules\.string_decoder-m2A84UuG\lib'] {
npm WARN cleanup       errno: -4048,
npm WARN cleanup       code: 'EPERM',
npm WARN cleanup       syscall: 'rmdir',
npm WARN cleanup       path: 'C:\\CFH\\backend\\node_modules\\.string_decoder-m2A84UuG\\lib'
npm WARN cleanup     }
npm WARN cleanup   ],
npm WARN cleanup   [
npm WARN cleanup     'C:\\CFH\\backend\\node_modules\\.superagent-hsc8vONN',
npm WARN cleanup     [Error: EPERM: operation not permitted, rmdir 'C:\CFH\backend\node_modules\.superagent-hsc8vONN\dist'] {
npm WARN cleanup       errno: -4048,
npm WARN cleanup       code: 'EPERM',
npm WARN cleanup       syscall: 'rmdir',
npm WARN cleanup       path: 'C:\\CFH\\backend\\node_modules\\.superagent-hsc8vONN\\dist'
npm WARN cleanup     }
npm WARN cleanup   ],
npm WARN cleanup   [
npm WARN cleanup     'C:\\CFH\\backend\\node_modules\\.tr46-98Hoiyg2',
npm WARN cleanup     [Error: EPERM: operation not permitted, rmdir 'C:\CFH\backend\node_modules\.tr46-98Hoiyg2\lib'] {
npm WARN cleanup       errno: -4048,
npm WARN cleanup       code: 'EPERM',
npm WARN cleanup       syscall: 'rmdir',
npm WARN cleanup       path: 'C:\\CFH\\backend\\node_modules\\.tr46-98Hoiyg2\\lib'
npm WARN cleanup     }
npm WARN cleanup   ],
npm WARN cleanup   [
npm WARN cleanup     'C:\\CFH\\backend\\node_modules\\.triple-beam-WpR9C22Y',
npm WARN cleanup     [Error: EPERM: operation not permitted, rmdir 'C:\CFH\backend\node_modules\.triple-beam-WpR9C22Y\config'] {
npm WARN cleanup       errno: -4048,
npm WARN cleanup       code: 'EPERM',
npm WARN cleanup       syscall: 'rmdir',
npm WARN cleanup       path: 'C:\\CFH\\backend\\node_modules\\.triple-beam-WpR9C22Y\\config'
npm WARN cleanup     }
npm WARN cleanup   ],
npm WARN cleanup   [
npm WARN cleanup     'C:\\CFH\\backend\\node_modules\\.ts-api-utils-F84ZhDAy',
npm WARN cleanup     [Error: EPERM: operation not permitted, rmdir 'C:\CFH\backend\node_modules\.ts-api-utils-F84ZhDAy\lib'] {
npm WARN cleanup       errno: -4048,
npm WARN cleanup       code: 'EPERM',
npm WARN cleanup       syscall: 'rmdir',
npm WARN cleanup       path: 'C:\\CFH\\backend\\node_modules\\.ts-api-utils-F84ZhDAy\\lib'
npm WARN cleanup     }
npm WARN cleanup   ],
npm WARN cleanup   [
npm WARN cleanup     'C:\\CFH\\backend\\node_modules\\.webidl-conversions-9LEOJtnN',
npm WARN cleanup     [Error: EPERM: operation not permitted, rmdir 'C:\CFH\backend\node_modules\.webidl-conversions-9LEOJtnN\lib'] {
npm WARN cleanup       errno: -4048,
npm WARN cleanup       code: 'EPERM',
npm WARN cleanup       syscall: 'rmdir',
npm WARN cleanup       path: 'C:\\CFH\\backend\\node_modules\\.webidl-conversions-9LEOJtnN\\lib'
npm WARN cleanup     }
npm WARN cleanup   ],
npm WARN cleanup   ... 28 more items
npm WARN cleanup ]

added 5 packages, removed 131 packages, changed 7 packages, and audited 741 packages in 5s

89 packages are looking for funding
  run `npm fund` for details

found 0 vulnerabilities
