npm WARN deprecated inflight@1.0.6: This module is not supported, and leaks memory. Do not use it. Check out lru-cache if you want a good and tested way to coalesce async requests by a key value, which is much more comprehensive and powerful.
npm WARN deprecated google-p12-pem@3.1.4: Package is no longer maintained
npm WARN deprecated @types/winston@2.4.4: This is a stub types definition. winston provides its own type definitions, so you do not need this installed.
npm WARN deprecated @types/cypress@1.1.6: This is a stub types definition. cypress provides its own type definitions, so you do not need this installed.
npm WARN deprecated @types/handlebars@4.1.0: This is a stub types definition. handlebars provides its own type definitions, so you do not need this installed.
npm WARN deprecated @types/i18next@13.0.0: This is a stub types definition. i18next provides its own type definitions, so you do not need this installed.
npm WARN deprecated @types/axios@0.14.4: This is a stub types definition. axios provides its own type definitions, so you do not need this installed.
npm WARN deprecated @types/i18next-fs-backend@1.2.0: This is a stub types definition. i18next-fs-backend provides its own type definitions, so you do not need this installed.
npm WARN deprecated superagent@8.1.2: Please upgrade to v9.0.0+ as we have fixed a public vulnerability with formidable dependency. Note that v9.0.0+ requires Node.js v14.18.0+. See https://github.com/ladjs/superagent/pull/1800 for insight. This project is supported and maintained by the team at Forward Email @ https://forwardemail.net
npm WARN deprecated glob@7.2.3: Glob versions prior to v9 are no longer supported
npm WARN deprecated glob@7.2.3: Glob versions prior to v9 are no longer supported
npm WARN deprecated glob@7.2.3: Glob versions prior to v9 are no longer supported
npm WARN deprecated glob@7.2.3: Glob versions prior to v9 are no longer supported

> cfh-backend@1.0.0 postinstall
> tsc-alias


added 839 packages, and audited 840 packages in 27s

91 packages are looking for funding
  run `npm fund` for details

7 vulnerabilities (3 moderate, 2 high, 2 critical)

To address all issues (including breaking changes), run:
  npm audit fix --force

Run `npm audit` for details.
