npm WARN deprecated inflight@1.0.6: This module is not supported, and leaks memory. Do not use it. Check out lru-cache if you want a good and tested way to coalesce async requests by a key value, which is much more comprehensive and powerful.
npm WARN deprecated google-p12-pem@3.1.4: Package is no longer maintained
npm WARN deprecated @types/winston@2.4.4: This is a stub types definition. winston provides its own type definitions, so you do not need this installed.
npm WARN deprecated @types/cypress@1.1.6: This is a stub types definition. cypress provides its own type definitions, so you do not need this installed.
npm WARN deprecated @types/handlebars@4.1.0: This is a stub types definition. handlebars provides its own type definitions, so you do not need this installed.
npm WARN deprecated @types/axios@0.14.4: This is a stub types definition. axios provides its own type definitions, so you do not need this installed.
npm WARN deprecated @types/i18next-fs-backend@1.2.0: This is a stub types definition. i18next-fs-backend provides its own type definitions, so you do not need this installed.
npm WARN deprecated @types/i18next@13.0.0: This is a stub types definition. i18next provides its own type definitions, so you do not need this installed.
npm WARN deprecated superagent@8.1.2: Please upgrade to v9.0.0+ as we have fixed a public vulnerability with formidable dependency. Note that v9.0.0+ requires Node.js v14.18.0+. See https://github.com/ladjs/superagent/pull/1800 for insight. This project is supported and maintained by the team at Forward Email @ https://forwardemail.net
npm WARN deprecated glob@7.2.3: Glob versions prior to v9 are no longer supported
npm WARN deprecated glob@7.2.3: Glob versions prior to v9 are no longer supported
npm WARN deprecated glob@7.2.3: Glob versions prior to v9 are no longer supported
npm WARN deprecated glob@7.2.3: Glob versions prior to v9 are no longer supported

> cfh-backend@1.0.0 postinstall
> tsc-alias

undefined:16
      "@ AscrowAuditService.test.ts', 'tests/services/escrow/EscrowAuditService.test.ts', 'utils/AIChatModerator.test.ts', 'utils/AIDisputePredictor.test.ts', 'utils/AISellerNegotiationCoach.test.ts', 'utils/HaulerMissionsEngine.test.ts', 'utils/SmartDelayPredictor.test.ts', 'workers/notificationQueueWorker.ts', 'workers/NotificationWorker.ts', 'services/notification/NotificationService.ts', 'routes/escrow/EscrowRoutes.test.ts', 'app.ts', 'routes/analytics/bid.ts', 'services/escrow/EscrowAuditService.ts', 'services/auction/BidHeatmapService.ts', 'validation/escrow.validation.ts', 'utils/notificationQueue.ts'] }

SyntaxError: Unexpected token 
 in JSON at position 997
    at JSON.parse (<anonymous>)
    at Object.loadS (C:\CFH\backend\node_modules\mylas\build\chunk-M3H36CX2.js:1:1741)
    at loadConfig (C:\CFH\backend\node_modules\tsc-alias\dist\helpers\config.js:79:39)
    at C:\CFH\backend\node_modules\tsc-alias\dist\helpers\config.js:30:142
    at Generator.next (<anonymous>)
    at C:\CFH\backend\node_modules\tsc-alias\dist\helpers\config.js:8:71
    at new Promise (<anonymous>)
    at __awaiter (C:\CFH\backend\node_modules\tsc-alias\dist\helpers\config.js:4:12)
    at prepareConfig (C:\CFH\backend\node_modules\tsc-alias\dist\helpers\config.js:22:12)
    at C:\CFH\backend\node_modules\tsc-alias\dist\index.js:28:58

Node.js v18.20.8
npm ERR! code 1
npm ERR! path C:\CFH\backend
npm ERR! command failed
npm ERR! command C:\WINDOWS\system32\cmd.exe /d /s /c tsc-alias

npm ERR! A complete log of this run can be found in: C:\Users\Agasi5\AppData\Local\npm-cache\_logs\2025-06-29T00_14_41_366Z-debug-0.log
