npm ERR! code EPERM
npm ERR! syscall rmdir
npm ERR! path C:\CFH\backend\node_modules\bcrypt\examples
npm ERR! errno -4048
npm ERR! Error: EPERM: operation not permitted, rmdir 'C:\CFH\backend\node_modules\bcrypt\examples'
npm ERR!  [Error: EPERM: operation not permitted, rmdir 'C:\CFH\backend\node_modules\bcrypt\examples'] {
npm ERR!   errno: -4048,
npm ERR!   code: 'EPERM',
npm ERR!   syscall: 'rmdir',
npm ERR!   path: 'C:\\CFH\\backend\\node_modules\\bcrypt\\examples'
npm ERR! }
npm ERR! 
npm ERR! The operation was rejected by your operating system.
npm ERR! It's possible that the file was already in use (by a text editor or antivirus),
npm ERR! or that you lack permissions to access it.
npm ERR! 
npm ERR! If you believe this might be a permissions issue, please double-check the
npm ERR! permissions of the file and its containing directories, or try running
npm ERR! the command again as root/Administrator.

npm ERR! A complete log of this run can be found in: C:\Users\Agasi5\AppData\Local\npm-cache\_logs\2025-06-28T03_42_31_144Z-debug-0.log
