npm WARN EBADENGINE Unsupported engine {
npm WARN EBADENGINE   package: 'glob@11.0.3',
npm WARN EBADENGINE   required: { node: '20 || >=22' },
npm WARN EBADENGINE   current: { node: 'v18.20.8', npm: '9.9.4' }
npm WARN EBADENGINE }
npm WARN EBADENGINE Unsupported engine {
npm WARN EBADENGINE   package: 'jackspeak@4.1.1',
npm WARN EBADENGINE   required: { node: '20 || >=22' },
npm WARN EBADENGINE   current: { node: 'v18.20.8', npm: '9.9.4' }
npm WARN EBADENGINE }
npm WARN EBADENGINE Unsupported engine {
npm WARN EBADENGINE   package: 'minimatch@10.0.3',
npm WARN EBADENGINE   required: { node: '20 || >=22' },
npm WARN EBADENGINE   current: { node: 'v18.20.8', npm: '9.9.4' }
npm WARN EBADENGINE }
npm WARN EBADENGINE Unsupported engine {
npm WARN EBADENGINE   package: 'path-scurry@2.0.0',
npm WARN EBADENGINE   required: { node: '20 || >=22' },
npm WARN EBADENGINE   current: { node: 'v18.20.8', npm: '9.9.4' }
npm WARN EBADENGINE }
npm WARN EBADENGINE Unsupported engine {
npm WARN EBADENGINE   package: 'lru-cache@11.1.0',
npm WARN EBADENGINE   required: { node: '20 || >=22' },
npm WARN EBADENGINE   current: { node: 'v18.20.8', npm: '9.9.4' }
npm WARN EBADENGINE }
npm WARN EBADENGINE Unsupported engine {
npm WARN EBADENGINE   package: '@isaacs/brace-expansion@5.0.0',
npm WARN EBADENGINE   required: { node: '20 || >=22' },
npm WARN EBADENGINE   current: { node: 'v18.20.8', npm: '9.9.4' }
npm WARN EBADENGINE }
npm WARN EBADENGINE Unsupported engine {
npm WARN EBADENGINE   package: '@isaacs/balanced-match@4.0.1',
npm WARN EBADENGINE   required: { node: '20 || >=22' },
npm WARN EBADENGINE   current: { node: 'v18.20.8', npm: '9.9.4' }
npm WARN EBADENGINE }
npm WARN deprecated inflight@1.0.6: This module is not supported, and leaks memory. Do not use it. Check out lru-cache if you want a good and tested way to coalesce async requests by a key value, which is much more comprehensive and powerful.
npm WARN deprecated are-we-there-yet@2.0.0: This package is no longer supported.
npm WARN deprecated gauge@3.0.2: This package is no longer supported.
npm WARN deprecated @humanwhocodes/config-array@0.13.0: Use @eslint/config-array instead
npm WARN deprecated npmlog@5.0.1: This package is no longer supported.
npm WARN deprecated rimraf@3.0.2: Rimraf versions prior to v4 are no longer supported
npm WARN deprecated @humanwhocodes/object-schema@2.0.3: Use @eslint/object-schema instead
npm WARN deprecated @types/handlebars@4.1.0: This is a stub types definition. handlebars provides its own type definitions, so you do not need this installed.
npm WARN deprecated @types/redis@4.0.11: This is a stub types definition. redis provides its own type definitions, so you do not need this installed.
npm WARN deprecated glob@7.2.3: Glob versions prior to v9 are no longer supported
npm WARN deprecated glob@7.2.3: Glob versions prior to v9 are no longer supported
npm WARN deprecated glob@7.2.3: Glob versions prior to v9 are no longer supported
npm WARN deprecated glob@7.2.3: Glob versions prior to v9 are no longer supported
npm WARN deprecated glob@7.2.3: Glob versions prior to v9 are no longer supported
npm WARN deprecated glob@8.1.0: Glob versions prior to v9 are no longer supported
npm WARN deprecated glob@7.2.3: Glob versions prior to v9 are no longer supported
npm WARN deprecated reflect-metadata@0.2.1: This version has a critical bug in fallback handling. Please upgrade to reflect-metadata@0.2.2 or newer.
npm WARN deprecated reflect-metadata@0.2.1: This version has a critical bug in fallback handling. Please upgrade to reflect-metadata@0.2.2 or newer.
npm WARN deprecated reflect-metadata@0.2.1: This version has a critical bug in fallback handling. Please upgrade to reflect-metadata@0.2.2 or newer.
npm WARN deprecated eslint@8.57.1: This version is no longer supported. Please see https://eslint.org/version-support for other options.

added 831 packages, and audited 832 packages in 2m

122 packages are looking for funding
  run `npm fund` for details

3 moderate severity vulnerabilities

To address all issues (including breaking changes), run:
  npm audit fix --force

Run `npm audit` for details.
