{
  "compilerOptions": {
    "target": "ES2020",
    "module": "ESNext",
    "esModuleInterop": true,
    "forceConsistentCasingInFileNames": true,
    "strict": true,
    "skipLibCheck": true,
    "allowJs": true,
    "checkJs": false,
    "moduleResolution": "node",
    "resolveJsonModule": true,
    "types": ["node", "jest"],
    "baseUrl": ".",
    "paths": {
      "@root/*": ["./*"],
      "@routes/*": ["routes/*"],
      "@utils/*": ["utils/*"],
      "@services/*": ["services/*"],
      "@models/*": ["models/*"],
      "@config/*": ["config/*"],
      "@middleware/*": ["middleware/*"],
      "@socket/*": ["socket/*"],
      "@tests/*": ["tests/*"],
      "@tools/*": ["tools/*"],
      "@ai/*": ["services/ai/*"],
      "@tasks/*": ["tasks/*"],
      "@frontend/*": ["../frontend/src/*"],
      "@controllers/*": ["controllers/*"],
      "@mock/*": ["tests/mocks/*"]
    }
  },
  "include": ["./**/*.ts"],
  "exclude": ["node_modules", "dist", "build", "**/*.js", "**/*.mjs"]
}

