// File: BidHeatmapEngine.js
// Path: @services/auction/BidHeatmapEngine.js
// Purpose: Generate real-time bid heatmap data based on auction activity
// Author: Rivers Auction Team
// Date: May 12, 2025
// 👑 Cod2 Crown Certified

const logger = require('@/utils/logger');

/**
 * Generates bid frequency heatmap data.
 * @param {String} auctionId - The unique ID of the auction.
 * @param {Object} timeRange - The time window for which to compute bid frequency.
 * @param {Date} timeRange.start - Start timestamp.
 * @param {Date} timeRange.end - End timestamp.
 * @returns {Array<Object>} heatmapData - Array of time buckets with bid counts.
 */
async function generateBidHeatmapData(auctionId, timeRange) {
  try {
    if (!auctionId || !timeRange?.start || !timeRange?.end) {
      throw new Error('Invalid parameters: auctionId and time range are required');
    }

    // Mocked bid events (in real system, fetch from DB or analytics engine)
    const mockBidEvents = [
      { timestamp: new Date('2025-05-12T12:00:00Z') },
      { timestamp: new Date('2025-05-12T12:01:00Z') },
      { timestamp: new Date('2025-05-12T12:02:30Z') },
      { timestamp: new Date('2025-05-12T12:10:00Z') },
      { timestamp: new Date('2025-05-12T12:12:00Z') },
    ];

    const bucketSizeInMinutes = 5;
    const heatmapData = [];
    const start = new Date(timeRange.start).getTime();
    const end = new Date(timeRange.end).getTime();

    for (let t = start; t < end; t += bucketSizeInMinutes * 60 * 1000) {
      const bucketStart = new Date(t);
      const bucketEnd = new Date(t + bucketSizeInMinutes * 60 * 1000);
      const count = mockBidEvents.filter(event => {
        const time = new Date(event.timestamp).getTime();
        return time >= bucketStart.getTime() && time < bucketEnd.getTime();
      }).length;

      heatmapData.push({
        timeWindow: `${bucketStart.toISOString()} - ${bucketEnd.toISOString()}`,
        bidCount: count,
      });
    }

    return heatmapData;
  } catch (error) {
    logger.error('generateBidHeatmapData failed:', error);
    return [];
  }
}

module.exports = { generateBidHeatmapData };

/*
Functions Summary:
- generateBidHeatmapData
  - Purpose: Generate a time-bucketed heatmap of bid activity for a given auction.
  - Inputs:
    - auctionId (string): Unique ID of the auction.
    - timeRange (object): Includes 'start' and 'end' Date fields.
  - Outputs:
    - Array of objects with 'timeWindow' and 'bidCount'.
  - Dependencies:
    - logger (@utils/logger)
*/
