**********************
Windows PowerShell transcript start
Start time: 20250621191513
Username: Agasi\Agasi5
RunAs User: Agasi\Agasi5
Configuration Name: 
Machine: AGASI (Microsoft Windows NT 10.0.26100.0)
Host Application: C:\WINDOWS\System32\WindowsPowerShell\v1.0\powershell.exe
Process ID: 33884
PSVersion: 5.1.26100.4202
PSEdition: Desktop
PSCompatibleVersions: 1.0, 2.0, 3.0, 4.0, 5.0, 5.1.26100.4202
BuildVersion: 10.0.26100.4202
CLRVersion: 4.0.30319.42000
WSManStackVersion: 3.0
PSRemotingProtocolVersion: 2.3
SerializationVersion: 1.1.0.1
**********************
Transcript started, output file is C:\CFH\Cod1PromptOutput\cod1_console_20250622_021513.log
PS C:\CFH> # 4. Output progress to log file
PS C:\CFH> "[{0}] Creating Jest test for socket/index.js" -f (Get-Date).ToUniversalTime().ToString("o") | Out-File -FilePath $logPath -Append
PS C:\CFH> # 5. Save Jest test file
PS C:\CFH> @"
const WebSocket = require('ws');
const { init } = require('../../../socket');

describe('WebSocket Server', () => {
  let server;

  beforeAll(() => {
    server = require('http').createServer();
    init(server);
    server.listen(0); // ephemeral port
  });

  afterAll((done) => {
    server.close(done);
  });

  test('should initialize without crash', () => {
    expect(typeof init).toBe('function');
  });
});
"@ | Set-Content -Encoding UTF8 -Path C:\CFH\backend\tests\socket\socket.test.js
PS C:\CFH> "[{0}] Jest test saved to backend/tests/socket/socket.test.js" -f (Get-Date).ToUniversalTime().ToString("o") | Out-File -FilePath $logPath -Append
PS C:\CFH> # 6. Fix backend/index.js with logger-based .catch block (if not already patched manually)
PS C:\CFH> (Get-Content .\backend\index.js) -replace '\.catch\(\(err\)\s*=>\s*\);', '.catch((err) => { logger.error("Database connection error:", err); process.exit(1); });' | Set-Content .\backend\index.js
PS C:\CFH> "[{0}] Patched backend/index.js with logger-based error handling" -f (Get-Date).ToUniversalTime().ToString("o") | Out-File -FilePath $logPath -Append
PS C:\CFH> # 7. End transcript and mirror to WPromptOutput
PS C:\CFH> Stop-Transcript
**********************
Windows PowerShell transcript end
End time: 20250621191514
**********************
