node:internal/modules/cjs/loader:1143
  throw err;
  ^

Error: Cannot find module 'ws-rate-limiter'
Require stack:
- C:\CFH\backend\socket.js
- C:\CFH\backend\controllers\auction\auctionController.js
- C:\CFH\backend\routes\auctions\index.js
- C:\CFH\backend\index.js
    at Module._resolveFilename (node:internal/modules/cjs/loader:1140:15)
    at Module._resolveFilename (C:\CFH\backend\node_modules\module-alias\index.js:49:29)
    at Module._load (node:internal/modules/cjs/loader:981:27)
    at Module.require (node:internal/modules/cjs/loader:1231:19)
    at require (node:internal/modules/helpers:177:18)
    at Object.<anonymous> (C:\CFH\backend\socket.js:12:21)
    at Module._compile (node:internal/modules/cjs/loader:1364:14)
    at Module._extensions..js (node:internal/modules/cjs/loader:1422:10)
    at Module.load (node:internal/modules/cjs/loader:1203:32)
    at Module._load (node:internal/modules/cjs/loader:1019:12) {
  code: 'MODULE_NOT_FOUND',
  requireStack: [
    'C:\\CFH\\backend\\socket.js',
    'C:\\CFH\\backend\\controllers\\auction\\auctionController.js',
    'C:\\CFH\\backend\\routes\\auctions\\index.js',
    'C:\\CFH\\backend\\index.js'
  ]
}

Node.js v18.20.8
